This file contains any messages produced by compilers while
running configure, to aid debugging if configure makes a mistake.

It was created by libasprintf configure 1.0, which was
generated by GNU Autoconf 2.69.  Invocation command line was

  $ ./configure --disable-option-checking --prefix=/home/chris/work/bsp/lollipop-avn_ref_4330_dev/linux/platform/common/fs/buildroot/buildroot-2013.11/output/host/usr --sysconfdir=/home/chris/work/bsp/lollipop-avn_ref_4330_dev/linux/platform/common/fs/buildroot/buildroot-2013.11/output/host/etc --enable-shared --disable-static --disable-gtk-doc --disable-doc --disable-docs --disable-documentation --with-xmlto=no --with-fop=no --disable-libasprintf --disable-acl --disable-openmp --disable-rpath --disable-java --disable-native-java --disable-csharp --disable-relocatable --without-emacs CC=/usr/bin/gcc CFLAGS=-O2 -I/home/chris/work/bsp/lollipop-avn_ref_4330_dev/linux/platform/common/fs/buildroot/buildroot-2013.11/output/host/usr/include LDFLAGS=-L/home/chris/work/bsp/lollipop-avn_ref_4330_dev/linux/platform/common/fs/buildroot/buildroot-2013.11/output/host/lib -L/home/chris/work/bsp/lollipop-avn_ref_4330_dev/linux/platform/common/fs/buildroot/buildroot-2013.11/output/host/usr/lib -Wl,-rpath,/home/chris/work/bsp/lollipop-avn_ref_4330_dev/linux/platform/common/fs/buildroot/buildroot-2013.11/output/host/usr/lib CPPFLAGS=-I/home/chris/work/bsp/lollipop-avn_ref_4330_dev/linux/platform/common/fs/buildroot/buildroot-2013.11/output/host/usr/include CPP=/usr/bin/cpp CXX=/usr/bin/g++ CXXFLAGS=-O2 -I/home/chris/work/bsp/lollipop-avn_ref_4330_dev/linux/platform/common/fs/buildroot/buildroot-2013.11/output/host/usr/include --cache-file=/dev/null --srcdir=.

## --------- ##
## Platform. ##
## --------- ##

hostname = kjlee
uname -m = x86_64
uname -r = 3.16.0-50-generic
uname -s = Linux
uname -v = #67~14.04.1-Ubuntu SMP Fri Oct 2 22:07:51 UTC 2015

/usr/bin/uname -p = unknown
/bin/uname -X     = unknown

/bin/arch              = unknown
/usr/bin/arch -k       = unknown
/usr/convex/getsysinfo = unknown
/usr/bin/hostinfo      = unknown
/bin/machine           = unknown
/usr/bin/oslevel       = unknown
/bin/universe          = unknown

PATH: /home/chris/work/bsp/lollipop-avn_ref_4330_dev/linux/platform/common/fs/buildroot/buildroot-2013.11/output/host/bin
PATH: /home/chris/work/bsp/lollipop-avn_ref_4330_dev/linux/platform/common/fs/buildroot/buildroot-2013.11/output/host/usr/bin
PATH: /usr/lib/jvm/java-7-openjdk-amd64/bin
PATH: /home/chris/work/bsp/lollipop-avn_ref_4418_dev/out/host/linux-x86/bin
PATH: /home/chris/work/bsp/lollipop-avn_ref_4418_dev/prebuilts/gcc/linux-x86/arm/arm-linux-androideabi-4.8/bin
PATH: /home/chris/work/bsp/lollipop-avn_ref_4418_dev/prebuilts/gcc/linux-x86/
PATH: /home/chris/work/bsp/lollipop-avn_ref_4418_dev/prebuilts/gcc/linux-x86/arm/arm-eabi-4.8/bin
PATH: /home/chris/work/bsp/lollipop-avn_ref_4418_dev/development/scripts
PATH: /home/chris/work/bsp/lollipop-avn_ref_4418_dev/prebuilts/devtools/tools
PATH: /home/chris/work/bsp/lollipop-avn_ref_4418_dev/prebuilts/android-emulator/linux-x86_64
PATH: /usr/local/sbin
PATH: /usr/local/bin
PATH: /usr/sbin
PATH: /usr/bin
PATH: /sbin
PATH: /bin
PATH: /usr/games
PATH: /usr/local/games
PATH: /opt/crosstools/arm-cortex_a9-eabi-4.7-eglibc-2.18/bin
PATH: /opt/crosstools/gcc-linaro-4.9-2014.11-x86_64_arm-linux-gnueabihf/bin


## ----------- ##
## Core tests. ##
## ----------- ##

configure:2698: checking for a BSD-compatible install
configure:2766: result: /usr/bin/install -c
configure:2777: checking whether build environment is sane
configure:2832: result: yes
configure:2983: checking for a thread-safe mkdir -p
configure:3022: result: /bin/mkdir -p
configure:3029: checking for gawk
configure:3045: found /usr/bin/gawk
configure:3056: result: gawk
configure:3067: checking whether make sets $(MAKE)
configure:3089: result: yes
configure:3118: checking whether make supports nested variables
configure:3135: result: yes
configure:3265: checking for gcc
configure:3292: result: /usr/bin/gcc
configure:3521: checking for C compiler version
configure:3530: /usr/bin/gcc --version >&5
gcc (Ubuntu 4.8.4-2ubuntu1~14.04) 4.8.4
Copyright (C) 2013 Free Software Foundation, Inc.
This is free software; see the source for copying conditions.  There is NO
warranty; not even for MERCHANTABILITY or FITNESS FOR A PARTICULAR PURPOSE.

configure:3541: $? = 0
configure:3530: /usr/bin/gcc -v >&5
Using built-in specs.
COLLECT_GCC=/usr/bin/gcc
COLLECT_LTO_WRAPPER=/usr/lib/gcc/x86_64-linux-gnu/4.8/lto-wrapper
Target: x86_64-linux-gnu
Configured with: ../src/configure -v --with-pkgversion='Ubuntu 4.8.4-2ubuntu1~14.04' --with-bugurl=file:///usr/share/doc/gcc-4.8/README.Bugs --enable-languages=c,c++,java,go,d,fortran,objc,obj-c++ --prefix=/usr --program-suffix=-4.8 --enable-shared --enable-linker-build-id --libexecdir=/usr/lib --without-included-gettext --enable-threads=posix --with-gxx-include-dir=/usr/include/c++/4.8 --libdir=/usr/lib --enable-nls --with-sysroot=/ --enable-clocale=gnu --enable-libstdcxx-debug --enable-libstdcxx-time=yes --enable-gnu-unique-object --disable-libmudflap --enable-plugin --with-system-zlib --disable-browser-plugin --enable-java-awt=gtk --enable-gtk-cairo --with-java-home=/usr/lib/jvm/java-1.5.0-gcj-4.8-amd64/jre --enable-java-home --with-jvm-root-dir=/usr/lib/jvm/java-1.5.0-gcj-4.8-amd64 --with-jvm-jar-dir=/usr/lib/jvm-exports/java-1.5.0-gcj-4.8-amd64 --with-arch-directory=amd64 --with-ecj-jar=/usr/share/java/eclipse-ecj.jar --enable-objc-gc --enable-multiarch --disable-werror --with-arch-32=i686 --with-abi=m64 --with-multilib-list=m32,m64,mx32 --with-tune=generic --enable-checking=release --build=x86_64-linux-gnu --host=x86_64-linux-gnu --target=x86_64-linux-gnu
Thread model: posix
gcc version 4.8.4 (Ubuntu 4.8.4-2ubuntu1~14.04) 
configure:3541: $? = 0
configure:3530: /usr/bin/gcc -V >&5
gcc: error: unrecognized command line option '-V'
gcc: fatal error: no input files
compilation terminated.
configure:3541: $? = 4
configure:3530: /usr/bin/gcc -qversion >&5
gcc: error: unrecognized command line option '-qversion'
gcc: fatal error: no input files
compilation terminated.
configure:3541: $? = 4
configure:3561: checking whether the C compiler works
configure:3583: /usr/bin/gcc -O2 -I/home/chris/work/bsp/lollipop-avn_ref_4330_dev/linux/platform/common/fs/buildroot/buildroot-2013.11/output/host/usr/include -I/home/chris/work/bsp/lollipop-avn_ref_4330_dev/linux/platform/common/fs/buildroot/buildroot-2013.11/output/host/usr/include -L/home/chris/work/bsp/lollipop-avn_ref_4330_dev/linux/platform/common/fs/buildroot/buildroot-2013.11/output/host/lib -L/home/chris/work/bsp/lollipop-avn_ref_4330_dev/linux/platform/common/fs/buildroot/buildroot-2013.11/output/host/usr/lib -Wl,-rpath,/home/chris/work/bsp/lollipop-avn_ref_4330_dev/linux/platform/common/fs/buildroot/buildroot-2013.11/output/host/usr/lib conftest.c  >&5
configure:3587: $? = 0
configure:3635: result: yes
configure:3638: checking for C compiler default output file name
configure:3640: result: a.out
configure:3646: checking for suffix of executables
configure:3653: /usr/bin/gcc -o conftest -O2 -I/home/chris/work/bsp/lollipop-avn_ref_4330_dev/linux/platform/common/fs/buildroot/buildroot-2013.11/output/host/usr/include -I/home/chris/work/bsp/lollipop-avn_ref_4330_dev/linux/platform/common/fs/buildroot/buildroot-2013.11/output/host/usr/include -L/home/chris/work/bsp/lollipop-avn_ref_4330_dev/linux/platform/common/fs/buildroot/buildroot-2013.11/output/host/lib -L/home/chris/work/bsp/lollipop-avn_ref_4330_dev/linux/platform/common/fs/buildroot/buildroot-2013.11/output/host/usr/lib -Wl,-rpath,/home/chris/work/bsp/lollipop-avn_ref_4330_dev/linux/platform/common/fs/buildroot/buildroot-2013.11/output/host/usr/lib conftest.c  >&5
configure:3657: $? = 0
configure:3679: result: 
configure:3701: checking whether we are cross compiling
configure:3709: /usr/bin/gcc -o conftest -O2 -I/home/chris/work/bsp/lollipop-avn_ref_4330_dev/linux/platform/common/fs/buildroot/buildroot-2013.11/output/host/usr/include -I/home/chris/work/bsp/lollipop-avn_ref_4330_dev/linux/platform/common/fs/buildroot/buildroot-2013.11/output/host/usr/include -L/home/chris/work/bsp/lollipop-avn_ref_4330_dev/linux/platform/common/fs/buildroot/buildroot-2013.11/output/host/lib -L/home/chris/work/bsp/lollipop-avn_ref_4330_dev/linux/platform/common/fs/buildroot/buildroot-2013.11/output/host/usr/lib -Wl,-rpath,/home/chris/work/bsp/lollipop-avn_ref_4330_dev/linux/platform/common/fs/buildroot/buildroot-2013.11/output/host/usr/lib conftest.c  >&5
configure:3713: $? = 0
configure:3720: ./conftest
configure:3724: $? = 0
configure:3739: result: no
configure:3744: checking for suffix of object files
configure:3766: /usr/bin/gcc -c -O2 -I/home/chris/work/bsp/lollipop-avn_ref_4330_dev/linux/platform/common/fs/buildroot/buildroot-2013.11/output/host/usr/include -I/home/chris/work/bsp/lollipop-avn_ref_4330_dev/linux/platform/common/fs/buildroot/buildroot-2013.11/output/host/usr/include conftest.c >&5
configure:3770: $? = 0
configure:3791: result: o
configure:3795: checking whether we are using the GNU C compiler
configure:3814: /usr/bin/gcc -c -O2 -I/home/chris/work/bsp/lollipop-avn_ref_4330_dev/linux/platform/common/fs/buildroot/buildroot-2013.11/output/host/usr/include -I/home/chris/work/bsp/lollipop-avn_ref_4330_dev/linux/platform/common/fs/buildroot/buildroot-2013.11/output/host/usr/include conftest.c >&5
configure:3814: $? = 0
configure:3823: result: yes
configure:3832: checking whether /usr/bin/gcc accepts -g
configure:3852: /usr/bin/gcc -c -g -I/home/chris/work/bsp/lollipop-avn_ref_4330_dev/linux/platform/common/fs/buildroot/buildroot-2013.11/output/host/usr/include conftest.c >&5
configure:3852: $? = 0
configure:3893: result: yes
configure:3910: checking for /usr/bin/gcc option to accept ISO C89
configure:3973: /usr/bin/gcc  -c -O2 -I/home/chris/work/bsp/lollipop-avn_ref_4330_dev/linux/platform/common/fs/buildroot/buildroot-2013.11/output/host/usr/include -I/home/chris/work/bsp/lollipop-avn_ref_4330_dev/linux/platform/common/fs/buildroot/buildroot-2013.11/output/host/usr/include conftest.c >&5
configure:3973: $? = 0
configure:3986: result: none needed
configure:4017: checking for style of include used by make
configure:4045: result: GNU
configure:4071: checking dependency style of /usr/bin/gcc
configure:4182: result: gcc3
configure:4309: checking for C++ compiler version
configure:4318: /usr/bin/g++ --version >&5
g++ (Ubuntu 4.8.4-2ubuntu1~14.04) 4.8.4
Copyright (C) 2013 Free Software Foundation, Inc.
This is free software; see the source for copying conditions.  There is NO
warranty; not even for MERCHANTABILITY or FITNESS FOR A PARTICULAR PURPOSE.

configure:4329: $? = 0
configure:4318: /usr/bin/g++ -v >&5
Using built-in specs.
COLLECT_GCC=/usr/bin/g++
COLLECT_LTO_WRAPPER=/usr/lib/gcc/x86_64-linux-gnu/4.8/lto-wrapper
Target: x86_64-linux-gnu
Configured with: ../src/configure -v --with-pkgversion='Ubuntu 4.8.4-2ubuntu1~14.04' --with-bugurl=file:///usr/share/doc/gcc-4.8/README.Bugs --enable-languages=c,c++,java,go,d,fortran,objc,obj-c++ --prefix=/usr --program-suffix=-4.8 --enable-shared --enable-linker-build-id --libexecdir=/usr/lib --without-included-gettext --enable-threads=posix --with-gxx-include-dir=/usr/include/c++/4.8 --libdir=/usr/lib --enable-nls --with-sysroot=/ --enable-clocale=gnu --enable-libstdcxx-debug --enable-libstdcxx-time=yes --enable-gnu-unique-object --disable-libmudflap --enable-plugin --with-system-zlib --disable-browser-plugin --enable-java-awt=gtk --enable-gtk-cairo --with-java-home=/usr/lib/jvm/java-1.5.0-gcj-4.8-amd64/jre --enable-java-home --with-jvm-root-dir=/usr/lib/jvm/java-1.5.0-gcj-4.8-amd64 --with-jvm-jar-dir=/usr/lib/jvm-exports/java-1.5.0-gcj-4.8-amd64 --with-arch-directory=amd64 --with-ecj-jar=/usr/share/java/eclipse-ecj.jar --enable-objc-gc --enable-multiarch --disable-werror --with-arch-32=i686 --with-abi=m64 --with-multilib-list=m32,m64,mx32 --with-tune=generic --enable-checking=release --build=x86_64-linux-gnu --host=x86_64-linux-gnu --target=x86_64-linux-gnu
Thread model: posix
gcc version 4.8.4 (Ubuntu 4.8.4-2ubuntu1~14.04) 
configure:4329: $? = 0
configure:4318: /usr/bin/g++ -V >&5
g++: error: unrecognized command line option '-V'
g++: fatal error: no input files
compilation terminated.
configure:4329: $? = 4
configure:4318: /usr/bin/g++ -qversion >&5
g++: error: unrecognized command line option '-qversion'
g++: fatal error: no input files
compilation terminated.
configure:4329: $? = 4
configure:4333: checking whether we are using the GNU C++ compiler
configure:4352: /usr/bin/g++ -c -O2 -I/home/chris/work/bsp/lollipop-avn_ref_4330_dev/linux/platform/common/fs/buildroot/buildroot-2013.11/output/host/usr/include -I/home/chris/work/bsp/lollipop-avn_ref_4330_dev/linux/platform/common/fs/buildroot/buildroot-2013.11/output/host/usr/include conftest.cpp >&5
configure:4352: $? = 0
configure:4361: result: yes
configure:4370: checking whether /usr/bin/g++ accepts -g
configure:4390: /usr/bin/g++ -c -g -I/home/chris/work/bsp/lollipop-avn_ref_4330_dev/linux/platform/common/fs/buildroot/buildroot-2013.11/output/host/usr/include conftest.cpp >&5
configure:4390: $? = 0
configure:4431: result: yes
configure:4456: checking dependency style of /usr/bin/g++
configure:4567: result: gcc3
configure:4588: checking build system type
configure:4602: result: x86_64-unknown-linux-gnu
configure:4622: checking host system type
configure:4635: result: x86_64-unknown-linux-gnu
configure:4665: checking how to run the C preprocessor
configure:4735: result: /usr/bin/cpp
configure:4755: /usr/bin/cpp -I/home/chris/work/bsp/lollipop-avn_ref_4330_dev/linux/platform/common/fs/buildroot/buildroot-2013.11/output/host/usr/include conftest.c
configure:4755: $? = 0
configure:4769: /usr/bin/cpp -I/home/chris/work/bsp/lollipop-avn_ref_4330_dev/linux/platform/common/fs/buildroot/buildroot-2013.11/output/host/usr/include conftest.c
conftest.c:11:28: fatal error: ac_nonexistent.h: No such file or directory
 #include <ac_nonexistent.h>
                            ^
compilation terminated.
configure:4769: $? = 1
configure: failed program was:
| /* confdefs.h */
| #define PACKAGE_NAME "libasprintf"
| #define PACKAGE_TARNAME "libasprintf"
| #define PACKAGE_VERSION "1.0"
| #define PACKAGE_STRING "libasprintf 1.0"
| #define PACKAGE_BUGREPORT ""
| #define PACKAGE_URL ""
| #define PACKAGE "libasprintf"
| #define VERSION "1.0"
| /* end confdefs.h.  */
| #include <ac_nonexistent.h>
configure:4798: checking for grep that handles long lines and -e
configure:4856: result: /bin/grep
configure:4861: checking for egrep
configure:4923: result: /bin/grep -E
configure:4930: checking for Minix Amsterdam compiler
configure:4954: result: no
configure:5113: checking for ranlib
configure:5129: found /usr/bin/ranlib
configure:5140: result: ranlib
configure:5265: checking how to print strings
configure:5292: result: printf
configure:5313: checking for a sed that does not truncate output
configure:5377: result: /bin/sed
configure:5395: checking for fgrep
configure:5457: result: /bin/grep -F
configure:5492: checking for ld used by /usr/bin/gcc
configure:5559: result: /usr/bin/ld -m elf_x86_64
configure:5566: checking if the linker (/usr/bin/ld -m elf_x86_64) is GNU ld
configure:5581: result: yes
configure:5593: checking for BSD- or MS-compatible name lister (nm)
configure:5642: result: /usr/bin/nm
configure:5772: checking the name lister (/usr/bin/nm) interface
configure:5779: /usr/bin/gcc -c -O2 -I/home/chris/work/bsp/lollipop-avn_ref_4330_dev/linux/platform/common/fs/buildroot/buildroot-2013.11/output/host/usr/include -I/home/chris/work/bsp/lollipop-avn_ref_4330_dev/linux/platform/common/fs/buildroot/buildroot-2013.11/output/host/usr/include conftest.c >&5
configure:5782: /usr/bin/nm "conftest.o"
configure:5785: output
0000000000000000 B some_variable
configure:5792: result: BSD nm
configure:5795: checking whether ln -s works
configure:5799: result: yes
configure:5807: checking the maximum length of command line arguments
configure:5937: result: 3458764513820540925
configure:5954: checking whether the shell understands some XSI constructs
configure:5964: result: yes
configure:5968: checking whether the shell understands "+="
configure:5974: result: yes
configure:6009: checking how to convert x86_64-unknown-linux-gnu file names to x86_64-unknown-linux-gnu format
configure:6049: result: func_convert_file_noop
configure:6056: checking how to convert x86_64-unknown-linux-gnu file names to toolchain format
configure:6076: result: func_convert_file_noop
configure:6083: checking for /usr/bin/ld -m elf_x86_64 option to reload object files
configure:6090: result: -r
configure:6164: checking for objdump
configure:6180: found /usr/bin/objdump
configure:6191: result: objdump
configure:6220: checking how to recognize dependent libraries
configure:6422: result: pass_all
configure:6507: checking for dlltool
configure:6537: result: no
configure:6564: checking how to associate runtime and link libraries
configure:6591: result: printf %s\n
configure:6715: checking for archiver @FILE support
configure:6732: /usr/bin/gcc -c -O2 -I/home/chris/work/bsp/lollipop-avn_ref_4330_dev/linux/platform/common/fs/buildroot/buildroot-2013.11/output/host/usr/include -I/home/chris/work/bsp/lollipop-avn_ref_4330_dev/linux/platform/common/fs/buildroot/buildroot-2013.11/output/host/usr/include conftest.c >&5
configure:6732: $? = 0
configure:6735: /usr/bin/ar cru libconftest.a @conftest.lst >&5
configure:6738: $? = 0
configure:6743: /usr/bin/ar cru libconftest.a @conftest.lst >&5
/usr/bin/ar: conftest.o: No such file or directory
configure:6746: $? = 1
configure:6758: result: @
configure:6816: checking for strip
configure:6832: found /usr/bin/strip
configure:6843: result: strip
configure:6915: checking for ranlib
configure:6942: result: ranlib
configure:7044: checking command to parse /usr/bin/nm output from /usr/bin/gcc object
configure:7164: /usr/bin/gcc -c -O2 -I/home/chris/work/bsp/lollipop-avn_ref_4330_dev/linux/platform/common/fs/buildroot/buildroot-2013.11/output/host/usr/include -I/home/chris/work/bsp/lollipop-avn_ref_4330_dev/linux/platform/common/fs/buildroot/buildroot-2013.11/output/host/usr/include conftest.c >&5
configure:7167: $? = 0
configure:7171: /usr/bin/nm conftest.o \| sed -n -e 's/^.*[ ]\([ABCDGIRSTW][ABCDGIRSTW]*\)[ ][ ]*\([_A-Za-z][_A-Za-z0-9]*\)$/\1 \2 \2/p' | sed '/ __gnu_lto/d' \> conftest.nm
configure:7174: $? = 0
configure:7240: /usr/bin/gcc -o conftest -O2 -I/home/chris/work/bsp/lollipop-avn_ref_4330_dev/linux/platform/common/fs/buildroot/buildroot-2013.11/output/host/usr/include -I/home/chris/work/bsp/lollipop-avn_ref_4330_dev/linux/platform/common/fs/buildroot/buildroot-2013.11/output/host/usr/include -L/home/chris/work/bsp/lollipop-avn_ref_4330_dev/linux/platform/common/fs/buildroot/buildroot-2013.11/output/host/lib -L/home/chris/work/bsp/lollipop-avn_ref_4330_dev/linux/platform/common/fs/buildroot/buildroot-2013.11/output/host/usr/lib -Wl,-rpath,/home/chris/work/bsp/lollipop-avn_ref_4330_dev/linux/platform/common/fs/buildroot/buildroot-2013.11/output/host/usr/lib conftest.c conftstm.o >&5
configure:7243: $? = 0
configure:7281: result: ok
configure:7318: checking for sysroot
configure:7348: result: no
configure:7461: /usr/bin/gcc -c -O2 -I/home/chris/work/bsp/lollipop-avn_ref_4330_dev/linux/platform/common/fs/buildroot/buildroot-2013.11/output/host/usr/include -I/home/chris/work/bsp/lollipop-avn_ref_4330_dev/linux/platform/common/fs/buildroot/buildroot-2013.11/output/host/usr/include conftest.c >&5
configure:7464: $? = 0
configure:7640: checking for mt
configure:7656: found /bin/mt
configure:7667: result: mt
configure:7690: checking if mt is a manifest tool
configure:7696: mt '-?'
configure:7704: result: no
configure:8341: checking for ANSI C header files
configure:8361: /usr/bin/gcc -c -O2 -I/home/chris/work/bsp/lollipop-avn_ref_4330_dev/linux/platform/common/fs/buildroot/buildroot-2013.11/output/host/usr/include -I/home/chris/work/bsp/lollipop-avn_ref_4330_dev/linux/platform/common/fs/buildroot/buildroot-2013.11/output/host/usr/include conftest.c >&5
configure:8361: $? = 0
configure:8434: /usr/bin/gcc -o conftest -O2 -I/home/chris/work/bsp/lollipop-avn_ref_4330_dev/linux/platform/common/fs/buildroot/buildroot-2013.11/output/host/usr/include -I/home/chris/work/bsp/lollipop-avn_ref_4330_dev/linux/platform/common/fs/buildroot/buildroot-2013.11/output/host/usr/include -L/home/chris/work/bsp/lollipop-avn_ref_4330_dev/linux/platform/common/fs/buildroot/buildroot-2013.11/output/host/lib -L/home/chris/work/bsp/lollipop-avn_ref_4330_dev/linux/platform/common/fs/buildroot/buildroot-2013.11/output/host/usr/lib -Wl,-rpath,/home/chris/work/bsp/lollipop-avn_ref_4330_dev/linux/platform/common/fs/buildroot/buildroot-2013.11/output/host/usr/lib conftest.c  >&5
configure:8434: $? = 0
configure:8434: ./conftest
configure:8434: $? = 0
configure:8445: result: yes
configure:8458: checking for sys/types.h
configure:8458: /usr/bin/gcc -c -O2 -I/home/chris/work/bsp/lollipop-avn_ref_4330_dev/linux/platform/common/fs/buildroot/buildroot-2013.11/output/host/usr/include -I/home/chris/work/bsp/lollipop-avn_ref_4330_dev/linux/platform/common/fs/buildroot/buildroot-2013.11/output/host/usr/include conftest.c >&5
configure:8458: $? = 0
configure:8458: result: yes
configure:8458: checking for sys/stat.h
configure:8458: /usr/bin/gcc -c -O2 -I/home/chris/work/bsp/lollipop-avn_ref_4330_dev/linux/platform/common/fs/buildroot/buildroot-2013.11/output/host/usr/include -I/home/chris/work/bsp/lollipop-avn_ref_4330_dev/linux/platform/common/fs/buildroot/buildroot-2013.11/output/host/usr/include conftest.c >&5
configure:8458: $? = 0
configure:8458: result: yes
configure:8458: checking for stdlib.h
configure:8458: /usr/bin/gcc -c -O2 -I/home/chris/work/bsp/lollipop-avn_ref_4330_dev/linux/platform/common/fs/buildroot/buildroot-2013.11/output/host/usr/include -I/home/chris/work/bsp/lollipop-avn_ref_4330_dev/linux/platform/common/fs/buildroot/buildroot-2013.11/output/host/usr/include conftest.c >&5
configure:8458: $? = 0
configure:8458: result: yes
configure:8458: checking for string.h
configure:8458: /usr/bin/gcc -c -O2 -I/home/chris/work/bsp/lollipop-avn_ref_4330_dev/linux/platform/common/fs/buildroot/buildroot-2013.11/output/host/usr/include -I/home/chris/work/bsp/lollipop-avn_ref_4330_dev/linux/platform/common/fs/buildroot/buildroot-2013.11/output/host/usr/include conftest.c >&5
configure:8458: $? = 0
configure:8458: result: yes
configure:8458: checking for memory.h
configure:8458: /usr/bin/gcc -c -O2 -I/home/chris/work/bsp/lollipop-avn_ref_4330_dev/linux/platform/common/fs/buildroot/buildroot-2013.11/output/host/usr/include -I/home/chris/work/bsp/lollipop-avn_ref_4330_dev/linux/platform/common/fs/buildroot/buildroot-2013.11/output/host/usr/include conftest.c >&5
configure:8458: $? = 0
configure:8458: result: yes
configure:8458: checking for strings.h
configure:8458: /usr/bin/gcc -c -O2 -I/home/chris/work/bsp/lollipop-avn_ref_4330_dev/linux/platform/common/fs/buildroot/buildroot-2013.11/output/host/usr/include -I/home/chris/work/bsp/lollipop-avn_ref_4330_dev/linux/platform/common/fs/buildroot/buildroot-2013.11/output/host/usr/include conftest.c >&5
configure:8458: $? = 0
configure:8458: result: yes
configure:8458: checking for inttypes.h
configure:8458: /usr/bin/gcc -c -O2 -I/home/chris/work/bsp/lollipop-avn_ref_4330_dev/linux/platform/common/fs/buildroot/buildroot-2013.11/output/host/usr/include -I/home/chris/work/bsp/lollipop-avn_ref_4330_dev/linux/platform/common/fs/buildroot/buildroot-2013.11/output/host/usr/include conftest.c >&5
configure:8458: $? = 0
configure:8458: result: yes
configure:8458: checking for stdint.h
configure:8458: /usr/bin/gcc -c -O2 -I/home/chris/work/bsp/lollipop-avn_ref_4330_dev/linux/platform/common/fs/buildroot/buildroot-2013.11/output/host/usr/include -I/home/chris/work/bsp/lollipop-avn_ref_4330_dev/linux/platform/common/fs/buildroot/buildroot-2013.11/output/host/usr/include conftest.c >&5
configure:8458: $? = 0
configure:8458: result: yes
configure:8458: checking for unistd.h
configure:8458: /usr/bin/gcc -c -O2 -I/home/chris/work/bsp/lollipop-avn_ref_4330_dev/linux/platform/common/fs/buildroot/buildroot-2013.11/output/host/usr/include -I/home/chris/work/bsp/lollipop-avn_ref_4330_dev/linux/platform/common/fs/buildroot/buildroot-2013.11/output/host/usr/include conftest.c >&5
configure:8458: $? = 0
configure:8458: result: yes
configure:8472: checking for dlfcn.h
configure:8472: /usr/bin/gcc -c -O2 -I/home/chris/work/bsp/lollipop-avn_ref_4330_dev/linux/platform/common/fs/buildroot/buildroot-2013.11/output/host/usr/include -I/home/chris/work/bsp/lollipop-avn_ref_4330_dev/linux/platform/common/fs/buildroot/buildroot-2013.11/output/host/usr/include conftest.c >&5
configure:8472: $? = 0
configure:8472: result: yes
configure:8987: checking for objdir
configure:9002: result: .libs
configure:9269: checking if /usr/bin/gcc supports -fno-rtti -fno-exceptions
configure:9287: /usr/bin/gcc -c -O2 -I/home/chris/work/bsp/lollipop-avn_ref_4330_dev/linux/platform/common/fs/buildroot/buildroot-2013.11/output/host/usr/include -I/home/chris/work/bsp/lollipop-avn_ref_4330_dev/linux/platform/common/fs/buildroot/buildroot-2013.11/output/host/usr/include -fno-rtti -fno-exceptions conftest.c >&5
cc1: warning: command line option '-fno-rtti' is valid for C++/ObjC++ but not for C [enabled by default]
configure:9291: $? = 0
configure:9304: result: no
configure:9631: checking for /usr/bin/gcc option to produce PIC
configure:9638: result: -fPIC -DPIC
configure:9646: checking if /usr/bin/gcc PIC flag -fPIC -DPIC works
configure:9664: /usr/bin/gcc -c -O2 -I/home/chris/work/bsp/lollipop-avn_ref_4330_dev/linux/platform/common/fs/buildroot/buildroot-2013.11/output/host/usr/include -I/home/chris/work/bsp/lollipop-avn_ref_4330_dev/linux/platform/common/fs/buildroot/buildroot-2013.11/output/host/usr/include -fPIC -DPIC -DPIC conftest.c >&5
configure:9668: $? = 0
configure:9681: result: yes
configure:9710: checking if /usr/bin/gcc static flag -static works
configure:9738: result: yes
configure:9753: checking if /usr/bin/gcc supports -c -o file.o
configure:9774: /usr/bin/gcc -c -O2 -I/home/chris/work/bsp/lollipop-avn_ref_4330_dev/linux/platform/common/fs/buildroot/buildroot-2013.11/output/host/usr/include -I/home/chris/work/bsp/lollipop-avn_ref_4330_dev/linux/platform/common/fs/buildroot/buildroot-2013.11/output/host/usr/include -o out/conftest2.o conftest.c >&5
configure:9778: $? = 0
configure:9800: result: yes
configure:9808: checking if /usr/bin/gcc supports -c -o file.o
configure:9855: result: yes
configure:9888: checking whether the /usr/bin/gcc linker (/usr/bin/ld -m elf_x86_64 -m elf_x86_64) supports shared libraries
configure:11041: result: yes
configure:11078: checking whether -lc should be explicitly linked in
configure:11086: /usr/bin/gcc -c -O2 -I/home/chris/work/bsp/lollipop-avn_ref_4330_dev/linux/platform/common/fs/buildroot/buildroot-2013.11/output/host/usr/include -I/home/chris/work/bsp/lollipop-avn_ref_4330_dev/linux/platform/common/fs/buildroot/buildroot-2013.11/output/host/usr/include conftest.c >&5
configure:11089: $? = 0
configure:11104: /usr/bin/gcc -shared  -fPIC -DPIC conftest.o  -v -Wl,-soname -Wl,conftest -o conftest 2\>\&1 \| /bin/grep  -lc  \>/dev/null 2\>\&1
configure:11107: $? = 0
configure:11121: result: no
configure:11281: checking dynamic linker characteristics
configure:11792: /usr/bin/gcc -o conftest -O2 -I/home/chris/work/bsp/lollipop-avn_ref_4330_dev/linux/platform/common/fs/buildroot/buildroot-2013.11/output/host/usr/include -I/home/chris/work/bsp/lollipop-avn_ref_4330_dev/linux/platform/common/fs/buildroot/buildroot-2013.11/output/host/usr/include -L/home/chris/work/bsp/lollipop-avn_ref_4330_dev/linux/platform/common/fs/buildroot/buildroot-2013.11/output/host/lib -L/home/chris/work/bsp/lollipop-avn_ref_4330_dev/linux/platform/common/fs/buildroot/buildroot-2013.11/output/host/usr/lib -Wl,-rpath,/home/chris/work/bsp/lollipop-avn_ref_4330_dev/linux/platform/common/fs/buildroot/buildroot-2013.11/output/host/usr/lib -Wl,-rpath -Wl,/foo conftest.c  >&5
configure:11792: $? = 0
configure:12014: result: GNU/Linux ld.so
configure:12121: checking how to hardcode library paths into programs
configure:12146: result: immediate
configure:12686: checking whether stripping libraries is possible
configure:12691: result: yes
configure:12726: checking if libtool supports shared libraries
configure:12728: result: yes
configure:12731: checking whether to build shared libraries
configure:12752: result: yes
configure:12755: checking whether to build static libraries
configure:12759: result: no
configure:12782: checking how to run the C++ preprocessor
configure:12809: /usr/bin/g++ -E -I/home/chris/work/bsp/lollipop-avn_ref_4330_dev/linux/platform/common/fs/buildroot/buildroot-2013.11/output/host/usr/include conftest.cpp
configure:12809: $? = 0
configure:12823: /usr/bin/g++ -E -I/home/chris/work/bsp/lollipop-avn_ref_4330_dev/linux/platform/common/fs/buildroot/buildroot-2013.11/output/host/usr/include conftest.cpp
conftest.cpp:23:28: fatal error: ac_nonexistent.h: No such file or directory
 #include <ac_nonexistent.h>
                            ^
compilation terminated.
configure:12823: $? = 1
configure: failed program was:
| /* confdefs.h */
| #define PACKAGE_NAME "libasprintf"
| #define PACKAGE_TARNAME "libasprintf"
| #define PACKAGE_VERSION "1.0"
| #define PACKAGE_STRING "libasprintf 1.0"
| #define PACKAGE_BUGREPORT ""
| #define PACKAGE_URL ""
| #define PACKAGE "libasprintf"
| #define VERSION "1.0"
| #define STDC_HEADERS 1
| #define HAVE_SYS_TYPES_H 1
| #define HAVE_SYS_STAT_H 1
| #define HAVE_STDLIB_H 1
| #define HAVE_STRING_H 1
| #define HAVE_MEMORY_H 1
| #define HAVE_STRINGS_H 1
| #define HAVE_INTTYPES_H 1
| #define HAVE_STDINT_H 1
| #define HAVE_UNISTD_H 1
| #define HAVE_DLFCN_H 1
| #define LT_OBJDIR ".libs/"
| /* end confdefs.h.  */
| #include <ac_nonexistent.h>
configure:12848: result: /usr/bin/g++ -E
configure:12868: /usr/bin/g++ -E -I/home/chris/work/bsp/lollipop-avn_ref_4330_dev/linux/platform/common/fs/buildroot/buildroot-2013.11/output/host/usr/include conftest.cpp
configure:12868: $? = 0
configure:12882: /usr/bin/g++ -E -I/home/chris/work/bsp/lollipop-avn_ref_4330_dev/linux/platform/common/fs/buildroot/buildroot-2013.11/output/host/usr/include conftest.cpp
conftest.cpp:23:28: fatal error: ac_nonexistent.h: No such file or directory
 #include <ac_nonexistent.h>
                            ^
compilation terminated.
configure:12882: $? = 1
configure: failed program was:
| /* confdefs.h */
| #define PACKAGE_NAME "libasprintf"
| #define PACKAGE_TARNAME "libasprintf"
| #define PACKAGE_VERSION "1.0"
| #define PACKAGE_STRING "libasprintf 1.0"
| #define PACKAGE_BUGREPORT ""
| #define PACKAGE_URL ""
| #define PACKAGE "libasprintf"
| #define VERSION "1.0"
| #define STDC_HEADERS 1
| #define HAVE_SYS_TYPES_H 1
| #define HAVE_SYS_STAT_H 1
| #define HAVE_STDLIB_H 1
| #define HAVE_STRING_H 1
| #define HAVE_MEMORY_H 1
| #define HAVE_STRINGS_H 1
| #define HAVE_INTTYPES_H 1
| #define HAVE_STDINT_H 1
| #define HAVE_UNISTD_H 1
| #define HAVE_DLFCN_H 1
| #define LT_OBJDIR ".libs/"
| /* end confdefs.h.  */
| #include <ac_nonexistent.h>
configure:13051: checking for ld used by /usr/bin/g++
configure:13118: result: /usr/bin/ld -m elf_x86_64 -m elf_x86_64
configure:13125: checking if the linker (/usr/bin/ld -m elf_x86_64 -m elf_x86_64) is GNU ld
configure:13140: result: yes
configure:13195: checking whether the /usr/bin/g++ linker (/usr/bin/ld -m elf_x86_64 -m elf_x86_64) supports shared libraries
configure:14200: result: yes
configure:14236: /usr/bin/g++ -c -O2 -I/home/chris/work/bsp/lollipop-avn_ref_4330_dev/linux/platform/common/fs/buildroot/buildroot-2013.11/output/host/usr/include -I/home/chris/work/bsp/lollipop-avn_ref_4330_dev/linux/platform/common/fs/buildroot/buildroot-2013.11/output/host/usr/include conftest.cpp >&5
configure:14239: $? = 0
configure:14759: checking for /usr/bin/g++ option to produce PIC
configure:14766: result: -fPIC -DPIC
configure:14774: checking if /usr/bin/g++ PIC flag -fPIC -DPIC works
configure:14792: /usr/bin/g++ -c -O2 -I/home/chris/work/bsp/lollipop-avn_ref_4330_dev/linux/platform/common/fs/buildroot/buildroot-2013.11/output/host/usr/include -I/home/chris/work/bsp/lollipop-avn_ref_4330_dev/linux/platform/common/fs/buildroot/buildroot-2013.11/output/host/usr/include -fPIC -DPIC -DPIC conftest.cpp >&5
configure:14796: $? = 0
configure:14809: result: yes
configure:14832: checking if /usr/bin/g++ static flag -static works
configure:14860: result: yes
configure:14872: checking if /usr/bin/g++ supports -c -o file.o
configure:14893: /usr/bin/g++ -c -O2 -I/home/chris/work/bsp/lollipop-avn_ref_4330_dev/linux/platform/common/fs/buildroot/buildroot-2013.11/output/host/usr/include -I/home/chris/work/bsp/lollipop-avn_ref_4330_dev/linux/platform/common/fs/buildroot/buildroot-2013.11/output/host/usr/include -o out/conftest2.o conftest.cpp >&5
configure:14897: $? = 0
configure:14919: result: yes
configure:14924: checking if /usr/bin/g++ supports -c -o file.o
configure:14971: result: yes
configure:15001: checking whether the /usr/bin/g++ linker (/usr/bin/ld -m elf_x86_64 -m elf_x86_64) supports shared libraries
configure:15037: result: yes
configure:15178: checking dynamic linker characteristics
configure:15845: result: GNU/Linux ld.so
configure:15898: checking how to hardcode library paths into programs
configure:15923: result: immediate
configure:15995: checking features.h usability
configure:15995: /usr/bin/gcc -c -O2 -I/home/chris/work/bsp/lollipop-avn_ref_4330_dev/linux/platform/common/fs/buildroot/buildroot-2013.11/output/host/usr/include -I/home/chris/work/bsp/lollipop-avn_ref_4330_dev/linux/platform/common/fs/buildroot/buildroot-2013.11/output/host/usr/include conftest.c >&5
configure:15995: $? = 0
configure:15995: result: yes
configure:15995: checking features.h presence
configure:15995: /usr/bin/cpp -I/home/chris/work/bsp/lollipop-avn_ref_4330_dev/linux/platform/common/fs/buildroot/buildroot-2013.11/output/host/usr/include conftest.c
configure:15995: $? = 0
configure:15995: result: yes
configure:15995: checking for features.h
configure:15995: result: yes
configure:16006: checking for inline
configure:16022: /usr/bin/gcc -c -O2 -I/home/chris/work/bsp/lollipop-avn_ref_4330_dev/linux/platform/common/fs/buildroot/buildroot-2013.11/output/host/usr/include -I/home/chris/work/bsp/lollipop-avn_ref_4330_dev/linux/platform/common/fs/buildroot/buildroot-2013.11/output/host/usr/include conftest.c >&5
configure:16022: $? = 0
configure:16030: result: inline
configure:16048: checking for size_t
configure:16048: /usr/bin/gcc -c -O2 -I/home/chris/work/bsp/lollipop-avn_ref_4330_dev/linux/platform/common/fs/buildroot/buildroot-2013.11/output/host/usr/include -I/home/chris/work/bsp/lollipop-avn_ref_4330_dev/linux/platform/common/fs/buildroot/buildroot-2013.11/output/host/usr/include conftest.c >&5
configure:16048: $? = 0
configure:16048: /usr/bin/gcc -c -O2 -I/home/chris/work/bsp/lollipop-avn_ref_4330_dev/linux/platform/common/fs/buildroot/buildroot-2013.11/output/host/usr/include -I/home/chris/work/bsp/lollipop-avn_ref_4330_dev/linux/platform/common/fs/buildroot/buildroot-2013.11/output/host/usr/include conftest.c >&5
conftest.c: In function 'main':
conftest.c:60:21: error: expected expression before ')' token
 if (sizeof ((size_t)))
                     ^
configure:16048: $? = 1
configure: failed program was:
| /* confdefs.h */
| #define PACKAGE_NAME "libasprintf"
| #define PACKAGE_TARNAME "libasprintf"
| #define PACKAGE_VERSION "1.0"
| #define PACKAGE_STRING "libasprintf 1.0"
| #define PACKAGE_BUGREPORT ""
| #define PACKAGE_URL ""
| #define PACKAGE "libasprintf"
| #define VERSION "1.0"
| #define STDC_HEADERS 1
| #define HAVE_SYS_TYPES_H 1
| #define HAVE_SYS_STAT_H 1
| #define HAVE_STDLIB_H 1
| #define HAVE_STRING_H 1
| #define HAVE_MEMORY_H 1
| #define HAVE_STRINGS_H 1
| #define HAVE_INTTYPES_H 1
| #define HAVE_STDINT_H 1
| #define HAVE_UNISTD_H 1
| #define HAVE_DLFCN_H 1
| #define LT_OBJDIR ".libs/"
| #define HAVE_FEATURES_H 1
| /* end confdefs.h.  */
| #include <stdio.h>
| #ifdef HAVE_SYS_TYPES_H
| # include <sys/types.h>
| #endif
| #ifdef HAVE_SYS_STAT_H
| # include <sys/stat.h>
| #endif
| #ifdef STDC_HEADERS
| # include <stdlib.h>
| # include <stddef.h>
| #else
| # ifdef HAVE_STDLIB_H
| #  include <stdlib.h>
| # endif
| #endif
| #ifdef HAVE_STRING_H
| # if !defined STDC_HEADERS && defined HAVE_MEMORY_H
| #  include <memory.h>
| # endif
| # include <string.h>
| #endif
| #ifdef HAVE_STRINGS_H
| # include <strings.h>
| #endif
| #ifdef HAVE_INTTYPES_H
| # include <inttypes.h>
| #endif
| #ifdef HAVE_STDINT_H
| # include <stdint.h>
| #endif
| #ifdef HAVE_UNISTD_H
| # include <unistd.h>
| #endif
| int
| main ()
| {
| if (sizeof ((size_t)))
| 	    return 0;
|   ;
|   return 0;
| }
configure:16048: result: yes
configure:16060: checking for unsigned long long int
configure:16099: /usr/bin/gcc -o conftest -O2 -I/home/chris/work/bsp/lollipop-avn_ref_4330_dev/linux/platform/common/fs/buildroot/buildroot-2013.11/output/host/usr/include -I/home/chris/work/bsp/lollipop-avn_ref_4330_dev/linux/platform/common/fs/buildroot/buildroot-2013.11/output/host/usr/include -L/home/chris/work/bsp/lollipop-avn_ref_4330_dev/linux/platform/common/fs/buildroot/buildroot-2013.11/output/host/lib -L/home/chris/work/bsp/lollipop-avn_ref_4330_dev/linux/platform/common/fs/buildroot/buildroot-2013.11/output/host/usr/lib -Wl,-rpath,/home/chris/work/bsp/lollipop-avn_ref_4330_dev/linux/platform/common/fs/buildroot/buildroot-2013.11/output/host/usr/lib conftest.c  >&5
configure:16099: $? = 0
configure:16108: result: yes
configure:16118: checking for long long int
configure:16156: /usr/bin/gcc -o conftest -O2 -I/home/chris/work/bsp/lollipop-avn_ref_4330_dev/linux/platform/common/fs/buildroot/buildroot-2013.11/output/host/usr/include -I/home/chris/work/bsp/lollipop-avn_ref_4330_dev/linux/platform/common/fs/buildroot/buildroot-2013.11/output/host/usr/include -L/home/chris/work/bsp/lollipop-avn_ref_4330_dev/linux/platform/common/fs/buildroot/buildroot-2013.11/output/host/lib -L/home/chris/work/bsp/lollipop-avn_ref_4330_dev/linux/platform/common/fs/buildroot/buildroot-2013.11/output/host/usr/lib -Wl,-rpath,/home/chris/work/bsp/lollipop-avn_ref_4330_dev/linux/platform/common/fs/buildroot/buildroot-2013.11/output/host/usr/lib conftest.c  >&5
configure:16156: $? = 0
configure:16156: ./conftest
configure:16156: $? = 0
configure:16168: result: yes
configure:16177: checking for wchar_t
configure:16194: /usr/bin/gcc -c -O2 -I/home/chris/work/bsp/lollipop-avn_ref_4330_dev/linux/platform/common/fs/buildroot/buildroot-2013.11/output/host/usr/include -I/home/chris/work/bsp/lollipop-avn_ref_4330_dev/linux/platform/common/fs/buildroot/buildroot-2013.11/output/host/usr/include conftest.c >&5
configure:16194: $? = 0
configure:16201: result: yes
configure:16210: checking for wint_t
configure:16235: /usr/bin/gcc -c -O2 -I/home/chris/work/bsp/lollipop-avn_ref_4330_dev/linux/platform/common/fs/buildroot/buildroot-2013.11/output/host/usr/include -I/home/chris/work/bsp/lollipop-avn_ref_4330_dev/linux/platform/common/fs/buildroot/buildroot-2013.11/output/host/usr/include conftest.c >&5
configure:16235: $? = 0
configure:16242: result: yes
configure:16250: checking for mbstate_t
configure:16267: /usr/bin/gcc -c -O2 -I/home/chris/work/bsp/lollipop-avn_ref_4330_dev/linux/platform/common/fs/buildroot/buildroot-2013.11/output/host/usr/include -I/home/chris/work/bsp/lollipop-avn_ref_4330_dev/linux/platform/common/fs/buildroot/buildroot-2013.11/output/host/usr/include conftest.c >&5
configure:16267: $? = 0
configure:16274: result: yes
configure:16285: checking for ptrdiff_t
configure:16285: /usr/bin/gcc -c -O2 -I/home/chris/work/bsp/lollipop-avn_ref_4330_dev/linux/platform/common/fs/buildroot/buildroot-2013.11/output/host/usr/include -I/home/chris/work/bsp/lollipop-avn_ref_4330_dev/linux/platform/common/fs/buildroot/buildroot-2013.11/output/host/usr/include conftest.c >&5
configure:16285: $? = 0
configure:16285: /usr/bin/gcc -c -O2 -I/home/chris/work/bsp/lollipop-avn_ref_4330_dev/linux/platform/common/fs/buildroot/buildroot-2013.11/output/host/usr/include -I/home/chris/work/bsp/lollipop-avn_ref_4330_dev/linux/platform/common/fs/buildroot/buildroot-2013.11/output/host/usr/include conftest.c >&5
conftest.c: In function 'main':
conftest.c:65:24: error: expected expression before ')' token
 if (sizeof ((ptrdiff_t)))
                        ^
configure:16285: $? = 1
configure: failed program was:
| /* confdefs.h */
| #define PACKAGE_NAME "libasprintf"
| #define PACKAGE_TARNAME "libasprintf"
| #define PACKAGE_VERSION "1.0"
| #define PACKAGE_STRING "libasprintf 1.0"
| #define PACKAGE_BUGREPORT ""
| #define PACKAGE_URL ""
| #define PACKAGE "libasprintf"
| #define VERSION "1.0"
| #define STDC_HEADERS 1
| #define HAVE_SYS_TYPES_H 1
| #define HAVE_SYS_STAT_H 1
| #define HAVE_STDLIB_H 1
| #define HAVE_STRING_H 1
| #define HAVE_MEMORY_H 1
| #define HAVE_STRINGS_H 1
| #define HAVE_INTTYPES_H 1
| #define HAVE_STDINT_H 1
| #define HAVE_UNISTD_H 1
| #define HAVE_DLFCN_H 1
| #define LT_OBJDIR ".libs/"
| #define HAVE_FEATURES_H 1
| #define HAVE_UNSIGNED_LONG_LONG_INT 1
| #define HAVE_LONG_LONG_INT 1
| #define HAVE_WCHAR_T 1
| #define HAVE_WINT_T 1
| #define HAVE_MBSTATE_T 1
| /* end confdefs.h.  */
| #include <stdio.h>
| #ifdef HAVE_SYS_TYPES_H
| # include <sys/types.h>
| #endif
| #ifdef HAVE_SYS_STAT_H
| # include <sys/stat.h>
| #endif
| #ifdef STDC_HEADERS
| # include <stdlib.h>
| # include <stddef.h>
| #else
| # ifdef HAVE_STDLIB_H
| #  include <stdlib.h>
| # endif
| #endif
| #ifdef HAVE_STRING_H
| # if !defined STDC_HEADERS && defined HAVE_MEMORY_H
| #  include <memory.h>
| # endif
| # include <string.h>
| #endif
| #ifdef HAVE_STRINGS_H
| # include <strings.h>
| #endif
| #ifdef HAVE_INTTYPES_H
| # include <inttypes.h>
| #endif
| #ifdef HAVE_STDINT_H
| # include <stdint.h>
| #endif
| #ifdef HAVE_UNISTD_H
| # include <unistd.h>
| #endif
| int
| main ()
| {
| if (sizeof ((ptrdiff_t)))
| 	    return 0;
|   ;
|   return 0;
| }
configure:16285: result: yes
configure:16296: checking for inttypes.h
configure:16315: /usr/bin/gcc -c -O2 -I/home/chris/work/bsp/lollipop-avn_ref_4330_dev/linux/platform/common/fs/buildroot/buildroot-2013.11/output/host/usr/include -I/home/chris/work/bsp/lollipop-avn_ref_4330_dev/linux/platform/common/fs/buildroot/buildroot-2013.11/output/host/usr/include conftest.c >&5
configure:16315: $? = 0
configure:16322: result: yes
configure:16333: checking for stdint.h
configure:16350: /usr/bin/gcc -c -O2 -I/home/chris/work/bsp/lollipop-avn_ref_4330_dev/linux/platform/common/fs/buildroot/buildroot-2013.11/output/host/usr/include -I/home/chris/work/bsp/lollipop-avn_ref_4330_dev/linux/platform/common/fs/buildroot/buildroot-2013.11/output/host/usr/include conftest.c >&5
configure:16350: $? = 0
configure:16357: result: yes
configure:16389: checking for stdint.h
configure:16389: result: yes
configure:16399: checking for SIZE_MAX
configure:16470: result: yes
configure:16485: checking for stdint.h
configure:16485: result: yes
configure:16508: checking for working alloca.h
configure:16525: /usr/bin/gcc -o conftest -O2 -I/home/chris/work/bsp/lollipop-avn_ref_4330_dev/linux/platform/common/fs/buildroot/buildroot-2013.11/output/host/usr/include -I/home/chris/work/bsp/lollipop-avn_ref_4330_dev/linux/platform/common/fs/buildroot/buildroot-2013.11/output/host/usr/include -L/home/chris/work/bsp/lollipop-avn_ref_4330_dev/linux/platform/common/fs/buildroot/buildroot-2013.11/output/host/lib -L/home/chris/work/bsp/lollipop-avn_ref_4330_dev/linux/platform/common/fs/buildroot/buildroot-2013.11/output/host/usr/lib -Wl,-rpath,/home/chris/work/bsp/lollipop-avn_ref_4330_dev/linux/platform/common/fs/buildroot/buildroot-2013.11/output/host/usr/lib conftest.c  >&5
configure:16525: $? = 0
configure:16533: result: yes
configure:16541: checking for alloca
configure:16578: /usr/bin/gcc -o conftest -O2 -I/home/chris/work/bsp/lollipop-avn_ref_4330_dev/linux/platform/common/fs/buildroot/buildroot-2013.11/output/host/usr/include -I/home/chris/work/bsp/lollipop-avn_ref_4330_dev/linux/platform/common/fs/buildroot/buildroot-2013.11/output/host/usr/include -L/home/chris/work/bsp/lollipop-avn_ref_4330_dev/linux/platform/common/fs/buildroot/buildroot-2013.11/output/host/lib -L/home/chris/work/bsp/lollipop-avn_ref_4330_dev/linux/platform/common/fs/buildroot/buildroot-2013.11/output/host/usr/lib -Wl,-rpath,/home/chris/work/bsp/lollipop-avn_ref_4330_dev/linux/platform/common/fs/buildroot/buildroot-2013.11/output/host/usr/lib conftest.c  >&5
configure:16578: $? = 0
configure:16586: result: yes
configure:16703: checking for stdlib.h
configure:16703: result: yes
configure:16703: checking for string.h
configure:16703: result: yes
configure:16724: checking whether the preprocessor supports include_next
configure:16762: /usr/bin/gcc -c -O2 -I/home/chris/work/bsp/lollipop-avn_ref_4330_dev/linux/platform/common/fs/buildroot/buildroot-2013.11/output/host/usr/include -I/home/chris/work/bsp/lollipop-avn_ref_4330_dev/linux/platform/common/fs/buildroot/buildroot-2013.11/output/host/usr/include -Iconftestd1b -Iconftestd2 conftest.c >&5
configure:16762: $? = 0
configure:16783: result: yes
configure:16804: checking whether system header files limit the line length
configure:16827: result: no
configure:16838: checking for complete errno.h
configure:16911: result: yes
configure:17288: checking for stdint.h
configure:17288: result: yes
configure:17298: checking for SIZE_MAX
configure:17369: result: yes
configure:17384: checking for stdint.h
configure:17384: result: yes
configure:17431: checking for snprintf
configure:17431: /usr/bin/gcc -o conftest -O2 -I/home/chris/work/bsp/lollipop-avn_ref_4330_dev/linux/platform/common/fs/buildroot/buildroot-2013.11/output/host/usr/include -I/home/chris/work/bsp/lollipop-avn_ref_4330_dev/linux/platform/common/fs/buildroot/buildroot-2013.11/output/host/usr/include -L/home/chris/work/bsp/lollipop-avn_ref_4330_dev/linux/platform/common/fs/buildroot/buildroot-2013.11/output/host/lib -L/home/chris/work/bsp/lollipop-avn_ref_4330_dev/linux/platform/common/fs/buildroot/buildroot-2013.11/output/host/usr/lib -Wl,-rpath,/home/chris/work/bsp/lollipop-avn_ref_4330_dev/linux/platform/common/fs/buildroot/buildroot-2013.11/output/host/usr/lib conftest.c  >&5
conftest.c:63:6: warning: conflicting types for built-in function 'snprintf' [enabled by default]
 char snprintf ();
      ^
configure:17431: $? = 0
configure:17431: result: yes
configure:17431: checking for vasprintf
configure:17431: /usr/bin/gcc -o conftest -O2 -I/home/chris/work/bsp/lollipop-avn_ref_4330_dev/linux/platform/common/fs/buildroot/buildroot-2013.11/output/host/usr/include -I/home/chris/work/bsp/lollipop-avn_ref_4330_dev/linux/platform/common/fs/buildroot/buildroot-2013.11/output/host/usr/include -L/home/chris/work/bsp/lollipop-avn_ref_4330_dev/linux/platform/common/fs/buildroot/buildroot-2013.11/output/host/lib -L/home/chris/work/bsp/lollipop-avn_ref_4330_dev/linux/platform/common/fs/buildroot/buildroot-2013.11/output/host/usr/lib -Wl,-rpath,/home/chris/work/bsp/lollipop-avn_ref_4330_dev/linux/platform/common/fs/buildroot/buildroot-2013.11/output/host/usr/lib conftest.c  >&5
configure:17431: $? = 0
configure:17431: result: yes
configure:17431: checking for strnlen
configure:17431: /usr/bin/gcc -o conftest -O2 -I/home/chris/work/bsp/lollipop-avn_ref_4330_dev/linux/platform/common/fs/buildroot/buildroot-2013.11/output/host/usr/include -I/home/chris/work/bsp/lollipop-avn_ref_4330_dev/linux/platform/common/fs/buildroot/buildroot-2013.11/output/host/usr/include -L/home/chris/work/bsp/lollipop-avn_ref_4330_dev/linux/platform/common/fs/buildroot/buildroot-2013.11/output/host/lib -L/home/chris/work/bsp/lollipop-avn_ref_4330_dev/linux/platform/common/fs/buildroot/buildroot-2013.11/output/host/usr/lib -Wl,-rpath,/home/chris/work/bsp/lollipop-avn_ref_4330_dev/linux/platform/common/fs/buildroot/buildroot-2013.11/output/host/usr/lib conftest.c  >&5
configure:17431: $? = 0
configure:17431: result: yes
configure:17431: checking for wcslen
configure:17431: /usr/bin/gcc -o conftest -O2 -I/home/chris/work/bsp/lollipop-avn_ref_4330_dev/linux/platform/common/fs/buildroot/buildroot-2013.11/output/host/usr/include -I/home/chris/work/bsp/lollipop-avn_ref_4330_dev/linux/platform/common/fs/buildroot/buildroot-2013.11/output/host/usr/include -L/home/chris/work/bsp/lollipop-avn_ref_4330_dev/linux/platform/common/fs/buildroot/buildroot-2013.11/output/host/lib -L/home/chris/work/bsp/lollipop-avn_ref_4330_dev/linux/platform/common/fs/buildroot/buildroot-2013.11/output/host/usr/lib -Wl,-rpath,/home/chris/work/bsp/lollipop-avn_ref_4330_dev/linux/platform/common/fs/buildroot/buildroot-2013.11/output/host/usr/lib conftest.c  >&5
configure:17431: $? = 0
configure:17431: result: yes
configure:17431: checking for wcsnlen
configure:17431: /usr/bin/gcc -o conftest -O2 -I/home/chris/work/bsp/lollipop-avn_ref_4330_dev/linux/platform/common/fs/buildroot/buildroot-2013.11/output/host/usr/include -I/home/chris/work/bsp/lollipop-avn_ref_4330_dev/linux/platform/common/fs/buildroot/buildroot-2013.11/output/host/usr/include -L/home/chris/work/bsp/lollipop-avn_ref_4330_dev/linux/platform/common/fs/buildroot/buildroot-2013.11/output/host/lib -L/home/chris/work/bsp/lollipop-avn_ref_4330_dev/linux/platform/common/fs/buildroot/buildroot-2013.11/output/host/usr/lib -Wl,-rpath,/home/chris/work/bsp/lollipop-avn_ref_4330_dev/linux/platform/common/fs/buildroot/buildroot-2013.11/output/host/usr/lib conftest.c  >&5
configure:17431: $? = 0
configure:17431: result: yes
configure:17431: checking for mbrtowc
configure:17431: /usr/bin/gcc -o conftest -O2 -I/home/chris/work/bsp/lollipop-avn_ref_4330_dev/linux/platform/common/fs/buildroot/buildroot-2013.11/output/host/usr/include -I/home/chris/work/bsp/lollipop-avn_ref_4330_dev/linux/platform/common/fs/buildroot/buildroot-2013.11/output/host/usr/include -L/home/chris/work/bsp/lollipop-avn_ref_4330_dev/linux/platform/common/fs/buildroot/buildroot-2013.11/output/host/lib -L/home/chris/work/bsp/lollipop-avn_ref_4330_dev/linux/platform/common/fs/buildroot/buildroot-2013.11/output/host/usr/lib -Wl,-rpath,/home/chris/work/bsp/lollipop-avn_ref_4330_dev/linux/platform/common/fs/buildroot/buildroot-2013.11/output/host/usr/lib conftest.c  >&5
configure:17431: $? = 0
configure:17431: result: yes
configure:17431: checking for wcrtomb
configure:17431: /usr/bin/gcc -o conftest -O2 -I/home/chris/work/bsp/lollipop-avn_ref_4330_dev/linux/platform/common/fs/buildroot/buildroot-2013.11/output/host/usr/include -I/home/chris/work/bsp/lollipop-avn_ref_4330_dev/linux/platform/common/fs/buildroot/buildroot-2013.11/output/host/usr/include -L/home/chris/work/bsp/lollipop-avn_ref_4330_dev/linux/platform/common/fs/buildroot/buildroot-2013.11/output/host/lib -L/home/chris/work/bsp/lollipop-avn_ref_4330_dev/linux/platform/common/fs/buildroot/buildroot-2013.11/output/host/usr/lib -Wl,-rpath,/home/chris/work/bsp/lollipop-avn_ref_4330_dev/linux/platform/common/fs/buildroot/buildroot-2013.11/output/host/usr/lib conftest.c  >&5
configure:17431: $? = 0
configure:17431: result: yes
configure:17440: checking whether _snprintf is declared
configure:17440: /usr/bin/gcc -c -O2 -I/home/chris/work/bsp/lollipop-avn_ref_4330_dev/linux/platform/common/fs/buildroot/buildroot-2013.11/output/host/usr/include -I/home/chris/work/bsp/lollipop-avn_ref_4330_dev/linux/platform/common/fs/buildroot/buildroot-2013.11/output/host/usr/include conftest.c >&5
conftest.c: In function 'main':
conftest.c:56:10: error: '_snprintf' undeclared (first use in this function)
   (void) _snprintf;
          ^
conftest.c:56:10: note: each undeclared identifier is reported only once for each function it appears in
configure:17440: $? = 1
configure: failed program was:
| /* confdefs.h */
| #define PACKAGE_NAME "libasprintf"
| #define PACKAGE_TARNAME "libasprintf"
| #define PACKAGE_VERSION "1.0"
| #define PACKAGE_STRING "libasprintf 1.0"
| #define PACKAGE_BUGREPORT ""
| #define PACKAGE_URL ""
| #define PACKAGE "libasprintf"
| #define VERSION "1.0"
| #define STDC_HEADERS 1
| #define HAVE_SYS_TYPES_H 1
| #define HAVE_SYS_STAT_H 1
| #define HAVE_STDLIB_H 1
| #define HAVE_STRING_H 1
| #define HAVE_MEMORY_H 1
| #define HAVE_STRINGS_H 1
| #define HAVE_INTTYPES_H 1
| #define HAVE_STDINT_H 1
| #define HAVE_UNISTD_H 1
| #define HAVE_DLFCN_H 1
| #define LT_OBJDIR ".libs/"
| #define HAVE_FEATURES_H 1
| #define HAVE_UNSIGNED_LONG_LONG_INT 1
| #define HAVE_LONG_LONG_INT 1
| #define HAVE_WCHAR_T 1
| #define HAVE_WINT_T 1
| #define HAVE_MBSTATE_T 1
| #define HAVE_INTTYPES_H_WITH_UINTMAX 1
| #define HAVE_STDINT_H_WITH_UINTMAX 1
| #define HAVE_INTMAX_T 1
| #define HAVE_STDINT_H 1
| #define HAVE_STDINT_H 1
| #define HAVE_ALLOCA_H 1
| #define HAVE_ALLOCA 1
| #define HAVE_STDLIB_H 1
| #define HAVE_STRING_H 1
| #define HAVE_STDINT_H 1
| #define HAVE_STDINT_H 1
| #define HAVE_SNPRINTF 1
| #define HAVE_VASPRINTF 1
| #define HAVE_STRNLEN 1
| #define HAVE_WCSLEN 1
| #define HAVE_WCSNLEN 1
| #define HAVE_MBRTOWC 1
| #define HAVE_WCRTOMB 1
| /* end confdefs.h.  */
| #include <stdio.h>
| 
| int
| main ()
| {
| #ifndef _snprintf
| #ifdef __cplusplus
|   (void) _snprintf;
| #else
|   (void) _snprintf;
| #endif
| #endif
| 
|   ;
|   return 0;
| }
configure:17440: result: no
configure:17454: checking whether printf() supports POSIX/XSI format strings
configure:17495: /usr/bin/gcc -o conftest -O2 -I/home/chris/work/bsp/lollipop-avn_ref_4330_dev/linux/platform/common/fs/buildroot/buildroot-2013.11/output/host/usr/include -I/home/chris/work/bsp/lollipop-avn_ref_4330_dev/linux/platform/common/fs/buildroot/buildroot-2013.11/output/host/usr/include -L/home/chris/work/bsp/lollipop-avn_ref_4330_dev/linux/platform/common/fs/buildroot/buildroot-2013.11/output/host/lib -L/home/chris/work/bsp/lollipop-avn_ref_4330_dev/linux/platform/common/fs/buildroot/buildroot-2013.11/output/host/usr/lib -Wl,-rpath,/home/chris/work/bsp/lollipop-avn_ref_4330_dev/linux/platform/common/fs/buildroot/buildroot-2013.11/output/host/usr/lib conftest.c  >&5
configure:17495: $? = 0
configure:17495: ./conftest
configure:17495: $? = 0
configure:17506: result: yes
configure:17520: checking for dvips
configure:17551: result: /home/chris/work/bsp/lollipop-avn_ref_4330_dev/linux/platform/common/fs/buildroot/buildroot-2013.11/output/build/host-gettext-0.18.3.1/build-aux/missing dvips
configure:17561: checking for texi2pdf
configure:17592: result: /home/chris/work/bsp/lollipop-avn_ref_4330_dev/linux/platform/common/fs/buildroot/buildroot-2013.11/output/build/host-gettext-0.18.3.1/build-aux/missing texi2pdf
configure:17602: checking for perl
configure:17620: found /usr/bin/perl
configure:17633: result: /usr/bin/perl
configure:17754: checking that generated files are newer than configure
configure:17760: result: done
configure:17831: creating ./config.status

## ---------------------- ##
## Running config.status. ##
## ---------------------- ##

This file was extended by libasprintf config.status 1.0, which was
generated by GNU Autoconf 2.69.  Invocation command line was

  CONFIG_FILES    = 
  CONFIG_HEADERS  = 
  CONFIG_LINKS    = 
  CONFIG_COMMANDS = 
  $ ./config.status 

on kjlee

config.status:1213: creating Makefile
config.status:1213: creating config.h
config.status:1442: executing depfiles commands
config.status:1442: executing libtool commands

## ---------------- ##
## Cache variables. ##
## ---------------- ##

ac_cv_build=x86_64-unknown-linux-gnu
ac_cv_c_compiler_gnu=yes
ac_cv_c_inline=inline
ac_cv_cxx_compiler_gnu=yes
ac_cv_env_CCC_set=
ac_cv_env_CCC_value=
ac_cv_env_CC_set=set
ac_cv_env_CC_value=/usr/bin/gcc
ac_cv_env_CFLAGS_set=set
ac_cv_env_CFLAGS_value='-O2 -I/home/chris/work/bsp/lollipop-avn_ref_4330_dev/linux/platform/common/fs/buildroot/buildroot-2013.11/output/host/usr/include'
ac_cv_env_CPPFLAGS_set=set
ac_cv_env_CPPFLAGS_value=-I/home/chris/work/bsp/lollipop-avn_ref_4330_dev/linux/platform/common/fs/buildroot/buildroot-2013.11/output/host/usr/include
ac_cv_env_CPP_set=set
ac_cv_env_CPP_value=/usr/bin/cpp
ac_cv_env_CXXCPP_set=
ac_cv_env_CXXCPP_value=
ac_cv_env_CXXFLAGS_set=set
ac_cv_env_CXXFLAGS_value='-O2 -I/home/chris/work/bsp/lollipop-avn_ref_4330_dev/linux/platform/common/fs/buildroot/buildroot-2013.11/output/host/usr/include'
ac_cv_env_CXX_set=set
ac_cv_env_CXX_value=/usr/bin/g++
ac_cv_env_LDFLAGS_set=set
ac_cv_env_LDFLAGS_value='-L/home/chris/work/bsp/lollipop-avn_ref_4330_dev/linux/platform/common/fs/buildroot/buildroot-2013.11/output/host/lib -L/home/chris/work/bsp/lollipop-avn_ref_4330_dev/linux/platform/common/fs/buildroot/buildroot-2013.11/output/host/usr/lib -Wl,-rpath,/home/chris/work/bsp/lollipop-avn_ref_4330_dev/linux/platform/common/fs/buildroot/buildroot-2013.11/output/host/usr/lib'
ac_cv_env_LIBS_set=
ac_cv_env_LIBS_value=
ac_cv_env_build_alias_set=
ac_cv_env_build_alias_value=
ac_cv_env_host_alias_set=
ac_cv_env_host_alias_value=
ac_cv_env_target_alias_set=
ac_cv_env_target_alias_value=
ac_cv_func_alloca_works=yes
ac_cv_func_mbrtowc=yes
ac_cv_func_snprintf=yes
ac_cv_func_strnlen=yes
ac_cv_func_vasprintf=yes
ac_cv_func_wcrtomb=yes
ac_cv_func_wcslen=yes
ac_cv_func_wcsnlen=yes
ac_cv_have_decl__snprintf=no
ac_cv_header_dlfcn_h=yes
ac_cv_header_features_h=yes
ac_cv_header_inttypes_h=yes
ac_cv_header_memory_h=yes
ac_cv_header_stdc=yes
ac_cv_header_stdint_h=yes
ac_cv_header_stdlib_h=yes
ac_cv_header_string_h=yes
ac_cv_header_strings_h=yes
ac_cv_header_sys_stat_h=yes
ac_cv_header_sys_types_h=yes
ac_cv_header_unistd_h=yes
ac_cv_host=x86_64-unknown-linux-gnu
ac_cv_objext=o
ac_cv_path_DVIPS='/home/chris/work/bsp/lollipop-avn_ref_4330_dev/linux/platform/common/fs/buildroot/buildroot-2013.11/output/build/host-gettext-0.18.3.1/build-aux/missing dvips'
ac_cv_path_EGREP='/bin/grep -E'
ac_cv_path_FGREP='/bin/grep -F'
ac_cv_path_GREP=/bin/grep
ac_cv_path_PERL=/usr/bin/perl
ac_cv_path_SED=/bin/sed
ac_cv_path_TEXI2PDF='/home/chris/work/bsp/lollipop-avn_ref_4330_dev/linux/platform/common/fs/buildroot/buildroot-2013.11/output/build/host-gettext-0.18.3.1/build-aux/missing texi2pdf'
ac_cv_path_install='/usr/bin/install -c'
ac_cv_path_mkdir=/bin/mkdir
ac_cv_prog_AWK=gawk
ac_cv_prog_CPP=/usr/bin/cpp
ac_cv_prog_CXXCPP='/usr/bin/g++ -E'
ac_cv_prog_ac_ct_CC=/usr/bin/gcc
ac_cv_prog_ac_ct_MANIFEST_TOOL=mt
ac_cv_prog_ac_ct_OBJDUMP=objdump
ac_cv_prog_ac_ct_RANLIB=ranlib
ac_cv_prog_ac_ct_STRIP=strip
ac_cv_prog_cc_c89=
ac_cv_prog_cc_g=yes
ac_cv_prog_cxx_g=yes
ac_cv_prog_make_make_set=yes
ac_cv_type_long_long_int=yes
ac_cv_type_mbstate_t=yes
ac_cv_type_ptrdiff_t=yes
ac_cv_type_size_t=yes
ac_cv_type_unsigned_long_long_int=yes
ac_cv_working_alloca_h=yes
am_cv_CC_dependencies_compiler_type=gcc3
am_cv_CXX_dependencies_compiler_type=gcc3
am_cv_make_support_nested_variables=yes
gl_cv_c_amsterdam_compiler=no
gl_cv_have_include_next=yes
gl_cv_header_errno_h_complete=yes
gl_cv_header_inttypes_h=yes
gl_cv_header_stdint_h=yes
gl_cv_pragma_columns=no
gl_cv_size_max=yes
gt_cv_c_wchar_t=yes
gt_cv_c_wint_t=yes
gt_cv_func_printf_posix=yes
lt_cv_ar_at_file=@
lt_cv_archive_cmds_need_lc=no
lt_cv_deplibs_check_method=pass_all
lt_cv_file_magic_cmd='$MAGIC_CMD'
lt_cv_file_magic_test_file=
lt_cv_ld_reload_flag=-r
lt_cv_nm_interface='BSD nm'
lt_cv_objdir=.libs
lt_cv_path_LD='/usr/bin/ld -m elf_x86_64'
lt_cv_path_LDCXX='/usr/bin/ld -m elf_x86_64 -m elf_x86_64'
lt_cv_path_NM=/usr/bin/nm
lt_cv_path_mainfest_tool=no
lt_cv_prog_compiler_c_o=yes
lt_cv_prog_compiler_c_o_CXX=yes
lt_cv_prog_compiler_pic='-fPIC -DPIC'
lt_cv_prog_compiler_pic_CXX='-fPIC -DPIC'
lt_cv_prog_compiler_pic_works=yes
lt_cv_prog_compiler_pic_works_CXX=yes
lt_cv_prog_compiler_rtti_exceptions=no
lt_cv_prog_compiler_static_works=yes
lt_cv_prog_compiler_static_works_CXX=yes
lt_cv_prog_gnu_ld=yes
lt_cv_prog_gnu_ldcxx=yes
lt_cv_sharedlib_from_linklib_cmd='printf %s\n'
lt_cv_shlibpath_overrides_runpath=no
lt_cv_sys_global_symbol_pipe='sed -n -e '\''s/^.*[	 ]\([ABCDGIRSTW][ABCDGIRSTW]*\)[	 ][	 ]*\([_A-Za-z][_A-Za-z0-9]*\)$/\1 \2 \2/p'\'' | sed '\''/ __gnu_lto/d'\'''
lt_cv_sys_global_symbol_to_c_name_address='sed -n -e '\''s/^: \([^ ]*\)[ ]*$/  {\"\1\", (void *) 0},/p'\'' -e '\''s/^[ABCDGIRSTW]* \([^ ]*\) \([^ ]*\)$/  {"\2", (void *) \&\2},/p'\'''
lt_cv_sys_global_symbol_to_c_name_address_lib_prefix='sed -n -e '\''s/^: \([^ ]*\)[ ]*$/  {\"\1\", (void *) 0},/p'\'' -e '\''s/^[ABCDGIRSTW]* \([^ ]*\) \(lib[^ ]*\)$/  {"\2", (void *) \&\2},/p'\'' -e '\''s/^[ABCDGIRSTW]* \([^ ]*\) \([^ ]*\)$/  {"lib\2", (void *) \&\2},/p'\'''
lt_cv_sys_global_symbol_to_cdecl='sed -n -e '\''s/^T .* \(.*\)$/extern int \1();/p'\'' -e '\''s/^[ABCDGIRSTW]* .* \(.*\)$/extern char \1;/p'\'''
lt_cv_sys_max_cmd_len=3458764513820540925
lt_cv_to_host_file_cmd=func_convert_file_noop
lt_cv_to_tool_file_cmd=func_convert_file_noop

## ----------------- ##
## Output variables. ##
## ----------------- ##

ACLOCAL='${SHELL} /home/chris/work/bsp/lollipop-avn_ref_4330_dev/linux/platform/common/fs/buildroot/buildroot-2013.11/output/build/host-gettext-0.18.3.1/build-aux/missing --run aclocal-1.12'
ALLOCA=''
ALLOCA_H='alloca.h'
AMDEPBACKSLASH='\'
AMDEP_FALSE='#'
AMDEP_TRUE=''
AMTAR='$${TAR-tar}'
AM_BACKSLASH='\'
AM_DEFAULT_V='$(AM_DEFAULT_VERBOSITY)'
AM_DEFAULT_VERBOSITY='1'
AM_V='$(V)'
AR='/usr/bin/ar'
ARFLAGS='cru'
AS='/usr/bin/as'
AUTOCONF='${SHELL} /home/chris/work/bsp/lollipop-avn_ref_4330_dev/linux/platform/common/fs/buildroot/buildroot-2013.11/output/build/host-gettext-0.18.3.1/build-aux/missing --run autoconf'
AUTOHEADER='${SHELL} /home/chris/work/bsp/lollipop-avn_ref_4330_dev/linux/platform/common/fs/buildroot/buildroot-2013.11/output/build/host-gettext-0.18.3.1/build-aux/missing --run autoheader'
AUTOMAKE='${SHELL} /home/chris/work/bsp/lollipop-avn_ref_4330_dev/linux/platform/common/fs/buildroot/buildroot-2013.11/output/build/host-gettext-0.18.3.1/build-aux/missing --run automake-1.12'
AWK='gawk'
CC='/usr/bin/gcc'
CCDEPMODE='depmode=gcc3'
CFLAGS='-O2 -I/home/chris/work/bsp/lollipop-avn_ref_4330_dev/linux/platform/common/fs/buildroot/buildroot-2013.11/output/host/usr/include'
CPP='/usr/bin/cpp'
CPPFLAGS='-I/home/chris/work/bsp/lollipop-avn_ref_4330_dev/linux/platform/common/fs/buildroot/buildroot-2013.11/output/host/usr/include'
CXX='/usr/bin/g++'
CXXCPP='/usr/bin/g++ -E'
CXXDEPMODE='depmode=gcc3'
CXXFLAGS='-O2 -I/home/chris/work/bsp/lollipop-avn_ref_4330_dev/linux/platform/common/fs/buildroot/buildroot-2013.11/output/host/usr/include'
CYGPATH_W='echo'
DEFS='-DHAVE_CONFIG_H'
DEPDIR='.deps'
DLLTOOL='false'
DSYMUTIL=''
DUMPBIN=''
DVIPS='/home/chris/work/bsp/lollipop-avn_ref_4330_dev/linux/platform/common/fs/buildroot/buildroot-2013.11/output/build/host-gettext-0.18.3.1/build-aux/missing dvips'
ECHO_C=''
ECHO_N='-n'
ECHO_T=''
EGREP='/bin/grep -E'
EMULTIHOP_HIDDEN=''
EMULTIHOP_VALUE=''
ENOLINK_HIDDEN=''
ENOLINK_VALUE=''
EOVERFLOW_HIDDEN=''
EOVERFLOW_VALUE=''
ERRNO_H=''
EXEEXT=''
FGREP='/bin/grep -F'
GL_COND_LIBTOOL_FALSE='#'
GL_COND_LIBTOOL_TRUE=''
GL_GENERATE_ALLOCA_H_FALSE='#'
GL_GENERATE_ALLOCA_H_TRUE=''
GL_GENERATE_ERRNO_H_FALSE=''
GL_GENERATE_ERRNO_H_TRUE='#'
GREP='/bin/grep'
INCLUDE_NEXT='include_next'
INCLUDE_NEXT_AS_FIRST_DIRECTIVE='include_next'
INSTALL_DATA='${INSTALL} -m 644'
INSTALL_PROGRAM='${INSTALL}'
INSTALL_SCRIPT='${INSTALL}'
INSTALL_STRIP_PROGRAM='$(install_sh) -c -s'
LD='/usr/bin/ld -m elf_x86_64 -m elf_x86_64'
LDFLAGS='-L/home/chris/work/bsp/lollipop-avn_ref_4330_dev/linux/platform/common/fs/buildroot/buildroot-2013.11/output/host/lib -L/home/chris/work/bsp/lollipop-avn_ref_4330_dev/linux/platform/common/fs/buildroot/buildroot-2013.11/output/host/usr/lib -Wl,-rpath,/home/chris/work/bsp/lollipop-avn_ref_4330_dev/linux/platform/common/fs/buildroot/buildroot-2013.11/output/host/usr/lib'
LIBOBJS=''
LIBS=''
LIBTOOL='$(SHELL) $(top_builddir)/libtool'
LIPO=''
LN_S='ln -s'
LTALLOCA=''
LTLIBOBJS=''
LTNOUNDEF=''
MAKEINFO='${SHELL} /home/chris/work/bsp/lollipop-avn_ref_4330_dev/linux/platform/common/fs/buildroot/buildroot-2013.11/output/build/host-gettext-0.18.3.1/build-aux/missing --run makeinfo'
MANIFEST_TOOL=':'
MKDIR_P='/bin/mkdir -p'
NEXT_AS_FIRST_DIRECTIVE_ERRNO_H=''
NEXT_ERRNO_H=''
NM='/usr/bin/nm'
NMEDIT=''
OBJDUMP='objdump'
OBJEXT='o'
OTOOL64=''
OTOOL=''
PACKAGE='libasprintf'
PACKAGE_BUGREPORT=''
PACKAGE_NAME='libasprintf'
PACKAGE_STRING='libasprintf 1.0'
PACKAGE_TARNAME='libasprintf'
PACKAGE_URL=''
PACKAGE_VERSION='1.0'
PATH_SEPARATOR=':'
PERL='/usr/bin/perl'
PRAGMA_COLUMNS=''
PRAGMA_SYSTEM_HEADER='#pragma GCC system_header'
RANLIB='ranlib'
SED='/bin/sed'
SET_MAKE=''
SHELL='/bin/bash'
STRIP='strip'
TEXI2PDF='/home/chris/work/bsp/lollipop-avn_ref_4330_dev/linux/platform/common/fs/buildroot/buildroot-2013.11/output/build/host-gettext-0.18.3.1/build-aux/missing texi2pdf'
VERSION='1.0'
ac_ct_AR=''
ac_ct_CC='/usr/bin/gcc'
ac_ct_CXX=''
ac_ct_DUMPBIN=''
am__EXEEXT_FALSE=''
am__EXEEXT_TRUE='#'
am__fastdepCC_FALSE='#'
am__fastdepCC_TRUE=''
am__fastdepCXX_FALSE='#'
am__fastdepCXX_TRUE=''
am__include='include'
am__isrc=''
am__leading_dot='.'
am__nodep='_no'
am__quote=''
am__tar='$${TAR-tar} chof - "$$tardir"'
am__untar='$${TAR-tar} xf -'
bindir='${exec_prefix}/bin'
build='x86_64-unknown-linux-gnu'
build_alias=''
build_cpu='x86_64'
build_os='linux-gnu'
build_vendor='unknown'
datadir='${datarootdir}'
datarootdir='${prefix}/share'
docdir='${datarootdir}/doc/${PACKAGE_TARNAME}'
dvidir='${docdir}'
exec_prefix='${prefix}'
gl_LIBOBJS=''
gl_LTLIBOBJS=''
gltests_LIBOBJS=''
gltests_LTLIBOBJS=''
gltests_WITNESS='IN_LIBASPRINTF_GNULIB_TESTS'
host='x86_64-unknown-linux-gnu'
host_alias=''
host_cpu='x86_64'
host_os='linux-gnu'
host_vendor='unknown'
htmldir='${docdir}'
includedir='${prefix}/include'
infodir='${datarootdir}/info'
install_sh='${SHELL} /home/chris/work/bsp/lollipop-avn_ref_4330_dev/linux/platform/common/fs/buildroot/buildroot-2013.11/output/build/host-gettext-0.18.3.1/build-aux/install-sh'
libdir='${exec_prefix}/lib'
libexecdir='${exec_prefix}/libexec'
localedir='${datarootdir}/locale'
localstatedir='${prefix}/var'
mandir='${datarootdir}/man'
mkdir_p='$(MKDIR_P)'
oldincludedir='/usr/include'
pdfdir='${docdir}'
prefix='/home/chris/work/bsp/lollipop-avn_ref_4330_dev/linux/platform/common/fs/buildroot/buildroot-2013.11/output/host/usr'
program_transform_name='s,x,x,'
psdir='${docdir}'
sbindir='${exec_prefix}/sbin'
sharedstatedir='${prefix}/com'
sysconfdir='/home/chris/work/bsp/lollipop-avn_ref_4330_dev/linux/platform/common/fs/buildroot/buildroot-2013.11/output/host/etc'
target_alias=''

## ----------- ##
## confdefs.h. ##
## ----------- ##

/* confdefs.h */
#define PACKAGE_NAME "libasprintf"
#define PACKAGE_TARNAME "libasprintf"
#define PACKAGE_VERSION "1.0"
#define PACKAGE_STRING "libasprintf 1.0"
#define PACKAGE_BUGREPORT ""
#define PACKAGE_URL ""
#define PACKAGE "libasprintf"
#define VERSION "1.0"
#define STDC_HEADERS 1
#define HAVE_SYS_TYPES_H 1
#define HAVE_SYS_STAT_H 1
#define HAVE_STDLIB_H 1
#define HAVE_STRING_H 1
#define HAVE_MEMORY_H 1
#define HAVE_STRINGS_H 1
#define HAVE_INTTYPES_H 1
#define HAVE_STDINT_H 1
#define HAVE_UNISTD_H 1
#define HAVE_DLFCN_H 1
#define LT_OBJDIR ".libs/"
#define HAVE_FEATURES_H 1
#define HAVE_UNSIGNED_LONG_LONG_INT 1
#define HAVE_LONG_LONG_INT 1
#define HAVE_WCHAR_T 1
#define HAVE_WINT_T 1
#define HAVE_MBSTATE_T 1
#define HAVE_INTTYPES_H_WITH_UINTMAX 1
#define HAVE_STDINT_H_WITH_UINTMAX 1
#define HAVE_INTMAX_T 1
#define HAVE_STDINT_H 1
#define HAVE_STDINT_H 1
#define HAVE_ALLOCA_H 1
#define HAVE_ALLOCA 1
#define HAVE_STDLIB_H 1
#define HAVE_STRING_H 1
#define HAVE_STDINT_H 1
#define HAVE_STDINT_H 1
#define HAVE_SNPRINTF 1
#define HAVE_VASPRINTF 1
#define HAVE_STRNLEN 1
#define HAVE_WCSLEN 1
#define HAVE_WCSNLEN 1
#define HAVE_MBRTOWC 1
#define HAVE_WCRTOMB 1
#define HAVE_DECL__SNPRINTF 0
#define HAVE_POSIX_PRINTF 1

configure: exit 0
