This file contains any messages produced by compilers while
running configure, to aid debugging if configure makes a mistake.

It was created by configure, which was
generated by GNU Autoconf 2.69.  Invocation command line was

  $ ./configure --disable-option-checking --prefix=/home/chris/work/bsp/lollipop-avn_ref_4330_dev/linux/platform/common/fs/buildroot/buildroot-2013.11/output/host/usr --sysconfdir=/home/chris/work/bsp/lollipop-avn_ref_4330_dev/linux/platform/common/fs/buildroot/buildroot-2013.11/output/host/etc --enable-shared --disable-static --disable-gtk-doc --disable-doc --disable-docs --disable-documentation --with-xmlto=no --with-fop=no --disable-libasprintf --disable-acl --disable-openmp --disable-rpath --disable-java --disable-native-java --disable-csharp --disable-relocatable --without-emacs CC=/usr/bin/gcc CFLAGS=-O2 -I/home/chris/work/bsp/lollipop-avn_ref_4330_dev/linux/platform/common/fs/buildroot/buildroot-2013.11/output/host/usr/include LDFLAGS=-L/home/chris/work/bsp/lollipop-avn_ref_4330_dev/linux/platform/common/fs/buildroot/buildroot-2013.11/output/host/lib -L/home/chris/work/bsp/lollipop-avn_ref_4330_dev/linux/platform/common/fs/buildroot/buildroot-2013.11/output/host/usr/lib -Wl,-rpath,/home/chris/work/bsp/lollipop-avn_ref_4330_dev/linux/platform/common/fs/buildroot/buildroot-2013.11/output/host/usr/lib CPPFLAGS=-I/home/chris/work/bsp/lollipop-avn_ref_4330_dev/linux/platform/common/fs/buildroot/buildroot-2013.11/output/host/usr/include CPP=/usr/bin/cpp CXX=/usr/bin/g++ CXXFLAGS=-O2 -I/home/chris/work/bsp/lollipop-avn_ref_4330_dev/linux/platform/common/fs/buildroot/buildroot-2013.11/output/host/usr/include --cache-file=/dev/null --srcdir=.

## --------- ##
## Platform. ##
## --------- ##

hostname = kjlee
uname -m = x86_64
uname -r = 3.16.0-50-generic
uname -s = Linux
uname -v = #67~14.04.1-Ubuntu SMP Fri Oct 2 22:07:51 UTC 2015

/usr/bin/uname -p = unknown
/bin/uname -X     = unknown

/bin/arch              = unknown
/usr/bin/arch -k       = unknown
/usr/convex/getsysinfo = unknown
/usr/bin/hostinfo      = unknown
/bin/machine           = unknown
/usr/bin/oslevel       = unknown
/bin/universe          = unknown

PATH: /home/chris/work/bsp/lollipop-avn_ref_4330_dev/linux/platform/common/fs/buildroot/buildroot-2013.11/output/host/bin
PATH: /home/chris/work/bsp/lollipop-avn_ref_4330_dev/linux/platform/common/fs/buildroot/buildroot-2013.11/output/host/usr/bin
PATH: /usr/lib/jvm/java-7-openjdk-amd64/bin
PATH: /home/chris/work/bsp/lollipop-avn_ref_4418_dev/out/host/linux-x86/bin
PATH: /home/chris/work/bsp/lollipop-avn_ref_4418_dev/prebuilts/gcc/linux-x86/arm/arm-linux-androideabi-4.8/bin
PATH: /home/chris/work/bsp/lollipop-avn_ref_4418_dev/prebuilts/gcc/linux-x86/
PATH: /home/chris/work/bsp/lollipop-avn_ref_4418_dev/prebuilts/gcc/linux-x86/arm/arm-eabi-4.8/bin
PATH: /home/chris/work/bsp/lollipop-avn_ref_4418_dev/development/scripts
PATH: /home/chris/work/bsp/lollipop-avn_ref_4418_dev/prebuilts/devtools/tools
PATH: /home/chris/work/bsp/lollipop-avn_ref_4418_dev/prebuilts/android-emulator/linux-x86_64
PATH: /usr/local/sbin
PATH: /usr/local/bin
PATH: /usr/sbin
PATH: /usr/bin
PATH: /sbin
PATH: /bin
PATH: /usr/games
PATH: /usr/local/games
PATH: /opt/crosstools/arm-cortex_a9-eabi-4.7-eglibc-2.18/bin
PATH: /opt/crosstools/gcc-linaro-4.9-2014.11-x86_64_arm-linux-gnueabihf/bin


## ----------- ##
## Core tests. ##
## ----------- ##

configure:1771: checking for a BSD-compatible install
configure:1839: result: /usr/bin/install -c
configure:1850: checking whether build environment is sane
configure:1905: result: yes
configure:2056: checking for a thread-safe mkdir -p
configure:2095: result: /bin/mkdir -p
configure:2102: checking for gawk
configure:2118: found /usr/bin/gawk
configure:2129: result: gawk
configure:2140: checking whether make sets $(MAKE)
configure:2162: result: yes
configure:2191: checking whether make supports nested variables
configure:2208: result: yes
configure:2300: checking for a sed that does not truncate output
configure:2364: result: /bin/sed
configure:2370: checking whether NLS is requested
configure:2379: result: yes
configure:2419: checking for msgfmt
configure: trying /usr/bin/msgfmt...
0 translated messages.
configure:2451: result: /usr/bin/msgfmt
configure:2460: checking for gmsgfmt
configure:2491: result: /usr/bin/msgfmt
configure:2541: checking for xgettext
configure: trying /usr/bin/xgettext...
/usr/bin/xgettext: warning: file '/dev/null' extension '' is unknown; will try C
configure:2573: result: /usr/bin/xgettext
configure:2618: checking for msgmerge
configure: trying /usr/bin/msgmerge...
configure:2649: result: /usr/bin/msgmerge
configure:2822: checking that generated files are newer than configure
configure:2828: result: done
configure:2836: creating ./config.status

## ---------------------- ##
## Running config.status. ##
## ---------------------- ##

This file was extended by gettext-examples config.status, which was
generated by GNU Autoconf 2.69.  Invocation command line was

  CONFIG_FILES    = 
  CONFIG_HEADERS  = 
  CONFIG_LINKS    = 
  CONFIG_COMMANDS = 
  $ ./config.status 

on kjlee

config.status:779: creating Makefile
config.status:779: creating installpaths
config.status:779: creating po/Makefile
config.status:951: executing po-directories commands

## ---------------- ##
## Cache variables. ##
## ---------------- ##

ac_cv_env_build_alias_set=
ac_cv_env_build_alias_value=
ac_cv_env_host_alias_set=
ac_cv_env_host_alias_value=
ac_cv_env_target_alias_set=
ac_cv_env_target_alias_value=
ac_cv_path_GMSGFMT=/usr/bin/msgfmt
ac_cv_path_MSGFMT=/usr/bin/msgfmt
ac_cv_path_MSGMERGE=/usr/bin/msgmerge
ac_cv_path_SED=/bin/sed
ac_cv_path_XGETTEXT=/usr/bin/xgettext
ac_cv_path_install='/usr/bin/install -c'
ac_cv_path_mkdir=/bin/mkdir
ac_cv_prog_AWK=gawk
ac_cv_prog_make_make_set=yes
am_cv_make_support_nested_variables=yes

## ----------------- ##
## Output variables. ##
## ----------------- ##

ACLOCAL='${SHELL} /home/chris/work/bsp/lollipop-avn_ref_4330_dev/linux/platform/common/fs/buildroot/buildroot-2013.11/output/build/host-gettext-0.18.3.1/build-aux/missing --run aclocal-1.12'
AMTAR='$${TAR-tar}'
AM_BACKSLASH='\'
AM_DEFAULT_V='$(AM_DEFAULT_VERBOSITY)'
AM_DEFAULT_VERBOSITY='1'
AM_V='$(V)'
AUTOCONF='${SHELL} /home/chris/work/bsp/lollipop-avn_ref_4330_dev/linux/platform/common/fs/buildroot/buildroot-2013.11/output/build/host-gettext-0.18.3.1/build-aux/missing --run autoconf'
AUTOHEADER='${SHELL} /home/chris/work/bsp/lollipop-avn_ref_4330_dev/linux/platform/common/fs/buildroot/buildroot-2013.11/output/build/host-gettext-0.18.3.1/build-aux/missing --run autoheader'
AUTOMAKE='${SHELL} /home/chris/work/bsp/lollipop-avn_ref_4330_dev/linux/platform/common/fs/buildroot/buildroot-2013.11/output/build/host-gettext-0.18.3.1/build-aux/missing --run automake-1.12'
AWK='gawk'
CYGPATH_W='echo'
DEFS='-DPACKAGE_NAME=\"\" -DPACKAGE_TARNAME=\"\" -DPACKAGE_VERSION=\"\" -DPACKAGE_STRING=\"\" -DPACKAGE_BUGREPORT=\"\" -DPACKAGE_URL=\"\" -DPACKAGE=\"gettext-examples\" -DVERSION=\"0.18.3\"'
ECHO_C=''
ECHO_N='-n'
ECHO_T=''
GETTEXT_MACRO_VERSION='0.18'
GMSGFMT='/usr/bin/msgfmt'
GMSGFMT_015='/usr/bin/msgfmt'
INSTALL_DATA='${INSTALL} -m 644'
INSTALL_PROGRAM='${INSTALL}'
INSTALL_SCRIPT='${INSTALL}'
INSTALL_STRIP_PROGRAM='$(install_sh) -c -s'
LIBOBJS=''
LIBS=''
LTLIBOBJS=''
MAKEINFO='${SHELL} /home/chris/work/bsp/lollipop-avn_ref_4330_dev/linux/platform/common/fs/buildroot/buildroot-2013.11/output/build/host-gettext-0.18.3.1/build-aux/missing --run makeinfo'
MKDIR_P='/bin/mkdir -p'
MSGFMT='/usr/bin/msgfmt'
MSGFMT_015='/usr/bin/msgfmt'
MSGMERGE='/usr/bin/msgmerge'
PACKAGE='gettext-examples'
PACKAGE_BUGREPORT=''
PACKAGE_NAME=''
PACKAGE_STRING=''
PACKAGE_TARNAME=''
PACKAGE_URL=''
PACKAGE_VERSION=''
PATH_SEPARATOR=':'
SED='/bin/sed'
SET_MAKE=''
SHELL='/bin/bash'
STRIP=''
USE_NLS='yes'
VERSION='0.18.3'
XGETTEXT='/usr/bin/xgettext'
XGETTEXT_015='/usr/bin/xgettext'
XGETTEXT_EXTRA_OPTIONS=''
aclocaldir='${datadir}/aclocal'
am__isrc=''
am__leading_dot='.'
am__tar='$${TAR-tar} chof - "$$tardir"'
am__untar='$${TAR-tar} xf -'
bindir='${exec_prefix}/bin'
build_alias=''
datadir='${datarootdir}'
datarootdir='${prefix}/share'
docdir='${datarootdir}/doc/gettext'
dvidir='${docdir}'
exec_prefix='${prefix}'
host_alias=''
htmldir='${docdir}'
includedir='${prefix}/include'
infodir='${datarootdir}/info'
install_sh='${SHELL} /home/chris/work/bsp/lollipop-avn_ref_4330_dev/linux/platform/common/fs/buildroot/buildroot-2013.11/output/build/host-gettext-0.18.3.1/build-aux/install-sh'
libdir='${exec_prefix}/lib'
libexecdir='${exec_prefix}/libexec'
localedir='${datarootdir}/locale'
localstatedir='${prefix}/var'
mandir='${datarootdir}/man'
mkdir_p='$(MKDIR_P)'
oldincludedir='/usr/include'
pdfdir='${docdir}'
prefix='/home/chris/work/bsp/lollipop-avn_ref_4330_dev/linux/platform/common/fs/buildroot/buildroot-2013.11/output/host/usr'
program_transform_name='s,x,x,'
psdir='${docdir}'
sbindir='${exec_prefix}/sbin'
sharedstatedir='${prefix}/com'
sysconfdir='/home/chris/work/bsp/lollipop-avn_ref_4330_dev/linux/platform/common/fs/buildroot/buildroot-2013.11/output/host/etc'
target_alias=''

## ----------- ##
## confdefs.h. ##
## ----------- ##

/* confdefs.h */
#define PACKAGE_NAME ""
#define PACKAGE_TARNAME ""
#define PACKAGE_VERSION ""
#define PACKAGE_STRING ""
#define PACKAGE_BUGREPORT ""
#define PACKAGE_URL ""
#define PACKAGE "gettext-examples"
#define VERSION "0.18.3"

configure: exit 0
