This file contains any messages produced by compilers while
running configure, to aid debugging if configure makes a mistake.

It was created by nettle configure 2.7.1, which was
generated by GNU Autoconf 2.69.  Invocation command line was

  $ ./configure --target=arm-buildroot-linux-gnueabi --host=arm-buildroot-linux-gnueabi --build=x86_64-unknown-linux-gnu --prefix=/usr --exec-prefix=/usr --sysconfdir=/etc --program-prefix= --disable-gtk-doc --disable-doc --disable-docs --disable-documentation --with-xmlto=no --with-fop=no --enable-ipv6 --enable-static --enable-shared --disable-openssl --disable-arm-neon

## --------- ##
## Platform. ##
## --------- ##

hostname = kjlee
uname -m = x86_64
uname -r = 3.16.0-50-generic
uname -s = Linux
uname -v = #67~14.04.1-Ubuntu SMP Fri Oct 2 22:07:51 UTC 2015

/usr/bin/uname -p = unknown
/bin/uname -X     = unknown

/bin/arch              = unknown
/usr/bin/arch -k       = unknown
/usr/convex/getsysinfo = unknown
/usr/bin/hostinfo      = unknown
/bin/machine           = unknown
/usr/bin/oslevel       = unknown
/bin/universe          = unknown

PATH: /home/chris/work/bsp/lollipop-avn_ref_4330_dev/linux/platform/common/fs/buildroot/buildroot-2013.11/output/host/bin
PATH: /home/chris/work/bsp/lollipop-avn_ref_4330_dev/linux/platform/common/fs/buildroot/buildroot-2013.11/output/host/usr/bin
PATH: /home/chris/work/bsp/lollipop-avn_ref_4330_dev/linux/platform/common/fs/buildroot/buildroot-2013.11/output/host/usr/sbin/
PATH: /usr/lib/jvm/java-7-openjdk-amd64/bin
PATH: /home/chris/work/bsp/lollipop-avn_ref_4418_dev/out/host/linux-x86/bin
PATH: /home/chris/work/bsp/lollipop-avn_ref_4418_dev/prebuilts/gcc/linux-x86/arm/arm-linux-androideabi-4.8/bin
PATH: /home/chris/work/bsp/lollipop-avn_ref_4418_dev/prebuilts/gcc/linux-x86/
PATH: /home/chris/work/bsp/lollipop-avn_ref_4418_dev/prebuilts/gcc/linux-x86/arm/arm-eabi-4.8/bin
PATH: /home/chris/work/bsp/lollipop-avn_ref_4418_dev/development/scripts
PATH: /home/chris/work/bsp/lollipop-avn_ref_4418_dev/prebuilts/devtools/tools
PATH: /home/chris/work/bsp/lollipop-avn_ref_4418_dev/prebuilts/android-emulator/linux-x86_64
PATH: /usr/local/sbin
PATH: /usr/local/bin
PATH: /usr/sbin
PATH: /usr/bin
PATH: /sbin
PATH: /bin
PATH: /usr/games
PATH: /usr/local/games
PATH: /opt/crosstools/arm-cortex_a9-eabi-4.7-eglibc-2.18/bin
PATH: /opt/crosstools/gcc-linaro-4.9-2014.11-x86_64_arm-linux-gnueabihf/bin


## ----------- ##
## Core tests. ##
## ----------- ##

configure:2525: checking build system type
configure:2539: result: x86_64-unknown-linux-gnu
configure:2559: checking host system type
configure:2572: result: arm-buildroot-linux-gnueabi
configure:2692: checking for -R flag
configure:2714: result: using -Wl,-rpath,
configure:2721: result: Searching for libraries
configure:2728: checking /usr
configure:2746: result: added
configure:2728: checking /usr/local/lib
configure:2746: result: added
configure:2728: checking /sw/local/lib
configure:2755: result: not found
configure:2728: checking /sw/lib
configure:2755: result: not found
configure:2728: checking /usr/gnu/lib
configure:2755: result: not found
configure:2728: checking /opt/gnu/lib
configure:2755: result: not found
configure:2728: checking /sw/gnu/lib
configure:2755: result: not found
configure:2728: checking /usr/freeware/lib
configure:2755: result: not found
configure:2728: checking /usr/pkg/lib
configure:2755: result: not found
configure:2771: checking for arm-buildroot-linux-gnueabi-gcc
configure:2798: result: /home/chris/work/bsp/lollipop-avn_ref_4330_dev/linux/platform/common/fs/buildroot/buildroot-2013.11/output/host/usr/bin/arm-cortex_a9-linux-gnueabi-gcc
configure:3067: checking for C compiler version
configure:3076: /home/chris/work/bsp/lollipop-avn_ref_4330_dev/linux/platform/common/fs/buildroot/buildroot-2013.11/output/host/usr/bin/arm-cortex_a9-linux-gnueabi-gcc --version >&5
arm-cortex_a9-linux-gnueabi-gcc (crosstool-NG linaro-1.13.1-4.8-2013.11 - nexell) 4.7.4 20131111 (prerelease)
Copyright (C) 2012 Free Software Foundation, Inc.
This is free software; see the source for copying conditions.  There is NO
warranty; not even for MERCHANTABILITY or FITNESS FOR A PARTICULAR PURPOSE.

configure:3087: $? = 0
configure:3076: /home/chris/work/bsp/lollipop-avn_ref_4330_dev/linux/platform/common/fs/buildroot/buildroot-2013.11/output/host/usr/bin/arm-cortex_a9-linux-gnueabi-gcc -v >&5
Using built-in specs.
COLLECT_GCC=/opt/crosstools/arm-cortex_a9-eabi-4.7-eglibc-2.18/bin/arm-cortex_a9-linux-gnueabi-gcc
COLLECT_LTO_WRAPPER=/opt/crosstools/arm-cortex_a9-eabi-4.7-eglibc-2.18/libexec/gcc/arm-cortex_a9-linux-gnueabi/4.7.4/lto-wrapper
Target: arm-cortex_a9-linux-gnueabi
Configured with: /home/pjsin/devel/tools/crosstools/ct/linaro-1.13.1-4.8-2013.11/.build/src/gcc-linaro-4.7-2013.11/configure --build=x86_64-build_unknown-linux-gnu --host=x86_64-build_unknown-linux-gnu --target=arm-cortex_a9-linux-gnueabi --prefix=/opt/crosstools/arm-cortex_a9-eabi-4.7-eglibc-2.18 --with-sysroot=/opt/crosstools/arm-cortex_a9-eabi-4.7-eglibc-2.18/arm-cortex_a9-linux-gnueabi/sysroot --enable-languages=c,c++,fortran --enable-multilib --with-arch=armv7-a --with-tune=cortex-a9 --with-fpu=vfpv3-d16 --with-float=softfp --with-pkgversion='crosstool-NG linaro-1.13.1-4.8-2013.11 - nexell' --enable-__cxa_atexit --enable-libmudflap --enable-libgomp --enable-libssp --with-gmp=/home/pjsin/devel/tools/crosstools/ct/linaro-1.13.1-4.8-2013.11/.build/arm-cortex_a9-linux-gnueabi/build/static --with-mpfr=/home/pjsin/devel/tools/crosstools/ct/linaro-1.13.1-4.8-2013.11/.build/arm-cortex_a9-linux-gnueabi/build/static --with-mpc=/home/pjsin/devel/tools/crosstools/ct/linaro-1.13.1-4.8-2013.11/.build/arm-cortex_a9-linux-gnueabi/build/static --with-ppl=/home/pjsin/devel/tools/crosstools/ct/linaro-1.13.1-4.8-2013.11/.build/arm-cortex_a9-linux-gnueabi/build/static --with-cloog=/home/pjsin/devel/tools/crosstools/ct/linaro-1.13.1-4.8-2013.11/.build/arm-cortex_a9-linux-gnueabi/build/static --with-libelf=/home/pjsin/devel/tools/crosstools/ct/linaro-1.13.1-4.8-2013.11/.build/arm-cortex_a9-linux-gnueabi/build/static --with-host-libstdcxx='-static-libgcc -Wl,-Bstatic,-lstdc++,-Bdynamic -lm -L/home/pjsin/devel/tools/crosstools/ct/linaro-1.13.1-4.8-2013.11/.build/arm-cortex_a9-linux-gnueabi/build/static/lib -lpwl' --enable-threads=posix --disable-libstdcxx-pch --enable-linker-build-id --enable-plugin --enable-gold --with-local-prefix=/opt/crosstools/arm-cortex_a9-eabi-4.7-eglibc-2.18/arm-cortex_a9-linux-gnueabi/sysroot --enable-c99 --enable-long-long --with-specs='%{save-temps: -fverbose-asm} %{funwind-tables|fno-unwind-tables|mabi=*|ffreestanding|nostdlib:;:-funwind-tables}' --enable-poison-system-directories
Thread model: posix
gcc version 4.7.4 20131111 (prerelease) (crosstool-NG linaro-1.13.1-4.8-2013.11 - nexell) 
configure:3087: $? = 0
configure:3076: /home/chris/work/bsp/lollipop-avn_ref_4330_dev/linux/platform/common/fs/buildroot/buildroot-2013.11/output/host/usr/bin/arm-cortex_a9-linux-gnueabi-gcc -V >&5
arm-cortex_a9-linux-gnueabi-gcc: error: unrecognized command line option '-V'
arm-cortex_a9-linux-gnueabi-gcc: fatal error: no input files
compilation terminated.
configure:3087: $? = 1
configure:3076: /home/chris/work/bsp/lollipop-avn_ref_4330_dev/linux/platform/common/fs/buildroot/buildroot-2013.11/output/host/usr/bin/arm-cortex_a9-linux-gnueabi-gcc -qversion >&5
arm-cortex_a9-linux-gnueabi-gcc: error: unrecognized command line option '-qversion'
arm-cortex_a9-linux-gnueabi-gcc: fatal error: no input files
compilation terminated.
configure:3087: $? = 1
configure:3107: checking whether the C compiler works
configure:3129: /home/chris/work/bsp/lollipop-avn_ref_4330_dev/linux/platform/common/fs/buildroot/buildroot-2013.11/output/host/usr/bin/arm-cortex_a9-linux-gnueabi-gcc -D_LARGEFILE_SOURCE -D_LARGEFILE64_SOURCE -D_FILE_OFFSET_BITS=64  -pipe -mno-unaligned-access -Os  -D_LARGEFILE_SOURCE -D_LARGEFILE64_SOURCE -D_FILE_OFFSET_BITS=64  conftest.c  >&5
configure:3133: $? = 0
configure:3181: result: yes
configure:3184: checking for C compiler default output file name
configure:3186: result: a.out
configure:3192: checking for suffix of executables
configure:3199: /home/chris/work/bsp/lollipop-avn_ref_4330_dev/linux/platform/common/fs/buildroot/buildroot-2013.11/output/host/usr/bin/arm-cortex_a9-linux-gnueabi-gcc -o conftest -D_LARGEFILE_SOURCE -D_LARGEFILE64_SOURCE -D_FILE_OFFSET_BITS=64  -pipe -mno-unaligned-access -Os  -D_LARGEFILE_SOURCE -D_LARGEFILE64_SOURCE -D_FILE_OFFSET_BITS=64  conftest.c  >&5
configure:3203: $? = 0
configure:3225: result: 
configure:3247: checking whether we are cross compiling
configure:3285: result: yes
configure:3290: checking for suffix of object files
configure:3312: /home/chris/work/bsp/lollipop-avn_ref_4330_dev/linux/platform/common/fs/buildroot/buildroot-2013.11/output/host/usr/bin/arm-cortex_a9-linux-gnueabi-gcc -c -D_LARGEFILE_SOURCE -D_LARGEFILE64_SOURCE -D_FILE_OFFSET_BITS=64  -pipe -mno-unaligned-access -Os  -D_LARGEFILE_SOURCE -D_LARGEFILE64_SOURCE -D_FILE_OFFSET_BITS=64 conftest.c >&5
configure:3316: $? = 0
configure:3337: result: o
configure:3341: checking whether we are using the GNU C compiler
configure:3360: /home/chris/work/bsp/lollipop-avn_ref_4330_dev/linux/platform/common/fs/buildroot/buildroot-2013.11/output/host/usr/bin/arm-cortex_a9-linux-gnueabi-gcc -c -D_LARGEFILE_SOURCE -D_LARGEFILE64_SOURCE -D_FILE_OFFSET_BITS=64  -pipe -mno-unaligned-access -Os  -D_LARGEFILE_SOURCE -D_LARGEFILE64_SOURCE -D_FILE_OFFSET_BITS=64 conftest.c >&5
configure:3360: $? = 0
configure:3369: result: yes
configure:3378: checking whether /home/chris/work/bsp/lollipop-avn_ref_4330_dev/linux/platform/common/fs/buildroot/buildroot-2013.11/output/host/usr/bin/arm-cortex_a9-linux-gnueabi-gcc accepts -g
configure:3398: /home/chris/work/bsp/lollipop-avn_ref_4330_dev/linux/platform/common/fs/buildroot/buildroot-2013.11/output/host/usr/bin/arm-cortex_a9-linux-gnueabi-gcc -c -g -D_LARGEFILE_SOURCE -D_LARGEFILE64_SOURCE -D_FILE_OFFSET_BITS=64 conftest.c >&5
configure:3398: $? = 0
configure:3439: result: yes
configure:3456: checking for /home/chris/work/bsp/lollipop-avn_ref_4330_dev/linux/platform/common/fs/buildroot/buildroot-2013.11/output/host/usr/bin/arm-cortex_a9-linux-gnueabi-gcc option to accept ISO C89
configure:3519: /home/chris/work/bsp/lollipop-avn_ref_4330_dev/linux/platform/common/fs/buildroot/buildroot-2013.11/output/host/usr/bin/arm-cortex_a9-linux-gnueabi-gcc  -c -D_LARGEFILE_SOURCE -D_LARGEFILE64_SOURCE -D_FILE_OFFSET_BITS=64  -pipe -mno-unaligned-access -Os  -D_LARGEFILE_SOURCE -D_LARGEFILE64_SOURCE -D_FILE_OFFSET_BITS=64 conftest.c >&5
configure:3519: $? = 0
configure:3532: result: none needed
configure:3682: checking for C++ compiler version
configure:3691: /home/chris/work/bsp/lollipop-avn_ref_4330_dev/linux/platform/common/fs/buildroot/buildroot-2013.11/output/host/usr/bin/arm-cortex_a9-linux-gnueabi-g++ --version >&5
arm-cortex_a9-linux-gnueabi-g++ (crosstool-NG linaro-1.13.1-4.8-2013.11 - nexell) 4.7.4 20131111 (prerelease)
Copyright (C) 2012 Free Software Foundation, Inc.
This is free software; see the source for copying conditions.  There is NO
warranty; not even for MERCHANTABILITY or FITNESS FOR A PARTICULAR PURPOSE.

configure:3702: $? = 0
configure:3691: /home/chris/work/bsp/lollipop-avn_ref_4330_dev/linux/platform/common/fs/buildroot/buildroot-2013.11/output/host/usr/bin/arm-cortex_a9-linux-gnueabi-g++ -v >&5
Using built-in specs.
COLLECT_GCC=/opt/crosstools/arm-cortex_a9-eabi-4.7-eglibc-2.18/bin/arm-cortex_a9-linux-gnueabi-g++
COLLECT_LTO_WRAPPER=/opt/crosstools/arm-cortex_a9-eabi-4.7-eglibc-2.18/libexec/gcc/arm-cortex_a9-linux-gnueabi/4.7.4/lto-wrapper
Target: arm-cortex_a9-linux-gnueabi
Configured with: /home/pjsin/devel/tools/crosstools/ct/linaro-1.13.1-4.8-2013.11/.build/src/gcc-linaro-4.7-2013.11/configure --build=x86_64-build_unknown-linux-gnu --host=x86_64-build_unknown-linux-gnu --target=arm-cortex_a9-linux-gnueabi --prefix=/opt/crosstools/arm-cortex_a9-eabi-4.7-eglibc-2.18 --with-sysroot=/opt/crosstools/arm-cortex_a9-eabi-4.7-eglibc-2.18/arm-cortex_a9-linux-gnueabi/sysroot --enable-languages=c,c++,fortran --enable-multilib --with-arch=armv7-a --with-tune=cortex-a9 --with-fpu=vfpv3-d16 --with-float=softfp --with-pkgversion='crosstool-NG linaro-1.13.1-4.8-2013.11 - nexell' --enable-__cxa_atexit --enable-libmudflap --enable-libgomp --enable-libssp --with-gmp=/home/pjsin/devel/tools/crosstools/ct/linaro-1.13.1-4.8-2013.11/.build/arm-cortex_a9-linux-gnueabi/build/static --with-mpfr=/home/pjsin/devel/tools/crosstools/ct/linaro-1.13.1-4.8-2013.11/.build/arm-cortex_a9-linux-gnueabi/build/static --with-mpc=/home/pjsin/devel/tools/crosstools/ct/linaro-1.13.1-4.8-2013.11/.build/arm-cortex_a9-linux-gnueabi/build/static --with-ppl=/home/pjsin/devel/tools/crosstools/ct/linaro-1.13.1-4.8-2013.11/.build/arm-cortex_a9-linux-gnueabi/build/static --with-cloog=/home/pjsin/devel/tools/crosstools/ct/linaro-1.13.1-4.8-2013.11/.build/arm-cortex_a9-linux-gnueabi/build/static --with-libelf=/home/pjsin/devel/tools/crosstools/ct/linaro-1.13.1-4.8-2013.11/.build/arm-cortex_a9-linux-gnueabi/build/static --with-host-libstdcxx='-static-libgcc -Wl,-Bstatic,-lstdc++,-Bdynamic -lm -L/home/pjsin/devel/tools/crosstools/ct/linaro-1.13.1-4.8-2013.11/.build/arm-cortex_a9-linux-gnueabi/build/static/lib -lpwl' --enable-threads=posix --disable-libstdcxx-pch --enable-linker-build-id --enable-plugin --enable-gold --with-local-prefix=/opt/crosstools/arm-cortex_a9-eabi-4.7-eglibc-2.18/arm-cortex_a9-linux-gnueabi/sysroot --enable-c99 --enable-long-long --with-specs='%{save-temps: -fverbose-asm} %{funwind-tables|fno-unwind-tables|mabi=*|ffreestanding|nostdlib:;:-funwind-tables}' --enable-poison-system-directories
Thread model: posix
gcc version 4.7.4 20131111 (prerelease) (crosstool-NG linaro-1.13.1-4.8-2013.11 - nexell) 
configure:3702: $? = 0
configure:3691: /home/chris/work/bsp/lollipop-avn_ref_4330_dev/linux/platform/common/fs/buildroot/buildroot-2013.11/output/host/usr/bin/arm-cortex_a9-linux-gnueabi-g++ -V >&5
arm-cortex_a9-linux-gnueabi-g++: error: unrecognized command line option '-V'
arm-cortex_a9-linux-gnueabi-g++: fatal error: no input files
compilation terminated.
configure:3702: $? = 1
configure:3691: /home/chris/work/bsp/lollipop-avn_ref_4330_dev/linux/platform/common/fs/buildroot/buildroot-2013.11/output/host/usr/bin/arm-cortex_a9-linux-gnueabi-g++ -qversion >&5
arm-cortex_a9-linux-gnueabi-g++: error: unrecognized command line option '-qversion'
arm-cortex_a9-linux-gnueabi-g++: fatal error: no input files
compilation terminated.
configure:3702: $? = 1
configure:3706: checking whether we are using the GNU C++ compiler
configure:3725: /home/chris/work/bsp/lollipop-avn_ref_4330_dev/linux/platform/common/fs/buildroot/buildroot-2013.11/output/host/usr/bin/arm-cortex_a9-linux-gnueabi-g++ -c -D_LARGEFILE_SOURCE -D_LARGEFILE64_SOURCE -D_FILE_OFFSET_BITS=64  -pipe -mno-unaligned-access -Os  -D_LARGEFILE_SOURCE -D_LARGEFILE64_SOURCE -D_FILE_OFFSET_BITS=64 conftest.cpp >&5
configure:3725: $? = 0
configure:3734: result: yes
configure:3743: checking whether /home/chris/work/bsp/lollipop-avn_ref_4330_dev/linux/platform/common/fs/buildroot/buildroot-2013.11/output/host/usr/bin/arm-cortex_a9-linux-gnueabi-g++ accepts -g
configure:3763: /home/chris/work/bsp/lollipop-avn_ref_4330_dev/linux/platform/common/fs/buildroot/buildroot-2013.11/output/host/usr/bin/arm-cortex_a9-linux-gnueabi-g++ -c -g -D_LARGEFILE_SOURCE -D_LARGEFILE64_SOURCE -D_FILE_OFFSET_BITS=64 conftest.cpp >&5
configure:3763: $? = 0
configure:3804: result: yes
configure:3846: /home/chris/work/bsp/lollipop-avn_ref_4330_dev/linux/platform/common/fs/buildroot/buildroot-2013.11/output/host/usr/bin/arm-cortex_a9-linux-gnueabi-g++ -c -D_LARGEFILE_SOURCE -D_LARGEFILE64_SOURCE -D_FILE_OFFSET_BITS=64  -pipe -mno-unaligned-access -Os  -D_LARGEFILE_SOURCE -D_LARGEFILE64_SOURCE -D_FILE_OFFSET_BITS=64 conftest.cpp >&5
configure:3846: $? = 0
configure:3860: checking whether make sets $(MAKE)
configure:3882: result: yes
configure:3894: checking for arm-buildroot-linux-gnueabi-ranlib
configure:3921: result: /home/chris/work/bsp/lollipop-avn_ref_4330_dev/linux/platform/common/fs/buildroot/buildroot-2013.11/output/host/usr/bin/arm-cortex_a9-linux-gnueabi-ranlib
configure:3986: checking for arm-buildroot-linux-gnueabi-nm
configure:4013: result: /home/chris/work/bsp/lollipop-avn_ref_4330_dev/linux/platform/common/fs/buildroot/buildroot-2013.11/output/host/usr/bin/arm-cortex_a9-linux-gnueabi-nm
configure:4079: checking for arm-buildroot-linux-gnueabi-objdump
configure:4106: result: /home/chris/work/bsp/lollipop-avn_ref_4330_dev/linux/platform/common/fs/buildroot/buildroot-2013.11/output/host/usr/bin/arm-cortex_a9-linux-gnueabi-objdump
configure:4171: checking for arm-buildroot-linux-gnueabi-ar
configure:4198: result: /home/chris/work/bsp/lollipop-avn_ref_4330_dev/linux/platform/common/fs/buildroot/buildroot-2013.11/output/host/usr/bin/arm-cortex_a9-linux-gnueabi-ar
configure:4279: checking for a BSD-compatible install
configure:4347: result: /usr/bin/install -c
configure:4361: checking for a thread-safe mkdir -p
configure:4400: result: /bin/mkdir -p
configure:4404: checking whether ln -s works
configure:4408: result: yes
configure:4419: checking build system compiler /usr/bin/gcc
configure:4432: /usr/bin/gcc conftest.c
conftest.c: In function 'main':
conftest.c:4:3: warning: incompatible implicit declaration of built-in function 'exit' [enabled by default]
   exit(0);
   ^
configure:4435: $? = 0
configure:4442: result: yes
configure:4528: checking for build system executable suffix
configure:4545: /usr/bin/gcc conftest.c -o conftest.exe
conftest.c: In function 'main':
conftest.c:4:3: warning: incompatible implicit declaration of built-in function 'exit' [enabled by default]
   exit (0);
   ^
configure:4548: $? = 0
./configure: line 4550: ./conftest: No such file or directory
configure:4545: /usr/bin/gcc conftest.c -o conftest,ff8
conftest.c: In function 'main':
conftest.c:4:3: warning: incompatible implicit declaration of built-in function 'exit' [enabled by default]
   exit (0);
   ^
configure:4548: $? = 0
./configure: line 4550: ./conftest: No such file or directory
configure:4545: /usr/bin/gcc conftest.c -o conftest
conftest.c: In function 'main':
conftest.c:4:3: warning: incompatible implicit declaration of built-in function 'exit' [enabled by default]
   exit (0);
   ^
configure:4548: $? = 0
configure:4563: result: 
configure:4840: Looking for assembler files in arm.
configure:4890: checking CCPIC
configure:4934: /home/chris/work/bsp/lollipop-avn_ref_4330_dev/linux/platform/common/fs/buildroot/buildroot-2013.11/output/host/usr/bin/arm-cortex_a9-linux-gnueabi-gcc -c -D_LARGEFILE_SOURCE -D_LARGEFILE64_SOURCE -D_FILE_OFFSET_BITS=64  -pipe -mno-unaligned-access -Os  -fpic -D_LARGEFILE_SOURCE -D_LARGEFILE64_SOURCE -D_FILE_OFFSET_BITS=64 conftest.c >&5
conftest.c: In function 'main':
conftest.c:18:1: warning: incompatible implicit declaration of built-in function 'exit' [enabled by default]
configure:4934: $? = 0
configure:4945: result: -fpic
configure:5064: checking if globals are prefixed by underscore
configure:5075: /home/chris/work/bsp/lollipop-avn_ref_4330_dev/linux/platform/common/fs/buildroot/buildroot-2013.11/output/host/usr/bin/arm-cortex_a9-linux-gnueabi-gcc -c -D_LARGEFILE_SOURCE -D_LARGEFILE64_SOURCE -D_FILE_OFFSET_BITS=64  -pipe -mno-unaligned-access -Os  -D_LARGEFILE_SOURCE -D_LARGEFILE64_SOURCE -D_FILE_OFFSET_BITS=64 conftest.c >&5
configure:5075: $? = 0
configure:5091: result: no
configure:5097: checking for ELF-style .type,%function pseudo-ops
configure:5114: /home/chris/work/bsp/lollipop-avn_ref_4330_dev/linux/platform/common/fs/buildroot/buildroot-2013.11/output/host/usr/bin/arm-cortex_a9-linux-gnueabi-gcc -D_LARGEFILE_SOURCE -D_LARGEFILE64_SOURCE -D_FILE_OFFSET_BITS=64  -pipe -mno-unaligned-access -Os  -D_LARGEFILE_SOURCE -D_LARGEFILE64_SOURCE -D_FILE_OFFSET_BITS=64 -c conftest.s >conftest.out 2>&1
configure:5117: $? = 0
configure:5130: result: yes
configure:5133: checking for ELF-style .type,#function pseudo-ops
configure:5150: /home/chris/work/bsp/lollipop-avn_ref_4330_dev/linux/platform/common/fs/buildroot/buildroot-2013.11/output/host/usr/bin/arm-cortex_a9-linux-gnueabi-gcc -D_LARGEFILE_SOURCE -D_LARGEFILE64_SOURCE -D_FILE_OFFSET_BITS=64  -pipe -mno-unaligned-access -Os  -D_LARGEFILE_SOURCE -D_LARGEFILE64_SOURCE -D_FILE_OFFSET_BITS=64 -c conftest.s >conftest.out 2>&1
configure:5153: $? = 0
configure:5166: result: yes
configure:5181: checking if we should use a .note.GNU-stack section
configure:5193: /home/chris/work/bsp/lollipop-avn_ref_4330_dev/linux/platform/common/fs/buildroot/buildroot-2013.11/output/host/usr/bin/arm-cortex_a9-linux-gnueabi-gcc -D_LARGEFILE_SOURCE -D_LARGEFILE64_SOURCE -D_FILE_OFFSET_BITS=64  -pipe -mno-unaligned-access -Os  -D_LARGEFILE_SOURCE -D_LARGEFILE64_SOURCE -D_FILE_OFFSET_BITS=64 -c conftest.c >conftest.out 2>&1
configure:5196: $? = 0
configure:5208: result: yes
configure:5214: checking if .align assembly directive is logarithmic
configure:5225: /home/chris/work/bsp/lollipop-avn_ref_4330_dev/linux/platform/common/fs/buildroot/buildroot-2013.11/output/host/usr/bin/arm-cortex_a9-linux-gnueabi-gcc -D_LARGEFILE_SOURCE -D_LARGEFILE64_SOURCE -D_FILE_OFFSET_BITS=64  -pipe -mno-unaligned-access -Os  -D_LARGEFILE_SOURCE -D_LARGEFILE64_SOURCE -D_FILE_OFFSET_BITS=64 -c conftest.s >conftest.out 2>&1
configure:5228: $? = 0
configure:5241: result: yes
configure:5277: checking for m4
configure:5295: found /home/chris/work/bsp/lollipop-avn_ref_4330_dev/linux/platform/common/fs/buildroot/buildroot-2013.11/output/host/usr/bin/m4
configure:5308: result: /home/chris/work/bsp/lollipop-avn_ref_4330_dev/linux/platform/common/fs/buildroot/buildroot-2013.11/output/host/usr/bin/m4
configure:5322: checking for an ANSI C-conforming const
configure:5388: /home/chris/work/bsp/lollipop-avn_ref_4330_dev/linux/platform/common/fs/buildroot/buildroot-2013.11/output/host/usr/bin/arm-cortex_a9-linux-gnueabi-gcc -c -D_LARGEFILE_SOURCE -D_LARGEFILE64_SOURCE -D_FILE_OFFSET_BITS=64  -pipe -mno-unaligned-access -Os  -D_LARGEFILE_SOURCE -D_LARGEFILE64_SOURCE -D_FILE_OFFSET_BITS=64 conftest.c >&5
configure:5388: $? = 0
configure:5395: result: yes
configure:5403: checking for inline
configure:5419: /home/chris/work/bsp/lollipop-avn_ref_4330_dev/linux/platform/common/fs/buildroot/buildroot-2013.11/output/host/usr/bin/arm-cortex_a9-linux-gnueabi-gcc -c -D_LARGEFILE_SOURCE -D_LARGEFILE64_SOURCE -D_FILE_OFFSET_BITS=64  -pipe -mno-unaligned-access -Os  -D_LARGEFILE_SOURCE -D_LARGEFILE64_SOURCE -D_FILE_OFFSET_BITS=64 conftest.c >&5
configure:5419: $? = 0
configure:5427: result: inline
configure:5450: checking how to run the C preprocessor
configure:5520: result: /home/chris/work/bsp/lollipop-avn_ref_4330_dev/linux/platform/common/fs/buildroot/buildroot-2013.11/output/host/usr/bin/arm-cortex_a9-linux-gnueabi-cpp
configure:5540: /home/chris/work/bsp/lollipop-avn_ref_4330_dev/linux/platform/common/fs/buildroot/buildroot-2013.11/output/host/usr/bin/arm-cortex_a9-linux-gnueabi-cpp -D_LARGEFILE_SOURCE -D_LARGEFILE64_SOURCE -D_FILE_OFFSET_BITS=64 conftest.c
configure:5540: $? = 0
configure:5554: /home/chris/work/bsp/lollipop-avn_ref_4330_dev/linux/platform/common/fs/buildroot/buildroot-2013.11/output/host/usr/bin/arm-cortex_a9-linux-gnueabi-cpp -D_LARGEFILE_SOURCE -D_LARGEFILE64_SOURCE -D_FILE_OFFSET_BITS=64 conftest.c
conftest.c:14:28: fatal error: ac_nonexistent.h: No such file or directory
compilation terminated.
configure:5554: $? = 1
configure: failed program was:
| /* confdefs.h */
| #define PACKAGE_NAME "nettle"
| #define PACKAGE_TARNAME "nettle"
| #define PACKAGE_VERSION "2.7.1"
| #define PACKAGE_STRING "nettle 2.7.1"
| #define PACKAGE_BUGREPORT "nettle-bugs@lists.lysator.liu.se"
| #define PACKAGE_URL ""
| #define HAVE_NATIVE_ecc_192_modp 1
| #define HAVE_NATIVE_ecc_224_modp 1
| #define HAVE_NATIVE_ecc_256_redc 1
| #define HAVE_NATIVE_ecc_384_modp 1
| #define HAVE_NATIVE_ecc_521_modp 1
| /* end confdefs.h.  */
| #include <ac_nonexistent.h>
configure:5583: checking for grep that handles long lines and -e
configure:5641: result: /bin/grep
configure:5646: checking for egrep
configure:5708: result: /bin/grep -E
configure:5713: checking for uid_t in sys/types.h
configure:5732: result: yes
configure:5743: checking for ANSI C header files
configure:5763: /home/chris/work/bsp/lollipop-avn_ref_4330_dev/linux/platform/common/fs/buildroot/buildroot-2013.11/output/host/usr/bin/arm-cortex_a9-linux-gnueabi-gcc -c -D_LARGEFILE_SOURCE -D_LARGEFILE64_SOURCE -D_FILE_OFFSET_BITS=64  -pipe -mno-unaligned-access -Os  -D_LARGEFILE_SOURCE -D_LARGEFILE64_SOURCE -D_FILE_OFFSET_BITS=64 conftest.c >&5
configure:5763: $? = 0
configure:5847: result: yes
configure:5860: checking for sys/types.h
configure:5860: /home/chris/work/bsp/lollipop-avn_ref_4330_dev/linux/platform/common/fs/buildroot/buildroot-2013.11/output/host/usr/bin/arm-cortex_a9-linux-gnueabi-gcc -c -D_LARGEFILE_SOURCE -D_LARGEFILE64_SOURCE -D_FILE_OFFSET_BITS=64  -pipe -mno-unaligned-access -Os  -D_LARGEFILE_SOURCE -D_LARGEFILE64_SOURCE -D_FILE_OFFSET_BITS=64 conftest.c >&5
configure:5860: $? = 0
configure:5860: result: yes
configure:5860: checking for sys/stat.h
configure:5860: /home/chris/work/bsp/lollipop-avn_ref_4330_dev/linux/platform/common/fs/buildroot/buildroot-2013.11/output/host/usr/bin/arm-cortex_a9-linux-gnueabi-gcc -c -D_LARGEFILE_SOURCE -D_LARGEFILE64_SOURCE -D_FILE_OFFSET_BITS=64  -pipe -mno-unaligned-access -Os  -D_LARGEFILE_SOURCE -D_LARGEFILE64_SOURCE -D_FILE_OFFSET_BITS=64 conftest.c >&5
configure:5860: $? = 0
configure:5860: result: yes
configure:5860: checking for stdlib.h
configure:5860: /home/chris/work/bsp/lollipop-avn_ref_4330_dev/linux/platform/common/fs/buildroot/buildroot-2013.11/output/host/usr/bin/arm-cortex_a9-linux-gnueabi-gcc -c -D_LARGEFILE_SOURCE -D_LARGEFILE64_SOURCE -D_FILE_OFFSET_BITS=64  -pipe -mno-unaligned-access -Os  -D_LARGEFILE_SOURCE -D_LARGEFILE64_SOURCE -D_FILE_OFFSET_BITS=64 conftest.c >&5
configure:5860: $? = 0
configure:5860: result: yes
configure:5860: checking for string.h
configure:5860: /home/chris/work/bsp/lollipop-avn_ref_4330_dev/linux/platform/common/fs/buildroot/buildroot-2013.11/output/host/usr/bin/arm-cortex_a9-linux-gnueabi-gcc -c -D_LARGEFILE_SOURCE -D_LARGEFILE64_SOURCE -D_FILE_OFFSET_BITS=64  -pipe -mno-unaligned-access -Os  -D_LARGEFILE_SOURCE -D_LARGEFILE64_SOURCE -D_FILE_OFFSET_BITS=64 conftest.c >&5
configure:5860: $? = 0
configure:5860: result: yes
configure:5860: checking for memory.h
configure:5860: /home/chris/work/bsp/lollipop-avn_ref_4330_dev/linux/platform/common/fs/buildroot/buildroot-2013.11/output/host/usr/bin/arm-cortex_a9-linux-gnueabi-gcc -c -D_LARGEFILE_SOURCE -D_LARGEFILE64_SOURCE -D_FILE_OFFSET_BITS=64  -pipe -mno-unaligned-access -Os  -D_LARGEFILE_SOURCE -D_LARGEFILE64_SOURCE -D_FILE_OFFSET_BITS=64 conftest.c >&5
configure:5860: $? = 0
configure:5860: result: yes
configure:5860: checking for strings.h
configure:5860: /home/chris/work/bsp/lollipop-avn_ref_4330_dev/linux/platform/common/fs/buildroot/buildroot-2013.11/output/host/usr/bin/arm-cortex_a9-linux-gnueabi-gcc -c -D_LARGEFILE_SOURCE -D_LARGEFILE64_SOURCE -D_FILE_OFFSET_BITS=64  -pipe -mno-unaligned-access -Os  -D_LARGEFILE_SOURCE -D_LARGEFILE64_SOURCE -D_FILE_OFFSET_BITS=64 conftest.c >&5
configure:5860: $? = 0
configure:5860: result: yes
configure:5860: checking for inttypes.h
configure:5860: /home/chris/work/bsp/lollipop-avn_ref_4330_dev/linux/platform/common/fs/buildroot/buildroot-2013.11/output/host/usr/bin/arm-cortex_a9-linux-gnueabi-gcc -c -D_LARGEFILE_SOURCE -D_LARGEFILE64_SOURCE -D_FILE_OFFSET_BITS=64  -pipe -mno-unaligned-access -Os  -D_LARGEFILE_SOURCE -D_LARGEFILE64_SOURCE -D_FILE_OFFSET_BITS=64 conftest.c >&5
configure:5860: $? = 0
configure:5860: result: yes
configure:5860: checking for stdint.h
configure:5860: /home/chris/work/bsp/lollipop-avn_ref_4330_dev/linux/platform/common/fs/buildroot/buildroot-2013.11/output/host/usr/bin/arm-cortex_a9-linux-gnueabi-gcc -c -D_LARGEFILE_SOURCE -D_LARGEFILE64_SOURCE -D_FILE_OFFSET_BITS=64  -pipe -mno-unaligned-access -Os  -D_LARGEFILE_SOURCE -D_LARGEFILE64_SOURCE -D_FILE_OFFSET_BITS=64 conftest.c >&5
configure:5860: $? = 0
configure:5860: result: yes
configure:5860: checking for unistd.h
configure:5860: /home/chris/work/bsp/lollipop-avn_ref_4330_dev/linux/platform/common/fs/buildroot/buildroot-2013.11/output/host/usr/bin/arm-cortex_a9-linux-gnueabi-gcc -c -D_LARGEFILE_SOURCE -D_LARGEFILE64_SOURCE -D_FILE_OFFSET_BITS=64  -pipe -mno-unaligned-access -Os  -D_LARGEFILE_SOURCE -D_LARGEFILE64_SOURCE -D_FILE_OFFSET_BITS=64 conftest.c >&5
configure:5860: $? = 0
configure:5860: result: yes
configure:5872: checking for size_t
configure:5872: /home/chris/work/bsp/lollipop-avn_ref_4330_dev/linux/platform/common/fs/buildroot/buildroot-2013.11/output/host/usr/bin/arm-cortex_a9-linux-gnueabi-gcc -c -D_LARGEFILE_SOURCE -D_LARGEFILE64_SOURCE -D_FILE_OFFSET_BITS=64  -pipe -mno-unaligned-access -Os  -D_LARGEFILE_SOURCE -D_LARGEFILE64_SOURCE -D_FILE_OFFSET_BITS=64 conftest.c >&5
configure:5872: $? = 0
configure:5872: /home/chris/work/bsp/lollipop-avn_ref_4330_dev/linux/platform/common/fs/buildroot/buildroot-2013.11/output/host/usr/bin/arm-cortex_a9-linux-gnueabi-gcc -c -D_LARGEFILE_SOURCE -D_LARGEFILE64_SOURCE -D_FILE_OFFSET_BITS=64  -pipe -mno-unaligned-access -Os  -D_LARGEFILE_SOURCE -D_LARGEFILE64_SOURCE -D_FILE_OFFSET_BITS=64 conftest.c >&5
conftest.c: In function 'main':
conftest.c:60:21: error: expected expression before ')' token
configure:5872: $? = 1
configure: failed program was:
| /* confdefs.h */
| #define PACKAGE_NAME "nettle"
| #define PACKAGE_TARNAME "nettle"
| #define PACKAGE_VERSION "2.7.1"
| #define PACKAGE_STRING "nettle 2.7.1"
| #define PACKAGE_BUGREPORT "nettle-bugs@lists.lysator.liu.se"
| #define PACKAGE_URL ""
| #define HAVE_NATIVE_ecc_192_modp 1
| #define HAVE_NATIVE_ecc_224_modp 1
| #define HAVE_NATIVE_ecc_256_redc 1
| #define HAVE_NATIVE_ecc_384_modp 1
| #define HAVE_NATIVE_ecc_521_modp 1
| #define STDC_HEADERS 1
| #define HAVE_SYS_TYPES_H 1
| #define HAVE_SYS_STAT_H 1
| #define HAVE_STDLIB_H 1
| #define HAVE_STRING_H 1
| #define HAVE_MEMORY_H 1
| #define HAVE_STRINGS_H 1
| #define HAVE_INTTYPES_H 1
| #define HAVE_STDINT_H 1
| #define HAVE_UNISTD_H 1
| /* end confdefs.h.  */
| #include <stdio.h>
| #ifdef HAVE_SYS_TYPES_H
| # include <sys/types.h>
| #endif
| #ifdef HAVE_SYS_STAT_H
| # include <sys/stat.h>
| #endif
| #ifdef STDC_HEADERS
| # include <stdlib.h>
| # include <stddef.h>
| #else
| # ifdef HAVE_STDLIB_H
| #  include <stdlib.h>
| # endif
| #endif
| #ifdef HAVE_STRING_H
| # if !defined STDC_HEADERS && defined HAVE_MEMORY_H
| #  include <memory.h>
| # endif
| # include <string.h>
| #endif
| #ifdef HAVE_STRINGS_H
| # include <strings.h>
| #endif
| #ifdef HAVE_INTTYPES_H
| # include <inttypes.h>
| #endif
| #ifdef HAVE_STDINT_H
| # include <stdint.h>
| #endif
| #ifdef HAVE_UNISTD_H
| # include <unistd.h>
| #endif
| int
| main ()
| {
| if (sizeof ((size_t)))
| 	    return 0;
|   ;
|   return 0;
| }
configure:5872: result: yes
configure:5883: checking whether time.h and sys/time.h may both be included
configure:5903: /home/chris/work/bsp/lollipop-avn_ref_4330_dev/linux/platform/common/fs/buildroot/buildroot-2013.11/output/host/usr/bin/arm-cortex_a9-linux-gnueabi-gcc -c -D_LARGEFILE_SOURCE -D_LARGEFILE64_SOURCE -D_FILE_OFFSET_BITS=64  -pipe -mno-unaligned-access -Os  -D_LARGEFILE_SOURCE -D_LARGEFILE64_SOURCE -D_FILE_OFFSET_BITS=64 conftest.c >&5
configure:5903: $? = 0
configure:5910: result: yes
configure:5922: checking size of long
configure:5927: /home/chris/work/bsp/lollipop-avn_ref_4330_dev/linux/platform/common/fs/buildroot/buildroot-2013.11/output/host/usr/bin/arm-cortex_a9-linux-gnueabi-gcc -c -D_LARGEFILE_SOURCE -D_LARGEFILE64_SOURCE -D_FILE_OFFSET_BITS=64  -pipe -mno-unaligned-access -Os  -D_LARGEFILE_SOURCE -D_LARGEFILE64_SOURCE -D_FILE_OFFSET_BITS=64 conftest.c >&5
configure:5927: $? = 0
configure:5927: /home/chris/work/bsp/lollipop-avn_ref_4330_dev/linux/platform/common/fs/buildroot/buildroot-2013.11/output/host/usr/bin/arm-cortex_a9-linux-gnueabi-gcc -c -D_LARGEFILE_SOURCE -D_LARGEFILE64_SOURCE -D_FILE_OFFSET_BITS=64  -pipe -mno-unaligned-access -Os  -D_LARGEFILE_SOURCE -D_LARGEFILE64_SOURCE -D_FILE_OFFSET_BITS=64 conftest.c >&5
conftest.c: In function 'main':
conftest.c:61:12: error: size of array 'test_array' is negative
configure:5927: $? = 1
configure: failed program was:
| /* confdefs.h */
| #define PACKAGE_NAME "nettle"
| #define PACKAGE_TARNAME "nettle"
| #define PACKAGE_VERSION "2.7.1"
| #define PACKAGE_STRING "nettle 2.7.1"
| #define PACKAGE_BUGREPORT "nettle-bugs@lists.lysator.liu.se"
| #define PACKAGE_URL ""
| #define HAVE_NATIVE_ecc_192_modp 1
| #define HAVE_NATIVE_ecc_224_modp 1
| #define HAVE_NATIVE_ecc_256_redc 1
| #define HAVE_NATIVE_ecc_384_modp 1
| #define HAVE_NATIVE_ecc_521_modp 1
| #define STDC_HEADERS 1
| #define HAVE_SYS_TYPES_H 1
| #define HAVE_SYS_STAT_H 1
| #define HAVE_STDLIB_H 1
| #define HAVE_STRING_H 1
| #define HAVE_MEMORY_H 1
| #define HAVE_STRINGS_H 1
| #define HAVE_INTTYPES_H 1
| #define HAVE_STDINT_H 1
| #define HAVE_UNISTD_H 1
| #define TIME_WITH_SYS_TIME 1
| /* end confdefs.h.  */
| #include <stdio.h>
| #ifdef HAVE_SYS_TYPES_H
| # include <sys/types.h>
| #endif
| #ifdef HAVE_SYS_STAT_H
| # include <sys/stat.h>
| #endif
| #ifdef STDC_HEADERS
| # include <stdlib.h>
| # include <stddef.h>
| #else
| # ifdef HAVE_STDLIB_H
| #  include <stdlib.h>
| # endif
| #endif
| #ifdef HAVE_STRING_H
| # if !defined STDC_HEADERS && defined HAVE_MEMORY_H
| #  include <memory.h>
| # endif
| # include <string.h>
| #endif
| #ifdef HAVE_STRINGS_H
| # include <strings.h>
| #endif
| #ifdef HAVE_INTTYPES_H
| # include <inttypes.h>
| #endif
| #ifdef HAVE_STDINT_H
| # include <stdint.h>
| #endif
| #ifdef HAVE_UNISTD_H
| # include <unistd.h>
| #endif
| int
| main ()
| {
| static int test_array [1 - 2 * !(((long int) (sizeof (long))) <= 0)];
| test_array [0] = 0;
| return test_array [0];
| 
|   ;
|   return 0;
| }
configure:5927: /home/chris/work/bsp/lollipop-avn_ref_4330_dev/linux/platform/common/fs/buildroot/buildroot-2013.11/output/host/usr/bin/arm-cortex_a9-linux-gnueabi-gcc -c -D_LARGEFILE_SOURCE -D_LARGEFILE64_SOURCE -D_FILE_OFFSET_BITS=64  -pipe -mno-unaligned-access -Os  -D_LARGEFILE_SOURCE -D_LARGEFILE64_SOURCE -D_FILE_OFFSET_BITS=64 conftest.c >&5
conftest.c: In function 'main':
conftest.c:61:12: error: size of array 'test_array' is negative
configure:5927: $? = 1
configure: failed program was:
| /* confdefs.h */
| #define PACKAGE_NAME "nettle"
| #define PACKAGE_TARNAME "nettle"
| #define PACKAGE_VERSION "2.7.1"
| #define PACKAGE_STRING "nettle 2.7.1"
| #define PACKAGE_BUGREPORT "nettle-bugs@lists.lysator.liu.se"
| #define PACKAGE_URL ""
| #define HAVE_NATIVE_ecc_192_modp 1
| #define HAVE_NATIVE_ecc_224_modp 1
| #define HAVE_NATIVE_ecc_256_redc 1
| #define HAVE_NATIVE_ecc_384_modp 1
| #define HAVE_NATIVE_ecc_521_modp 1
| #define STDC_HEADERS 1
| #define HAVE_SYS_TYPES_H 1
| #define HAVE_SYS_STAT_H 1
| #define HAVE_STDLIB_H 1
| #define HAVE_STRING_H 1
| #define HAVE_MEMORY_H 1
| #define HAVE_STRINGS_H 1
| #define HAVE_INTTYPES_H 1
| #define HAVE_STDINT_H 1
| #define HAVE_UNISTD_H 1
| #define TIME_WITH_SYS_TIME 1
| /* end confdefs.h.  */
| #include <stdio.h>
| #ifdef HAVE_SYS_TYPES_H
| # include <sys/types.h>
| #endif
| #ifdef HAVE_SYS_STAT_H
| # include <sys/stat.h>
| #endif
| #ifdef STDC_HEADERS
| # include <stdlib.h>
| # include <stddef.h>
| #else
| # ifdef HAVE_STDLIB_H
| #  include <stdlib.h>
| # endif
| #endif
| #ifdef HAVE_STRING_H
| # if !defined STDC_HEADERS && defined HAVE_MEMORY_H
| #  include <memory.h>
| # endif
| # include <string.h>
| #endif
| #ifdef HAVE_STRINGS_H
| # include <strings.h>
| #endif
| #ifdef HAVE_INTTYPES_H
| # include <inttypes.h>
| #endif
| #ifdef HAVE_STDINT_H
| # include <stdint.h>
| #endif
| #ifdef HAVE_UNISTD_H
| # include <unistd.h>
| #endif
| int
| main ()
| {
| static int test_array [1 - 2 * !(((long int) (sizeof (long))) <= 1)];
| test_array [0] = 0;
| return test_array [0];
| 
|   ;
|   return 0;
| }
configure:5927: /home/chris/work/bsp/lollipop-avn_ref_4330_dev/linux/platform/common/fs/buildroot/buildroot-2013.11/output/host/usr/bin/arm-cortex_a9-linux-gnueabi-gcc -c -D_LARGEFILE_SOURCE -D_LARGEFILE64_SOURCE -D_FILE_OFFSET_BITS=64  -pipe -mno-unaligned-access -Os  -D_LARGEFILE_SOURCE -D_LARGEFILE64_SOURCE -D_FILE_OFFSET_BITS=64 conftest.c >&5
conftest.c: In function 'main':
conftest.c:61:12: error: size of array 'test_array' is negative
configure:5927: $? = 1
configure: failed program was:
| /* confdefs.h */
| #define PACKAGE_NAME "nettle"
| #define PACKAGE_TARNAME "nettle"
| #define PACKAGE_VERSION "2.7.1"
| #define PACKAGE_STRING "nettle 2.7.1"
| #define PACKAGE_BUGREPORT "nettle-bugs@lists.lysator.liu.se"
| #define PACKAGE_URL ""
| #define HAVE_NATIVE_ecc_192_modp 1
| #define HAVE_NATIVE_ecc_224_modp 1
| #define HAVE_NATIVE_ecc_256_redc 1
| #define HAVE_NATIVE_ecc_384_modp 1
| #define HAVE_NATIVE_ecc_521_modp 1
| #define STDC_HEADERS 1
| #define HAVE_SYS_TYPES_H 1
| #define HAVE_SYS_STAT_H 1
| #define HAVE_STDLIB_H 1
| #define HAVE_STRING_H 1
| #define HAVE_MEMORY_H 1
| #define HAVE_STRINGS_H 1
| #define HAVE_INTTYPES_H 1
| #define HAVE_STDINT_H 1
| #define HAVE_UNISTD_H 1
| #define TIME_WITH_SYS_TIME 1
| /* end confdefs.h.  */
| #include <stdio.h>
| #ifdef HAVE_SYS_TYPES_H
| # include <sys/types.h>
| #endif
| #ifdef HAVE_SYS_STAT_H
| # include <sys/stat.h>
| #endif
| #ifdef STDC_HEADERS
| # include <stdlib.h>
| # include <stddef.h>
| #else
| # ifdef HAVE_STDLIB_H
| #  include <stdlib.h>
| # endif
| #endif
| #ifdef HAVE_STRING_H
| # if !defined STDC_HEADERS && defined HAVE_MEMORY_H
| #  include <memory.h>
| # endif
| # include <string.h>
| #endif
| #ifdef HAVE_STRINGS_H
| # include <strings.h>
| #endif
| #ifdef HAVE_INTTYPES_H
| # include <inttypes.h>
| #endif
| #ifdef HAVE_STDINT_H
| # include <stdint.h>
| #endif
| #ifdef HAVE_UNISTD_H
| # include <unistd.h>
| #endif
| int
| main ()
| {
| static int test_array [1 - 2 * !(((long int) (sizeof (long))) <= 3)];
| test_array [0] = 0;
| return test_array [0];
| 
|   ;
|   return 0;
| }
configure:5927: /home/chris/work/bsp/lollipop-avn_ref_4330_dev/linux/platform/common/fs/buildroot/buildroot-2013.11/output/host/usr/bin/arm-cortex_a9-linux-gnueabi-gcc -c -D_LARGEFILE_SOURCE -D_LARGEFILE64_SOURCE -D_FILE_OFFSET_BITS=64  -pipe -mno-unaligned-access -Os  -D_LARGEFILE_SOURCE -D_LARGEFILE64_SOURCE -D_FILE_OFFSET_BITS=64 conftest.c >&5
configure:5927: $? = 0
configure:5927: /home/chris/work/bsp/lollipop-avn_ref_4330_dev/linux/platform/common/fs/buildroot/buildroot-2013.11/output/host/usr/bin/arm-cortex_a9-linux-gnueabi-gcc -c -D_LARGEFILE_SOURCE -D_LARGEFILE64_SOURCE -D_FILE_OFFSET_BITS=64  -pipe -mno-unaligned-access -Os  -D_LARGEFILE_SOURCE -D_LARGEFILE64_SOURCE -D_FILE_OFFSET_BITS=64 conftest.c >&5
configure:5927: $? = 0
configure:5927: /home/chris/work/bsp/lollipop-avn_ref_4330_dev/linux/platform/common/fs/buildroot/buildroot-2013.11/output/host/usr/bin/arm-cortex_a9-linux-gnueabi-gcc -c -D_LARGEFILE_SOURCE -D_LARGEFILE64_SOURCE -D_FILE_OFFSET_BITS=64  -pipe -mno-unaligned-access -Os  -D_LARGEFILE_SOURCE -D_LARGEFILE64_SOURCE -D_FILE_OFFSET_BITS=64 conftest.c >&5
configure:5927: $? = 0
configure:5941: result: 4
configure:5953: checking alignment of uint64_t
configure:5958: /home/chris/work/bsp/lollipop-avn_ref_4330_dev/linux/platform/common/fs/buildroot/buildroot-2013.11/output/host/usr/bin/arm-cortex_a9-linux-gnueabi-gcc -c -D_LARGEFILE_SOURCE -D_LARGEFILE64_SOURCE -D_FILE_OFFSET_BITS=64  -pipe -mno-unaligned-access -Os  -D_LARGEFILE_SOURCE -D_LARGEFILE64_SOURCE -D_FILE_OFFSET_BITS=64 conftest.c >&5
configure:5958: $? = 0
configure:5958: /home/chris/work/bsp/lollipop-avn_ref_4330_dev/linux/platform/common/fs/buildroot/buildroot-2013.11/output/host/usr/bin/arm-cortex_a9-linux-gnueabi-gcc -c -D_LARGEFILE_SOURCE -D_LARGEFILE64_SOURCE -D_FILE_OFFSET_BITS=64  -pipe -mno-unaligned-access -Os  -D_LARGEFILE_SOURCE -D_LARGEFILE64_SOURCE -D_FILE_OFFSET_BITS=64 conftest.c >&5
conftest.c: In function 'main':
conftest.c:66:12: error: size of array 'test_array' is negative
configure:5958: $? = 1
configure: failed program was:
| /* confdefs.h */
| #define PACKAGE_NAME "nettle"
| #define PACKAGE_TARNAME "nettle"
| #define PACKAGE_VERSION "2.7.1"
| #define PACKAGE_STRING "nettle 2.7.1"
| #define PACKAGE_BUGREPORT "nettle-bugs@lists.lysator.liu.se"
| #define PACKAGE_URL ""
| #define HAVE_NATIVE_ecc_192_modp 1
| #define HAVE_NATIVE_ecc_224_modp 1
| #define HAVE_NATIVE_ecc_256_redc 1
| #define HAVE_NATIVE_ecc_384_modp 1
| #define HAVE_NATIVE_ecc_521_modp 1
| #define STDC_HEADERS 1
| #define HAVE_SYS_TYPES_H 1
| #define HAVE_SYS_STAT_H 1
| #define HAVE_STDLIB_H 1
| #define HAVE_STRING_H 1
| #define HAVE_MEMORY_H 1
| #define HAVE_STRINGS_H 1
| #define HAVE_INTTYPES_H 1
| #define HAVE_STDINT_H 1
| #define HAVE_UNISTD_H 1
| #define TIME_WITH_SYS_TIME 1
| #define SIZEOF_LONG 4
| /* end confdefs.h.  */
| #include <stdio.h>
| #ifdef HAVE_SYS_TYPES_H
| # include <sys/types.h>
| #endif
| #ifdef HAVE_SYS_STAT_H
| # include <sys/stat.h>
| #endif
| #ifdef STDC_HEADERS
| # include <stdlib.h>
| # include <stddef.h>
| #else
| # ifdef HAVE_STDLIB_H
| #  include <stdlib.h>
| # endif
| #endif
| #ifdef HAVE_STRING_H
| # if !defined STDC_HEADERS && defined HAVE_MEMORY_H
| #  include <memory.h>
| # endif
| # include <string.h>
| #endif
| #ifdef HAVE_STRINGS_H
| # include <strings.h>
| #endif
| #ifdef HAVE_INTTYPES_H
| # include <inttypes.h>
| #endif
| #ifdef HAVE_STDINT_H
| # include <stdint.h>
| #endif
| #ifdef HAVE_UNISTD_H
| # include <unistd.h>
| #endif
| #ifndef offsetof
| # define offsetof(type, member) ((char *) &((type *) 0)->member - (char *) 0)
| #endif
| typedef struct { char x; uint64_t y; } ac__type_alignof_;
| int
| main ()
| {
| static int test_array [1 - 2 * !(((long int) offsetof (ac__type_alignof_, y)) <= 0)];
| test_array [0] = 0;
| return test_array [0];
| 
|   ;
|   return 0;
| }
configure:5958: /home/chris/work/bsp/lollipop-avn_ref_4330_dev/linux/platform/common/fs/buildroot/buildroot-2013.11/output/host/usr/bin/arm-cortex_a9-linux-gnueabi-gcc -c -D_LARGEFILE_SOURCE -D_LARGEFILE64_SOURCE -D_FILE_OFFSET_BITS=64  -pipe -mno-unaligned-access -Os  -D_LARGEFILE_SOURCE -D_LARGEFILE64_SOURCE -D_FILE_OFFSET_BITS=64 conftest.c >&5
conftest.c: In function 'main':
conftest.c:66:12: error: size of array 'test_array' is negative
configure:5958: $? = 1
configure: failed program was:
| /* confdefs.h */
| #define PACKAGE_NAME "nettle"
| #define PACKAGE_TARNAME "nettle"
| #define PACKAGE_VERSION "2.7.1"
| #define PACKAGE_STRING "nettle 2.7.1"
| #define PACKAGE_BUGREPORT "nettle-bugs@lists.lysator.liu.se"
| #define PACKAGE_URL ""
| #define HAVE_NATIVE_ecc_192_modp 1
| #define HAVE_NATIVE_ecc_224_modp 1
| #define HAVE_NATIVE_ecc_256_redc 1
| #define HAVE_NATIVE_ecc_384_modp 1
| #define HAVE_NATIVE_ecc_521_modp 1
| #define STDC_HEADERS 1
| #define HAVE_SYS_TYPES_H 1
| #define HAVE_SYS_STAT_H 1
| #define HAVE_STDLIB_H 1
| #define HAVE_STRING_H 1
| #define HAVE_MEMORY_H 1
| #define HAVE_STRINGS_H 1
| #define HAVE_INTTYPES_H 1
| #define HAVE_STDINT_H 1
| #define HAVE_UNISTD_H 1
| #define TIME_WITH_SYS_TIME 1
| #define SIZEOF_LONG 4
| /* end confdefs.h.  */
| #include <stdio.h>
| #ifdef HAVE_SYS_TYPES_H
| # include <sys/types.h>
| #endif
| #ifdef HAVE_SYS_STAT_H
| # include <sys/stat.h>
| #endif
| #ifdef STDC_HEADERS
| # include <stdlib.h>
| # include <stddef.h>
| #else
| # ifdef HAVE_STDLIB_H
| #  include <stdlib.h>
| # endif
| #endif
| #ifdef HAVE_STRING_H
| # if !defined STDC_HEADERS && defined HAVE_MEMORY_H
| #  include <memory.h>
| # endif
| # include <string.h>
| #endif
| #ifdef HAVE_STRINGS_H
| # include <strings.h>
| #endif
| #ifdef HAVE_INTTYPES_H
| # include <inttypes.h>
| #endif
| #ifdef HAVE_STDINT_H
| # include <stdint.h>
| #endif
| #ifdef HAVE_UNISTD_H
| # include <unistd.h>
| #endif
| #ifndef offsetof
| # define offsetof(type, member) ((char *) &((type *) 0)->member - (char *) 0)
| #endif
| typedef struct { char x; uint64_t y; } ac__type_alignof_;
| int
| main ()
| {
| static int test_array [1 - 2 * !(((long int) offsetof (ac__type_alignof_, y)) <= 1)];
| test_array [0] = 0;
| return test_array [0];
| 
|   ;
|   return 0;
| }
configure:5958: /home/chris/work/bsp/lollipop-avn_ref_4330_dev/linux/platform/common/fs/buildroot/buildroot-2013.11/output/host/usr/bin/arm-cortex_a9-linux-gnueabi-gcc -c -D_LARGEFILE_SOURCE -D_LARGEFILE64_SOURCE -D_FILE_OFFSET_BITS=64  -pipe -mno-unaligned-access -Os  -D_LARGEFILE_SOURCE -D_LARGEFILE64_SOURCE -D_FILE_OFFSET_BITS=64 conftest.c >&5
conftest.c: In function 'main':
conftest.c:66:12: error: size of array 'test_array' is negative
configure:5958: $? = 1
configure: failed program was:
| /* confdefs.h */
| #define PACKAGE_NAME "nettle"
| #define PACKAGE_TARNAME "nettle"
| #define PACKAGE_VERSION "2.7.1"
| #define PACKAGE_STRING "nettle 2.7.1"
| #define PACKAGE_BUGREPORT "nettle-bugs@lists.lysator.liu.se"
| #define PACKAGE_URL ""
| #define HAVE_NATIVE_ecc_192_modp 1
| #define HAVE_NATIVE_ecc_224_modp 1
| #define HAVE_NATIVE_ecc_256_redc 1
| #define HAVE_NATIVE_ecc_384_modp 1
| #define HAVE_NATIVE_ecc_521_modp 1
| #define STDC_HEADERS 1
| #define HAVE_SYS_TYPES_H 1
| #define HAVE_SYS_STAT_H 1
| #define HAVE_STDLIB_H 1
| #define HAVE_STRING_H 1
| #define HAVE_MEMORY_H 1
| #define HAVE_STRINGS_H 1
| #define HAVE_INTTYPES_H 1
| #define HAVE_STDINT_H 1
| #define HAVE_UNISTD_H 1
| #define TIME_WITH_SYS_TIME 1
| #define SIZEOF_LONG 4
| /* end confdefs.h.  */
| #include <stdio.h>
| #ifdef HAVE_SYS_TYPES_H
| # include <sys/types.h>
| #endif
| #ifdef HAVE_SYS_STAT_H
| # include <sys/stat.h>
| #endif
| #ifdef STDC_HEADERS
| # include <stdlib.h>
| # include <stddef.h>
| #else
| # ifdef HAVE_STDLIB_H
| #  include <stdlib.h>
| # endif
| #endif
| #ifdef HAVE_STRING_H
| # if !defined STDC_HEADERS && defined HAVE_MEMORY_H
| #  include <memory.h>
| # endif
| # include <string.h>
| #endif
| #ifdef HAVE_STRINGS_H
| # include <strings.h>
| #endif
| #ifdef HAVE_INTTYPES_H
| # include <inttypes.h>
| #endif
| #ifdef HAVE_STDINT_H
| # include <stdint.h>
| #endif
| #ifdef HAVE_UNISTD_H
| # include <unistd.h>
| #endif
| #ifndef offsetof
| # define offsetof(type, member) ((char *) &((type *) 0)->member - (char *) 0)
| #endif
| typedef struct { char x; uint64_t y; } ac__type_alignof_;
| int
| main ()
| {
| static int test_array [1 - 2 * !(((long int) offsetof (ac__type_alignof_, y)) <= 3)];
| test_array [0] = 0;
| return test_array [0];
| 
|   ;
|   return 0;
| }
configure:5958: /home/chris/work/bsp/lollipop-avn_ref_4330_dev/linux/platform/common/fs/buildroot/buildroot-2013.11/output/host/usr/bin/arm-cortex_a9-linux-gnueabi-gcc -c -D_LARGEFILE_SOURCE -D_LARGEFILE64_SOURCE -D_FILE_OFFSET_BITS=64  -pipe -mno-unaligned-access -Os  -D_LARGEFILE_SOURCE -D_LARGEFILE64_SOURCE -D_FILE_OFFSET_BITS=64 conftest.c >&5
conftest.c: In function 'main':
conftest.c:66:12: error: size of array 'test_array' is negative
configure:5958: $? = 1
configure: failed program was:
| /* confdefs.h */
| #define PACKAGE_NAME "nettle"
| #define PACKAGE_TARNAME "nettle"
| #define PACKAGE_VERSION "2.7.1"
| #define PACKAGE_STRING "nettle 2.7.1"
| #define PACKAGE_BUGREPORT "nettle-bugs@lists.lysator.liu.se"
| #define PACKAGE_URL ""
| #define HAVE_NATIVE_ecc_192_modp 1
| #define HAVE_NATIVE_ecc_224_modp 1
| #define HAVE_NATIVE_ecc_256_redc 1
| #define HAVE_NATIVE_ecc_384_modp 1
| #define HAVE_NATIVE_ecc_521_modp 1
| #define STDC_HEADERS 1
| #define HAVE_SYS_TYPES_H 1
| #define HAVE_SYS_STAT_H 1
| #define HAVE_STDLIB_H 1
| #define HAVE_STRING_H 1
| #define HAVE_MEMORY_H 1
| #define HAVE_STRINGS_H 1
| #define HAVE_INTTYPES_H 1
| #define HAVE_STDINT_H 1
| #define HAVE_UNISTD_H 1
| #define TIME_WITH_SYS_TIME 1
| #define SIZEOF_LONG 4
| /* end confdefs.h.  */
| #include <stdio.h>
| #ifdef HAVE_SYS_TYPES_H
| # include <sys/types.h>
| #endif
| #ifdef HAVE_SYS_STAT_H
| # include <sys/stat.h>
| #endif
| #ifdef STDC_HEADERS
| # include <stdlib.h>
| # include <stddef.h>
| #else
| # ifdef HAVE_STDLIB_H
| #  include <stdlib.h>
| # endif
| #endif
| #ifdef HAVE_STRING_H
| # if !defined STDC_HEADERS && defined HAVE_MEMORY_H
| #  include <memory.h>
| # endif
| # include <string.h>
| #endif
| #ifdef HAVE_STRINGS_H
| # include <strings.h>
| #endif
| #ifdef HAVE_INTTYPES_H
| # include <inttypes.h>
| #endif
| #ifdef HAVE_STDINT_H
| # include <stdint.h>
| #endif
| #ifdef HAVE_UNISTD_H
| # include <unistd.h>
| #endif
| #ifndef offsetof
| # define offsetof(type, member) ((char *) &((type *) 0)->member - (char *) 0)
| #endif
| typedef struct { char x; uint64_t y; } ac__type_alignof_;
| int
| main ()
| {
| static int test_array [1 - 2 * !(((long int) offsetof (ac__type_alignof_, y)) <= 7)];
| test_array [0] = 0;
| return test_array [0];
| 
|   ;
|   return 0;
| }
configure:5958: /home/chris/work/bsp/lollipop-avn_ref_4330_dev/linux/platform/common/fs/buildroot/buildroot-2013.11/output/host/usr/bin/arm-cortex_a9-linux-gnueabi-gcc -c -D_LARGEFILE_SOURCE -D_LARGEFILE64_SOURCE -D_FILE_OFFSET_BITS=64  -pipe -mno-unaligned-access -Os  -D_LARGEFILE_SOURCE -D_LARGEFILE64_SOURCE -D_FILE_OFFSET_BITS=64 conftest.c >&5
configure:5958: $? = 0
configure:5958: /home/chris/work/bsp/lollipop-avn_ref_4330_dev/linux/platform/common/fs/buildroot/buildroot-2013.11/output/host/usr/bin/arm-cortex_a9-linux-gnueabi-gcc -c -D_LARGEFILE_SOURCE -D_LARGEFILE64_SOURCE -D_FILE_OFFSET_BITS=64  -pipe -mno-unaligned-access -Os  -D_LARGEFILE_SOURCE -D_LARGEFILE64_SOURCE -D_FILE_OFFSET_BITS=64 conftest.c >&5
configure:5958: $? = 0
configure:5958: /home/chris/work/bsp/lollipop-avn_ref_4330_dev/linux/platform/common/fs/buildroot/buildroot-2013.11/output/host/usr/bin/arm-cortex_a9-linux-gnueabi-gcc -c -D_LARGEFILE_SOURCE -D_LARGEFILE64_SOURCE -D_FILE_OFFSET_BITS=64  -pipe -mno-unaligned-access -Os  -D_LARGEFILE_SOURCE -D_LARGEFILE64_SOURCE -D_FILE_OFFSET_BITS=64 conftest.c >&5
configure:5958: $? = 0
configure:5958: /home/chris/work/bsp/lollipop-avn_ref_4330_dev/linux/platform/common/fs/buildroot/buildroot-2013.11/output/host/usr/bin/arm-cortex_a9-linux-gnueabi-gcc -c -D_LARGEFILE_SOURCE -D_LARGEFILE64_SOURCE -D_FILE_OFFSET_BITS=64  -pipe -mno-unaligned-access -Os  -D_LARGEFILE_SOURCE -D_LARGEFILE64_SOURCE -D_FILE_OFFSET_BITS=64 conftest.c >&5
configure:5958: $? = 0
configure:5976: result: 8
configure:5993: checking openssl/blowfish.h usability
configure:5993: /home/chris/work/bsp/lollipop-avn_ref_4330_dev/linux/platform/common/fs/buildroot/buildroot-2013.11/output/host/usr/bin/arm-cortex_a9-linux-gnueabi-gcc -c -D_LARGEFILE_SOURCE -D_LARGEFILE64_SOURCE -D_FILE_OFFSET_BITS=64  -pipe -mno-unaligned-access -Os  -D_LARGEFILE_SOURCE -D_LARGEFILE64_SOURCE -D_FILE_OFFSET_BITS=64 conftest.c >&5
configure:5993: $? = 0
configure:5993: result: yes
configure:5993: checking openssl/blowfish.h presence
configure:5993: /home/chris/work/bsp/lollipop-avn_ref_4330_dev/linux/platform/common/fs/buildroot/buildroot-2013.11/output/host/usr/bin/arm-cortex_a9-linux-gnueabi-cpp -D_LARGEFILE_SOURCE -D_LARGEFILE64_SOURCE -D_FILE_OFFSET_BITS=64 conftest.c
configure:5993: $? = 0
configure:5993: result: yes
configure:5993: checking for openssl/blowfish.h
configure:5993: result: yes
configure:5993: checking openssl/des.h usability
configure:5993: /home/chris/work/bsp/lollipop-avn_ref_4330_dev/linux/platform/common/fs/buildroot/buildroot-2013.11/output/host/usr/bin/arm-cortex_a9-linux-gnueabi-gcc -c -D_LARGEFILE_SOURCE -D_LARGEFILE64_SOURCE -D_FILE_OFFSET_BITS=64  -pipe -mno-unaligned-access -Os  -D_LARGEFILE_SOURCE -D_LARGEFILE64_SOURCE -D_FILE_OFFSET_BITS=64 conftest.c >&5
configure:5993: $? = 0
configure:5993: result: yes
configure:5993: checking openssl/des.h presence
configure:5993: /home/chris/work/bsp/lollipop-avn_ref_4330_dev/linux/platform/common/fs/buildroot/buildroot-2013.11/output/host/usr/bin/arm-cortex_a9-linux-gnueabi-cpp -D_LARGEFILE_SOURCE -D_LARGEFILE64_SOURCE -D_FILE_OFFSET_BITS=64 conftest.c
configure:5993: $? = 0
configure:5993: result: yes
configure:5993: checking for openssl/des.h
configure:5993: result: yes
configure:5993: checking openssl/cast.h usability
configure:5993: /home/chris/work/bsp/lollipop-avn_ref_4330_dev/linux/platform/common/fs/buildroot/buildroot-2013.11/output/host/usr/bin/arm-cortex_a9-linux-gnueabi-gcc -c -D_LARGEFILE_SOURCE -D_LARGEFILE64_SOURCE -D_FILE_OFFSET_BITS=64  -pipe -mno-unaligned-access -Os  -D_LARGEFILE_SOURCE -D_LARGEFILE64_SOURCE -D_FILE_OFFSET_BITS=64 conftest.c >&5
configure:5993: $? = 0
configure:5993: result: yes
configure:5993: checking openssl/cast.h presence
configure:5993: /home/chris/work/bsp/lollipop-avn_ref_4330_dev/linux/platform/common/fs/buildroot/buildroot-2013.11/output/host/usr/bin/arm-cortex_a9-linux-gnueabi-cpp -D_LARGEFILE_SOURCE -D_LARGEFILE64_SOURCE -D_FILE_OFFSET_BITS=64 conftest.c
configure:5993: $? = 0
configure:5993: result: yes
configure:5993: checking for openssl/cast.h
configure:5993: result: yes
configure:5993: checking openssl/aes.h usability
configure:5993: /home/chris/work/bsp/lollipop-avn_ref_4330_dev/linux/platform/common/fs/buildroot/buildroot-2013.11/output/host/usr/bin/arm-cortex_a9-linux-gnueabi-gcc -c -D_LARGEFILE_SOURCE -D_LARGEFILE64_SOURCE -D_FILE_OFFSET_BITS=64  -pipe -mno-unaligned-access -Os  -D_LARGEFILE_SOURCE -D_LARGEFILE64_SOURCE -D_FILE_OFFSET_BITS=64 conftest.c >&5
configure:5993: $? = 0
configure:5993: result: yes
configure:5993: checking openssl/aes.h presence
configure:5993: /home/chris/work/bsp/lollipop-avn_ref_4330_dev/linux/platform/common/fs/buildroot/buildroot-2013.11/output/host/usr/bin/arm-cortex_a9-linux-gnueabi-cpp -D_LARGEFILE_SOURCE -D_LARGEFILE64_SOURCE -D_FILE_OFFSET_BITS=64 conftest.c
configure:5993: $? = 0
configure:5993: result: yes
configure:5993: checking for openssl/aes.h
configure:5993: result: yes
configure:6009: checking for working alloca.h
configure:6026: /home/chris/work/bsp/lollipop-avn_ref_4330_dev/linux/platform/common/fs/buildroot/buildroot-2013.11/output/host/usr/bin/arm-cortex_a9-linux-gnueabi-gcc -o conftest -D_LARGEFILE_SOURCE -D_LARGEFILE64_SOURCE -D_FILE_OFFSET_BITS=64  -pipe -mno-unaligned-access -Os  -D_LARGEFILE_SOURCE -D_LARGEFILE64_SOURCE -D_FILE_OFFSET_BITS=64  conftest.c  >&5
configure:6026: $? = 0
configure:6034: result: yes
configure:6042: checking for alloca
configure:6079: /home/chris/work/bsp/lollipop-avn_ref_4330_dev/linux/platform/common/fs/buildroot/buildroot-2013.11/output/host/usr/bin/arm-cortex_a9-linux-gnueabi-gcc -o conftest -D_LARGEFILE_SOURCE -D_LARGEFILE64_SOURCE -D_FILE_OFFSET_BITS=64  -pipe -mno-unaligned-access -Os  -D_LARGEFILE_SOURCE -D_LARGEFILE64_SOURCE -D_FILE_OFFSET_BITS=64  conftest.c  >&5
configure:6079: $? = 0
configure:6087: result: yes
configure:6195: checking malloc.h usability
configure:6195: /home/chris/work/bsp/lollipop-avn_ref_4330_dev/linux/platform/common/fs/buildroot/buildroot-2013.11/output/host/usr/bin/arm-cortex_a9-linux-gnueabi-gcc -c -D_LARGEFILE_SOURCE -D_LARGEFILE64_SOURCE -D_FILE_OFFSET_BITS=64  -pipe -mno-unaligned-access -Os  -D_LARGEFILE_SOURCE -D_LARGEFILE64_SOURCE -D_FILE_OFFSET_BITS=64 conftest.c >&5
configure:6195: $? = 0
configure:6195: result: yes
configure:6195: checking malloc.h presence
configure:6195: /home/chris/work/bsp/lollipop-avn_ref_4330_dev/linux/platform/common/fs/buildroot/buildroot-2013.11/output/host/usr/bin/arm-cortex_a9-linux-gnueabi-cpp -D_LARGEFILE_SOURCE -D_LARGEFILE64_SOURCE -D_FILE_OFFSET_BITS=64 conftest.c
configure:6195: $? = 0
configure:6195: result: yes
configure:6195: checking for malloc.h
configure:6195: result: yes
configure:6208: checking for strerror
configure:6208: /home/chris/work/bsp/lollipop-avn_ref_4330_dev/linux/platform/common/fs/buildroot/buildroot-2013.11/output/host/usr/bin/arm-cortex_a9-linux-gnueabi-gcc -o conftest -D_LARGEFILE_SOURCE -D_LARGEFILE64_SOURCE -D_FILE_OFFSET_BITS=64  -pipe -mno-unaligned-access -Os  -D_LARGEFILE_SOURCE -D_LARGEFILE64_SOURCE -D_FILE_OFFSET_BITS=64  conftest.c  >&5
configure:6208: $? = 0
configure:6208: result: yes
configure:6220: checking whether byte ordering is bigendian
configure:6426: result: no
configure:6444: checking for memxor
configure:6444: /home/chris/work/bsp/lollipop-avn_ref_4330_dev/linux/platform/common/fs/buildroot/buildroot-2013.11/output/host/usr/bin/arm-cortex_a9-linux-gnueabi-gcc -o conftest -D_LARGEFILE_SOURCE -D_LARGEFILE64_SOURCE -D_FILE_OFFSET_BITS=64  -pipe -mno-unaligned-access -Os  -D_LARGEFILE_SOURCE -D_LARGEFILE64_SOURCE -D_FILE_OFFSET_BITS=64  conftest.c  >&5
/tmp/ccf7XjuZ.o: In function `main':
conftest.c:(.text.startup+0x4): undefined reference to `memxor'
collect2: error: ld returned 1 exit status
configure:6444: $? = 1
configure: failed program was:
| /* confdefs.h */
| #define PACKAGE_NAME "nettle"
| #define PACKAGE_TARNAME "nettle"
| #define PACKAGE_VERSION "2.7.1"
| #define PACKAGE_STRING "nettle 2.7.1"
| #define PACKAGE_BUGREPORT "nettle-bugs@lists.lysator.liu.se"
| #define PACKAGE_URL ""
| #define HAVE_NATIVE_ecc_192_modp 1
| #define HAVE_NATIVE_ecc_224_modp 1
| #define HAVE_NATIVE_ecc_256_redc 1
| #define HAVE_NATIVE_ecc_384_modp 1
| #define HAVE_NATIVE_ecc_521_modp 1
| #define STDC_HEADERS 1
| #define HAVE_SYS_TYPES_H 1
| #define HAVE_SYS_STAT_H 1
| #define HAVE_STDLIB_H 1
| #define HAVE_STRING_H 1
| #define HAVE_MEMORY_H 1
| #define HAVE_STRINGS_H 1
| #define HAVE_INTTYPES_H 1
| #define HAVE_STDINT_H 1
| #define HAVE_UNISTD_H 1
| #define TIME_WITH_SYS_TIME 1
| #define SIZEOF_LONG 4
| #define ALIGNOF_UINT64_T 8
| #define HAVE_OPENSSL_BLOWFISH_H 1
| #define HAVE_OPENSSL_DES_H 1
| #define HAVE_OPENSSL_CAST_H 1
| #define HAVE_OPENSSL_AES_H 1
| #define HAVE_ALLOCA_H 1
| #define HAVE_ALLOCA 1
| #define HAVE_MALLOC_H 1
| #define HAVE_STRERROR 1
| /* end confdefs.h.  */
| /* Define memxor to an innocuous variant, in case <limits.h> declares memxor.
|    For example, HP-UX 11i <limits.h> declares gettimeofday.  */
| #define memxor innocuous_memxor
| 
| /* System header to define __stub macros and hopefully few prototypes,
|     which can conflict with char memxor (); below.
|     Prefer <limits.h> to <assert.h> if __STDC__ is defined, since
|     <limits.h> exists even on freestanding compilers.  */
| 
| #ifdef __STDC__
| # include <limits.h>
| #else
| # include <assert.h>
| #endif
| 
| #undef memxor
| 
| /* Override any GCC internal prototype to avoid an error.
|    Use char because int might match the return type of a GCC
|    builtin and then its argument prototype would still apply.  */
| #ifdef __cplusplus
| extern "C"
| #endif
| char memxor ();
| /* The GNU C library defines this for functions which it implements
|     to always fail with ENOSYS.  Some functions are actually named
|     something starting with __ and the normal name is an alias.  */
| #if defined __stub_memxor || defined __stub___memxor
| choke me
| #endif
| 
| int
| main ()
| {
| return memxor ();
|   ;
|   return 0;
| }
configure:6444: result: no
configure:6459: checking for __attribute__
configure:6485: /home/chris/work/bsp/lollipop-avn_ref_4330_dev/linux/platform/common/fs/buildroot/buildroot-2013.11/output/host/usr/bin/arm-cortex_a9-linux-gnueabi-gcc -c -D_LARGEFILE_SOURCE -D_LARGEFILE64_SOURCE -D_FILE_OFFSET_BITS=64  -pipe -mno-unaligned-access -Os  -D_LARGEFILE_SOURCE -D_LARGEFILE64_SOURCE -D_FILE_OFFSET_BITS=64 conftest.c >&5
configure:6485: $? = 0
configure:6492: result: yes
configure:6506: checking for stdint types
configure:6529: /home/chris/work/bsp/lollipop-avn_ref_4330_dev/linux/platform/common/fs/buildroot/buildroot-2013.11/output/host/usr/bin/arm-cortex_a9-linux-gnueabi-gcc -c   conftest.c >&5
configure:6529: $? = 0
configure:6554: result: stdint.h (shortcircuit)
configure:6922: result: make use of stdint.h in nettle-stdint.h (assuming C99 compatible system)
configure:6932: checking for fcntl file locking
configure:6959: /home/chris/work/bsp/lollipop-avn_ref_4330_dev/linux/platform/common/fs/buildroot/buildroot-2013.11/output/host/usr/bin/arm-cortex_a9-linux-gnueabi-gcc -c -D_LARGEFILE_SOURCE -D_LARGEFILE64_SOURCE -D_FILE_OFFSET_BITS=64  -pipe -mno-unaligned-access -Os  -D_LARGEFILE_SOURCE -D_LARGEFILE64_SOURCE -D_FILE_OFFSET_BITS=64 conftest.c >&5
configure:6959: $? = 0
configure:6966: result: yes
configure:6976: checking for __gmpz_getlimbn in -lgmp
configure:7001: /home/chris/work/bsp/lollipop-avn_ref_4330_dev/linux/platform/common/fs/buildroot/buildroot-2013.11/output/host/usr/bin/arm-cortex_a9-linux-gnueabi-gcc -o conftest -D_LARGEFILE_SOURCE -D_LARGEFILE64_SOURCE -D_FILE_OFFSET_BITS=64  -pipe -mno-unaligned-access -Os  -D_LARGEFILE_SOURCE -D_LARGEFILE64_SOURCE -D_FILE_OFFSET_BITS=64  conftest.c -lgmp   >&5
configure:7001: $? = 0
configure:7010: result: yes
configure:7093: checking for GMP limb size
configure:7095: /home/chris/work/bsp/lollipop-avn_ref_4330_dev/linux/platform/common/fs/buildroot/buildroot-2013.11/output/host/usr/bin/arm-cortex_a9-linux-gnueabi-gcc -c -D_LARGEFILE_SOURCE -D_LARGEFILE64_SOURCE -D_FILE_OFFSET_BITS=64  -pipe -mno-unaligned-access -Os  -D_LARGEFILE_SOURCE -D_LARGEFILE64_SOURCE -D_FILE_OFFSET_BITS=64 conftest.c >&5
configure:7095: $? = 0
configure:7095: /home/chris/work/bsp/lollipop-avn_ref_4330_dev/linux/platform/common/fs/buildroot/buildroot-2013.11/output/host/usr/bin/arm-cortex_a9-linux-gnueabi-gcc -c -D_LARGEFILE_SOURCE -D_LARGEFILE64_SOURCE -D_FILE_OFFSET_BITS=64  -pipe -mno-unaligned-access -Os  -D_LARGEFILE_SOURCE -D_LARGEFILE64_SOURCE -D_FILE_OFFSET_BITS=64 conftest.c >&5
conftest.c: In function 'main':
conftest.c:42:12: error: size of array 'test_array' is negative
configure:7095: $? = 1
configure: failed program was:
| /* confdefs.h */
| #define PACKAGE_NAME "nettle"
| #define PACKAGE_TARNAME "nettle"
| #define PACKAGE_VERSION "2.7.1"
| #define PACKAGE_STRING "nettle 2.7.1"
| #define PACKAGE_BUGREPORT "nettle-bugs@lists.lysator.liu.se"
| #define PACKAGE_URL ""
| #define HAVE_NATIVE_ecc_192_modp 1
| #define HAVE_NATIVE_ecc_224_modp 1
| #define HAVE_NATIVE_ecc_256_redc 1
| #define HAVE_NATIVE_ecc_384_modp 1
| #define HAVE_NATIVE_ecc_521_modp 1
| #define STDC_HEADERS 1
| #define HAVE_SYS_TYPES_H 1
| #define HAVE_SYS_STAT_H 1
| #define HAVE_STDLIB_H 1
| #define HAVE_STRING_H 1
| #define HAVE_MEMORY_H 1
| #define HAVE_STRINGS_H 1
| #define HAVE_INTTYPES_H 1
| #define HAVE_STDINT_H 1
| #define HAVE_UNISTD_H 1
| #define TIME_WITH_SYS_TIME 1
| #define SIZEOF_LONG 4
| #define ALIGNOF_UINT64_T 8
| #define HAVE_OPENSSL_BLOWFISH_H 1
| #define HAVE_OPENSSL_DES_H 1
| #define HAVE_OPENSSL_CAST_H 1
| #define HAVE_OPENSSL_AES_H 1
| #define HAVE_ALLOCA_H 1
| #define HAVE_ALLOCA 1
| #define HAVE_MALLOC_H 1
| #define HAVE_STRERROR 1
| #define HAVE_GCC_ATTRIBUTE 1
| #define HAVE_FCNTL_LOCKING 1
| #define HAVE_LIBGMP 1
| /* end confdefs.h.  */
| #include <gmp.h>
| int
| main ()
| {
| static int test_array [1 - 2 * !((GMP_NUMB_BITS) <= 0)];
| test_array [0] = 0;
| return test_array [0];
| 
|   ;
|   return 0;
| }
configure:7095: /home/chris/work/bsp/lollipop-avn_ref_4330_dev/linux/platform/common/fs/buildroot/buildroot-2013.11/output/host/usr/bin/arm-cortex_a9-linux-gnueabi-gcc -c -D_LARGEFILE_SOURCE -D_LARGEFILE64_SOURCE -D_FILE_OFFSET_BITS=64  -pipe -mno-unaligned-access -Os  -D_LARGEFILE_SOURCE -D_LARGEFILE64_SOURCE -D_FILE_OFFSET_BITS=64 conftest.c >&5
conftest.c: In function 'main':
conftest.c:42:12: error: size of array 'test_array' is negative
configure:7095: $? = 1
configure: failed program was:
| /* confdefs.h */
| #define PACKAGE_NAME "nettle"
| #define PACKAGE_TARNAME "nettle"
| #define PACKAGE_VERSION "2.7.1"
| #define PACKAGE_STRING "nettle 2.7.1"
| #define PACKAGE_BUGREPORT "nettle-bugs@lists.lysator.liu.se"
| #define PACKAGE_URL ""
| #define HAVE_NATIVE_ecc_192_modp 1
| #define HAVE_NATIVE_ecc_224_modp 1
| #define HAVE_NATIVE_ecc_256_redc 1
| #define HAVE_NATIVE_ecc_384_modp 1
| #define HAVE_NATIVE_ecc_521_modp 1
| #define STDC_HEADERS 1
| #define HAVE_SYS_TYPES_H 1
| #define HAVE_SYS_STAT_H 1
| #define HAVE_STDLIB_H 1
| #define HAVE_STRING_H 1
| #define HAVE_MEMORY_H 1
| #define HAVE_STRINGS_H 1
| #define HAVE_INTTYPES_H 1
| #define HAVE_STDINT_H 1
| #define HAVE_UNISTD_H 1
| #define TIME_WITH_SYS_TIME 1
| #define SIZEOF_LONG 4
| #define ALIGNOF_UINT64_T 8
| #define HAVE_OPENSSL_BLOWFISH_H 1
| #define HAVE_OPENSSL_DES_H 1
| #define HAVE_OPENSSL_CAST_H 1
| #define HAVE_OPENSSL_AES_H 1
| #define HAVE_ALLOCA_H 1
| #define HAVE_ALLOCA 1
| #define HAVE_MALLOC_H 1
| #define HAVE_STRERROR 1
| #define HAVE_GCC_ATTRIBUTE 1
| #define HAVE_FCNTL_LOCKING 1
| #define HAVE_LIBGMP 1
| /* end confdefs.h.  */
| #include <gmp.h>
| int
| main ()
| {
| static int test_array [1 - 2 * !((GMP_NUMB_BITS) <= 1)];
| test_array [0] = 0;
| return test_array [0];
| 
|   ;
|   return 0;
| }
configure:7095: /home/chris/work/bsp/lollipop-avn_ref_4330_dev/linux/platform/common/fs/buildroot/buildroot-2013.11/output/host/usr/bin/arm-cortex_a9-linux-gnueabi-gcc -c -D_LARGEFILE_SOURCE -D_LARGEFILE64_SOURCE -D_FILE_OFFSET_BITS=64  -pipe -mno-unaligned-access -Os  -D_LARGEFILE_SOURCE -D_LARGEFILE64_SOURCE -D_FILE_OFFSET_BITS=64 conftest.c >&5
conftest.c: In function 'main':
conftest.c:42:12: error: size of array 'test_array' is negative
configure:7095: $? = 1
configure: failed program was:
| /* confdefs.h */
| #define PACKAGE_NAME "nettle"
| #define PACKAGE_TARNAME "nettle"
| #define PACKAGE_VERSION "2.7.1"
| #define PACKAGE_STRING "nettle 2.7.1"
| #define PACKAGE_BUGREPORT "nettle-bugs@lists.lysator.liu.se"
| #define PACKAGE_URL ""
| #define HAVE_NATIVE_ecc_192_modp 1
| #define HAVE_NATIVE_ecc_224_modp 1
| #define HAVE_NATIVE_ecc_256_redc 1
| #define HAVE_NATIVE_ecc_384_modp 1
| #define HAVE_NATIVE_ecc_521_modp 1
| #define STDC_HEADERS 1
| #define HAVE_SYS_TYPES_H 1
| #define HAVE_SYS_STAT_H 1
| #define HAVE_STDLIB_H 1
| #define HAVE_STRING_H 1
| #define HAVE_MEMORY_H 1
| #define HAVE_STRINGS_H 1
| #define HAVE_INTTYPES_H 1
| #define HAVE_STDINT_H 1
| #define HAVE_UNISTD_H 1
| #define TIME_WITH_SYS_TIME 1
| #define SIZEOF_LONG 4
| #define ALIGNOF_UINT64_T 8
| #define HAVE_OPENSSL_BLOWFISH_H 1
| #define HAVE_OPENSSL_DES_H 1
| #define HAVE_OPENSSL_CAST_H 1
| #define HAVE_OPENSSL_AES_H 1
| #define HAVE_ALLOCA_H 1
| #define HAVE_ALLOCA 1
| #define HAVE_MALLOC_H 1
| #define HAVE_STRERROR 1
| #define HAVE_GCC_ATTRIBUTE 1
| #define HAVE_FCNTL_LOCKING 1
| #define HAVE_LIBGMP 1
| /* end confdefs.h.  */
| #include <gmp.h>
| int
| main ()
| {
| static int test_array [1 - 2 * !((GMP_NUMB_BITS) <= 3)];
| test_array [0] = 0;
| return test_array [0];
| 
|   ;
|   return 0;
| }
configure:7095: /home/chris/work/bsp/lollipop-avn_ref_4330_dev/linux/platform/common/fs/buildroot/buildroot-2013.11/output/host/usr/bin/arm-cortex_a9-linux-gnueabi-gcc -c -D_LARGEFILE_SOURCE -D_LARGEFILE64_SOURCE -D_FILE_OFFSET_BITS=64  -pipe -mno-unaligned-access -Os  -D_LARGEFILE_SOURCE -D_LARGEFILE64_SOURCE -D_FILE_OFFSET_BITS=64 conftest.c >&5
conftest.c: In function 'main':
conftest.c:42:12: error: size of array 'test_array' is negative
configure:7095: $? = 1
configure: failed program was:
| /* confdefs.h */
| #define PACKAGE_NAME "nettle"
| #define PACKAGE_TARNAME "nettle"
| #define PACKAGE_VERSION "2.7.1"
| #define PACKAGE_STRING "nettle 2.7.1"
| #define PACKAGE_BUGREPORT "nettle-bugs@lists.lysator.liu.se"
| #define PACKAGE_URL ""
| #define HAVE_NATIVE_ecc_192_modp 1
| #define HAVE_NATIVE_ecc_224_modp 1
| #define HAVE_NATIVE_ecc_256_redc 1
| #define HAVE_NATIVE_ecc_384_modp 1
| #define HAVE_NATIVE_ecc_521_modp 1
| #define STDC_HEADERS 1
| #define HAVE_SYS_TYPES_H 1
| #define HAVE_SYS_STAT_H 1
| #define HAVE_STDLIB_H 1
| #define HAVE_STRING_H 1
| #define HAVE_MEMORY_H 1
| #define HAVE_STRINGS_H 1
| #define HAVE_INTTYPES_H 1
| #define HAVE_STDINT_H 1
| #define HAVE_UNISTD_H 1
| #define TIME_WITH_SYS_TIME 1
| #define SIZEOF_LONG 4
| #define ALIGNOF_UINT64_T 8
| #define HAVE_OPENSSL_BLOWFISH_H 1
| #define HAVE_OPENSSL_DES_H 1
| #define HAVE_OPENSSL_CAST_H 1
| #define HAVE_OPENSSL_AES_H 1
| #define HAVE_ALLOCA_H 1
| #define HAVE_ALLOCA 1
| #define HAVE_MALLOC_H 1
| #define HAVE_STRERROR 1
| #define HAVE_GCC_ATTRIBUTE 1
| #define HAVE_FCNTL_LOCKING 1
| #define HAVE_LIBGMP 1
| /* end confdefs.h.  */
| #include <gmp.h>
| int
| main ()
| {
| static int test_array [1 - 2 * !((GMP_NUMB_BITS) <= 7)];
| test_array [0] = 0;
| return test_array [0];
| 
|   ;
|   return 0;
| }
configure:7095: /home/chris/work/bsp/lollipop-avn_ref_4330_dev/linux/platform/common/fs/buildroot/buildroot-2013.11/output/host/usr/bin/arm-cortex_a9-linux-gnueabi-gcc -c -D_LARGEFILE_SOURCE -D_LARGEFILE64_SOURCE -D_FILE_OFFSET_BITS=64  -pipe -mno-unaligned-access -Os  -D_LARGEFILE_SOURCE -D_LARGEFILE64_SOURCE -D_FILE_OFFSET_BITS=64 conftest.c >&5
conftest.c: In function 'main':
conftest.c:42:12: error: size of array 'test_array' is negative
configure:7095: $? = 1
configure: failed program was:
| /* confdefs.h */
| #define PACKAGE_NAME "nettle"
| #define PACKAGE_TARNAME "nettle"
| #define PACKAGE_VERSION "2.7.1"
| #define PACKAGE_STRING "nettle 2.7.1"
| #define PACKAGE_BUGREPORT "nettle-bugs@lists.lysator.liu.se"
| #define PACKAGE_URL ""
| #define HAVE_NATIVE_ecc_192_modp 1
| #define HAVE_NATIVE_ecc_224_modp 1
| #define HAVE_NATIVE_ecc_256_redc 1
| #define HAVE_NATIVE_ecc_384_modp 1
| #define HAVE_NATIVE_ecc_521_modp 1
| #define STDC_HEADERS 1
| #define HAVE_SYS_TYPES_H 1
| #define HAVE_SYS_STAT_H 1
| #define HAVE_STDLIB_H 1
| #define HAVE_STRING_H 1
| #define HAVE_MEMORY_H 1
| #define HAVE_STRINGS_H 1
| #define HAVE_INTTYPES_H 1
| #define HAVE_STDINT_H 1
| #define HAVE_UNISTD_H 1
| #define TIME_WITH_SYS_TIME 1
| #define SIZEOF_LONG 4
| #define ALIGNOF_UINT64_T 8
| #define HAVE_OPENSSL_BLOWFISH_H 1
| #define HAVE_OPENSSL_DES_H 1
| #define HAVE_OPENSSL_CAST_H 1
| #define HAVE_OPENSSL_AES_H 1
| #define HAVE_ALLOCA_H 1
| #define HAVE_ALLOCA 1
| #define HAVE_MALLOC_H 1
| #define HAVE_STRERROR 1
| #define HAVE_GCC_ATTRIBUTE 1
| #define HAVE_FCNTL_LOCKING 1
| #define HAVE_LIBGMP 1
| /* end confdefs.h.  */
| #include <gmp.h>
| int
| main ()
| {
| static int test_array [1 - 2 * !((GMP_NUMB_BITS) <= 15)];
| test_array [0] = 0;
| return test_array [0];
| 
|   ;
|   return 0;
| }
configure:7095: /home/chris/work/bsp/lollipop-avn_ref_4330_dev/linux/platform/common/fs/buildroot/buildroot-2013.11/output/host/usr/bin/arm-cortex_a9-linux-gnueabi-gcc -c -D_LARGEFILE_SOURCE -D_LARGEFILE64_SOURCE -D_FILE_OFFSET_BITS=64  -pipe -mno-unaligned-access -Os  -D_LARGEFILE_SOURCE -D_LARGEFILE64_SOURCE -D_FILE_OFFSET_BITS=64 conftest.c >&5
conftest.c: In function 'main':
conftest.c:42:12: error: size of array 'test_array' is negative
configure:7095: $? = 1
configure: failed program was:
| /* confdefs.h */
| #define PACKAGE_NAME "nettle"
| #define PACKAGE_TARNAME "nettle"
| #define PACKAGE_VERSION "2.7.1"
| #define PACKAGE_STRING "nettle 2.7.1"
| #define PACKAGE_BUGREPORT "nettle-bugs@lists.lysator.liu.se"
| #define PACKAGE_URL ""
| #define HAVE_NATIVE_ecc_192_modp 1
| #define HAVE_NATIVE_ecc_224_modp 1
| #define HAVE_NATIVE_ecc_256_redc 1
| #define HAVE_NATIVE_ecc_384_modp 1
| #define HAVE_NATIVE_ecc_521_modp 1
| #define STDC_HEADERS 1
| #define HAVE_SYS_TYPES_H 1
| #define HAVE_SYS_STAT_H 1
| #define HAVE_STDLIB_H 1
| #define HAVE_STRING_H 1
| #define HAVE_MEMORY_H 1
| #define HAVE_STRINGS_H 1
| #define HAVE_INTTYPES_H 1
| #define HAVE_STDINT_H 1
| #define HAVE_UNISTD_H 1
| #define TIME_WITH_SYS_TIME 1
| #define SIZEOF_LONG 4
| #define ALIGNOF_UINT64_T 8
| #define HAVE_OPENSSL_BLOWFISH_H 1
| #define HAVE_OPENSSL_DES_H 1
| #define HAVE_OPENSSL_CAST_H 1
| #define HAVE_OPENSSL_AES_H 1
| #define HAVE_ALLOCA_H 1
| #define HAVE_ALLOCA 1
| #define HAVE_MALLOC_H 1
| #define HAVE_STRERROR 1
| #define HAVE_GCC_ATTRIBUTE 1
| #define HAVE_FCNTL_LOCKING 1
| #define HAVE_LIBGMP 1
| /* end confdefs.h.  */
| #include <gmp.h>
| int
| main ()
| {
| static int test_array [1 - 2 * !((GMP_NUMB_BITS) <= 31)];
| test_array [0] = 0;
| return test_array [0];
| 
|   ;
|   return 0;
| }
configure:7095: /home/chris/work/bsp/lollipop-avn_ref_4330_dev/linux/platform/common/fs/buildroot/buildroot-2013.11/output/host/usr/bin/arm-cortex_a9-linux-gnueabi-gcc -c -D_LARGEFILE_SOURCE -D_LARGEFILE64_SOURCE -D_FILE_OFFSET_BITS=64  -pipe -mno-unaligned-access -Os  -D_LARGEFILE_SOURCE -D_LARGEFILE64_SOURCE -D_FILE_OFFSET_BITS=64 conftest.c >&5
configure:7095: $? = 0
configure:7095: /home/chris/work/bsp/lollipop-avn_ref_4330_dev/linux/platform/common/fs/buildroot/buildroot-2013.11/output/host/usr/bin/arm-cortex_a9-linux-gnueabi-gcc -c -D_LARGEFILE_SOURCE -D_LARGEFILE64_SOURCE -D_FILE_OFFSET_BITS=64  -pipe -mno-unaligned-access -Os  -D_LARGEFILE_SOURCE -D_LARGEFILE64_SOURCE -D_FILE_OFFSET_BITS=64 conftest.c >&5
configure:7095: $? = 0
configure:7095: /home/chris/work/bsp/lollipop-avn_ref_4330_dev/linux/platform/common/fs/buildroot/buildroot-2013.11/output/host/usr/bin/arm-cortex_a9-linux-gnueabi-gcc -c -D_LARGEFILE_SOURCE -D_LARGEFILE64_SOURCE -D_FILE_OFFSET_BITS=64  -pipe -mno-unaligned-access -Os  -D_LARGEFILE_SOURCE -D_LARGEFILE64_SOURCE -D_FILE_OFFSET_BITS=64 conftest.c >&5
configure:7095: $? = 0
configure:7095: /home/chris/work/bsp/lollipop-avn_ref_4330_dev/linux/platform/common/fs/buildroot/buildroot-2013.11/output/host/usr/bin/arm-cortex_a9-linux-gnueabi-gcc -c -D_LARGEFILE_SOURCE -D_LARGEFILE64_SOURCE -D_FILE_OFFSET_BITS=64  -pipe -mno-unaligned-access -Os  -D_LARGEFILE_SOURCE -D_LARGEFILE64_SOURCE -D_FILE_OFFSET_BITS=64 conftest.c >&5
configure:7095: $? = 0
configure:7095: /home/chris/work/bsp/lollipop-avn_ref_4330_dev/linux/platform/common/fs/buildroot/buildroot-2013.11/output/host/usr/bin/arm-cortex_a9-linux-gnueabi-gcc -c -D_LARGEFILE_SOURCE -D_LARGEFILE64_SOURCE -D_FILE_OFFSET_BITS=64  -pipe -mno-unaligned-access -Os  -D_LARGEFILE_SOURCE -D_LARGEFILE64_SOURCE -D_FILE_OFFSET_BITS=64 conftest.c >&5
configure:7095: $? = 0
configure:7095: /home/chris/work/bsp/lollipop-avn_ref_4330_dev/linux/platform/common/fs/buildroot/buildroot-2013.11/output/host/usr/bin/arm-cortex_a9-linux-gnueabi-gcc -c -D_LARGEFILE_SOURCE -D_LARGEFILE64_SOURCE -D_FILE_OFFSET_BITS=64  -pipe -mno-unaligned-access -Os  -D_LARGEFILE_SOURCE -D_LARGEFILE64_SOURCE -D_FILE_OFFSET_BITS=64 conftest.c >&5
configure:7095: $? = 0
configure:7105: result: 32 bits
configure:7113: checking for __gmpz_powm_sec
configure:7113: /home/chris/work/bsp/lollipop-avn_ref_4330_dev/linux/platform/common/fs/buildroot/buildroot-2013.11/output/host/usr/bin/arm-cortex_a9-linux-gnueabi-gcc -o conftest -D_LARGEFILE_SOURCE -D_LARGEFILE64_SOURCE -D_FILE_OFFSET_BITS=64  -pipe -mno-unaligned-access -Os  -D_LARGEFILE_SOURCE -D_LARGEFILE64_SOURCE -D_FILE_OFFSET_BITS=64  conftest.c -lgmp  >&5
configure:7113: $? = 0
configure:7113: result: yes
configure:7274: checking for library containing clock_gettime
configure:7305: /home/chris/work/bsp/lollipop-avn_ref_4330_dev/linux/platform/common/fs/buildroot/buildroot-2013.11/output/host/usr/bin/arm-cortex_a9-linux-gnueabi-gcc -o conftest -D_LARGEFILE_SOURCE -D_LARGEFILE64_SOURCE -D_FILE_OFFSET_BITS=64  -pipe -mno-unaligned-access -Os  -D_LARGEFILE_SOURCE -D_LARGEFILE64_SOURCE -D_FILE_OFFSET_BITS=64  conftest.c -lgmp  >&5
configure:7305: $? = 0
configure:7322: result: none required
configure:7483: creating ./config.status

## ---------------------- ##
## Running config.status. ##
## ---------------------- ##

This file was extended by nettle config.status 2.7.1, which was
generated by GNU Autoconf 2.69.  Invocation command line was

  CONFIG_FILES    = 
  CONFIG_HEADERS  = 
  CONFIG_LINKS    = 
  CONFIG_COMMANDS = 
  $ ./config.status 

on kjlee

config.status:942: creating config.make
config.status:942: creating config.m4
config.status:942: creating Makefile
config.status:942: creating tools/Makefile
config.status:942: creating testsuite/Makefile
config.status:942: creating examples/Makefile
config.status:942: creating nettle.pc
config.status:942: creating hogweed.pc
config.status:942: creating config.h
config.status:1149: linking arm/memxor.asm to memxor.asm
config.status:1149: linking arm/machine.m4 to machine.m4
config.status:1149: linking arm/ecc-192-modp.asm to ecc-192-modp.asm
config.status:1149: linking arm/ecc-224-modp.asm to ecc-224-modp.asm
config.status:1149: linking arm/ecc-256-redc.asm to ecc-256-redc.asm
config.status:1149: linking arm/ecc-384-modp.asm to ecc-384-modp.asm
config.status:1149: linking arm/ecc-521-modp.asm to ecc-521-modp.asm
config.status:1168: executing dummy-dep-files commands
config.status:1168: executing asm.d commands
config.status:1168: executing nettle-stdint.h commands
config.status:1188: creating nettle-stdint.h : __NETTLE_STDINT_H
configure:9128: WARNING: unrecognized options: --disable-gtk-doc, --disable-doc, --disable-docs, --with-xmlto, --with-fop, --enable-ipv6
configure:9146: summary of build options:

  Version:           nettle 2.7.1
  Host type:         arm-buildroot-linux-gnueabi
  ABI:               standard
  Assembly files:    arm
  Install prefix:    /usr
  Library directory: ${exec_prefix}/lib
  Compiler:          /home/chris/work/bsp/lollipop-avn_ref_4330_dev/linux/platform/common/fs/buildroot/buildroot-2013.11/output/host/usr/bin/arm-cortex_a9-linux-gnueabi-gcc
  Static libraries:  yes
  Shared libraries:  yes
  Public key crypto: yes
  Documentation:     no


## ---------------- ##
## Cache variables. ##
## ---------------- ##

ac_cv_alignof_uint64_t=8
ac_cv_build=x86_64-unknown-linux-gnu
ac_cv_c_bigendian=no
ac_cv_c_compiler_gnu=yes
ac_cv_c_const=yes
ac_cv_c_inline=inline
ac_cv_cxx_compiler_gnu=yes
ac_cv_env_CCC_set=
ac_cv_env_CCC_value=
ac_cv_env_CC_FOR_BUILD_set=set
ac_cv_env_CC_FOR_BUILD_value=/usr/bin/gcc
ac_cv_env_CC_set=set
ac_cv_env_CC_value=/home/chris/work/bsp/lollipop-avn_ref_4330_dev/linux/platform/common/fs/buildroot/buildroot-2013.11/output/host/usr/bin/arm-cortex_a9-linux-gnueabi-gcc
ac_cv_env_CFLAGS_set=set
ac_cv_env_CFLAGS_value='-D_LARGEFILE_SOURCE -D_LARGEFILE64_SOURCE -D_FILE_OFFSET_BITS=64  -pipe -mno-unaligned-access -Os '
ac_cv_env_CPPFLAGS_set=set
ac_cv_env_CPPFLAGS_value='-D_LARGEFILE_SOURCE -D_LARGEFILE64_SOURCE -D_FILE_OFFSET_BITS=64'
ac_cv_env_CPP_set=set
ac_cv_env_CPP_value=/home/chris/work/bsp/lollipop-avn_ref_4330_dev/linux/platform/common/fs/buildroot/buildroot-2013.11/output/host/usr/bin/arm-cortex_a9-linux-gnueabi-cpp
ac_cv_env_CXXFLAGS_set=set
ac_cv_env_CXXFLAGS_value='-D_LARGEFILE_SOURCE -D_LARGEFILE64_SOURCE -D_FILE_OFFSET_BITS=64  -pipe -mno-unaligned-access -Os '
ac_cv_env_CXX_set=set
ac_cv_env_CXX_value=/home/chris/work/bsp/lollipop-avn_ref_4330_dev/linux/platform/common/fs/buildroot/buildroot-2013.11/output/host/usr/bin/arm-cortex_a9-linux-gnueabi-g++
ac_cv_env_LDFLAGS_set=set
ac_cv_env_LDFLAGS_value=
ac_cv_env_LIBS_set=
ac_cv_env_LIBS_value=
ac_cv_env_build_alias_set=set
ac_cv_env_build_alias_value=x86_64-unknown-linux-gnu
ac_cv_env_host_alias_set=set
ac_cv_env_host_alias_value=arm-buildroot-linux-gnueabi
ac_cv_env_target_alias_set=set
ac_cv_env_target_alias_value=arm-buildroot-linux-gnueabi
ac_cv_func___gmpz_powm_sec=yes
ac_cv_func_alloca_works=yes
ac_cv_func_calloc_0_nonnull=yes
ac_cv_func_malloc_0_nonnull=yes
ac_cv_func_memcmp_working=yes
ac_cv_func_memxor=no
ac_cv_func_mmap_fixed_mapped=yes
ac_cv_func_realloc_0_nonnull=yes
ac_cv_func_strerror=yes
ac_cv_have_decl_malloc=yes
ac_cv_header_inttypes_h=yes
ac_cv_header_malloc_h=yes
ac_cv_header_memory_h=yes
ac_cv_header_openssl_aes_h=yes
ac_cv_header_openssl_blowfish_h=yes
ac_cv_header_openssl_cast_h=yes
ac_cv_header_openssl_des_h=yes
ac_cv_header_stdc=yes
ac_cv_header_stdint=stdint.h
ac_cv_header_stdint_h=yes
ac_cv_header_stdint_t=stdint.h
ac_cv_header_stdlib_h=yes
ac_cv_header_string_h=yes
ac_cv_header_strings_h=yes
ac_cv_header_sys_stat_h=yes
ac_cv_header_sys_types_h=yes
ac_cv_header_time=yes
ac_cv_header_unistd_h=yes
ac_cv_host=arm-buildroot-linux-gnueabi
ac_cv_lbl_unaligned_fail=yes
ac_cv_lib_gmp___gmpz_getlimbn=yes
ac_cv_objext=o
ac_cv_path_EGREP='/bin/grep -E'
ac_cv_path_GREP=/bin/grep
ac_cv_path_M4=/home/chris/work/bsp/lollipop-avn_ref_4330_dev/linux/platform/common/fs/buildroot/buildroot-2013.11/output/host/usr/bin/m4
ac_cv_path_install='/usr/bin/install -c'
ac_cv_path_mkdir=/bin/mkdir
ac_cv_prog_AR=/home/chris/work/bsp/lollipop-avn_ref_4330_dev/linux/platform/common/fs/buildroot/buildroot-2013.11/output/host/usr/bin/arm-cortex_a9-linux-gnueabi-ar
ac_cv_prog_CC=/home/chris/work/bsp/lollipop-avn_ref_4330_dev/linux/platform/common/fs/buildroot/buildroot-2013.11/output/host/usr/bin/arm-cortex_a9-linux-gnueabi-gcc
ac_cv_prog_CPP=/home/chris/work/bsp/lollipop-avn_ref_4330_dev/linux/platform/common/fs/buildroot/buildroot-2013.11/output/host/usr/bin/arm-cortex_a9-linux-gnueabi-cpp
ac_cv_prog_NM=/home/chris/work/bsp/lollipop-avn_ref_4330_dev/linux/platform/common/fs/buildroot/buildroot-2013.11/output/host/usr/bin/arm-cortex_a9-linux-gnueabi-nm
ac_cv_prog_OBJDUMP=/home/chris/work/bsp/lollipop-avn_ref_4330_dev/linux/platform/common/fs/buildroot/buildroot-2013.11/output/host/usr/bin/arm-cortex_a9-linux-gnueabi-objdump
ac_cv_prog_RANLIB=/home/chris/work/bsp/lollipop-avn_ref_4330_dev/linux/platform/common/fs/buildroot/buildroot-2013.11/output/host/usr/bin/arm-cortex_a9-linux-gnueabi-ranlib
ac_cv_prog_cc_c89=
ac_cv_prog_cc_g=yes
ac_cv_prog_cxx_g=yes
ac_cv_prog_make_make_set=yes
ac_cv_search_clock_gettime='none required'
ac_cv_sizeof_long=4
ac_cv_stdint_message='using gnu compiler arm-cortex_a9-linux-gnueabi-gcc (crosstool-NG linaro-1.13.1-4.8-2013.11 - nexell) 4.7.4 20131111 (prerelease)'
ac_cv_stdint_result='(assuming C99 compatible system)'
ac_cv_type_size_t=yes
ac_cv_type_uid_t=yes
ac_cv_working_alloca_h=yes
gl_cv_func_malloc_0_nonnull=yes
gmp_cv_prog_exeext_for_build=
lsh_cv_c_attribute=yes
lsh_cv_sys_ccpic=-fpic
lt_cv_sys_lib_search_path_spec=
nettle_cv_asm_align_log=yes
nettle_cv_asm_gnu_stack=yes
nettle_cv_asm_type_hash_function=yes
nettle_cv_asm_type_percent_function=yes
nettle_cv_asm_underscore=no
nettle_cv_fcntl_locking=yes
nettle_cv_gmp_numb_bits=32

## ----------------- ##
## Output variables. ##
## ----------------- ##

ALIGNOF_UINT64_T='8'
ALLOCA=''
AR='/home/chris/work/bsp/lollipop-avn_ref_4330_dev/linux/platform/common/fs/buildroot/buildroot-2013.11/output/host/usr/bin/arm-cortex_a9-linux-gnueabi-ar'
ASM_ALIGN_LOG='yes'
ASM_ELF_STYLE='yes'
ASM_MARK_NOEXEC_STACK='.section .note.GNU-stack,"",TYPE_PROGBITS'
ASM_SYMBOL_PREFIX=''
ASM_TYPE_FUNCTION='%function'
ASM_TYPE_PROGBITS='%progbits'
BENCH_LIBS='-lgmp '
CC='/home/chris/work/bsp/lollipop-avn_ref_4330_dev/linux/platform/common/fs/buildroot/buildroot-2013.11/output/host/usr/bin/arm-cortex_a9-linux-gnueabi-gcc'
CCPIC='-fpic'
CCPIC_MAYBE='-fpic'
CC_FOR_BUILD='/usr/bin/gcc'
CFLAGS='-D_LARGEFILE_SOURCE -D_LARGEFILE64_SOURCE -D_FILE_OFFSET_BITS=64  -pipe -mno-unaligned-access -Os  -Wno-pointer-sign -Wall -W   -Wmissing-prototypes -Wmissing-declarations -Wstrict-prototypes   -Wpointer-arith -Wbad-function-cast -Wnested-externs'
CPP='/home/chris/work/bsp/lollipop-avn_ref_4330_dev/linux/platform/common/fs/buildroot/buildroot-2013.11/output/host/usr/bin/arm-cortex_a9-linux-gnueabi-cpp'
CPPFLAGS='-D_LARGEFILE_SOURCE -D_LARGEFILE64_SOURCE -D_FILE_OFFSET_BITS=64'
CXX='/home/chris/work/bsp/lollipop-avn_ref_4330_dev/linux/platform/common/fs/buildroot/buildroot-2013.11/output/host/usr/bin/arm-cortex_a9-linux-gnueabi-g++'
CXXFLAGS='-D_LARGEFILE_SOURCE -D_LARGEFILE64_SOURCE -D_FILE_OFFSET_BITS=64  -pipe -mno-unaligned-access -Os '
DEFS='-DHAVE_CONFIG_H'
DEP_FLAGS='-MT $@ -MD -MP -MF $@.d'
DEP_INCLUDE='include '
DEP_PROCESS='true'
ECHO_C=''
ECHO_N='-n'
ECHO_T=''
EGREP='/bin/grep -E'
EMULATOR=''
EXEEXT=''
EXEEXT_FOR_BUILD=''
GMP_NUMB_BITS='32'
GREP='/bin/grep'
IF_CXX=''
IF_DLL='#'
IF_DOCUMENTATION='#'
IF_HOGWEED=''
IF_SHARED=''
IF_STATIC=''
INSTALL_DATA='${INSTALL} -m 644'
INSTALL_PROGRAM='${INSTALL}'
INSTALL_SCRIPT='${INSTALL}'
LDFLAGS=''
LIBHOGWEED_FILE='$(LIBHOGWEED_SONAME).$(LIBHOGWEED_MINOR)'
LIBHOGWEED_FILE_SRC='$(LIBHOGWEED_FORLINK)'
LIBHOGWEED_FORLINK='libhogweed.so'
LIBHOGWEED_LIBS='-lnettle -lgmp'
LIBHOGWEED_LINK='$(CC) $(CFLAGS) $(LDFLAGS) -L. -shared -Wl,-soname=$(LIBHOGWEED_SONAME)'
LIBHOGWEED_MAJOR='2'
LIBHOGWEED_MINOR='5'
LIBHOGWEED_SONAME='$(LIBHOGWEED_FORLINK).$(LIBHOGWEED_MAJOR)'
LIBNETTLE_FILE='$(LIBNETTLE_SONAME).$(LIBNETTLE_MINOR)'
LIBNETTLE_FILE_SRC='$(LIBNETTLE_FORLINK)'
LIBNETTLE_FORLINK='libnettle.so'
LIBNETTLE_LIBS=''
LIBNETTLE_LINK='$(CC) $(CFLAGS) $(LDFLAGS) -shared -Wl,-soname=$(LIBNETTLE_SONAME)'
LIBNETTLE_MAJOR='4'
LIBNETTLE_MINOR='7'
LIBNETTLE_SONAME='$(LIBNETTLE_FORLINK).$(LIBNETTLE_MAJOR)'
LIBOBJS=' ${LIBOBJDIR}memxor$U.o'
LIBS='-lgmp '
LN_S='ln -s'
LTLIBOBJS=' ${LIBOBJDIR}memxor$U.lo'
M4='/home/chris/work/bsp/lollipop-avn_ref_4330_dev/linux/platform/common/fs/buildroot/buildroot-2013.11/output/host/usr/bin/m4'
MAKEINFO=''
MKDIR_P='/bin/mkdir -p'
NM='/home/chris/work/bsp/lollipop-avn_ref_4330_dev/linux/platform/common/fs/buildroot/buildroot-2013.11/output/host/usr/bin/arm-cortex_a9-linux-gnueabi-nm'
OBJDUMP='/home/chris/work/bsp/lollipop-avn_ref_4330_dev/linux/platform/common/fs/buildroot/buildroot-2013.11/output/host/usr/bin/arm-cortex_a9-linux-gnueabi-objdump'
OBJEXT='o'
OPENSSL_LIBFLAGS=''
OPT_ASM_SOURCES=' ecc-192-modp.asm ecc-224-modp.asm ecc-256-redc.asm ecc-384-modp.asm ecc-521-modp.asm'
PACKAGE_BUGREPORT='nettle-bugs@lists.lysator.liu.se'
PACKAGE_NAME='nettle'
PACKAGE_STRING='nettle 2.7.1'
PACKAGE_TARNAME='nettle'
PACKAGE_URL=''
PACKAGE_VERSION='2.7.1'
PATH_SEPARATOR=':'
RANLIB='/home/chris/work/bsp/lollipop-avn_ref_4330_dev/linux/platform/common/fs/buildroot/buildroot-2013.11/output/host/usr/bin/arm-cortex_a9-linux-gnueabi-ranlib'
SET_MAKE=''
SHELL='/bin/bash'
SHLIBCFLAGS='-fpic'
W64_ABI='no'
ac_ct_CC=''
ac_ct_CXX=''
bindir='${exec_prefix}/bin'
build='x86_64-unknown-linux-gnu'
build_alias='x86_64-unknown-linux-gnu'
build_cpu='x86_64'
build_os='linux-gnu'
build_vendor='unknown'
datadir='${datarootdir}'
datarootdir='${prefix}/share'
docdir='${datarootdir}/doc/${PACKAGE_TARNAME}'
dvidir='${docdir}'
exec_prefix='/usr'
host='arm-buildroot-linux-gnueabi'
host_alias='arm-buildroot-linux-gnueabi'
host_cpu='arm'
host_os='linux-gnueabi'
host_vendor='buildroot'
htmldir='${docdir}'
includedir='${prefix}/include'
infodir='${datarootdir}/info'
libdir='${exec_prefix}/lib'
libexecdir='${exec_prefix}/libexec'
localedir='${datarootdir}/locale'
localstatedir='${prefix}/var'
mandir='${datarootdir}/man'
oldincludedir='/usr/include'
pdfdir='${docdir}'
prefix='/usr'
program_transform_name='s,x,x,'
psdir='${docdir}'
sbindir='${exec_prefix}/sbin'
sharedstatedir='${prefix}/com'
sysconfdir='/etc'
target_alias='arm-buildroot-linux-gnueabi'

## ----------- ##
## confdefs.h. ##
## ----------- ##

/* confdefs.h */
#define PACKAGE_NAME "nettle"
#define PACKAGE_TARNAME "nettle"
#define PACKAGE_VERSION "2.7.1"
#define PACKAGE_STRING "nettle 2.7.1"
#define PACKAGE_BUGREPORT "nettle-bugs@lists.lysator.liu.se"
#define PACKAGE_URL ""
#define HAVE_NATIVE_ecc_192_modp 1
#define HAVE_NATIVE_ecc_224_modp 1
#define HAVE_NATIVE_ecc_256_redc 1
#define HAVE_NATIVE_ecc_384_modp 1
#define HAVE_NATIVE_ecc_521_modp 1
#define STDC_HEADERS 1
#define HAVE_SYS_TYPES_H 1
#define HAVE_SYS_STAT_H 1
#define HAVE_STDLIB_H 1
#define HAVE_STRING_H 1
#define HAVE_MEMORY_H 1
#define HAVE_STRINGS_H 1
#define HAVE_INTTYPES_H 1
#define HAVE_STDINT_H 1
#define HAVE_UNISTD_H 1
#define TIME_WITH_SYS_TIME 1
#define SIZEOF_LONG 4
#define ALIGNOF_UINT64_T 8
#define HAVE_OPENSSL_BLOWFISH_H 1
#define HAVE_OPENSSL_DES_H 1
#define HAVE_OPENSSL_CAST_H 1
#define HAVE_OPENSSL_AES_H 1
#define HAVE_ALLOCA_H 1
#define HAVE_ALLOCA 1
#define HAVE_MALLOC_H 1
#define HAVE_STRERROR 1
#define HAVE_GCC_ATTRIBUTE 1
#define HAVE_FCNTL_LOCKING 1
#define HAVE_LIBGMP 1
#define HAVE_MPZ_POWM_SEC 1
#define WITH_HOGWEED 1
#define HAVE_CLOCK_GETTIME 1

configure: exit 0

## ---------------------- ##
## Running config.status. ##
## ---------------------- ##

This file was extended by nettle config.status 2.7.1, which was
generated by GNU Autoconf 2.69.  Invocation command line was

  CONFIG_FILES    = 
  CONFIG_HEADERS  = 
  CONFIG_LINKS    = 
  CONFIG_COMMANDS = 
  $ ./config.status config.h

on kjlee

config.status:942: creating config.h
config.status:1123: config.h is unchanged
