This file contains any messages produced by compilers while
running configure, to aid debugging if configure makes a mistake.

It was created by configure, which was
generated by GNU Autoconf 2.69.  Invocation command line was

  $ ./configure --target=arm-buildroot-linux-gnueabi --host=arm-buildroot-linux-gnueabi --build=x86_64-unknown-linux-gnu --prefix=/usr --exec-prefix=/usr --sysconfdir=/etc --program-prefix= --disable-gtk-doc --disable-doc --disable-docs --disable-documentation --with-xmlto=no --with-fop=no --enable-ipv6 --enable-static --enable-shared --with-alsa-devdir=/dev/snd --with-pcm-plugins=all --with-ctl-plugins=all --without-versioned --enable-static=no --disable-python

## --------- ##
## Platform. ##
## --------- ##

hostname = kjlee
uname -m = x86_64
uname -r = 3.16.0-50-generic
uname -s = Linux
uname -v = #67~14.04.1-Ubuntu SMP Fri Oct 2 22:07:51 UTC 2015

/usr/bin/uname -p = unknown
/bin/uname -X     = unknown

/bin/arch              = unknown
/usr/bin/arch -k       = unknown
/usr/convex/getsysinfo = unknown
/usr/bin/hostinfo      = unknown
/bin/machine           = unknown
/usr/bin/oslevel       = unknown
/bin/universe          = unknown

PATH: /home/chris/work/bsp/lollipop-avn_ref_4330_dev/linux/platform/common/fs/buildroot/buildroot-2013.11/output/host/bin
PATH: /home/chris/work/bsp/lollipop-avn_ref_4330_dev/linux/platform/common/fs/buildroot/buildroot-2013.11/output/host/usr/bin
PATH: /home/chris/work/bsp/lollipop-avn_ref_4330_dev/linux/platform/common/fs/buildroot/buildroot-2013.11/output/host/usr/sbin/
PATH: /usr/lib/jvm/java-7-openjdk-amd64/bin
PATH: /home/chris/work/bsp/lollipop-avn_ref_4418_dev/out/host/linux-x86/bin
PATH: /home/chris/work/bsp/lollipop-avn_ref_4418_dev/prebuilts/gcc/linux-x86/arm/arm-linux-androideabi-4.8/bin
PATH: /home/chris/work/bsp/lollipop-avn_ref_4418_dev/prebuilts/gcc/linux-x86/
PATH: /home/chris/work/bsp/lollipop-avn_ref_4418_dev/prebuilts/gcc/linux-x86/arm/arm-eabi-4.8/bin
PATH: /home/chris/work/bsp/lollipop-avn_ref_4418_dev/development/scripts
PATH: /home/chris/work/bsp/lollipop-avn_ref_4418_dev/prebuilts/devtools/tools
PATH: /home/chris/work/bsp/lollipop-avn_ref_4418_dev/prebuilts/android-emulator/linux-x86_64
PATH: /usr/local/sbin
PATH: /usr/local/bin
PATH: /usr/sbin
PATH: /usr/bin
PATH: /sbin
PATH: /bin
PATH: /usr/games
PATH: /usr/local/games
PATH: /opt/crosstools/arm-cortex_a9-eabi-4.7-eglibc-2.18/bin
PATH: /opt/crosstools/gcc-linaro-4.9-2014.11-x86_64_arm-linux-gnueabihf/bin


## ----------- ##
## Core tests. ##
## ----------- ##

configure:2407: checking build system type
configure:2421: result: x86_64-unknown-linux-gnu
configure:2441: checking host system type
configure:2454: result: arm-buildroot-linux-gnueabi
configure:2490: checking for a BSD-compatible install
configure:2558: result: /usr/bin/install -c
configure:2569: checking whether build environment is sane
configure:2624: result: yes
configure:2683: checking for arm-buildroot-linux-gnueabi-strip
configure:2710: result: /home/chris/work/bsp/lollipop-avn_ref_4330_dev/linux/platform/common/fs/buildroot/buildroot-2013.11/output/host/usr/bin/arm-cortex_a9-linux-gnueabi-strip
configure:2775: checking for a thread-safe mkdir -p
configure:2814: result: /bin/mkdir -p
configure:2821: checking for gawk
configure:2837: found /usr/bin/gawk
configure:2848: result: gawk
configure:2859: checking whether make sets $(MAKE)
configure:2881: result: yes
configure:2990: checking whether make supports nested variables
configure:3007: result: yes
configure:3048: checking for arm-buildroot-linux-gnueabi-gcc
configure:3075: result: /home/chris/work/bsp/lollipop-avn_ref_4330_dev/linux/platform/common/fs/buildroot/buildroot-2013.11/output/host/usr/bin/arm-cortex_a9-linux-gnueabi-gcc
configure:3344: checking for C compiler version
configure:3353: /home/chris/work/bsp/lollipop-avn_ref_4330_dev/linux/platform/common/fs/buildroot/buildroot-2013.11/output/host/usr/bin/arm-cortex_a9-linux-gnueabi-gcc --version >&5
arm-cortex_a9-linux-gnueabi-gcc (crosstool-NG linaro-1.13.1-4.8-2013.11 - nexell) 4.7.4 20131111 (prerelease)
Copyright (C) 2012 Free Software Foundation, Inc.
This is free software; see the source for copying conditions.  There is NO
warranty; not even for MERCHANTABILITY or FITNESS FOR A PARTICULAR PURPOSE.

configure:3364: $? = 0
configure:3353: /home/chris/work/bsp/lollipop-avn_ref_4330_dev/linux/platform/common/fs/buildroot/buildroot-2013.11/output/host/usr/bin/arm-cortex_a9-linux-gnueabi-gcc -v >&5
Using built-in specs.
COLLECT_GCC=/opt/crosstools/arm-cortex_a9-eabi-4.7-eglibc-2.18/bin/arm-cortex_a9-linux-gnueabi-gcc
COLLECT_LTO_WRAPPER=/opt/crosstools/arm-cortex_a9-eabi-4.7-eglibc-2.18/libexec/gcc/arm-cortex_a9-linux-gnueabi/4.7.4/lto-wrapper
Target: arm-cortex_a9-linux-gnueabi
Configured with: /home/pjsin/devel/tools/crosstools/ct/linaro-1.13.1-4.8-2013.11/.build/src/gcc-linaro-4.7-2013.11/configure --build=x86_64-build_unknown-linux-gnu --host=x86_64-build_unknown-linux-gnu --target=arm-cortex_a9-linux-gnueabi --prefix=/opt/crosstools/arm-cortex_a9-eabi-4.7-eglibc-2.18 --with-sysroot=/opt/crosstools/arm-cortex_a9-eabi-4.7-eglibc-2.18/arm-cortex_a9-linux-gnueabi/sysroot --enable-languages=c,c++,fortran --enable-multilib --with-arch=armv7-a --with-tune=cortex-a9 --with-fpu=vfpv3-d16 --with-float=softfp --with-pkgversion='crosstool-NG linaro-1.13.1-4.8-2013.11 - nexell' --enable-__cxa_atexit --enable-libmudflap --enable-libgomp --enable-libssp --with-gmp=/home/pjsin/devel/tools/crosstools/ct/linaro-1.13.1-4.8-2013.11/.build/arm-cortex_a9-linux-gnueabi/build/static --with-mpfr=/home/pjsin/devel/tools/crosstools/ct/linaro-1.13.1-4.8-2013.11/.build/arm-cortex_a9-linux-gnueabi/build/static --with-mpc=/home/pjsin/devel/tools/crosstools/ct/linaro-1.13.1-4.8-2013.11/.build/arm-cortex_a9-linux-gnueabi/build/static --with-ppl=/home/pjsin/devel/tools/crosstools/ct/linaro-1.13.1-4.8-2013.11/.build/arm-cortex_a9-linux-gnueabi/build/static --with-cloog=/home/pjsin/devel/tools/crosstools/ct/linaro-1.13.1-4.8-2013.11/.build/arm-cortex_a9-linux-gnueabi/build/static --with-libelf=/home/pjsin/devel/tools/crosstools/ct/linaro-1.13.1-4.8-2013.11/.build/arm-cortex_a9-linux-gnueabi/build/static --with-host-libstdcxx='-static-libgcc -Wl,-Bstatic,-lstdc++,-Bdynamic -lm -L/home/pjsin/devel/tools/crosstools/ct/linaro-1.13.1-4.8-2013.11/.build/arm-cortex_a9-linux-gnueabi/build/static/lib -lpwl' --enable-threads=posix --disable-libstdcxx-pch --enable-linker-build-id --enable-plugin --enable-gold --with-local-prefix=/opt/crosstools/arm-cortex_a9-eabi-4.7-eglibc-2.18/arm-cortex_a9-linux-gnueabi/sysroot --enable-c99 --enable-long-long --with-specs='%{save-temps: -fverbose-asm} %{funwind-tables|fno-unwind-tables|mabi=*|ffreestanding|nostdlib:;:-funwind-tables}' --enable-poison-system-directories
Thread model: posix
gcc version 4.7.4 20131111 (prerelease) (crosstool-NG linaro-1.13.1-4.8-2013.11 - nexell) 
configure:3364: $? = 0
configure:3353: /home/chris/work/bsp/lollipop-avn_ref_4330_dev/linux/platform/common/fs/buildroot/buildroot-2013.11/output/host/usr/bin/arm-cortex_a9-linux-gnueabi-gcc -V >&5
arm-cortex_a9-linux-gnueabi-gcc: error: unrecognized command line option '-V'
arm-cortex_a9-linux-gnueabi-gcc: fatal error: no input files
compilation terminated.
configure:3364: $? = 1
configure:3353: /home/chris/work/bsp/lollipop-avn_ref_4330_dev/linux/platform/common/fs/buildroot/buildroot-2013.11/output/host/usr/bin/arm-cortex_a9-linux-gnueabi-gcc -qversion >&5
arm-cortex_a9-linux-gnueabi-gcc: error: unrecognized command line option '-qversion'
arm-cortex_a9-linux-gnueabi-gcc: fatal error: no input files
compilation terminated.
configure:3364: $? = 1
configure:3384: checking whether the C compiler works
configure:3406: /home/chris/work/bsp/lollipop-avn_ref_4330_dev/linux/platform/common/fs/buildroot/buildroot-2013.11/output/host/usr/bin/arm-cortex_a9-linux-gnueabi-gcc -D_LARGEFILE_SOURCE -D_LARGEFILE64_SOURCE -D_FILE_OFFSET_BITS=64  -pipe -mno-unaligned-access -Os  -D_GNU_SOURCE -D_LARGEFILE_SOURCE -D_LARGEFILE64_SOURCE -D_FILE_OFFSET_BITS=64  -lm conftest.c  >&5
configure:3410: $? = 0
configure:3458: result: yes
configure:3461: checking for C compiler default output file name
configure:3463: result: a.out
configure:3469: checking for suffix of executables
configure:3476: /home/chris/work/bsp/lollipop-avn_ref_4330_dev/linux/platform/common/fs/buildroot/buildroot-2013.11/output/host/usr/bin/arm-cortex_a9-linux-gnueabi-gcc -o conftest -D_LARGEFILE_SOURCE -D_LARGEFILE64_SOURCE -D_FILE_OFFSET_BITS=64  -pipe -mno-unaligned-access -Os  -D_GNU_SOURCE -D_LARGEFILE_SOURCE -D_LARGEFILE64_SOURCE -D_FILE_OFFSET_BITS=64  -lm conftest.c  >&5
configure:3480: $? = 0
configure:3502: result: 
configure:3524: checking whether we are cross compiling
configure:3562: result: yes
configure:3567: checking for suffix of object files
configure:3589: /home/chris/work/bsp/lollipop-avn_ref_4330_dev/linux/platform/common/fs/buildroot/buildroot-2013.11/output/host/usr/bin/arm-cortex_a9-linux-gnueabi-gcc -c -D_LARGEFILE_SOURCE -D_LARGEFILE64_SOURCE -D_FILE_OFFSET_BITS=64  -pipe -mno-unaligned-access -Os  -D_GNU_SOURCE -D_LARGEFILE_SOURCE -D_LARGEFILE64_SOURCE -D_FILE_OFFSET_BITS=64 conftest.c >&5
configure:3593: $? = 0
configure:3614: result: o
configure:3618: checking whether we are using the GNU C compiler
configure:3637: /home/chris/work/bsp/lollipop-avn_ref_4330_dev/linux/platform/common/fs/buildroot/buildroot-2013.11/output/host/usr/bin/arm-cortex_a9-linux-gnueabi-gcc -c -D_LARGEFILE_SOURCE -D_LARGEFILE64_SOURCE -D_FILE_OFFSET_BITS=64  -pipe -mno-unaligned-access -Os  -D_GNU_SOURCE -D_LARGEFILE_SOURCE -D_LARGEFILE64_SOURCE -D_FILE_OFFSET_BITS=64 conftest.c >&5
configure:3637: $? = 0
configure:3646: result: yes
configure:3655: checking whether /home/chris/work/bsp/lollipop-avn_ref_4330_dev/linux/platform/common/fs/buildroot/buildroot-2013.11/output/host/usr/bin/arm-cortex_a9-linux-gnueabi-gcc accepts -g
configure:3675: /home/chris/work/bsp/lollipop-avn_ref_4330_dev/linux/platform/common/fs/buildroot/buildroot-2013.11/output/host/usr/bin/arm-cortex_a9-linux-gnueabi-gcc -c -g -D_LARGEFILE_SOURCE -D_LARGEFILE64_SOURCE -D_FILE_OFFSET_BITS=64 conftest.c >&5
configure:3675: $? = 0
configure:3716: result: yes
configure:3733: checking for /home/chris/work/bsp/lollipop-avn_ref_4330_dev/linux/platform/common/fs/buildroot/buildroot-2013.11/output/host/usr/bin/arm-cortex_a9-linux-gnueabi-gcc option to accept ISO C89
configure:3796: /home/chris/work/bsp/lollipop-avn_ref_4330_dev/linux/platform/common/fs/buildroot/buildroot-2013.11/output/host/usr/bin/arm-cortex_a9-linux-gnueabi-gcc  -c -D_LARGEFILE_SOURCE -D_LARGEFILE64_SOURCE -D_FILE_OFFSET_BITS=64  -pipe -mno-unaligned-access -Os  -D_GNU_SOURCE -D_LARGEFILE_SOURCE -D_LARGEFILE64_SOURCE -D_FILE_OFFSET_BITS=64 conftest.c >&5
configure:3796: $? = 0
configure:3809: result: none needed
configure:3840: checking for style of include used by make
configure:3868: result: GNU
configure:3894: checking dependency style of /home/chris/work/bsp/lollipop-avn_ref_4330_dev/linux/platform/common/fs/buildroot/buildroot-2013.11/output/host/usr/bin/arm-cortex_a9-linux-gnueabi-gcc
configure:4005: result: gcc3
configure:4025: checking how to run the C preprocessor
configure:4095: result: /home/chris/work/bsp/lollipop-avn_ref_4330_dev/linux/platform/common/fs/buildroot/buildroot-2013.11/output/host/usr/bin/arm-cortex_a9-linux-gnueabi-cpp
configure:4115: /home/chris/work/bsp/lollipop-avn_ref_4330_dev/linux/platform/common/fs/buildroot/buildroot-2013.11/output/host/usr/bin/arm-cortex_a9-linux-gnueabi-cpp -D_LARGEFILE_SOURCE -D_LARGEFILE64_SOURCE -D_FILE_OFFSET_BITS=64 conftest.c
configure:4115: $? = 0
configure:4129: /home/chris/work/bsp/lollipop-avn_ref_4330_dev/linux/platform/common/fs/buildroot/buildroot-2013.11/output/host/usr/bin/arm-cortex_a9-linux-gnueabi-cpp -D_LARGEFILE_SOURCE -D_LARGEFILE64_SOURCE -D_FILE_OFFSET_BITS=64 conftest.c
conftest.c:11:28: fatal error: ac_nonexistent.h: No such file or directory
compilation terminated.
configure:4129: $? = 1
configure: failed program was:
| /* confdefs.h */
| #define PACKAGE_NAME ""
| #define PACKAGE_TARNAME ""
| #define PACKAGE_VERSION ""
| #define PACKAGE_STRING ""
| #define PACKAGE_BUGREPORT ""
| #define PACKAGE_URL ""
| #define PACKAGE "alsa-lib"
| #define VERSION "1.0.26"
| /* end confdefs.h.  */
| #include <ac_nonexistent.h>
configure:4158: checking whether ln -s works
configure:4162: result: yes
configure:4250: checking how to print strings
configure:4277: result: printf
configure:4298: checking for a sed that does not truncate output
configure:4362: result: /bin/sed
configure:4380: checking for grep that handles long lines and -e
configure:4438: result: /bin/grep
configure:4443: checking for egrep
configure:4505: result: /bin/grep -E
configure:4510: checking for fgrep
configure:4572: result: /bin/grep -F
configure:4607: checking for ld used by /home/chris/work/bsp/lollipop-avn_ref_4330_dev/linux/platform/common/fs/buildroot/buildroot-2013.11/output/host/usr/bin/arm-cortex_a9-linux-gnueabi-gcc
configure:4674: result: /home/chris/work/bsp/lollipop-avn_ref_4330_dev/linux/platform/common/fs/buildroot/buildroot-2013.11/output/host/usr/bin/arm-cortex_a9-linux-gnueabi-ld
configure:4681: checking if the linker (/home/chris/work/bsp/lollipop-avn_ref_4330_dev/linux/platform/common/fs/buildroot/buildroot-2013.11/output/host/usr/bin/arm-cortex_a9-linux-gnueabi-ld) is GNU ld
configure:4696: result: yes
configure:4708: checking for BSD- or MS-compatible name lister (nm)
configure:4757: result: /home/chris/work/bsp/lollipop-avn_ref_4330_dev/linux/platform/common/fs/buildroot/buildroot-2013.11/output/host/usr/bin/arm-cortex_a9-linux-gnueabi-nm
configure:4887: checking the name lister (/home/chris/work/bsp/lollipop-avn_ref_4330_dev/linux/platform/common/fs/buildroot/buildroot-2013.11/output/host/usr/bin/arm-cortex_a9-linux-gnueabi-nm) interface
configure:4894: /home/chris/work/bsp/lollipop-avn_ref_4330_dev/linux/platform/common/fs/buildroot/buildroot-2013.11/output/host/usr/bin/arm-cortex_a9-linux-gnueabi-gcc -c -D_LARGEFILE_SOURCE -D_LARGEFILE64_SOURCE -D_FILE_OFFSET_BITS=64  -pipe -mno-unaligned-access -Os  -D_GNU_SOURCE -D_LARGEFILE_SOURCE -D_LARGEFILE64_SOURCE -D_FILE_OFFSET_BITS=64 conftest.c >&5
configure:4897: /home/chris/work/bsp/lollipop-avn_ref_4330_dev/linux/platform/common/fs/buildroot/buildroot-2013.11/output/host/usr/bin/arm-cortex_a9-linux-gnueabi-nm "conftest.o"
configure:4900: output
00000000 B some_variable
configure:4907: result: BSD nm
configure:4911: checking the maximum length of command line arguments
configure:5041: result: 3458764513820540925
configure:5058: checking whether the shell understands some XSI constructs
configure:5068: result: yes
configure:5072: checking whether the shell understands "+="
configure:5078: result: yes
configure:5113: checking how to convert x86_64-unknown-linux-gnu file names to arm-buildroot-linux-gnueabi format
configure:5153: result: func_convert_file_noop
configure:5160: checking how to convert x86_64-unknown-linux-gnu file names to toolchain format
configure:5180: result: func_convert_file_noop
configure:5187: checking for /home/chris/work/bsp/lollipop-avn_ref_4330_dev/linux/platform/common/fs/buildroot/buildroot-2013.11/output/host/usr/bin/arm-cortex_a9-linux-gnueabi-ld option to reload object files
configure:5194: result: -r
configure:5228: checking for arm-buildroot-linux-gnueabi-objdump
configure:5255: result: /home/chris/work/bsp/lollipop-avn_ref_4330_dev/linux/platform/common/fs/buildroot/buildroot-2013.11/output/host/usr/bin/arm-cortex_a9-linux-gnueabi-objdump
configure:5327: checking how to recognize dependent libraries
configure:5529: result: pass_all
configure:5574: checking for arm-buildroot-linux-gnueabi-dlltool
configure:5604: result: no
configure:5614: checking for dlltool
configure:5644: result: no
configure:5674: checking how to associate runtime and link libraries
configure:5701: result: printf %s\n
configure:5718: checking for arm-buildroot-linux-gnueabi-ar
configure:5745: result: /home/chris/work/bsp/lollipop-avn_ref_4330_dev/linux/platform/common/fs/buildroot/buildroot-2013.11/output/host/usr/bin/arm-cortex_a9-linux-gnueabi-ar
configure:5826: checking for archiver @FILE support
configure:5843: /home/chris/work/bsp/lollipop-avn_ref_4330_dev/linux/platform/common/fs/buildroot/buildroot-2013.11/output/host/usr/bin/arm-cortex_a9-linux-gnueabi-gcc -c -D_LARGEFILE_SOURCE -D_LARGEFILE64_SOURCE -D_FILE_OFFSET_BITS=64  -pipe -mno-unaligned-access -Os  -D_GNU_SOURCE -D_LARGEFILE_SOURCE -D_LARGEFILE64_SOURCE -D_FILE_OFFSET_BITS=64 conftest.c >&5
configure:5843: $? = 0
configure:5846: /home/chris/work/bsp/lollipop-avn_ref_4330_dev/linux/platform/common/fs/buildroot/buildroot-2013.11/output/host/usr/bin/arm-cortex_a9-linux-gnueabi-ar cru libconftest.a @conftest.lst >&5
configure:5849: $? = 0
configure:5854: /home/chris/work/bsp/lollipop-avn_ref_4330_dev/linux/platform/common/fs/buildroot/buildroot-2013.11/output/host/usr/bin/arm-cortex_a9-linux-gnueabi-ar cru libconftest.a @conftest.lst >&5
/home/chris/work/bsp/lollipop-avn_ref_4330_dev/linux/platform/common/fs/buildroot/buildroot-2013.11/output/host/usr/bin/arm-cortex_a9-linux-gnueabi-ar: conftest.o: No such file or directory
configure:5857: $? = 1
configure:5869: result: @
configure:5887: checking for arm-buildroot-linux-gnueabi-strip
configure:5914: result: /home/chris/work/bsp/lollipop-avn_ref_4330_dev/linux/platform/common/fs/buildroot/buildroot-2013.11/output/host/usr/bin/arm-cortex_a9-linux-gnueabi-strip
configure:5986: checking for arm-buildroot-linux-gnueabi-ranlib
configure:6013: result: /home/chris/work/bsp/lollipop-avn_ref_4330_dev/linux/platform/common/fs/buildroot/buildroot-2013.11/output/host/usr/bin/arm-cortex_a9-linux-gnueabi-ranlib
configure:6155: checking command to parse /home/chris/work/bsp/lollipop-avn_ref_4330_dev/linux/platform/common/fs/buildroot/buildroot-2013.11/output/host/usr/bin/arm-cortex_a9-linux-gnueabi-nm output from /home/chris/work/bsp/lollipop-avn_ref_4330_dev/linux/platform/common/fs/buildroot/buildroot-2013.11/output/host/usr/bin/arm-cortex_a9-linux-gnueabi-gcc object
configure:6275: /home/chris/work/bsp/lollipop-avn_ref_4330_dev/linux/platform/common/fs/buildroot/buildroot-2013.11/output/host/usr/bin/arm-cortex_a9-linux-gnueabi-gcc -c -D_LARGEFILE_SOURCE -D_LARGEFILE64_SOURCE -D_FILE_OFFSET_BITS=64  -pipe -mno-unaligned-access -Os  -D_GNU_SOURCE -D_LARGEFILE_SOURCE -D_LARGEFILE64_SOURCE -D_FILE_OFFSET_BITS=64 conftest.c >&5
configure:6278: $? = 0
configure:6282: /home/chris/work/bsp/lollipop-avn_ref_4330_dev/linux/platform/common/fs/buildroot/buildroot-2013.11/output/host/usr/bin/arm-cortex_a9-linux-gnueabi-nm conftest.o \| sed -n -e 's/^.*[ ]\([ABCDGIRSTW][ABCDGIRSTW]*\)[ ][ ]*\([_A-Za-z][_A-Za-z0-9]*\)$/\1 \2 \2/p' | sed '/ __gnu_lto/d' \> conftest.nm
configure:6285: $? = 0
configure:6351: /home/chris/work/bsp/lollipop-avn_ref_4330_dev/linux/platform/common/fs/buildroot/buildroot-2013.11/output/host/usr/bin/arm-cortex_a9-linux-gnueabi-gcc -o conftest -D_LARGEFILE_SOURCE -D_LARGEFILE64_SOURCE -D_FILE_OFFSET_BITS=64  -pipe -mno-unaligned-access -Os  -D_GNU_SOURCE -D_LARGEFILE_SOURCE -D_LARGEFILE64_SOURCE -D_FILE_OFFSET_BITS=64  -lm conftest.c conftstm.o >&5
configure:6354: $? = 0
configure:6392: result: ok
configure:6429: checking for sysroot
configure:6459: result: no
configure:6711: checking for arm-buildroot-linux-gnueabi-mt
configure:6741: result: no
configure:6751: checking for mt
configure:6767: found /bin/mt
configure:6778: result: mt
configure:6790: WARNING: using cross tools not prefixed with host triplet
configure:6801: checking if mt is a manifest tool
configure:6807: mt '-?'
configure:6815: result: no
configure:7453: checking for ANSI C header files
configure:7473: /home/chris/work/bsp/lollipop-avn_ref_4330_dev/linux/platform/common/fs/buildroot/buildroot-2013.11/output/host/usr/bin/arm-cortex_a9-linux-gnueabi-gcc -c -D_LARGEFILE_SOURCE -D_LARGEFILE64_SOURCE -D_FILE_OFFSET_BITS=64  -pipe -mno-unaligned-access -Os  -D_GNU_SOURCE -D_LARGEFILE_SOURCE -D_LARGEFILE64_SOURCE -D_FILE_OFFSET_BITS=64 conftest.c >&5
configure:7473: $? = 0
configure:7557: result: yes
configure:7570: checking for sys/types.h
configure:7570: /home/chris/work/bsp/lollipop-avn_ref_4330_dev/linux/platform/common/fs/buildroot/buildroot-2013.11/output/host/usr/bin/arm-cortex_a9-linux-gnueabi-gcc -c -D_LARGEFILE_SOURCE -D_LARGEFILE64_SOURCE -D_FILE_OFFSET_BITS=64  -pipe -mno-unaligned-access -Os  -D_GNU_SOURCE -D_LARGEFILE_SOURCE -D_LARGEFILE64_SOURCE -D_FILE_OFFSET_BITS=64 conftest.c >&5
configure:7570: $? = 0
configure:7570: result: yes
configure:7570: checking for sys/stat.h
configure:7570: /home/chris/work/bsp/lollipop-avn_ref_4330_dev/linux/platform/common/fs/buildroot/buildroot-2013.11/output/host/usr/bin/arm-cortex_a9-linux-gnueabi-gcc -c -D_LARGEFILE_SOURCE -D_LARGEFILE64_SOURCE -D_FILE_OFFSET_BITS=64  -pipe -mno-unaligned-access -Os  -D_GNU_SOURCE -D_LARGEFILE_SOURCE -D_LARGEFILE64_SOURCE -D_FILE_OFFSET_BITS=64 conftest.c >&5
configure:7570: $? = 0
configure:7570: result: yes
configure:7570: checking for stdlib.h
configure:7570: /home/chris/work/bsp/lollipop-avn_ref_4330_dev/linux/platform/common/fs/buildroot/buildroot-2013.11/output/host/usr/bin/arm-cortex_a9-linux-gnueabi-gcc -c -D_LARGEFILE_SOURCE -D_LARGEFILE64_SOURCE -D_FILE_OFFSET_BITS=64  -pipe -mno-unaligned-access -Os  -D_GNU_SOURCE -D_LARGEFILE_SOURCE -D_LARGEFILE64_SOURCE -D_FILE_OFFSET_BITS=64 conftest.c >&5
configure:7570: $? = 0
configure:7570: result: yes
configure:7570: checking for string.h
configure:7570: /home/chris/work/bsp/lollipop-avn_ref_4330_dev/linux/platform/common/fs/buildroot/buildroot-2013.11/output/host/usr/bin/arm-cortex_a9-linux-gnueabi-gcc -c -D_LARGEFILE_SOURCE -D_LARGEFILE64_SOURCE -D_FILE_OFFSET_BITS=64  -pipe -mno-unaligned-access -Os  -D_GNU_SOURCE -D_LARGEFILE_SOURCE -D_LARGEFILE64_SOURCE -D_FILE_OFFSET_BITS=64 conftest.c >&5
configure:7570: $? = 0
configure:7570: result: yes
configure:7570: checking for memory.h
configure:7570: /home/chris/work/bsp/lollipop-avn_ref_4330_dev/linux/platform/common/fs/buildroot/buildroot-2013.11/output/host/usr/bin/arm-cortex_a9-linux-gnueabi-gcc -c -D_LARGEFILE_SOURCE -D_LARGEFILE64_SOURCE -D_FILE_OFFSET_BITS=64  -pipe -mno-unaligned-access -Os  -D_GNU_SOURCE -D_LARGEFILE_SOURCE -D_LARGEFILE64_SOURCE -D_FILE_OFFSET_BITS=64 conftest.c >&5
configure:7570: $? = 0
configure:7570: result: yes
configure:7570: checking for strings.h
configure:7570: /home/chris/work/bsp/lollipop-avn_ref_4330_dev/linux/platform/common/fs/buildroot/buildroot-2013.11/output/host/usr/bin/arm-cortex_a9-linux-gnueabi-gcc -c -D_LARGEFILE_SOURCE -D_LARGEFILE64_SOURCE -D_FILE_OFFSET_BITS=64  -pipe -mno-unaligned-access -Os  -D_GNU_SOURCE -D_LARGEFILE_SOURCE -D_LARGEFILE64_SOURCE -D_FILE_OFFSET_BITS=64 conftest.c >&5
configure:7570: $? = 0
configure:7570: result: yes
configure:7570: checking for inttypes.h
configure:7570: /home/chris/work/bsp/lollipop-avn_ref_4330_dev/linux/platform/common/fs/buildroot/buildroot-2013.11/output/host/usr/bin/arm-cortex_a9-linux-gnueabi-gcc -c -D_LARGEFILE_SOURCE -D_LARGEFILE64_SOURCE -D_FILE_OFFSET_BITS=64  -pipe -mno-unaligned-access -Os  -D_GNU_SOURCE -D_LARGEFILE_SOURCE -D_LARGEFILE64_SOURCE -D_FILE_OFFSET_BITS=64 conftest.c >&5
configure:7570: $? = 0
configure:7570: result: yes
configure:7570: checking for stdint.h
configure:7570: /home/chris/work/bsp/lollipop-avn_ref_4330_dev/linux/platform/common/fs/buildroot/buildroot-2013.11/output/host/usr/bin/arm-cortex_a9-linux-gnueabi-gcc -c -D_LARGEFILE_SOURCE -D_LARGEFILE64_SOURCE -D_FILE_OFFSET_BITS=64  -pipe -mno-unaligned-access -Os  -D_GNU_SOURCE -D_LARGEFILE_SOURCE -D_LARGEFILE64_SOURCE -D_FILE_OFFSET_BITS=64 conftest.c >&5
configure:7570: $? = 0
configure:7570: result: yes
configure:7570: checking for unistd.h
configure:7570: /home/chris/work/bsp/lollipop-avn_ref_4330_dev/linux/platform/common/fs/buildroot/buildroot-2013.11/output/host/usr/bin/arm-cortex_a9-linux-gnueabi-gcc -c -D_LARGEFILE_SOURCE -D_LARGEFILE64_SOURCE -D_FILE_OFFSET_BITS=64  -pipe -mno-unaligned-access -Os  -D_GNU_SOURCE -D_LARGEFILE_SOURCE -D_LARGEFILE64_SOURCE -D_FILE_OFFSET_BITS=64 conftest.c >&5
configure:7570: $? = 0
configure:7570: result: yes
configure:7584: checking for dlfcn.h
configure:7584: /home/chris/work/bsp/lollipop-avn_ref_4330_dev/linux/platform/common/fs/buildroot/buildroot-2013.11/output/host/usr/bin/arm-cortex_a9-linux-gnueabi-gcc -c -D_LARGEFILE_SOURCE -D_LARGEFILE64_SOURCE -D_FILE_OFFSET_BITS=64  -pipe -mno-unaligned-access -Os  -D_GNU_SOURCE -D_LARGEFILE_SOURCE -D_LARGEFILE64_SOURCE -D_FILE_OFFSET_BITS=64 conftest.c >&5
configure:7584: $? = 0
configure:7584: result: yes
configure:7758: checking for objdir
configure:7773: result: .libs
configure:8040: checking if /home/chris/work/bsp/lollipop-avn_ref_4330_dev/linux/platform/common/fs/buildroot/buildroot-2013.11/output/host/usr/bin/arm-cortex_a9-linux-gnueabi-gcc supports -fno-rtti -fno-exceptions
configure:8058: /home/chris/work/bsp/lollipop-avn_ref_4330_dev/linux/platform/common/fs/buildroot/buildroot-2013.11/output/host/usr/bin/arm-cortex_a9-linux-gnueabi-gcc -c -D_LARGEFILE_SOURCE -D_LARGEFILE64_SOURCE -D_FILE_OFFSET_BITS=64  -pipe -mno-unaligned-access -Os  -D_GNU_SOURCE -D_LARGEFILE_SOURCE -D_LARGEFILE64_SOURCE -D_FILE_OFFSET_BITS=64 -fno-rtti -fno-exceptions conftest.c >&5
cc1: warning: command line option '-fno-rtti' is valid for C++/ObjC++ but not for C [enabled by default]
configure:8062: $? = 0
configure:8075: result: no
configure:8402: checking for /home/chris/work/bsp/lollipop-avn_ref_4330_dev/linux/platform/common/fs/buildroot/buildroot-2013.11/output/host/usr/bin/arm-cortex_a9-linux-gnueabi-gcc option to produce PIC
configure:8409: result: -fPIC -DPIC
configure:8417: checking if /home/chris/work/bsp/lollipop-avn_ref_4330_dev/linux/platform/common/fs/buildroot/buildroot-2013.11/output/host/usr/bin/arm-cortex_a9-linux-gnueabi-gcc PIC flag -fPIC -DPIC works
configure:8435: /home/chris/work/bsp/lollipop-avn_ref_4330_dev/linux/platform/common/fs/buildroot/buildroot-2013.11/output/host/usr/bin/arm-cortex_a9-linux-gnueabi-gcc -c -D_LARGEFILE_SOURCE -D_LARGEFILE64_SOURCE -D_FILE_OFFSET_BITS=64  -pipe -mno-unaligned-access -Os  -D_GNU_SOURCE -D_LARGEFILE_SOURCE -D_LARGEFILE64_SOURCE -D_FILE_OFFSET_BITS=64 -fPIC -DPIC -DPIC conftest.c >&5
configure:8439: $? = 0
configure:8452: result: yes
configure:8481: checking if /home/chris/work/bsp/lollipop-avn_ref_4330_dev/linux/platform/common/fs/buildroot/buildroot-2013.11/output/host/usr/bin/arm-cortex_a9-linux-gnueabi-gcc static flag -static works
configure:8509: result: yes
configure:8524: checking if /home/chris/work/bsp/lollipop-avn_ref_4330_dev/linux/platform/common/fs/buildroot/buildroot-2013.11/output/host/usr/bin/arm-cortex_a9-linux-gnueabi-gcc supports -c -o file.o
configure:8545: /home/chris/work/bsp/lollipop-avn_ref_4330_dev/linux/platform/common/fs/buildroot/buildroot-2013.11/output/host/usr/bin/arm-cortex_a9-linux-gnueabi-gcc -c -D_LARGEFILE_SOURCE -D_LARGEFILE64_SOURCE -D_FILE_OFFSET_BITS=64  -pipe -mno-unaligned-access -Os  -D_GNU_SOURCE -D_LARGEFILE_SOURCE -D_LARGEFILE64_SOURCE -D_FILE_OFFSET_BITS=64 -o out/conftest2.o conftest.c >&5
configure:8549: $? = 0
configure:8571: result: yes
configure:8579: checking if /home/chris/work/bsp/lollipop-avn_ref_4330_dev/linux/platform/common/fs/buildroot/buildroot-2013.11/output/host/usr/bin/arm-cortex_a9-linux-gnueabi-gcc supports -c -o file.o
configure:8626: result: yes
configure:8659: checking whether the /home/chris/work/bsp/lollipop-avn_ref_4330_dev/linux/platform/common/fs/buildroot/buildroot-2013.11/output/host/usr/bin/arm-cortex_a9-linux-gnueabi-gcc linker (/home/chris/work/bsp/lollipop-avn_ref_4330_dev/linux/platform/common/fs/buildroot/buildroot-2013.11/output/host/usr/bin/arm-cortex_a9-linux-gnueabi-ld) supports shared libraries
configure:9812: result: yes
configure:9849: checking whether -lc should be explicitly linked in
configure:9857: /home/chris/work/bsp/lollipop-avn_ref_4330_dev/linux/platform/common/fs/buildroot/buildroot-2013.11/output/host/usr/bin/arm-cortex_a9-linux-gnueabi-gcc -c -D_LARGEFILE_SOURCE -D_LARGEFILE64_SOURCE -D_FILE_OFFSET_BITS=64  -pipe -mno-unaligned-access -Os  -D_GNU_SOURCE -D_LARGEFILE_SOURCE -D_LARGEFILE64_SOURCE -D_FILE_OFFSET_BITS=64 conftest.c >&5
configure:9860: $? = 0
configure:9875: /home/chris/work/bsp/lollipop-avn_ref_4330_dev/linux/platform/common/fs/buildroot/buildroot-2013.11/output/host/usr/bin/arm-cortex_a9-linux-gnueabi-gcc -shared  -fPIC -DPIC conftest.o  -v -Wl,-soname -Wl,conftest -o conftest 2\>\&1 \| /bin/grep  -lc  \>/dev/null 2\>\&1
configure:9878: $? = 0
configure:9892: result: no
configure:10052: checking dynamic linker characteristics
configure:10563: /home/chris/work/bsp/lollipop-avn_ref_4330_dev/linux/platform/common/fs/buildroot/buildroot-2013.11/output/host/usr/bin/arm-cortex_a9-linux-gnueabi-gcc -o conftest -D_LARGEFILE_SOURCE -D_LARGEFILE64_SOURCE -D_FILE_OFFSET_BITS=64  -pipe -mno-unaligned-access -Os  -D_GNU_SOURCE -D_LARGEFILE_SOURCE -D_LARGEFILE64_SOURCE -D_FILE_OFFSET_BITS=64  -lm -Wl,-rpath -Wl,/foo conftest.c  >&5
configure:10563: $? = 0
configure:10785: result: GNU/Linux ld.so
configure:10892: checking how to hardcode library paths into programs
configure:10917: result: immediate
configure:11011: checking for shl_load
configure:11011: /home/chris/work/bsp/lollipop-avn_ref_4330_dev/linux/platform/common/fs/buildroot/buildroot-2013.11/output/host/usr/bin/arm-cortex_a9-linux-gnueabi-gcc -o conftest -D_LARGEFILE_SOURCE -D_LARGEFILE64_SOURCE -D_FILE_OFFSET_BITS=64  -pipe -mno-unaligned-access -Os  -D_GNU_SOURCE -D_LARGEFILE_SOURCE -D_LARGEFILE64_SOURCE -D_FILE_OFFSET_BITS=64  -lm conftest.c  >&5
/tmp/ccZXsTOp.o: In function `main':
conftest.c:(.text.startup+0x4): undefined reference to `shl_load'
collect2: error: ld returned 1 exit status
configure:11011: $? = 1
configure: failed program was:
| /* confdefs.h */
| #define PACKAGE_NAME ""
| #define PACKAGE_TARNAME ""
| #define PACKAGE_VERSION ""
| #define PACKAGE_STRING ""
| #define PACKAGE_BUGREPORT ""
| #define PACKAGE_URL ""
| #define PACKAGE "alsa-lib"
| #define VERSION "1.0.26"
| #define STDC_HEADERS 1
| #define HAVE_SYS_TYPES_H 1
| #define HAVE_SYS_STAT_H 1
| #define HAVE_STDLIB_H 1
| #define HAVE_STRING_H 1
| #define HAVE_MEMORY_H 1
| #define HAVE_STRINGS_H 1
| #define HAVE_INTTYPES_H 1
| #define HAVE_STDINT_H 1
| #define HAVE_UNISTD_H 1
| #define HAVE_DLFCN_H 1
| #define LT_OBJDIR ".libs/"
| /* end confdefs.h.  */
| /* Define shl_load to an innocuous variant, in case <limits.h> declares shl_load.
|    For example, HP-UX 11i <limits.h> declares gettimeofday.  */
| #define shl_load innocuous_shl_load
| 
| /* System header to define __stub macros and hopefully few prototypes,
|     which can conflict with char shl_load (); below.
|     Prefer <limits.h> to <assert.h> if __STDC__ is defined, since
|     <limits.h> exists even on freestanding compilers.  */
| 
| #ifdef __STDC__
| # include <limits.h>
| #else
| # include <assert.h>
| #endif
| 
| #undef shl_load
| 
| /* Override any GCC internal prototype to avoid an error.
|    Use char because int might match the return type of a GCC
|    builtin and then its argument prototype would still apply.  */
| #ifdef __cplusplus
| extern "C"
| #endif
| char shl_load ();
| /* The GNU C library defines this for functions which it implements
|     to always fail with ENOSYS.  Some functions are actually named
|     something starting with __ and the normal name is an alias.  */
| #if defined __stub_shl_load || defined __stub___shl_load
| choke me
| #endif
| 
| int
| main ()
| {
| return shl_load ();
|   ;
|   return 0;
| }
configure:11011: result: no
configure:11015: checking for shl_load in -ldld
configure:11040: /home/chris/work/bsp/lollipop-avn_ref_4330_dev/linux/platform/common/fs/buildroot/buildroot-2013.11/output/host/usr/bin/arm-cortex_a9-linux-gnueabi-gcc -o conftest -D_LARGEFILE_SOURCE -D_LARGEFILE64_SOURCE -D_FILE_OFFSET_BITS=64  -pipe -mno-unaligned-access -Os  -D_GNU_SOURCE -D_LARGEFILE_SOURCE -D_LARGEFILE64_SOURCE -D_FILE_OFFSET_BITS=64  -lm conftest.c -ldld   >&5
/opt/crosstools/arm-cortex_a9-eabi-4.7-eglibc-2.18/lib/gcc/arm-cortex_a9-linux-gnueabi/4.7.4/../../../../arm-cortex_a9-linux-gnueabi/bin/ld.bfd: cannot find -ldld
collect2: error: ld returned 1 exit status
configure:11040: $? = 1
configure: failed program was:
| /* confdefs.h */
| #define PACKAGE_NAME ""
| #define PACKAGE_TARNAME ""
| #define PACKAGE_VERSION ""
| #define PACKAGE_STRING ""
| #define PACKAGE_BUGREPORT ""
| #define PACKAGE_URL ""
| #define PACKAGE "alsa-lib"
| #define VERSION "1.0.26"
| #define STDC_HEADERS 1
| #define HAVE_SYS_TYPES_H 1
| #define HAVE_SYS_STAT_H 1
| #define HAVE_STDLIB_H 1
| #define HAVE_STRING_H 1
| #define HAVE_MEMORY_H 1
| #define HAVE_STRINGS_H 1
| #define HAVE_INTTYPES_H 1
| #define HAVE_STDINT_H 1
| #define HAVE_UNISTD_H 1
| #define HAVE_DLFCN_H 1
| #define LT_OBJDIR ".libs/"
| /* end confdefs.h.  */
| 
| /* Override any GCC internal prototype to avoid an error.
|    Use char because int might match the return type of a GCC
|    builtin and then its argument prototype would still apply.  */
| #ifdef __cplusplus
| extern "C"
| #endif
| char shl_load ();
| int
| main ()
| {
| return shl_load ();
|   ;
|   return 0;
| }
configure:11049: result: no
configure:11054: checking for dlopen
configure:11054: /home/chris/work/bsp/lollipop-avn_ref_4330_dev/linux/platform/common/fs/buildroot/buildroot-2013.11/output/host/usr/bin/arm-cortex_a9-linux-gnueabi-gcc -o conftest -D_LARGEFILE_SOURCE -D_LARGEFILE64_SOURCE -D_FILE_OFFSET_BITS=64  -pipe -mno-unaligned-access -Os  -D_GNU_SOURCE -D_LARGEFILE_SOURCE -D_LARGEFILE64_SOURCE -D_FILE_OFFSET_BITS=64  -lm conftest.c  >&5
/tmp/cciiqPZr.o: In function `main':
conftest.c:(.text.startup+0x4): undefined reference to `dlopen'
collect2: error: ld returned 1 exit status
configure:11054: $? = 1
configure: failed program was:
| /* confdefs.h */
| #define PACKAGE_NAME ""
| #define PACKAGE_TARNAME ""
| #define PACKAGE_VERSION ""
| #define PACKAGE_STRING ""
| #define PACKAGE_BUGREPORT ""
| #define PACKAGE_URL ""
| #define PACKAGE "alsa-lib"
| #define VERSION "1.0.26"
| #define STDC_HEADERS 1
| #define HAVE_SYS_TYPES_H 1
| #define HAVE_SYS_STAT_H 1
| #define HAVE_STDLIB_H 1
| #define HAVE_STRING_H 1
| #define HAVE_MEMORY_H 1
| #define HAVE_STRINGS_H 1
| #define HAVE_INTTYPES_H 1
| #define HAVE_STDINT_H 1
| #define HAVE_UNISTD_H 1
| #define HAVE_DLFCN_H 1
| #define LT_OBJDIR ".libs/"
| /* end confdefs.h.  */
| /* Define dlopen to an innocuous variant, in case <limits.h> declares dlopen.
|    For example, HP-UX 11i <limits.h> declares gettimeofday.  */
| #define dlopen innocuous_dlopen
| 
| /* System header to define __stub macros and hopefully few prototypes,
|     which can conflict with char dlopen (); below.
|     Prefer <limits.h> to <assert.h> if __STDC__ is defined, since
|     <limits.h> exists even on freestanding compilers.  */
| 
| #ifdef __STDC__
| # include <limits.h>
| #else
| # include <assert.h>
| #endif
| 
| #undef dlopen
| 
| /* Override any GCC internal prototype to avoid an error.
|    Use char because int might match the return type of a GCC
|    builtin and then its argument prototype would still apply.  */
| #ifdef __cplusplus
| extern "C"
| #endif
| char dlopen ();
| /* The GNU C library defines this for functions which it implements
|     to always fail with ENOSYS.  Some functions are actually named
|     something starting with __ and the normal name is an alias.  */
| #if defined __stub_dlopen || defined __stub___dlopen
| choke me
| #endif
| 
| int
| main ()
| {
| return dlopen ();
|   ;
|   return 0;
| }
configure:11054: result: no
configure:11058: checking for dlopen in -ldl
configure:11083: /home/chris/work/bsp/lollipop-avn_ref_4330_dev/linux/platform/common/fs/buildroot/buildroot-2013.11/output/host/usr/bin/arm-cortex_a9-linux-gnueabi-gcc -o conftest -D_LARGEFILE_SOURCE -D_LARGEFILE64_SOURCE -D_FILE_OFFSET_BITS=64  -pipe -mno-unaligned-access -Os  -D_GNU_SOURCE -D_LARGEFILE_SOURCE -D_LARGEFILE64_SOURCE -D_FILE_OFFSET_BITS=64  -lm conftest.c -ldl   >&5
configure:11083: $? = 0
configure:11092: result: yes
configure:11211: checking whether a program can dlopen itself
configure:11312: result: cross
configure:11457: checking whether stripping libraries is possible
configure:11462: result: yes
configure:11497: checking if libtool supports shared libraries
configure:11499: result: yes
configure:11502: checking whether to build shared libraries
configure:11523: result: yes
configure:11526: checking whether to build static libraries
configure:11530: result: no
configure:11576: checking if /home/chris/work/bsp/lollipop-avn_ref_4330_dev/linux/platform/common/fs/buildroot/buildroot-2013.11/output/host/usr/bin/arm-cortex_a9-linux-gnueabi-gcc supports -Wl,--no-undefined flag
configure:11587: /home/chris/work/bsp/lollipop-avn_ref_4330_dev/linux/platform/common/fs/buildroot/buildroot-2013.11/output/host/usr/bin/arm-cortex_a9-linux-gnueabi-gcc -o conftest -D_LARGEFILE_SOURCE -D_LARGEFILE64_SOURCE -D_FILE_OFFSET_BITS=64  -pipe -mno-unaligned-access -Os  -D_GNU_SOURCE -D_LARGEFILE_SOURCE -D_LARGEFILE64_SOURCE -D_FILE_OFFSET_BITS=64  -lm -Wl,--no-undefined conftest.c  >&5
configure:11587: $? = 0
configure:11598: result: yes
configure:11613: checking for ANSI C header files
configure:11717: result: yes
configure:11728: checking for an ANSI C-conforming const
configure:11794: /home/chris/work/bsp/lollipop-avn_ref_4330_dev/linux/platform/common/fs/buildroot/buildroot-2013.11/output/host/usr/bin/arm-cortex_a9-linux-gnueabi-gcc -c -D_LARGEFILE_SOURCE -D_LARGEFILE64_SOURCE -D_FILE_OFFSET_BITS=64  -pipe -mno-unaligned-access -Os  -D_GNU_SOURCE -D_LARGEFILE_SOURCE -D_LARGEFILE64_SOURCE -D_FILE_OFFSET_BITS=64 conftest.c >&5
configure:11794: $? = 0
configure:11801: result: yes
configure:11809: checking for inline
configure:11825: /home/chris/work/bsp/lollipop-avn_ref_4330_dev/linux/platform/common/fs/buildroot/buildroot-2013.11/output/host/usr/bin/arm-cortex_a9-linux-gnueabi-gcc -c -D_LARGEFILE_SOURCE -D_LARGEFILE64_SOURCE -D_FILE_OFFSET_BITS=64  -pipe -mno-unaligned-access -Os  -D_GNU_SOURCE -D_LARGEFILE_SOURCE -D_LARGEFILE64_SOURCE -D_FILE_OFFSET_BITS=64 conftest.c >&5
configure:11825: $? = 0
configure:11833: result: inline
configure:11851: checking whether time.h and sys/time.h may both be included
configure:11871: /home/chris/work/bsp/lollipop-avn_ref_4330_dev/linux/platform/common/fs/buildroot/buildroot-2013.11/output/host/usr/bin/arm-cortex_a9-linux-gnueabi-gcc -c -D_LARGEFILE_SOURCE -D_LARGEFILE64_SOURCE -D_FILE_OFFSET_BITS=64  -pipe -mno-unaligned-access -Os  -D_GNU_SOURCE -D_LARGEFILE_SOURCE -D_LARGEFILE64_SOURCE -D_FILE_OFFSET_BITS=64 conftest.c >&5
configure:11871: $? = 0
configure:11878: result: yes
configure:11888: checking whether /home/chris/work/bsp/lollipop-avn_ref_4330_dev/linux/platform/common/fs/buildroot/buildroot-2013.11/output/host/usr/bin/arm-cortex_a9-linux-gnueabi-gcc needs -traditional
configure:11922: result: no
configure:11929: checking for hsearch_r
configure:11929: /home/chris/work/bsp/lollipop-avn_ref_4330_dev/linux/platform/common/fs/buildroot/buildroot-2013.11/output/host/usr/bin/arm-cortex_a9-linux-gnueabi-gcc -o conftest -D_LARGEFILE_SOURCE -D_LARGEFILE64_SOURCE -D_FILE_OFFSET_BITS=64  -pipe -mno-unaligned-access -Os  -D_GNU_SOURCE -D_LARGEFILE_SOURCE -D_LARGEFILE64_SOURCE -D_FILE_OFFSET_BITS=64  -lm conftest.c  >&5
configure:11929: $? = 0
configure:11929: result: yes
configure:11944: checking for uselocale
configure:11944: /home/chris/work/bsp/lollipop-avn_ref_4330_dev/linux/platform/common/fs/buildroot/buildroot-2013.11/output/host/usr/bin/arm-cortex_a9-linux-gnueabi-gcc -o conftest -D_LARGEFILE_SOURCE -D_LARGEFILE64_SOURCE -D_FILE_OFFSET_BITS=64  -pipe -mno-unaligned-access -Os  -D_GNU_SOURCE -D_LARGEFILE_SOURCE -D_LARGEFILE64_SOURCE -D_FILE_OFFSET_BITS=64  -lm conftest.c  >&5
configure:11944: $? = 0
configure:11944: result: yes
configure:11954: checking for fork
configure:11954: /home/chris/work/bsp/lollipop-avn_ref_4330_dev/linux/platform/common/fs/buildroot/buildroot-2013.11/output/host/usr/bin/arm-cortex_a9-linux-gnueabi-gcc -o conftest -D_LARGEFILE_SOURCE -D_LARGEFILE64_SOURCE -D_FILE_OFFSET_BITS=64  -pipe -mno-unaligned-access -Os  -D_GNU_SOURCE -D_LARGEFILE_SOURCE -D_LARGEFILE64_SOURCE -D_FILE_OFFSET_BITS=64  -lm conftest.c  >&5
conftest.c:49:6: warning: conflicting types for built-in function 'fork' [enabled by default]
configure:11954: $? = 0
configure:11954: result: yes
configure:11961: checking for library version
configure:11986: result: major 1 minor 0 subminor 26 extrastr  extraver 1000000
configure:12077: checking for versioned symbols
configure:12111: result: no
configure:12123: checking for symbolic-functions
configure:12142: result: no
configure:12154: checking for custom symbol prefixes
configure:12167: result: 
configure:12170: checking for debug
configure:12181: result: yes
configure:12192: checking for debug assert
configure:12208: result: no
configure:12213: checking for tmpdir
configure:12223: result: /tmp
configure:12231: checking for softfloat
configure:12249: result: no
configure:12258: checking for libdl
configure:12269: checking for dlsym in -ldl
configure:12294: /home/chris/work/bsp/lollipop-avn_ref_4330_dev/linux/platform/common/fs/buildroot/buildroot-2013.11/output/host/usr/bin/arm-cortex_a9-linux-gnueabi-gcc -o conftest -D_LARGEFILE_SOURCE -D_LARGEFILE64_SOURCE -D_FILE_OFFSET_BITS=64  -pipe -mno-unaligned-access -Os  -D_GNU_SOURCE -D_LARGEFILE_SOURCE -D_LARGEFILE64_SOURCE -D_FILE_OFFSET_BITS=64  -lm conftest.c -ldl   >&5
configure:12294: $? = 0
configure:12303: result: yes
configure:12328: checking for pthread
configure:12339: checking for pthread_join in -lpthread
configure:12364: /home/chris/work/bsp/lollipop-avn_ref_4330_dev/linux/platform/common/fs/buildroot/buildroot-2013.11/output/host/usr/bin/arm-cortex_a9-linux-gnueabi-gcc -o conftest -D_LARGEFILE_SOURCE -D_LARGEFILE64_SOURCE -D_FILE_OFFSET_BITS=64  -pipe -mno-unaligned-access -Os  -D_GNU_SOURCE -D_LARGEFILE_SOURCE -D_LARGEFILE64_SOURCE -D_FILE_OFFSET_BITS=64  -lm conftest.c -lpthread   >&5
configure:12364: $? = 0
configure:12373: result: yes
configure:12390: checking for librt
configure:12401: checking for clock_gettime in -lrt
configure:12426: /home/chris/work/bsp/lollipop-avn_ref_4330_dev/linux/platform/common/fs/buildroot/buildroot-2013.11/output/host/usr/bin/arm-cortex_a9-linux-gnueabi-gcc -o conftest -D_LARGEFILE_SOURCE -D_LARGEFILE64_SOURCE -D_FILE_OFFSET_BITS=64  -pipe -mno-unaligned-access -Os  -D_GNU_SOURCE -D_LARGEFILE_SOURCE -D_LARGEFILE64_SOURCE -D_FILE_OFFSET_BITS=64  -lm conftest.c -lrt   >&5
configure:12426: $? = 0
configure:12435: result: yes
configure:12457: checking for architecture
configure:12488: result: arm
configure:12501: checking wordexp.h usability
configure:12501: /home/chris/work/bsp/lollipop-avn_ref_4330_dev/linux/platform/common/fs/buildroot/buildroot-2013.11/output/host/usr/bin/arm-cortex_a9-linux-gnueabi-gcc -c -D_LARGEFILE_SOURCE -D_LARGEFILE64_SOURCE -D_FILE_OFFSET_BITS=64  -pipe -mno-unaligned-access -Os  -D_GNU_SOURCE -D_LARGEFILE_SOURCE -D_LARGEFILE64_SOURCE -D_FILE_OFFSET_BITS=64 -D__arm__ conftest.c >&5
configure:12501: $? = 0
configure:12501: result: yes
configure:12501: checking wordexp.h presence
configure:12501: /home/chris/work/bsp/lollipop-avn_ref_4330_dev/linux/platform/common/fs/buildroot/buildroot-2013.11/output/host/usr/bin/arm-cortex_a9-linux-gnueabi-cpp -D_LARGEFILE_SOURCE -D_LARGEFILE64_SOURCE -D_FILE_OFFSET_BITS=64 -D__arm__ conftest.c
configure:12501: $? = 0
configure:12501: result: yes
configure:12501: checking for wordexp.h
configure:12501: result: yes
configure:12512: checking for resmgr support
configure:12521: result: no
configure:12576: checking for aload* support
configure:12585: result: yes
configure:12593: checking for ALSA device file directory
configure:12611: result: /dev/snd/
configure:12614: checking for aload* device file directory
configure:12632: result: /dev/
configure:13339: checking that generated files are newer than configure
configure:13345: result: done
configure:13548: creating ./config.status

## ---------------------- ##
## Running config.status. ##
## ---------------------- ##

This file was extended by config.status, which was
generated by GNU Autoconf 2.69.  Invocation command line was

  CONFIG_FILES    = 
  CONFIG_HEADERS  = 
  CONFIG_LINKS    = 
  CONFIG_COMMANDS = 
  $ ./config.status 

on kjlee

config.status:1259: creating Makefile
config.status:1259: creating doc/Makefile
config.status:1259: creating doc/pictures/Makefile
config.status:1259: creating doc/doxygen.cfg
config.status:1259: creating include/Makefile
config.status:1259: creating include/sound/Makefile
config.status:1259: creating src/Versions
config.status:1259: creating src/Makefile
config.status:1259: creating src/control/Makefile
config.status:1259: creating src/mixer/Makefile
config.status:1259: creating src/pcm/Makefile
config.status:1259: creating src/pcm/scopes/Makefile
config.status:1259: creating src/rawmidi/Makefile
config.status:1259: creating src/timer/Makefile
config.status:1259: creating src/hwdep/Makefile
config.status:1259: creating src/seq/Makefile
config.status:1259: creating src/ucm/Makefile
config.status:1259: creating src/compat/Makefile
config.status:1259: creating src/alisp/Makefile
config.status:1259: creating src/conf/Makefile
config.status:1259: creating src/conf/alsa.conf.d/Makefile
config.status:1259: creating src/conf/cards/Makefile
config.status:1259: creating src/conf/pcm/Makefile
config.status:1259: creating modules/Makefile
config.status:1259: creating modules/mixer/Makefile
config.status:1259: creating modules/mixer/simple/Makefile
config.status:1259: creating alsalisp/Makefile
config.status:1259: creating aserver/Makefile
config.status:1259: creating test/Makefile
config.status:1259: creating test/lsb/Makefile
config.status:1259: creating utils/Makefile
config.status:1259: creating utils/alsa-lib.spec
config.status:1259: creating utils/alsa.pc
config.status:1259: creating include/config.h
config.status:1488: executing depfiles commands
config.status:1488: executing libtool commands
configure:15800: WARNING: unrecognized options: --disable-gtk-doc, --disable-doc, --disable-docs, --disable-documentation, --with-xmlto, --with-fop, --enable-ipv6

## ---------------- ##
## Cache variables. ##
## ---------------- ##

ac_cv_build=x86_64-unknown-linux-gnu
ac_cv_c_bigendian=no
ac_cv_c_compiler_gnu=yes
ac_cv_c_const=yes
ac_cv_c_inline=inline
ac_cv_env_CC_set=set
ac_cv_env_CC_value=/home/chris/work/bsp/lollipop-avn_ref_4330_dev/linux/platform/common/fs/buildroot/buildroot-2013.11/output/host/usr/bin/arm-cortex_a9-linux-gnueabi-gcc
ac_cv_env_CFLAGS_set=set
ac_cv_env_CFLAGS_value='-D_LARGEFILE_SOURCE -D_LARGEFILE64_SOURCE -D_FILE_OFFSET_BITS=64  -pipe -mno-unaligned-access -Os '
ac_cv_env_CPPFLAGS_set=set
ac_cv_env_CPPFLAGS_value='-D_LARGEFILE_SOURCE -D_LARGEFILE64_SOURCE -D_FILE_OFFSET_BITS=64'
ac_cv_env_CPP_set=set
ac_cv_env_CPP_value=/home/chris/work/bsp/lollipop-avn_ref_4330_dev/linux/platform/common/fs/buildroot/buildroot-2013.11/output/host/usr/bin/arm-cortex_a9-linux-gnueabi-cpp
ac_cv_env_LDFLAGS_set=set
ac_cv_env_LDFLAGS_value=' -lm'
ac_cv_env_LIBS_set=
ac_cv_env_LIBS_value=
ac_cv_env_build_alias_set=set
ac_cv_env_build_alias_value=x86_64-unknown-linux-gnu
ac_cv_env_host_alias_set=set
ac_cv_env_host_alias_value=arm-buildroot-linux-gnueabi
ac_cv_env_target_alias_set=set
ac_cv_env_target_alias_value=arm-buildroot-linux-gnueabi
ac_cv_func_calloc_0_nonnull=yes
ac_cv_func_dlopen=no
ac_cv_func_fork=yes
ac_cv_func_hsearch_r=yes
ac_cv_func_malloc_0_nonnull=yes
ac_cv_func_memcmp_working=yes
ac_cv_func_mmap_fixed_mapped=yes
ac_cv_func_realloc_0_nonnull=yes
ac_cv_func_shl_load=no
ac_cv_func_uselocale=yes
ac_cv_have_decl_malloc=yes
ac_cv_header_dlfcn_h=yes
ac_cv_header_inttypes_h=yes
ac_cv_header_memory_h=yes
ac_cv_header_stdc=yes
ac_cv_header_stdint_h=yes
ac_cv_header_stdlib_h=yes
ac_cv_header_string_h=yes
ac_cv_header_strings_h=yes
ac_cv_header_sys_stat_h=yes
ac_cv_header_sys_types_h=yes
ac_cv_header_time=yes
ac_cv_header_unistd_h=yes
ac_cv_header_wordexp_h=yes
ac_cv_host=arm-buildroot-linux-gnueabi
ac_cv_lbl_unaligned_fail=yes
ac_cv_lib_dl_dlopen=yes
ac_cv_lib_dl_dlsym=yes
ac_cv_lib_dld_shl_load=no
ac_cv_lib_pthread_pthread_join=yes
ac_cv_lib_rt_clock_gettime=yes
ac_cv_objext=o
ac_cv_path_EGREP='/bin/grep -E'
ac_cv_path_FGREP='/bin/grep -F'
ac_cv_path_GREP=/bin/grep
ac_cv_path_SED=/bin/sed
ac_cv_path_install='/usr/bin/install -c'
ac_cv_path_mkdir=/bin/mkdir
ac_cv_prog_AR=/home/chris/work/bsp/lollipop-avn_ref_4330_dev/linux/platform/common/fs/buildroot/buildroot-2013.11/output/host/usr/bin/arm-cortex_a9-linux-gnueabi-ar
ac_cv_prog_AWK=gawk
ac_cv_prog_CC=/home/chris/work/bsp/lollipop-avn_ref_4330_dev/linux/platform/common/fs/buildroot/buildroot-2013.11/output/host/usr/bin/arm-cortex_a9-linux-gnueabi-gcc
ac_cv_prog_CPP=/home/chris/work/bsp/lollipop-avn_ref_4330_dev/linux/platform/common/fs/buildroot/buildroot-2013.11/output/host/usr/bin/arm-cortex_a9-linux-gnueabi-cpp
ac_cv_prog_OBJDUMP=/home/chris/work/bsp/lollipop-avn_ref_4330_dev/linux/platform/common/fs/buildroot/buildroot-2013.11/output/host/usr/bin/arm-cortex_a9-linux-gnueabi-objdump
ac_cv_prog_RANLIB=/home/chris/work/bsp/lollipop-avn_ref_4330_dev/linux/platform/common/fs/buildroot/buildroot-2013.11/output/host/usr/bin/arm-cortex_a9-linux-gnueabi-ranlib
ac_cv_prog_STRIP=/home/chris/work/bsp/lollipop-avn_ref_4330_dev/linux/platform/common/fs/buildroot/buildroot-2013.11/output/host/usr/bin/arm-cortex_a9-linux-gnueabi-strip
ac_cv_prog_ac_ct_MANIFEST_TOOL=mt
ac_cv_prog_cc_c89=
ac_cv_prog_cc_g=yes
ac_cv_prog_gcc_traditional=no
ac_cv_prog_make_make_set=yes
am_cv_CC_dependencies_compiler_type=gcc3
am_cv_make_support_nested_variables=yes
cc_cv_ldflags__Wl___no_undefined=yes
gl_cv_func_malloc_0_nonnull=yes
lt_cv_ar_at_file=@
lt_cv_archive_cmds_need_lc=no
lt_cv_deplibs_check_method=pass_all
lt_cv_dlopen=dlopen
lt_cv_dlopen_libs=-ldl
lt_cv_dlopen_self=cross
lt_cv_file_magic_cmd='$MAGIC_CMD'
lt_cv_file_magic_test_file=
lt_cv_ld_reload_flag=-r
lt_cv_nm_interface='BSD nm'
lt_cv_objdir=.libs
lt_cv_path_LD=/home/chris/work/bsp/lollipop-avn_ref_4330_dev/linux/platform/common/fs/buildroot/buildroot-2013.11/output/host/usr/bin/arm-cortex_a9-linux-gnueabi-ld
lt_cv_path_NM=/home/chris/work/bsp/lollipop-avn_ref_4330_dev/linux/platform/common/fs/buildroot/buildroot-2013.11/output/host/usr/bin/arm-cortex_a9-linux-gnueabi-nm
lt_cv_path_mainfest_tool=no
lt_cv_prog_compiler_c_o=yes
lt_cv_prog_compiler_pic='-fPIC -DPIC'
lt_cv_prog_compiler_pic_works=yes
lt_cv_prog_compiler_rtti_exceptions=no
lt_cv_prog_compiler_static_works=yes
lt_cv_prog_gnu_ld=yes
lt_cv_sharedlib_from_linklib_cmd='printf %s\n'
lt_cv_shlibpath_overrides_runpath=no
lt_cv_sys_global_symbol_pipe='sed -n -e '\''s/^.*[	 ]\([ABCDGIRSTW][ABCDGIRSTW]*\)[	 ][	 ]*\([_A-Za-z][_A-Za-z0-9]*\)$/\1 \2 \2/p'\'' | sed '\''/ __gnu_lto/d'\'''
lt_cv_sys_global_symbol_to_c_name_address='sed -n -e '\''s/^: \([^ ]*\)[ ]*$/  {\"\1\", (void *) 0},/p'\'' -e '\''s/^[ABCDGIRSTW]* \([^ ]*\) \([^ ]*\)$/  {"\2", (void *) \&\2},/p'\'''
lt_cv_sys_global_symbol_to_c_name_address_lib_prefix='sed -n -e '\''s/^: \([^ ]*\)[ ]*$/  {\"\1\", (void *) 0},/p'\'' -e '\''s/^[ABCDGIRSTW]* \([^ ]*\) \(lib[^ ]*\)$/  {"\2", (void *) \&\2},/p'\'' -e '\''s/^[ABCDGIRSTW]* \([^ ]*\) \([^ ]*\)$/  {"lib\2", (void *) \&\2},/p'\'''
lt_cv_sys_global_symbol_to_cdecl='sed -n -e '\''s/^T .* \(.*\)$/extern int \1();/p'\'' -e '\''s/^[ABCDGIRSTW]* .* \(.*\)$/extern char \1;/p'\'''
lt_cv_sys_lib_search_path_spec=
lt_cv_sys_max_cmd_len=3458764513820540925
lt_cv_to_host_file_cmd=func_convert_file_noop
lt_cv_to_tool_file_cmd=func_convert_file_noop

## ----------------- ##
## Output variables. ##
## ----------------- ##

ACLOCAL='${SHELL} /home/chris/work/bsp/lollipop-avn_ref_4330_dev/linux/platform/common/fs/buildroot/buildroot-2013.11/output/build/alsa-lib-1.0.26/missing --run aclocal-1.12'
ALSA_CONFIG_DIR='/usr/share/alsa'
ALSA_DEPLIBS='-lm -ldl -lpthread -lrt'
ALSA_HSEARCH_R_FALSE=''
ALSA_HSEARCH_R_TRUE='#'
ALSA_PKGCONF_DIR='/usr/lib/pkgconfig'
ALSA_PLUGIN_DIR='/usr/lib/alsa-lib'
AMDEPBACKSLASH='\'
AMDEP_FALSE='#'
AMDEP_TRUE=''
AMTAR='$${TAR-tar}'
AM_BACKSLASH='\'
AM_DEFAULT_V='$(AM_DEFAULT_VERBOSITY)'
AM_DEFAULT_VERBOSITY='0'
AM_V='$(V)'
AR='/home/chris/work/bsp/lollipop-avn_ref_4330_dev/linux/platform/common/fs/buildroot/buildroot-2013.11/output/host/usr/bin/arm-cortex_a9-linux-gnueabi-ar'
AUTOCONF='${SHELL} /home/chris/work/bsp/lollipop-avn_ref_4330_dev/linux/platform/common/fs/buildroot/buildroot-2013.11/output/build/alsa-lib-1.0.26/missing --run autoconf'
AUTOHEADER='${SHELL} /home/chris/work/bsp/lollipop-avn_ref_4330_dev/linux/platform/common/fs/buildroot/buildroot-2013.11/output/build/alsa-lib-1.0.26/missing --run autoheader'
AUTOMAKE='${SHELL} /home/chris/work/bsp/lollipop-avn_ref_4330_dev/linux/platform/common/fs/buildroot/buildroot-2013.11/output/build/alsa-lib-1.0.26/missing --run automake-1.12'
AWK='gawk'
BUILD_ALISP_FALSE='#'
BUILD_ALISP_TRUE=''
BUILD_CTL_PLUGIN_EXT_FALSE='#'
BUILD_CTL_PLUGIN_EXT_TRUE=''
BUILD_CTL_PLUGIN_FALSE='#'
BUILD_CTL_PLUGIN_SHM_FALSE='#'
BUILD_CTL_PLUGIN_SHM_TRUE=''
BUILD_CTL_PLUGIN_TRUE=''
BUILD_HWDEP_FALSE='#'
BUILD_HWDEP_TRUE=''
BUILD_MIXER_FALSE='#'
BUILD_MIXER_TRUE=''
BUILD_MODULES_FALSE='#'
BUILD_MODULES_TRUE=''
BUILD_PCM_FALSE='#'
BUILD_PCM_PLUGIN_ADPCM_FALSE='#'
BUILD_PCM_PLUGIN_ADPCM_TRUE=''
BUILD_PCM_PLUGIN_ALAW_FALSE='#'
BUILD_PCM_PLUGIN_ALAW_TRUE=''
BUILD_PCM_PLUGIN_ASYM_FALSE='#'
BUILD_PCM_PLUGIN_ASYM_TRUE=''
BUILD_PCM_PLUGIN_COPY_FALSE='#'
BUILD_PCM_PLUGIN_COPY_TRUE=''
BUILD_PCM_PLUGIN_DMIX_FALSE='#'
BUILD_PCM_PLUGIN_DMIX_TRUE=''
BUILD_PCM_PLUGIN_DSHARE_FALSE='#'
BUILD_PCM_PLUGIN_DSHARE_TRUE=''
BUILD_PCM_PLUGIN_DSNOOP_FALSE='#'
BUILD_PCM_PLUGIN_DSNOOP_TRUE=''
BUILD_PCM_PLUGIN_EMPTY_FALSE='#'
BUILD_PCM_PLUGIN_EMPTY_TRUE=''
BUILD_PCM_PLUGIN_EXTPLUG_FALSE='#'
BUILD_PCM_PLUGIN_EXTPLUG_TRUE=''
BUILD_PCM_PLUGIN_FALSE='#'
BUILD_PCM_PLUGIN_FILE_FALSE='#'
BUILD_PCM_PLUGIN_FILE_TRUE=''
BUILD_PCM_PLUGIN_HOOKS_FALSE='#'
BUILD_PCM_PLUGIN_HOOKS_TRUE=''
BUILD_PCM_PLUGIN_IEC958_FALSE='#'
BUILD_PCM_PLUGIN_IEC958_TRUE=''
BUILD_PCM_PLUGIN_IOPLUG_FALSE='#'
BUILD_PCM_PLUGIN_IOPLUG_TRUE=''
BUILD_PCM_PLUGIN_LADSPA_FALSE='#'
BUILD_PCM_PLUGIN_LADSPA_TRUE=''
BUILD_PCM_PLUGIN_LFLOAT_FALSE='#'
BUILD_PCM_PLUGIN_LFLOAT_TRUE=''
BUILD_PCM_PLUGIN_LINEAR_FALSE='#'
BUILD_PCM_PLUGIN_LINEAR_TRUE=''
BUILD_PCM_PLUGIN_METER_FALSE='#'
BUILD_PCM_PLUGIN_METER_TRUE=''
BUILD_PCM_PLUGIN_MMAP_EMUL_FALSE='#'
BUILD_PCM_PLUGIN_MMAP_EMUL_TRUE=''
BUILD_PCM_PLUGIN_MULAW_FALSE='#'
BUILD_PCM_PLUGIN_MULAW_TRUE=''
BUILD_PCM_PLUGIN_MULTI_FALSE='#'
BUILD_PCM_PLUGIN_MULTI_TRUE=''
BUILD_PCM_PLUGIN_NULL_FALSE='#'
BUILD_PCM_PLUGIN_NULL_TRUE=''
BUILD_PCM_PLUGIN_PLUG_FALSE='#'
BUILD_PCM_PLUGIN_PLUG_TRUE=''
BUILD_PCM_PLUGIN_RATE_FALSE='#'
BUILD_PCM_PLUGIN_RATE_TRUE=''
BUILD_PCM_PLUGIN_ROUTE_FALSE='#'
BUILD_PCM_PLUGIN_ROUTE_TRUE=''
BUILD_PCM_PLUGIN_SHARE_FALSE='#'
BUILD_PCM_PLUGIN_SHARE_TRUE=''
BUILD_PCM_PLUGIN_SHM_FALSE='#'
BUILD_PCM_PLUGIN_SHM_TRUE=''
BUILD_PCM_PLUGIN_SOFTVOL_FALSE='#'
BUILD_PCM_PLUGIN_SOFTVOL_TRUE=''
BUILD_PCM_PLUGIN_TRUE=''
BUILD_PCM_TRUE=''
BUILD_PYTHON_FALSE=''
BUILD_PYTHON_TRUE='#'
BUILD_RAWMIDI_FALSE='#'
BUILD_RAWMIDI_TRUE=''
BUILD_SEQ_FALSE='#'
BUILD_SEQ_TRUE=''
BUILD_UCM_FALSE='#'
BUILD_UCM_TRUE=''
CC='/home/chris/work/bsp/lollipop-avn_ref_4330_dev/linux/platform/common/fs/buildroot/buildroot-2013.11/output/host/usr/bin/arm-cortex_a9-linux-gnueabi-gcc'
CCDEPMODE='depmode=gcc3'
CFLAGS='-D_LARGEFILE_SOURCE -D_LARGEFILE64_SOURCE -D_FILE_OFFSET_BITS=64  -pipe -mno-unaligned-access -Os  -D_GNU_SOURCE'
CPP='/home/chris/work/bsp/lollipop-avn_ref_4330_dev/linux/platform/common/fs/buildroot/buildroot-2013.11/output/host/usr/bin/arm-cortex_a9-linux-gnueabi-cpp'
CPPFLAGS='-D_LARGEFILE_SOURCE -D_LARGEFILE64_SOURCE -D_FILE_OFFSET_BITS=64 -D__arm__'
CYGPATH_W='echo'
DEFS='-DHAVE_CONFIG_H'
DEPDIR='.deps'
DLLTOOL='false'
DSYMUTIL=''
DUMPBIN=''
ECHO_C=''
ECHO_N='-n'
ECHO_T=''
EGREP='/bin/grep -E'
EXEEXT=''
FGREP='/bin/grep -F'
GREP='/bin/grep'
INSTALL_DATA='${INSTALL} -m 644'
INSTALL_M4_FALSE='#'
INSTALL_M4_TRUE=''
INSTALL_PROGRAM='${INSTALL}'
INSTALL_SCRIPT='${INSTALL}'
INSTALL_STRIP_PROGRAM='$(install_sh) -c -s'
KEEP_OLD_SYMBOLS_FALSE='#'
KEEP_OLD_SYMBOLS_TRUE=''
LD='/home/chris/work/bsp/lollipop-avn_ref_4330_dev/linux/platform/common/fs/buildroot/buildroot-2013.11/output/host/usr/bin/arm-cortex_a9-linux-gnueabi-ld'
LDFLAGS=' -lm'
LDFLAGS_NOUNDEFINED='-Wl,--no-undefined'
LIBOBJS=''
LIBS=''
LIBTOOL='$(SHELL) $(top_builddir)/libtool'
LIBTOOL_VERSION_INFO='2:0:0'
LIPO=''
LN_S='ln -s'
LTLIBOBJS=''
MAKEINFO='${SHELL} /home/chris/work/bsp/lollipop-avn_ref_4330_dev/linux/platform/common/fs/buildroot/buildroot-2013.11/output/build/alsa-lib-1.0.26/missing --run makeinfo'
MANIFEST_TOOL=':'
MKDIR_P='/bin/mkdir -p'
NM='/home/chris/work/bsp/lollipop-avn_ref_4330_dev/linux/platform/common/fs/buildroot/buildroot-2013.11/output/host/usr/bin/arm-cortex_a9-linux-gnueabi-nm'
NMEDIT=''
OBJDUMP='/home/chris/work/bsp/lollipop-avn_ref_4330_dev/linux/platform/common/fs/buildroot/buildroot-2013.11/output/host/usr/bin/arm-cortex_a9-linux-gnueabi-objdump'
OBJEXT='o'
OTOOL64=''
OTOOL=''
PACKAGE='alsa-lib'
PACKAGE_BUGREPORT=''
PACKAGE_NAME=''
PACKAGE_STRING=''
PACKAGE_TARNAME=''
PACKAGE_URL=''
PACKAGE_VERSION=''
PATH_SEPARATOR=':'
PYTHON_INCLUDES=''
PYTHON_LIBS=''
RANLIB='/home/chris/work/bsp/lollipop-avn_ref_4330_dev/linux/platform/common/fs/buildroot/buildroot-2013.11/output/host/usr/bin/arm-cortex_a9-linux-gnueabi-ranlib'
SED='/bin/sed'
SET_MAKE=''
SHELL='/bin/bash'
SND_LIB_EXTRAVER='1000000'
SND_LIB_MAJOR='1'
SND_LIB_MINOR='0'
SND_LIB_SUBMINOR='26'
SND_LIB_VERSION='1.0.26'
STRIP='/home/chris/work/bsp/lollipop-avn_ref_4330_dev/linux/platform/common/fs/buildroot/buildroot-2013.11/output/host/usr/bin/arm-cortex_a9-linux-gnueabi-strip'
SYMBOLIC_FUNCTIONS_FALSE=''
SYMBOLIC_FUNCTIONS_TRUE='#'
SYMBOL_PREFIX=''
VERSION='1.0.26'
VERSIONED_SYMBOLS_FALSE=''
VERSIONED_SYMBOLS_TRUE='#'
ac_ct_AR=''
ac_ct_CC=''
ac_ct_DUMPBIN=''
am__EXEEXT_FALSE=''
am__EXEEXT_TRUE='#'
am__fastdepCC_FALSE='#'
am__fastdepCC_TRUE=''
am__include='include'
am__isrc=''
am__leading_dot='.'
am__nodep='_no'
am__quote=''
am__tar='$${TAR-tar} chof - "$$tardir"'
am__untar='$${TAR-tar} xf -'
bindir='${exec_prefix}/bin'
build='x86_64-unknown-linux-gnu'
build_alias='x86_64-unknown-linux-gnu'
build_cpu='x86_64'
build_os='linux-gnu'
build_vendor='unknown'
datadir='${datarootdir}'
datarootdir='${prefix}/share'
docdir='${datarootdir}/doc/${PACKAGE}'
dvidir='${docdir}'
exec_prefix='/usr'
host='arm-buildroot-linux-gnueabi'
host_alias='arm-buildroot-linux-gnueabi'
host_cpu='arm'
host_os='linux-gnueabi'
host_vendor='buildroot'
htmldir='${docdir}'
includedir='${prefix}/include'
infodir='${datarootdir}/info'
install_sh='${SHELL} /home/chris/work/bsp/lollipop-avn_ref_4330_dev/linux/platform/common/fs/buildroot/buildroot-2013.11/output/build/alsa-lib-1.0.26/install-sh'
libdir='${exec_prefix}/lib'
libexecdir='${exec_prefix}/libexec'
localedir='${datarootdir}/locale'
localstatedir='${prefix}/var'
mandir='${datarootdir}/man'
mkdir_p='$(MKDIR_P)'
oldincludedir='/usr/include'
pdfdir='${docdir}'
prefix='/usr'
program_transform_name='s&^&&'
psdir='${docdir}'
sbindir='${exec_prefix}/sbin'
sharedstatedir='${prefix}/com'
sysconfdir='/etc'
target_alias='arm-buildroot-linux-gnueabi'

## ----------- ##
## confdefs.h. ##
## ----------- ##

/* confdefs.h */
#define PACKAGE_NAME ""
#define PACKAGE_TARNAME ""
#define PACKAGE_VERSION ""
#define PACKAGE_STRING ""
#define PACKAGE_BUGREPORT ""
#define PACKAGE_URL ""
#define PACKAGE "alsa-lib"
#define VERSION "1.0.26"
#define STDC_HEADERS 1
#define HAVE_SYS_TYPES_H 1
#define HAVE_SYS_STAT_H 1
#define HAVE_STDLIB_H 1
#define HAVE_STRING_H 1
#define HAVE_MEMORY_H 1
#define HAVE_STRINGS_H 1
#define HAVE_INTTYPES_H 1
#define HAVE_STDINT_H 1
#define HAVE_UNISTD_H 1
#define HAVE_DLFCN_H 1
#define LT_OBJDIR ".libs/"
#define STDC_HEADERS 1
#define TIME_WITH_SYS_TIME 1
#define HAVE_USELOCALE 1
#define VERSION "1.0.26"
#define ALSA_CONFIG_DIR "/usr/share/alsa"
#define ALSA_PLUGIN_DIR "/usr/lib/alsa-lib"
#define ALSA_PKGCONF_DIR "/usr/lib/pkgconfig"
#define __SYMBOL_PREFIX ""
#define TMPDIR "/tmp"
#define HAVE_LIBDL 1
#define HAVE_LIBPTHREAD 1
#define HAVE_LIBRT 1
#define HAVE_CLOCK_GETTIME 1
#define HAVE_WORDEXP_H 1
#define SUPPORT_ALOAD "1"
#define ALSA_DEVICE_DIRECTORY "/dev/snd/"
#define ALOAD_DEVICE_DIRECTORY "/dev/"
#define BUILD_MIXER "1"
#define BUILD_PCM "1"
#define BUILD_RAWMIDI "1"
#define BUILD_HWDEP "1"
#define BUILD_SEQ "1"
#define BUILD_UCM "1"
#define BUILD_PCM_PLUGIN_RATE "1"
#define BUILD_PCM_PLUGIN_ROUTE "1"
#define BUILD_PCM_PLUGIN_LFLOAT "1"
#define BUILD_PCM_PLUGIN_ADPCM "1"
#define BUILD_PCM_PLUGIN_MULAW "1"
#define BUILD_PCM_PLUGIN_ALAW "1"
#define BUILD_PCM_PLUGIN_MMAP_EMUL "1"

configure: exit 0
