This file contains any messages produced by compilers while
running configure, to aid debugging if configure makes a mistake.

It was created by libffi configure 3.0.13, which was
generated by GNU Autoconf 2.69.  Invocation command line was

  $ .././configure --srcdir=.. --enable-builddir=arm-buildroot-linux-gnueabi --target=arm-buildroot-linux-gnueabi --host=arm-buildroot-linux-gnueabi --build=x86_64-unknown-linux-gnu --prefix=/usr --exec-prefix=/usr --sysconfdir=/etc --program-prefix= --disable-gtk-doc --disable-doc --disable-docs --disable-documentation --with-xmlto=no --with-fop=no --enable-ipv6 --enable-static --enable-shared build_alias=x86_64-unknown-linux-gnu host_alias=arm-buildroot-linux-gnueabi target_alias=arm-buildroot-linux-gnueabi CPP=/home/chris/work/bsp/lollipop-avn_ref_4330_dev/linux/platform/common/fs/buildroot/buildroot-2013.11/output/host/usr/bin/arm-cortex_a9-linux-gnueabi-cpp CPPFLAGS=-D_LARGEFILE_SOURCE -D_LARGEFILE64_SOURCE -D_FILE_OFFSET_BITS=64

## --------- ##
## Platform. ##
## --------- ##

hostname = kjlee
uname -m = x86_64
uname -r = 3.16.0-50-generic
uname -s = Linux
uname -v = #67~14.04.1-Ubuntu SMP Fri Oct 2 22:07:51 UTC 2015

/usr/bin/uname -p = unknown
/bin/uname -X     = unknown

/bin/arch              = unknown
/usr/bin/arch -k       = unknown
/usr/convex/getsysinfo = unknown
/usr/bin/hostinfo      = unknown
/bin/machine           = unknown
/usr/bin/oslevel       = unknown
/bin/universe          = unknown

PATH: /home/chris/work/bsp/lollipop-avn_ref_4330_dev/linux/platform/common/fs/buildroot/buildroot-2013.11/output/host/bin
PATH: /home/chris/work/bsp/lollipop-avn_ref_4330_dev/linux/platform/common/fs/buildroot/buildroot-2013.11/output/host/usr/bin
PATH: /home/chris/work/bsp/lollipop-avn_ref_4330_dev/linux/platform/common/fs/buildroot/buildroot-2013.11/output/host/usr/sbin/
PATH: /usr/lib/jvm/java-7-openjdk-amd64/bin
PATH: /home/chris/work/bsp/lollipop-avn_ref_4418_dev/out/host/linux-x86/bin
PATH: /home/chris/work/bsp/lollipop-avn_ref_4418_dev/prebuilts/gcc/linux-x86/arm/arm-linux-androideabi-4.8/bin
PATH: /home/chris/work/bsp/lollipop-avn_ref_4418_dev/prebuilts/gcc/linux-x86/
PATH: /home/chris/work/bsp/lollipop-avn_ref_4418_dev/prebuilts/gcc/linux-x86/arm/arm-eabi-4.8/bin
PATH: /home/chris/work/bsp/lollipop-avn_ref_4418_dev/development/scripts
PATH: /home/chris/work/bsp/lollipop-avn_ref_4418_dev/prebuilts/devtools/tools
PATH: /home/chris/work/bsp/lollipop-avn_ref_4418_dev/prebuilts/android-emulator/linux-x86_64
PATH: /usr/local/sbin
PATH: /usr/local/bin
PATH: /usr/sbin
PATH: /usr/bin
PATH: /sbin
PATH: /bin
PATH: /usr/games
PATH: /usr/local/games
PATH: /opt/crosstools/arm-cortex_a9-eabi-4.7-eglibc-2.18/bin
PATH: /opt/crosstools/gcc-linaro-4.9-2014.11-x86_64_arm-linux-gnueabihf/bin


## ----------- ##
## Core tests. ##
## ----------- ##

configure:2591: checking build system type
configure:2605: result: x86_64-unknown-linux-gnu
configure:2625: checking host system type
configure:2638: result: arm-buildroot-linux-gnueabi
configure:2658: checking target system type
configure:2671: result: arm-buildroot-linux-gnueabi
configure:2763: checking for gsed
configure:2794: result: sed
configure:2822: checking for a BSD-compatible install
configure:2890: result: /usr/bin/install -c
configure:2901: checking whether build environment is sane
configure:2956: result: yes
configure:3012: checking for arm-buildroot-linux-gnueabi-strip
configure:3039: result: /home/chris/work/bsp/lollipop-avn_ref_4330_dev/linux/platform/common/fs/buildroot/buildroot-2013.11/output/host/usr/bin/arm-cortex_a9-linux-gnueabi-strip
configure:3104: checking for a thread-safe mkdir -p
configure:3143: result: /bin/mkdir -p
configure:3150: checking for gawk
configure:3166: found /usr/bin/gawk
configure:3177: result: gawk
configure:3188: checking whether make sets $(MAKE)
configure:3210: result: yes
configure:3315: checking for arm-buildroot-linux-gnueabi-gcc
configure:3342: result: /home/chris/work/bsp/lollipop-avn_ref_4330_dev/linux/platform/common/fs/buildroot/buildroot-2013.11/output/host/usr/bin/arm-cortex_a9-linux-gnueabi-gcc
configure:3611: checking for C compiler version
configure:3620: /home/chris/work/bsp/lollipop-avn_ref_4330_dev/linux/platform/common/fs/buildroot/buildroot-2013.11/output/host/usr/bin/arm-cortex_a9-linux-gnueabi-gcc --version >&5
arm-cortex_a9-linux-gnueabi-gcc (crosstool-NG linaro-1.13.1-4.8-2013.11 - nexell) 4.7.4 20131111 (prerelease)
Copyright (C) 2012 Free Software Foundation, Inc.
This is free software; see the source for copying conditions.  There is NO
warranty; not even for MERCHANTABILITY or FITNESS FOR A PARTICULAR PURPOSE.

configure:3631: $? = 0
configure:3620: /home/chris/work/bsp/lollipop-avn_ref_4330_dev/linux/platform/common/fs/buildroot/buildroot-2013.11/output/host/usr/bin/arm-cortex_a9-linux-gnueabi-gcc -v >&5
Using built-in specs.
COLLECT_GCC=/opt/crosstools/arm-cortex_a9-eabi-4.7-eglibc-2.18/bin/arm-cortex_a9-linux-gnueabi-gcc
COLLECT_LTO_WRAPPER=/opt/crosstools/arm-cortex_a9-eabi-4.7-eglibc-2.18/libexec/gcc/arm-cortex_a9-linux-gnueabi/4.7.4/lto-wrapper
Target: arm-cortex_a9-linux-gnueabi
Configured with: /home/pjsin/devel/tools/crosstools/ct/linaro-1.13.1-4.8-2013.11/.build/src/gcc-linaro-4.7-2013.11/configure --build=x86_64-build_unknown-linux-gnu --host=x86_64-build_unknown-linux-gnu --target=arm-cortex_a9-linux-gnueabi --prefix=/opt/crosstools/arm-cortex_a9-eabi-4.7-eglibc-2.18 --with-sysroot=/opt/crosstools/arm-cortex_a9-eabi-4.7-eglibc-2.18/arm-cortex_a9-linux-gnueabi/sysroot --enable-languages=c,c++,fortran --enable-multilib --with-arch=armv7-a --with-tune=cortex-a9 --with-fpu=vfpv3-d16 --with-float=softfp --with-pkgversion='crosstool-NG linaro-1.13.1-4.8-2013.11 - nexell' --enable-__cxa_atexit --enable-libmudflap --enable-libgomp --enable-libssp --with-gmp=/home/pjsin/devel/tools/crosstools/ct/linaro-1.13.1-4.8-2013.11/.build/arm-cortex_a9-linux-gnueabi/build/static --with-mpfr=/home/pjsin/devel/tools/crosstools/ct/linaro-1.13.1-4.8-2013.11/.build/arm-cortex_a9-linux-gnueabi/build/static --with-mpc=/home/pjsin/devel/tools/crosstools/ct/linaro-1.13.1-4.8-2013.11/.build/arm-cortex_a9-linux-gnueabi/build/static --with-ppl=/home/pjsin/devel/tools/crosstools/ct/linaro-1.13.1-4.8-2013.11/.build/arm-cortex_a9-linux-gnueabi/build/static --with-cloog=/home/pjsin/devel/tools/crosstools/ct/linaro-1.13.1-4.8-2013.11/.build/arm-cortex_a9-linux-gnueabi/build/static --with-libelf=/home/pjsin/devel/tools/crosstools/ct/linaro-1.13.1-4.8-2013.11/.build/arm-cortex_a9-linux-gnueabi/build/static --with-host-libstdcxx='-static-libgcc -Wl,-Bstatic,-lstdc++,-Bdynamic -lm -L/home/pjsin/devel/tools/crosstools/ct/linaro-1.13.1-4.8-2013.11/.build/arm-cortex_a9-linux-gnueabi/build/static/lib -lpwl' --enable-threads=posix --disable-libstdcxx-pch --enable-linker-build-id --enable-plugin --enable-gold --with-local-prefix=/opt/crosstools/arm-cortex_a9-eabi-4.7-eglibc-2.18/arm-cortex_a9-linux-gnueabi/sysroot --enable-c99 --enable-long-long --with-specs='%{save-temps: -fverbose-asm} %{funwind-tables|fno-unwind-tables|mabi=*|ffreestanding|nostdlib:;:-funwind-tables}' --enable-poison-system-directories
Thread model: posix
gcc version 4.7.4 20131111 (prerelease) (crosstool-NG linaro-1.13.1-4.8-2013.11 - nexell) 
configure:3631: $? = 0
configure:3620: /home/chris/work/bsp/lollipop-avn_ref_4330_dev/linux/platform/common/fs/buildroot/buildroot-2013.11/output/host/usr/bin/arm-cortex_a9-linux-gnueabi-gcc -V >&5
arm-cortex_a9-linux-gnueabi-gcc: error: unrecognized command line option '-V'
arm-cortex_a9-linux-gnueabi-gcc: fatal error: no input files
compilation terminated.
configure:3631: $? = 1
configure:3620: /home/chris/work/bsp/lollipop-avn_ref_4330_dev/linux/platform/common/fs/buildroot/buildroot-2013.11/output/host/usr/bin/arm-cortex_a9-linux-gnueabi-gcc -qversion >&5
arm-cortex_a9-linux-gnueabi-gcc: error: unrecognized command line option '-qversion'
arm-cortex_a9-linux-gnueabi-gcc: fatal error: no input files
compilation terminated.
configure:3631: $? = 1
configure:3651: checking whether the C compiler works
configure:3673: /home/chris/work/bsp/lollipop-avn_ref_4330_dev/linux/platform/common/fs/buildroot/buildroot-2013.11/output/host/usr/bin/arm-cortex_a9-linux-gnueabi-gcc -D_LARGEFILE_SOURCE -D_LARGEFILE64_SOURCE -D_FILE_OFFSET_BITS=64  -pipe -mno-unaligned-access -Os  -D_LARGEFILE_SOURCE -D_LARGEFILE64_SOURCE -D_FILE_OFFSET_BITS=64  conftest.c  >&5
configure:3677: $? = 0
configure:3725: result: yes
configure:3728: checking for C compiler default output file name
configure:3730: result: a.out
configure:3736: checking for suffix of executables
configure:3743: /home/chris/work/bsp/lollipop-avn_ref_4330_dev/linux/platform/common/fs/buildroot/buildroot-2013.11/output/host/usr/bin/arm-cortex_a9-linux-gnueabi-gcc -o conftest -D_LARGEFILE_SOURCE -D_LARGEFILE64_SOURCE -D_FILE_OFFSET_BITS=64  -pipe -mno-unaligned-access -Os  -D_LARGEFILE_SOURCE -D_LARGEFILE64_SOURCE -D_FILE_OFFSET_BITS=64  conftest.c  >&5
configure:3747: $? = 0
configure:3769: result: 
configure:3791: checking whether we are cross compiling
configure:3829: result: yes
configure:3834: checking for suffix of object files
configure:3856: /home/chris/work/bsp/lollipop-avn_ref_4330_dev/linux/platform/common/fs/buildroot/buildroot-2013.11/output/host/usr/bin/arm-cortex_a9-linux-gnueabi-gcc -c -D_LARGEFILE_SOURCE -D_LARGEFILE64_SOURCE -D_FILE_OFFSET_BITS=64  -pipe -mno-unaligned-access -Os  -D_LARGEFILE_SOURCE -D_LARGEFILE64_SOURCE -D_FILE_OFFSET_BITS=64 conftest.c >&5
configure:3860: $? = 0
configure:3881: result: o
configure:3885: checking whether we are using the GNU C compiler
configure:3904: /home/chris/work/bsp/lollipop-avn_ref_4330_dev/linux/platform/common/fs/buildroot/buildroot-2013.11/output/host/usr/bin/arm-cortex_a9-linux-gnueabi-gcc -c -D_LARGEFILE_SOURCE -D_LARGEFILE64_SOURCE -D_FILE_OFFSET_BITS=64  -pipe -mno-unaligned-access -Os  -D_LARGEFILE_SOURCE -D_LARGEFILE64_SOURCE -D_FILE_OFFSET_BITS=64 conftest.c >&5
configure:3904: $? = 0
configure:3913: result: yes
configure:3922: checking whether /home/chris/work/bsp/lollipop-avn_ref_4330_dev/linux/platform/common/fs/buildroot/buildroot-2013.11/output/host/usr/bin/arm-cortex_a9-linux-gnueabi-gcc accepts -g
configure:3942: /home/chris/work/bsp/lollipop-avn_ref_4330_dev/linux/platform/common/fs/buildroot/buildroot-2013.11/output/host/usr/bin/arm-cortex_a9-linux-gnueabi-gcc -c -g -D_LARGEFILE_SOURCE -D_LARGEFILE64_SOURCE -D_FILE_OFFSET_BITS=64 conftest.c >&5
configure:3942: $? = 0
configure:3983: result: yes
configure:4000: checking for /home/chris/work/bsp/lollipop-avn_ref_4330_dev/linux/platform/common/fs/buildroot/buildroot-2013.11/output/host/usr/bin/arm-cortex_a9-linux-gnueabi-gcc option to accept ISO C89
configure:4063: /home/chris/work/bsp/lollipop-avn_ref_4330_dev/linux/platform/common/fs/buildroot/buildroot-2013.11/output/host/usr/bin/arm-cortex_a9-linux-gnueabi-gcc  -c -D_LARGEFILE_SOURCE -D_LARGEFILE64_SOURCE -D_FILE_OFFSET_BITS=64  -pipe -mno-unaligned-access -Os  -D_LARGEFILE_SOURCE -D_LARGEFILE64_SOURCE -D_FILE_OFFSET_BITS=64 conftest.c >&5
configure:4063: $? = 0
configure:4076: result: none needed
configure:4107: checking for style of include used by make
configure:4135: result: GNU
configure:4161: checking dependency style of /home/chris/work/bsp/lollipop-avn_ref_4330_dev/linux/platform/common/fs/buildroot/buildroot-2013.11/output/host/usr/bin/arm-cortex_a9-linux-gnueabi-gcc
configure:4272: result: gcc3
configure:4302: checking dependency style of /home/chris/work/bsp/lollipop-avn_ref_4330_dev/linux/platform/common/fs/buildroot/buildroot-2013.11/output/host/usr/bin/arm-cortex_a9-linux-gnueabi-gcc
configure:4411: result: gcc3
configure:4427: checking whether /home/chris/work/bsp/lollipop-avn_ref_4330_dev/linux/platform/common/fs/buildroot/buildroot-2013.11/output/host/usr/bin/arm-cortex_a9-linux-gnueabi-gcc and cc understand -c and -o together
configure:4458: /home/chris/work/bsp/lollipop-avn_ref_4330_dev/linux/platform/common/fs/buildroot/buildroot-2013.11/output/host/usr/bin/arm-cortex_a9-linux-gnueabi-gcc -c conftest.c -o conftest2.o >&5
configure:4462: $? = 0
configure:4468: /home/chris/work/bsp/lollipop-avn_ref_4330_dev/linux/platform/common/fs/buildroot/buildroot-2013.11/output/host/usr/bin/arm-cortex_a9-linux-gnueabi-gcc -c conftest.c -o conftest2.o >&5
configure:4472: $? = 0
configure:4483: cc -c conftest.c >&5
configure:4487: $? = 0
configure:4495: cc -c conftest.c -o conftest2.o >&5
configure:4499: $? = 0
configure:4505: cc -c conftest.c -o conftest2.o >&5
configure:4509: $? = 0
configure:4527: result: yes
configure:4598: checking how to print strings
configure:4625: result: printf
configure:4646: checking for a sed that does not truncate output
configure:4710: result: /bin/sed
configure:4728: checking for grep that handles long lines and -e
configure:4786: result: /bin/grep
configure:4791: checking for egrep
configure:4853: result: /bin/grep -E
configure:4858: checking for fgrep
configure:4920: result: /bin/grep -F
configure:4955: checking for ld used by /home/chris/work/bsp/lollipop-avn_ref_4330_dev/linux/platform/common/fs/buildroot/buildroot-2013.11/output/host/usr/bin/arm-cortex_a9-linux-gnueabi-gcc
configure:5022: result: /home/chris/work/bsp/lollipop-avn_ref_4330_dev/linux/platform/common/fs/buildroot/buildroot-2013.11/output/host/usr/bin/arm-cortex_a9-linux-gnueabi-ld
configure:5029: checking if the linker (/home/chris/work/bsp/lollipop-avn_ref_4330_dev/linux/platform/common/fs/buildroot/buildroot-2013.11/output/host/usr/bin/arm-cortex_a9-linux-gnueabi-ld) is GNU ld
configure:5044: result: yes
configure:5056: checking for BSD- or MS-compatible name lister (nm)
configure:5105: result: /home/chris/work/bsp/lollipop-avn_ref_4330_dev/linux/platform/common/fs/buildroot/buildroot-2013.11/output/host/usr/bin/arm-cortex_a9-linux-gnueabi-nm
configure:5235: checking the name lister (/home/chris/work/bsp/lollipop-avn_ref_4330_dev/linux/platform/common/fs/buildroot/buildroot-2013.11/output/host/usr/bin/arm-cortex_a9-linux-gnueabi-nm) interface
configure:5242: /home/chris/work/bsp/lollipop-avn_ref_4330_dev/linux/platform/common/fs/buildroot/buildroot-2013.11/output/host/usr/bin/arm-cortex_a9-linux-gnueabi-gcc -c -D_LARGEFILE_SOURCE -D_LARGEFILE64_SOURCE -D_FILE_OFFSET_BITS=64  -pipe -mno-unaligned-access -Os  -D_LARGEFILE_SOURCE -D_LARGEFILE64_SOURCE -D_FILE_OFFSET_BITS=64 conftest.c >&5
configure:5245: /home/chris/work/bsp/lollipop-avn_ref_4330_dev/linux/platform/common/fs/buildroot/buildroot-2013.11/output/host/usr/bin/arm-cortex_a9-linux-gnueabi-nm "conftest.o"
configure:5248: output
00000000 B some_variable
configure:5255: result: BSD nm
configure:5258: checking whether ln -s works
configure:5262: result: yes
configure:5270: checking the maximum length of command line arguments
configure:5400: result: 3458764513820540925
configure:5417: checking whether the shell understands some XSI constructs
configure:5427: result: yes
configure:5431: checking whether the shell understands "+="
configure:5437: result: yes
configure:5472: checking how to convert x86_64-unknown-linux-gnu file names to arm-buildroot-linux-gnueabi format
configure:5512: result: func_convert_file_noop
configure:5519: checking how to convert x86_64-unknown-linux-gnu file names to toolchain format
configure:5539: result: func_convert_file_noop
configure:5546: checking for /home/chris/work/bsp/lollipop-avn_ref_4330_dev/linux/platform/common/fs/buildroot/buildroot-2013.11/output/host/usr/bin/arm-cortex_a9-linux-gnueabi-ld option to reload object files
configure:5553: result: -r
configure:5587: checking for arm-buildroot-linux-gnueabi-objdump
configure:5614: result: /home/chris/work/bsp/lollipop-avn_ref_4330_dev/linux/platform/common/fs/buildroot/buildroot-2013.11/output/host/usr/bin/arm-cortex_a9-linux-gnueabi-objdump
configure:5686: checking how to recognize dependent libraries
configure:5888: result: pass_all
configure:5933: checking for arm-buildroot-linux-gnueabi-dlltool
configure:5963: result: no
configure:5973: checking for dlltool
configure:6003: result: no
configure:6033: checking how to associate runtime and link libraries
configure:6060: result: printf %s\n
configure:6077: checking for arm-buildroot-linux-gnueabi-ar
configure:6104: result: /home/chris/work/bsp/lollipop-avn_ref_4330_dev/linux/platform/common/fs/buildroot/buildroot-2013.11/output/host/usr/bin/arm-cortex_a9-linux-gnueabi-ar
configure:6185: checking for archiver @FILE support
configure:6202: /home/chris/work/bsp/lollipop-avn_ref_4330_dev/linux/platform/common/fs/buildroot/buildroot-2013.11/output/host/usr/bin/arm-cortex_a9-linux-gnueabi-gcc -c -D_LARGEFILE_SOURCE -D_LARGEFILE64_SOURCE -D_FILE_OFFSET_BITS=64  -pipe -mno-unaligned-access -Os  -D_LARGEFILE_SOURCE -D_LARGEFILE64_SOURCE -D_FILE_OFFSET_BITS=64 conftest.c >&5
configure:6202: $? = 0
configure:6205: /home/chris/work/bsp/lollipop-avn_ref_4330_dev/linux/platform/common/fs/buildroot/buildroot-2013.11/output/host/usr/bin/arm-cortex_a9-linux-gnueabi-ar cru libconftest.a @conftest.lst >&5
configure:6208: $? = 0
configure:6213: /home/chris/work/bsp/lollipop-avn_ref_4330_dev/linux/platform/common/fs/buildroot/buildroot-2013.11/output/host/usr/bin/arm-cortex_a9-linux-gnueabi-ar cru libconftest.a @conftest.lst >&5
/home/chris/work/bsp/lollipop-avn_ref_4330_dev/linux/platform/common/fs/buildroot/buildroot-2013.11/output/host/usr/bin/arm-cortex_a9-linux-gnueabi-ar: conftest.o: No such file or directory
configure:6216: $? = 1
configure:6228: result: @
configure:6246: checking for arm-buildroot-linux-gnueabi-strip
configure:6273: result: /home/chris/work/bsp/lollipop-avn_ref_4330_dev/linux/platform/common/fs/buildroot/buildroot-2013.11/output/host/usr/bin/arm-cortex_a9-linux-gnueabi-strip
configure:6345: checking for arm-buildroot-linux-gnueabi-ranlib
configure:6372: result: /home/chris/work/bsp/lollipop-avn_ref_4330_dev/linux/platform/common/fs/buildroot/buildroot-2013.11/output/host/usr/bin/arm-cortex_a9-linux-gnueabi-ranlib
configure:6514: checking command to parse /home/chris/work/bsp/lollipop-avn_ref_4330_dev/linux/platform/common/fs/buildroot/buildroot-2013.11/output/host/usr/bin/arm-cortex_a9-linux-gnueabi-nm output from /home/chris/work/bsp/lollipop-avn_ref_4330_dev/linux/platform/common/fs/buildroot/buildroot-2013.11/output/host/usr/bin/arm-cortex_a9-linux-gnueabi-gcc object
configure:6634: /home/chris/work/bsp/lollipop-avn_ref_4330_dev/linux/platform/common/fs/buildroot/buildroot-2013.11/output/host/usr/bin/arm-cortex_a9-linux-gnueabi-gcc -c -D_LARGEFILE_SOURCE -D_LARGEFILE64_SOURCE -D_FILE_OFFSET_BITS=64  -pipe -mno-unaligned-access -Os  -D_LARGEFILE_SOURCE -D_LARGEFILE64_SOURCE -D_FILE_OFFSET_BITS=64 conftest.c >&5
configure:6637: $? = 0
configure:6641: /home/chris/work/bsp/lollipop-avn_ref_4330_dev/linux/platform/common/fs/buildroot/buildroot-2013.11/output/host/usr/bin/arm-cortex_a9-linux-gnueabi-nm conftest.o \| sed -n -e 's/^.*[ ]\([ABCDGIRSTW][ABCDGIRSTW]*\)[ ][ ]*\([_A-Za-z][_A-Za-z0-9]*\)$/\1 \2 \2/p' | sed '/ __gnu_lto/d' \> conftest.nm
configure:6644: $? = 0
configure:6710: /home/chris/work/bsp/lollipop-avn_ref_4330_dev/linux/platform/common/fs/buildroot/buildroot-2013.11/output/host/usr/bin/arm-cortex_a9-linux-gnueabi-gcc -o conftest -D_LARGEFILE_SOURCE -D_LARGEFILE64_SOURCE -D_FILE_OFFSET_BITS=64  -pipe -mno-unaligned-access -Os  -D_LARGEFILE_SOURCE -D_LARGEFILE64_SOURCE -D_FILE_OFFSET_BITS=64  conftest.c conftstm.o >&5
configure:6713: $? = 0
configure:6751: result: ok
configure:6788: checking for sysroot
configure:6818: result: no
configure:7070: checking for arm-buildroot-linux-gnueabi-mt
configure:7100: result: no
configure:7110: checking for mt
configure:7126: found /bin/mt
configure:7137: result: mt
configure:7149: WARNING: using cross tools not prefixed with host triplet
configure:7160: checking if mt is a manifest tool
configure:7166: mt '-?'
configure:7174: result: no
configure:7816: checking how to run the C preprocessor
configure:7886: result: /home/chris/work/bsp/lollipop-avn_ref_4330_dev/linux/platform/common/fs/buildroot/buildroot-2013.11/output/host/usr/bin/arm-cortex_a9-linux-gnueabi-cpp
configure:7906: /home/chris/work/bsp/lollipop-avn_ref_4330_dev/linux/platform/common/fs/buildroot/buildroot-2013.11/output/host/usr/bin/arm-cortex_a9-linux-gnueabi-cpp -D_LARGEFILE_SOURCE -D_LARGEFILE64_SOURCE -D_FILE_OFFSET_BITS=64 conftest.c
configure:7906: $? = 0
configure:7920: /home/chris/work/bsp/lollipop-avn_ref_4330_dev/linux/platform/common/fs/buildroot/buildroot-2013.11/output/host/usr/bin/arm-cortex_a9-linux-gnueabi-cpp -D_LARGEFILE_SOURCE -D_LARGEFILE64_SOURCE -D_FILE_OFFSET_BITS=64 conftest.c
conftest.c:11:28: fatal error: ac_nonexistent.h: No such file or directory
compilation terminated.
configure:7920: $? = 1
configure: failed program was:
| /* confdefs.h */
| #define PACKAGE_NAME "libffi"
| #define PACKAGE_TARNAME "libffi"
| #define PACKAGE_VERSION "3.0.13"
| #define PACKAGE_STRING "libffi 3.0.13"
| #define PACKAGE_BUGREPORT "http://github.com/atgreen/libffi/issues"
| #define PACKAGE_URL ""
| #define PACKAGE "libffi"
| #define VERSION "3.0.13"
| /* end confdefs.h.  */
| #include <ac_nonexistent.h>
configure:7949: checking for ANSI C header files
configure:7969: /home/chris/work/bsp/lollipop-avn_ref_4330_dev/linux/platform/common/fs/buildroot/buildroot-2013.11/output/host/usr/bin/arm-cortex_a9-linux-gnueabi-gcc -c -D_LARGEFILE_SOURCE -D_LARGEFILE64_SOURCE -D_FILE_OFFSET_BITS=64  -pipe -mno-unaligned-access -Os  -D_LARGEFILE_SOURCE -D_LARGEFILE64_SOURCE -D_FILE_OFFSET_BITS=64 conftest.c >&5
configure:7969: $? = 0
configure:8053: result: yes
configure:8066: checking for sys/types.h
configure:8066: /home/chris/work/bsp/lollipop-avn_ref_4330_dev/linux/platform/common/fs/buildroot/buildroot-2013.11/output/host/usr/bin/arm-cortex_a9-linux-gnueabi-gcc -c -D_LARGEFILE_SOURCE -D_LARGEFILE64_SOURCE -D_FILE_OFFSET_BITS=64  -pipe -mno-unaligned-access -Os  -D_LARGEFILE_SOURCE -D_LARGEFILE64_SOURCE -D_FILE_OFFSET_BITS=64 conftest.c >&5
configure:8066: $? = 0
configure:8066: result: yes
configure:8066: checking for sys/stat.h
configure:8066: /home/chris/work/bsp/lollipop-avn_ref_4330_dev/linux/platform/common/fs/buildroot/buildroot-2013.11/output/host/usr/bin/arm-cortex_a9-linux-gnueabi-gcc -c -D_LARGEFILE_SOURCE -D_LARGEFILE64_SOURCE -D_FILE_OFFSET_BITS=64  -pipe -mno-unaligned-access -Os  -D_LARGEFILE_SOURCE -D_LARGEFILE64_SOURCE -D_FILE_OFFSET_BITS=64 conftest.c >&5
configure:8066: $? = 0
configure:8066: result: yes
configure:8066: checking for stdlib.h
configure:8066: /home/chris/work/bsp/lollipop-avn_ref_4330_dev/linux/platform/common/fs/buildroot/buildroot-2013.11/output/host/usr/bin/arm-cortex_a9-linux-gnueabi-gcc -c -D_LARGEFILE_SOURCE -D_LARGEFILE64_SOURCE -D_FILE_OFFSET_BITS=64  -pipe -mno-unaligned-access -Os  -D_LARGEFILE_SOURCE -D_LARGEFILE64_SOURCE -D_FILE_OFFSET_BITS=64 conftest.c >&5
configure:8066: $? = 0
configure:8066: result: yes
configure:8066: checking for string.h
configure:8066: /home/chris/work/bsp/lollipop-avn_ref_4330_dev/linux/platform/common/fs/buildroot/buildroot-2013.11/output/host/usr/bin/arm-cortex_a9-linux-gnueabi-gcc -c -D_LARGEFILE_SOURCE -D_LARGEFILE64_SOURCE -D_FILE_OFFSET_BITS=64  -pipe -mno-unaligned-access -Os  -D_LARGEFILE_SOURCE -D_LARGEFILE64_SOURCE -D_FILE_OFFSET_BITS=64 conftest.c >&5
configure:8066: $? = 0
configure:8066: result: yes
configure:8066: checking for memory.h
configure:8066: /home/chris/work/bsp/lollipop-avn_ref_4330_dev/linux/platform/common/fs/buildroot/buildroot-2013.11/output/host/usr/bin/arm-cortex_a9-linux-gnueabi-gcc -c -D_LARGEFILE_SOURCE -D_LARGEFILE64_SOURCE -D_FILE_OFFSET_BITS=64  -pipe -mno-unaligned-access -Os  -D_LARGEFILE_SOURCE -D_LARGEFILE64_SOURCE -D_FILE_OFFSET_BITS=64 conftest.c >&5
configure:8066: $? = 0
configure:8066: result: yes
configure:8066: checking for strings.h
configure:8066: /home/chris/work/bsp/lollipop-avn_ref_4330_dev/linux/platform/common/fs/buildroot/buildroot-2013.11/output/host/usr/bin/arm-cortex_a9-linux-gnueabi-gcc -c -D_LARGEFILE_SOURCE -D_LARGEFILE64_SOURCE -D_FILE_OFFSET_BITS=64  -pipe -mno-unaligned-access -Os  -D_LARGEFILE_SOURCE -D_LARGEFILE64_SOURCE -D_FILE_OFFSET_BITS=64 conftest.c >&5
configure:8066: $? = 0
configure:8066: result: yes
configure:8066: checking for inttypes.h
configure:8066: /home/chris/work/bsp/lollipop-avn_ref_4330_dev/linux/platform/common/fs/buildroot/buildroot-2013.11/output/host/usr/bin/arm-cortex_a9-linux-gnueabi-gcc -c -D_LARGEFILE_SOURCE -D_LARGEFILE64_SOURCE -D_FILE_OFFSET_BITS=64  -pipe -mno-unaligned-access -Os  -D_LARGEFILE_SOURCE -D_LARGEFILE64_SOURCE -D_FILE_OFFSET_BITS=64 conftest.c >&5
configure:8066: $? = 0
configure:8066: result: yes
configure:8066: checking for stdint.h
configure:8066: /home/chris/work/bsp/lollipop-avn_ref_4330_dev/linux/platform/common/fs/buildroot/buildroot-2013.11/output/host/usr/bin/arm-cortex_a9-linux-gnueabi-gcc -c -D_LARGEFILE_SOURCE -D_LARGEFILE64_SOURCE -D_FILE_OFFSET_BITS=64  -pipe -mno-unaligned-access -Os  -D_LARGEFILE_SOURCE -D_LARGEFILE64_SOURCE -D_FILE_OFFSET_BITS=64 conftest.c >&5
configure:8066: $? = 0
configure:8066: result: yes
configure:8066: checking for unistd.h
configure:8066: /home/chris/work/bsp/lollipop-avn_ref_4330_dev/linux/platform/common/fs/buildroot/buildroot-2013.11/output/host/usr/bin/arm-cortex_a9-linux-gnueabi-gcc -c -D_LARGEFILE_SOURCE -D_LARGEFILE64_SOURCE -D_FILE_OFFSET_BITS=64  -pipe -mno-unaligned-access -Os  -D_LARGEFILE_SOURCE -D_LARGEFILE64_SOURCE -D_FILE_OFFSET_BITS=64 conftest.c >&5
configure:8066: $? = 0
configure:8066: result: yes
configure:8080: checking for dlfcn.h
configure:8080: /home/chris/work/bsp/lollipop-avn_ref_4330_dev/linux/platform/common/fs/buildroot/buildroot-2013.11/output/host/usr/bin/arm-cortex_a9-linux-gnueabi-gcc -c -D_LARGEFILE_SOURCE -D_LARGEFILE64_SOURCE -D_FILE_OFFSET_BITS=64  -pipe -mno-unaligned-access -Os  -D_LARGEFILE_SOURCE -D_LARGEFILE64_SOURCE -D_FILE_OFFSET_BITS=64 conftest.c >&5
configure:8080: $? = 0
configure:8080: result: yes
configure:8286: checking for objdir
configure:8301: result: .libs
configure:8568: checking if /home/chris/work/bsp/lollipop-avn_ref_4330_dev/linux/platform/common/fs/buildroot/buildroot-2013.11/output/host/usr/bin/arm-cortex_a9-linux-gnueabi-gcc supports -fno-rtti -fno-exceptions
configure:8586: /home/chris/work/bsp/lollipop-avn_ref_4330_dev/linux/platform/common/fs/buildroot/buildroot-2013.11/output/host/usr/bin/arm-cortex_a9-linux-gnueabi-gcc -c -D_LARGEFILE_SOURCE -D_LARGEFILE64_SOURCE -D_FILE_OFFSET_BITS=64  -pipe -mno-unaligned-access -Os  -D_LARGEFILE_SOURCE -D_LARGEFILE64_SOURCE -D_FILE_OFFSET_BITS=64 -fno-rtti -fno-exceptions conftest.c >&5
cc1: warning: command line option '-fno-rtti' is valid for C++/ObjC++ but not for C [enabled by default]
configure:8590: $? = 0
configure:8603: result: no
configure:8930: checking for /home/chris/work/bsp/lollipop-avn_ref_4330_dev/linux/platform/common/fs/buildroot/buildroot-2013.11/output/host/usr/bin/arm-cortex_a9-linux-gnueabi-gcc option to produce PIC
configure:8937: result: -fPIC -DPIC
configure:8945: checking if /home/chris/work/bsp/lollipop-avn_ref_4330_dev/linux/platform/common/fs/buildroot/buildroot-2013.11/output/host/usr/bin/arm-cortex_a9-linux-gnueabi-gcc PIC flag -fPIC -DPIC works
configure:8963: /home/chris/work/bsp/lollipop-avn_ref_4330_dev/linux/platform/common/fs/buildroot/buildroot-2013.11/output/host/usr/bin/arm-cortex_a9-linux-gnueabi-gcc -c -D_LARGEFILE_SOURCE -D_LARGEFILE64_SOURCE -D_FILE_OFFSET_BITS=64  -pipe -mno-unaligned-access -Os  -D_LARGEFILE_SOURCE -D_LARGEFILE64_SOURCE -D_FILE_OFFSET_BITS=64 -fPIC -DPIC -DPIC conftest.c >&5
configure:8967: $? = 0
configure:8980: result: yes
configure:9009: checking if /home/chris/work/bsp/lollipop-avn_ref_4330_dev/linux/platform/common/fs/buildroot/buildroot-2013.11/output/host/usr/bin/arm-cortex_a9-linux-gnueabi-gcc static flag -static works
configure:9037: result: yes
configure:9052: checking if /home/chris/work/bsp/lollipop-avn_ref_4330_dev/linux/platform/common/fs/buildroot/buildroot-2013.11/output/host/usr/bin/arm-cortex_a9-linux-gnueabi-gcc supports -c -o file.o
configure:9073: /home/chris/work/bsp/lollipop-avn_ref_4330_dev/linux/platform/common/fs/buildroot/buildroot-2013.11/output/host/usr/bin/arm-cortex_a9-linux-gnueabi-gcc -c -D_LARGEFILE_SOURCE -D_LARGEFILE64_SOURCE -D_FILE_OFFSET_BITS=64  -pipe -mno-unaligned-access -Os  -D_LARGEFILE_SOURCE -D_LARGEFILE64_SOURCE -D_FILE_OFFSET_BITS=64 -o out/conftest2.o conftest.c >&5
configure:9077: $? = 0
configure:9099: result: yes
configure:9107: checking if /home/chris/work/bsp/lollipop-avn_ref_4330_dev/linux/platform/common/fs/buildroot/buildroot-2013.11/output/host/usr/bin/arm-cortex_a9-linux-gnueabi-gcc supports -c -o file.o
configure:9154: result: yes
configure:9187: checking whether the /home/chris/work/bsp/lollipop-avn_ref_4330_dev/linux/platform/common/fs/buildroot/buildroot-2013.11/output/host/usr/bin/arm-cortex_a9-linux-gnueabi-gcc linker (/home/chris/work/bsp/lollipop-avn_ref_4330_dev/linux/platform/common/fs/buildroot/buildroot-2013.11/output/host/usr/bin/arm-cortex_a9-linux-gnueabi-ld) supports shared libraries
configure:10340: result: yes
configure:10377: checking whether -lc should be explicitly linked in
configure:10385: /home/chris/work/bsp/lollipop-avn_ref_4330_dev/linux/platform/common/fs/buildroot/buildroot-2013.11/output/host/usr/bin/arm-cortex_a9-linux-gnueabi-gcc -c -D_LARGEFILE_SOURCE -D_LARGEFILE64_SOURCE -D_FILE_OFFSET_BITS=64  -pipe -mno-unaligned-access -Os  -D_LARGEFILE_SOURCE -D_LARGEFILE64_SOURCE -D_FILE_OFFSET_BITS=64 conftest.c >&5
configure:10388: $? = 0
configure:10403: /home/chris/work/bsp/lollipop-avn_ref_4330_dev/linux/platform/common/fs/buildroot/buildroot-2013.11/output/host/usr/bin/arm-cortex_a9-linux-gnueabi-gcc -shared  -fPIC -DPIC conftest.o  -v -Wl,-soname -Wl,conftest -o conftest 2\>\&1 \| /bin/grep  -lc  \>/dev/null 2\>\&1
configure:10406: $? = 0
configure:10420: result: no
configure:10580: checking dynamic linker characteristics
configure:11091: /home/chris/work/bsp/lollipop-avn_ref_4330_dev/linux/platform/common/fs/buildroot/buildroot-2013.11/output/host/usr/bin/arm-cortex_a9-linux-gnueabi-gcc -o conftest -D_LARGEFILE_SOURCE -D_LARGEFILE64_SOURCE -D_FILE_OFFSET_BITS=64  -pipe -mno-unaligned-access -Os  -D_LARGEFILE_SOURCE -D_LARGEFILE64_SOURCE -D_FILE_OFFSET_BITS=64  -Wl,-rpath -Wl,/foo conftest.c  >&5
configure:11091: $? = 0
configure:11313: result: GNU/Linux ld.so
configure:11420: checking how to hardcode library paths into programs
configure:11445: result: immediate
configure:11985: checking whether stripping libraries is possible
configure:11990: result: yes
configure:12025: checking if libtool supports shared libraries
configure:12027: result: yes
configure:12030: checking whether to build shared libraries
configure:12051: result: yes
configure:12054: checking whether to build static libraries
configure:12058: result: yes
configure:12102: checking size of size_t
configure:12107: /home/chris/work/bsp/lollipop-avn_ref_4330_dev/linux/platform/common/fs/buildroot/buildroot-2013.11/output/host/usr/bin/arm-cortex_a9-linux-gnueabi-gcc -c -D_LARGEFILE_SOURCE -D_LARGEFILE64_SOURCE -D_FILE_OFFSET_BITS=64  -pipe -mno-unaligned-access -Os  -D_LARGEFILE_SOURCE -D_LARGEFILE64_SOURCE -D_FILE_OFFSET_BITS=64 conftest.c >&5
configure:12107: $? = 0
configure:12107: /home/chris/work/bsp/lollipop-avn_ref_4330_dev/linux/platform/common/fs/buildroot/buildroot-2013.11/output/host/usr/bin/arm-cortex_a9-linux-gnueabi-gcc -c -D_LARGEFILE_SOURCE -D_LARGEFILE64_SOURCE -D_FILE_OFFSET_BITS=64  -pipe -mno-unaligned-access -Os  -D_LARGEFILE_SOURCE -D_LARGEFILE64_SOURCE -D_FILE_OFFSET_BITS=64 conftest.c >&5
conftest.c: In function 'main':
conftest.c:59:12: error: size of array 'test_array' is negative
configure:12107: $? = 1
configure: failed program was:
| /* confdefs.h */
| #define PACKAGE_NAME "libffi"
| #define PACKAGE_TARNAME "libffi"
| #define PACKAGE_VERSION "3.0.13"
| #define PACKAGE_STRING "libffi 3.0.13"
| #define PACKAGE_BUGREPORT "http://github.com/atgreen/libffi/issues"
| #define PACKAGE_URL ""
| #define PACKAGE "libffi"
| #define VERSION "3.0.13"
| #define STDC_HEADERS 1
| #define HAVE_SYS_TYPES_H 1
| #define HAVE_SYS_STAT_H 1
| #define HAVE_STDLIB_H 1
| #define HAVE_STRING_H 1
| #define HAVE_MEMORY_H 1
| #define HAVE_STRINGS_H 1
| #define HAVE_INTTYPES_H 1
| #define HAVE_STDINT_H 1
| #define HAVE_UNISTD_H 1
| #define HAVE_DLFCN_H 1
| #define LT_OBJDIR ".libs/"
| /* end confdefs.h.  */
| #include <stdio.h>
| #ifdef HAVE_SYS_TYPES_H
| # include <sys/types.h>
| #endif
| #ifdef HAVE_SYS_STAT_H
| # include <sys/stat.h>
| #endif
| #ifdef STDC_HEADERS
| # include <stdlib.h>
| # include <stddef.h>
| #else
| # ifdef HAVE_STDLIB_H
| #  include <stdlib.h>
| # endif
| #endif
| #ifdef HAVE_STRING_H
| # if !defined STDC_HEADERS && defined HAVE_MEMORY_H
| #  include <memory.h>
| # endif
| # include <string.h>
| #endif
| #ifdef HAVE_STRINGS_H
| # include <strings.h>
| #endif
| #ifdef HAVE_INTTYPES_H
| # include <inttypes.h>
| #endif
| #ifdef HAVE_STDINT_H
| # include <stdint.h>
| #endif
| #ifdef HAVE_UNISTD_H
| # include <unistd.h>
| #endif
| int
| main ()
| {
| static int test_array [1 - 2 * !(((long int) (sizeof (size_t))) <= 0)];
| test_array [0] = 0;
| return test_array [0];
| 
|   ;
|   return 0;
| }
configure:12107: /home/chris/work/bsp/lollipop-avn_ref_4330_dev/linux/platform/common/fs/buildroot/buildroot-2013.11/output/host/usr/bin/arm-cortex_a9-linux-gnueabi-gcc -c -D_LARGEFILE_SOURCE -D_LARGEFILE64_SOURCE -D_FILE_OFFSET_BITS=64  -pipe -mno-unaligned-access -Os  -D_LARGEFILE_SOURCE -D_LARGEFILE64_SOURCE -D_FILE_OFFSET_BITS=64 conftest.c >&5
conftest.c: In function 'main':
conftest.c:59:12: error: size of array 'test_array' is negative
configure:12107: $? = 1
configure: failed program was:
| /* confdefs.h */
| #define PACKAGE_NAME "libffi"
| #define PACKAGE_TARNAME "libffi"
| #define PACKAGE_VERSION "3.0.13"
| #define PACKAGE_STRING "libffi 3.0.13"
| #define PACKAGE_BUGREPORT "http://github.com/atgreen/libffi/issues"
| #define PACKAGE_URL ""
| #define PACKAGE "libffi"
| #define VERSION "3.0.13"
| #define STDC_HEADERS 1
| #define HAVE_SYS_TYPES_H 1
| #define HAVE_SYS_STAT_H 1
| #define HAVE_STDLIB_H 1
| #define HAVE_STRING_H 1
| #define HAVE_MEMORY_H 1
| #define HAVE_STRINGS_H 1
| #define HAVE_INTTYPES_H 1
| #define HAVE_STDINT_H 1
| #define HAVE_UNISTD_H 1
| #define HAVE_DLFCN_H 1
| #define LT_OBJDIR ".libs/"
| /* end confdefs.h.  */
| #include <stdio.h>
| #ifdef HAVE_SYS_TYPES_H
| # include <sys/types.h>
| #endif
| #ifdef HAVE_SYS_STAT_H
| # include <sys/stat.h>
| #endif
| #ifdef STDC_HEADERS
| # include <stdlib.h>
| # include <stddef.h>
| #else
| # ifdef HAVE_STDLIB_H
| #  include <stdlib.h>
| # endif
| #endif
| #ifdef HAVE_STRING_H
| # if !defined STDC_HEADERS && defined HAVE_MEMORY_H
| #  include <memory.h>
| # endif
| # include <string.h>
| #endif
| #ifdef HAVE_STRINGS_H
| # include <strings.h>
| #endif
| #ifdef HAVE_INTTYPES_H
| # include <inttypes.h>
| #endif
| #ifdef HAVE_STDINT_H
| # include <stdint.h>
| #endif
| #ifdef HAVE_UNISTD_H
| # include <unistd.h>
| #endif
| int
| main ()
| {
| static int test_array [1 - 2 * !(((long int) (sizeof (size_t))) <= 1)];
| test_array [0] = 0;
| return test_array [0];
| 
|   ;
|   return 0;
| }
configure:12107: /home/chris/work/bsp/lollipop-avn_ref_4330_dev/linux/platform/common/fs/buildroot/buildroot-2013.11/output/host/usr/bin/arm-cortex_a9-linux-gnueabi-gcc -c -D_LARGEFILE_SOURCE -D_LARGEFILE64_SOURCE -D_FILE_OFFSET_BITS=64  -pipe -mno-unaligned-access -Os  -D_LARGEFILE_SOURCE -D_LARGEFILE64_SOURCE -D_FILE_OFFSET_BITS=64 conftest.c >&5
conftest.c: In function 'main':
conftest.c:59:12: error: size of array 'test_array' is negative
configure:12107: $? = 1
configure: failed program was:
| /* confdefs.h */
| #define PACKAGE_NAME "libffi"
| #define PACKAGE_TARNAME "libffi"
| #define PACKAGE_VERSION "3.0.13"
| #define PACKAGE_STRING "libffi 3.0.13"
| #define PACKAGE_BUGREPORT "http://github.com/atgreen/libffi/issues"
| #define PACKAGE_URL ""
| #define PACKAGE "libffi"
| #define VERSION "3.0.13"
| #define STDC_HEADERS 1
| #define HAVE_SYS_TYPES_H 1
| #define HAVE_SYS_STAT_H 1
| #define HAVE_STDLIB_H 1
| #define HAVE_STRING_H 1
| #define HAVE_MEMORY_H 1
| #define HAVE_STRINGS_H 1
| #define HAVE_INTTYPES_H 1
| #define HAVE_STDINT_H 1
| #define HAVE_UNISTD_H 1
| #define HAVE_DLFCN_H 1
| #define LT_OBJDIR ".libs/"
| /* end confdefs.h.  */
| #include <stdio.h>
| #ifdef HAVE_SYS_TYPES_H
| # include <sys/types.h>
| #endif
| #ifdef HAVE_SYS_STAT_H
| # include <sys/stat.h>
| #endif
| #ifdef STDC_HEADERS
| # include <stdlib.h>
| # include <stddef.h>
| #else
| # ifdef HAVE_STDLIB_H
| #  include <stdlib.h>
| # endif
| #endif
| #ifdef HAVE_STRING_H
| # if !defined STDC_HEADERS && defined HAVE_MEMORY_H
| #  include <memory.h>
| # endif
| # include <string.h>
| #endif
| #ifdef HAVE_STRINGS_H
| # include <strings.h>
| #endif
| #ifdef HAVE_INTTYPES_H
| # include <inttypes.h>
| #endif
| #ifdef HAVE_STDINT_H
| # include <stdint.h>
| #endif
| #ifdef HAVE_UNISTD_H
| # include <unistd.h>
| #endif
| int
| main ()
| {
| static int test_array [1 - 2 * !(((long int) (sizeof (size_t))) <= 3)];
| test_array [0] = 0;
| return test_array [0];
| 
|   ;
|   return 0;
| }
configure:12107: /home/chris/work/bsp/lollipop-avn_ref_4330_dev/linux/platform/common/fs/buildroot/buildroot-2013.11/output/host/usr/bin/arm-cortex_a9-linux-gnueabi-gcc -c -D_LARGEFILE_SOURCE -D_LARGEFILE64_SOURCE -D_FILE_OFFSET_BITS=64  -pipe -mno-unaligned-access -Os  -D_LARGEFILE_SOURCE -D_LARGEFILE64_SOURCE -D_FILE_OFFSET_BITS=64 conftest.c >&5
configure:12107: $? = 0
configure:12107: /home/chris/work/bsp/lollipop-avn_ref_4330_dev/linux/platform/common/fs/buildroot/buildroot-2013.11/output/host/usr/bin/arm-cortex_a9-linux-gnueabi-gcc -c -D_LARGEFILE_SOURCE -D_LARGEFILE64_SOURCE -D_FILE_OFFSET_BITS=64  -pipe -mno-unaligned-access -Os  -D_LARGEFILE_SOURCE -D_LARGEFILE64_SOURCE -D_FILE_OFFSET_BITS=64 conftest.c >&5
configure:12107: $? = 0
configure:12107: /home/chris/work/bsp/lollipop-avn_ref_4330_dev/linux/platform/common/fs/buildroot/buildroot-2013.11/output/host/usr/bin/arm-cortex_a9-linux-gnueabi-gcc -c -D_LARGEFILE_SOURCE -D_LARGEFILE64_SOURCE -D_FILE_OFFSET_BITS=64  -pipe -mno-unaligned-access -Os  -D_LARGEFILE_SOURCE -D_LARGEFILE64_SOURCE -D_FILE_OFFSET_BITS=64 conftest.c >&5
configure:12107: $? = 0
configure:12121: result: 4
configure:12132: checking for C compiler vendor
configure:12177: /home/chris/work/bsp/lollipop-avn_ref_4330_dev/linux/platform/common/fs/buildroot/buildroot-2013.11/output/host/usr/bin/arm-cortex_a9-linux-gnueabi-gcc -c -D_LARGEFILE_SOURCE -D_LARGEFILE64_SOURCE -D_FILE_OFFSET_BITS=64  -pipe -mno-unaligned-access -Os  -D_LARGEFILE_SOURCE -D_LARGEFILE64_SOURCE -D_FILE_OFFSET_BITS=64 conftest.c >&5
conftest.c: In function 'main':
conftest.c:30:9: error: 'thisisanerror' undeclared (first use in this function)
conftest.c:30:9: note: each undeclared identifier is reported only once for each function it appears in
configure:12177: $? = 1
configure: failed program was:
| /* confdefs.h */
| #define PACKAGE_NAME "libffi"
| #define PACKAGE_TARNAME "libffi"
| #define PACKAGE_VERSION "3.0.13"
| #define PACKAGE_STRING "libffi 3.0.13"
| #define PACKAGE_BUGREPORT "http://github.com/atgreen/libffi/issues"
| #define PACKAGE_URL ""
| #define PACKAGE "libffi"
| #define VERSION "3.0.13"
| #define STDC_HEADERS 1
| #define HAVE_SYS_TYPES_H 1
| #define HAVE_SYS_STAT_H 1
| #define HAVE_STDLIB_H 1
| #define HAVE_STRING_H 1
| #define HAVE_MEMORY_H 1
| #define HAVE_STRINGS_H 1
| #define HAVE_INTTYPES_H 1
| #define HAVE_STDINT_H 1
| #define HAVE_UNISTD_H 1
| #define HAVE_DLFCN_H 1
| #define LT_OBJDIR ".libs/"
| #define SIZEOF_SIZE_T 4
| /* end confdefs.h.  */
| 
| int
| main ()
| {
| 
|       #if !(defined(__ICC) || defined(__ECC) || defined(__INTEL_COMPILER))
|         thisisanerror;
|       #endif
| 
|   ;
|   return 0;
| }
configure:12177: /home/chris/work/bsp/lollipop-avn_ref_4330_dev/linux/platform/common/fs/buildroot/buildroot-2013.11/output/host/usr/bin/arm-cortex_a9-linux-gnueabi-gcc -c -D_LARGEFILE_SOURCE -D_LARGEFILE64_SOURCE -D_FILE_OFFSET_BITS=64  -pipe -mno-unaligned-access -Os  -D_LARGEFILE_SOURCE -D_LARGEFILE64_SOURCE -D_FILE_OFFSET_BITS=64 conftest.c >&5
conftest.c: In function 'main':
conftest.c:30:9: error: 'thisisanerror' undeclared (first use in this function)
conftest.c:30:9: note: each undeclared identifier is reported only once for each function it appears in
configure:12177: $? = 1
configure: failed program was:
| /* confdefs.h */
| #define PACKAGE_NAME "libffi"
| #define PACKAGE_TARNAME "libffi"
| #define PACKAGE_VERSION "3.0.13"
| #define PACKAGE_STRING "libffi 3.0.13"
| #define PACKAGE_BUGREPORT "http://github.com/atgreen/libffi/issues"
| #define PACKAGE_URL ""
| #define PACKAGE "libffi"
| #define VERSION "3.0.13"
| #define STDC_HEADERS 1
| #define HAVE_SYS_TYPES_H 1
| #define HAVE_SYS_STAT_H 1
| #define HAVE_STDLIB_H 1
| #define HAVE_STRING_H 1
| #define HAVE_MEMORY_H 1
| #define HAVE_STRINGS_H 1
| #define HAVE_INTTYPES_H 1
| #define HAVE_STDINT_H 1
| #define HAVE_UNISTD_H 1
| #define HAVE_DLFCN_H 1
| #define LT_OBJDIR ".libs/"
| #define SIZEOF_SIZE_T 4
| /* end confdefs.h.  */
| 
| int
| main ()
| {
| 
|       #if !(defined(__xlc__) || defined(__xlC__) || defined(__IBMC__) || defined(__IBMCPP__))
|         thisisanerror;
|       #endif
| 
|   ;
|   return 0;
| }
configure:12177: /home/chris/work/bsp/lollipop-avn_ref_4330_dev/linux/platform/common/fs/buildroot/buildroot-2013.11/output/host/usr/bin/arm-cortex_a9-linux-gnueabi-gcc -c -D_LARGEFILE_SOURCE -D_LARGEFILE64_SOURCE -D_FILE_OFFSET_BITS=64  -pipe -mno-unaligned-access -Os  -D_LARGEFILE_SOURCE -D_LARGEFILE64_SOURCE -D_FILE_OFFSET_BITS=64 conftest.c >&5
conftest.c: In function 'main':
conftest.c:30:9: error: 'thisisanerror' undeclared (first use in this function)
conftest.c:30:9: note: each undeclared identifier is reported only once for each function it appears in
configure:12177: $? = 1
configure: failed program was:
| /* confdefs.h */
| #define PACKAGE_NAME "libffi"
| #define PACKAGE_TARNAME "libffi"
| #define PACKAGE_VERSION "3.0.13"
| #define PACKAGE_STRING "libffi 3.0.13"
| #define PACKAGE_BUGREPORT "http://github.com/atgreen/libffi/issues"
| #define PACKAGE_URL ""
| #define PACKAGE "libffi"
| #define VERSION "3.0.13"
| #define STDC_HEADERS 1
| #define HAVE_SYS_TYPES_H 1
| #define HAVE_SYS_STAT_H 1
| #define HAVE_STDLIB_H 1
| #define HAVE_STRING_H 1
| #define HAVE_MEMORY_H 1
| #define HAVE_STRINGS_H 1
| #define HAVE_INTTYPES_H 1
| #define HAVE_STDINT_H 1
| #define HAVE_UNISTD_H 1
| #define HAVE_DLFCN_H 1
| #define LT_OBJDIR ".libs/"
| #define SIZEOF_SIZE_T 4
| /* end confdefs.h.  */
| 
| int
| main ()
| {
| 
|       #if !(defined(__PATHCC__) || defined(__PATHSCALE__))
|         thisisanerror;
|       #endif
| 
|   ;
|   return 0;
| }
configure:12177: /home/chris/work/bsp/lollipop-avn_ref_4330_dev/linux/platform/common/fs/buildroot/buildroot-2013.11/output/host/usr/bin/arm-cortex_a9-linux-gnueabi-gcc -c -D_LARGEFILE_SOURCE -D_LARGEFILE64_SOURCE -D_FILE_OFFSET_BITS=64  -pipe -mno-unaligned-access -Os  -D_LARGEFILE_SOURCE -D_LARGEFILE64_SOURCE -D_FILE_OFFSET_BITS=64 conftest.c >&5
conftest.c: In function 'main':
conftest.c:30:9: error: 'thisisanerror' undeclared (first use in this function)
conftest.c:30:9: note: each undeclared identifier is reported only once for each function it appears in
configure:12177: $? = 1
configure: failed program was:
| /* confdefs.h */
| #define PACKAGE_NAME "libffi"
| #define PACKAGE_TARNAME "libffi"
| #define PACKAGE_VERSION "3.0.13"
| #define PACKAGE_STRING "libffi 3.0.13"
| #define PACKAGE_BUGREPORT "http://github.com/atgreen/libffi/issues"
| #define PACKAGE_URL ""
| #define PACKAGE "libffi"
| #define VERSION "3.0.13"
| #define STDC_HEADERS 1
| #define HAVE_SYS_TYPES_H 1
| #define HAVE_SYS_STAT_H 1
| #define HAVE_STDLIB_H 1
| #define HAVE_STRING_H 1
| #define HAVE_MEMORY_H 1
| #define HAVE_STRINGS_H 1
| #define HAVE_INTTYPES_H 1
| #define HAVE_STDINT_H 1
| #define HAVE_UNISTD_H 1
| #define HAVE_DLFCN_H 1
| #define LT_OBJDIR ".libs/"
| #define SIZEOF_SIZE_T 4
| /* end confdefs.h.  */
| 
| int
| main ()
| {
| 
|       #if !(defined(__clang__))
|         thisisanerror;
|       #endif
| 
|   ;
|   return 0;
| }
configure:12177: /home/chris/work/bsp/lollipop-avn_ref_4330_dev/linux/platform/common/fs/buildroot/buildroot-2013.11/output/host/usr/bin/arm-cortex_a9-linux-gnueabi-gcc -c -D_LARGEFILE_SOURCE -D_LARGEFILE64_SOURCE -D_FILE_OFFSET_BITS=64  -pipe -mno-unaligned-access -Os  -D_LARGEFILE_SOURCE -D_LARGEFILE64_SOURCE -D_FILE_OFFSET_BITS=64 conftest.c >&5
configure:12177: $? = 0
configure:12185: result: gnu
configure:13011: : CFLAGS already contains 
configure:13014: $? = 0
configure:13036: checking CFLAGS for maximum warnings
configure:13056: /home/chris/work/bsp/lollipop-avn_ref_4330_dev/linux/platform/common/fs/buildroot/buildroot-2013.11/output/host/usr/bin/arm-cortex_a9-linux-gnueabi-gcc -c -D_LARGEFILE_SOURCE -D_LARGEFILE64_SOURCE -D_FILE_OFFSET_BITS=64  -pipe -mno-unaligned-access -Os  -warn all  -warn all -D_LARGEFILE_SOURCE -D_LARGEFILE64_SOURCE -D_FILE_OFFSET_BITS=64 conftest.c >&5
arm-cortex_a9-linux-gnueabi-gcc: error: unrecognized command line option '-warn'
arm-cortex_a9-linux-gnueabi-gcc: error: all: No such file or directory
arm-cortex_a9-linux-gnueabi-gcc: error: unrecognized command line option '-warn'
arm-cortex_a9-linux-gnueabi-gcc: error: all: No such file or directory
configure:13056: $? = 1
configure: failed program was:
| /* confdefs.h */
| #define PACKAGE_NAME "libffi"
| #define PACKAGE_TARNAME "libffi"
| #define PACKAGE_VERSION "3.0.13"
| #define PACKAGE_STRING "libffi 3.0.13"
| #define PACKAGE_BUGREPORT "http://github.com/atgreen/libffi/issues"
| #define PACKAGE_URL ""
| #define PACKAGE "libffi"
| #define VERSION "3.0.13"
| #define STDC_HEADERS 1
| #define HAVE_SYS_TYPES_H 1
| #define HAVE_SYS_STAT_H 1
| #define HAVE_STDLIB_H 1
| #define HAVE_STRING_H 1
| #define HAVE_MEMORY_H 1
| #define HAVE_STRINGS_H 1
| #define HAVE_INTTYPES_H 1
| #define HAVE_STDINT_H 1
| #define HAVE_UNISTD_H 1
| #define HAVE_DLFCN_H 1
| #define LT_OBJDIR ".libs/"
| #define SIZEOF_SIZE_T 4
| /* end confdefs.h.  */
| 
| int
| main ()
| {
| 
|   ;
|   return 0;
| }
configure:13056: /home/chris/work/bsp/lollipop-avn_ref_4330_dev/linux/platform/common/fs/buildroot/buildroot-2013.11/output/host/usr/bin/arm-cortex_a9-linux-gnueabi-gcc -c -D_LARGEFILE_SOURCE -D_LARGEFILE64_SOURCE -D_FILE_OFFSET_BITS=64  -pipe -mno-unaligned-access -Os  -pedantic  -Wall -D_LARGEFILE_SOURCE -D_LARGEFILE64_SOURCE -D_FILE_OFFSET_BITS=64 conftest.c >&5
configure:13056: $? = 0
configure:13064: result: -Wall
configure:13080: : CFLAGS="$CFLAGS $ac_cv_cflags_warn_all"
configure:13083: $? = 0
configure:13113: checking whether to enable maintainer-specific portions of Makefiles
configure:13122: result: no
configure:13138: checking sys/mman.h usability
configure:13138: /home/chris/work/bsp/lollipop-avn_ref_4330_dev/linux/platform/common/fs/buildroot/buildroot-2013.11/output/host/usr/bin/arm-cortex_a9-linux-gnueabi-gcc -c -D_LARGEFILE_SOURCE -D_LARGEFILE64_SOURCE -D_FILE_OFFSET_BITS=64  -pipe -mno-unaligned-access -Os  -Wall -fexceptions -D_LARGEFILE_SOURCE -D_LARGEFILE64_SOURCE -D_FILE_OFFSET_BITS=64 conftest.c >&5
configure:13138: $? = 0
configure:13138: result: yes
configure:13138: checking sys/mman.h presence
configure:13138: /home/chris/work/bsp/lollipop-avn_ref_4330_dev/linux/platform/common/fs/buildroot/buildroot-2013.11/output/host/usr/bin/arm-cortex_a9-linux-gnueabi-cpp -D_LARGEFILE_SOURCE -D_LARGEFILE64_SOURCE -D_FILE_OFFSET_BITS=64 conftest.c
configure:13138: $? = 0
configure:13138: result: yes
configure:13138: checking for sys/mman.h
configure:13138: result: yes
configure:13150: checking for mmap
configure:13150: /home/chris/work/bsp/lollipop-avn_ref_4330_dev/linux/platform/common/fs/buildroot/buildroot-2013.11/output/host/usr/bin/arm-cortex_a9-linux-gnueabi-gcc -o conftest -D_LARGEFILE_SOURCE -D_LARGEFILE64_SOURCE -D_FILE_OFFSET_BITS=64  -pipe -mno-unaligned-access -Os  -Wall -fexceptions -D_LARGEFILE_SOURCE -D_LARGEFILE64_SOURCE -D_FILE_OFFSET_BITS=64  conftest.c  >&5
configure:13150: $? = 0
configure:13150: result: yes
configure:13160: checking for sys/mman.h
configure:13160: result: yes
configure:13168: checking for mmap
configure:13168: result: yes
configure:13181: checking whether read-only mmap of a plain file works
configure:13198: result: yes
configure:13200: checking whether mmap from /dev/zero works
configure:13222: result: yes
configure:13226: checking for MAP_ANON(YMOUS)
configure:13249: /home/chris/work/bsp/lollipop-avn_ref_4330_dev/linux/platform/common/fs/buildroot/buildroot-2013.11/output/host/usr/bin/arm-cortex_a9-linux-gnueabi-gcc -c -D_LARGEFILE_SOURCE -D_LARGEFILE64_SOURCE -D_FILE_OFFSET_BITS=64  -pipe -mno-unaligned-access -Os  -Wall -fexceptions -D_LARGEFILE_SOURCE -D_LARGEFILE64_SOURCE -D_FILE_OFFSET_BITS=64 conftest.c >&5
conftest.c: In function 'main':
conftest.c:37:5: warning: unused variable 'n' [-Wunused-variable]
configure:13249: $? = 0
configure:13256: result: yes
configure:13262: checking whether mmap with MAP_ANON(YMOUS) works
configure:13279: result: yes
configure:13779: checking for ANSI C header files
configure:13883: result: yes
configure:13893: checking for memcpy
configure:13893: /home/chris/work/bsp/lollipop-avn_ref_4330_dev/linux/platform/common/fs/buildroot/buildroot-2013.11/output/host/usr/bin/arm-cortex_a9-linux-gnueabi-gcc -o conftest -D_LARGEFILE_SOURCE -D_LARGEFILE64_SOURCE -D_FILE_OFFSET_BITS=64  -pipe -mno-unaligned-access -Os  -Wall -fexceptions -D_LARGEFILE_SOURCE -D_LARGEFILE64_SOURCE -D_FILE_OFFSET_BITS=64  conftest.c  >&5
conftest.c:53:6: warning: conflicting types for built-in function 'memcpy' [enabled by default]
configure:13893: $? = 0
configure:13893: result: yes
configure:13902: checking for size_t
configure:13902: /home/chris/work/bsp/lollipop-avn_ref_4330_dev/linux/platform/common/fs/buildroot/buildroot-2013.11/output/host/usr/bin/arm-cortex_a9-linux-gnueabi-gcc -c -D_LARGEFILE_SOURCE -D_LARGEFILE64_SOURCE -D_FILE_OFFSET_BITS=64  -pipe -mno-unaligned-access -Os  -Wall -fexceptions -D_LARGEFILE_SOURCE -D_LARGEFILE64_SOURCE -D_FILE_OFFSET_BITS=64 conftest.c >&5
configure:13902: $? = 0
configure:13902: /home/chris/work/bsp/lollipop-avn_ref_4330_dev/linux/platform/common/fs/buildroot/buildroot-2013.11/output/host/usr/bin/arm-cortex_a9-linux-gnueabi-gcc -c -D_LARGEFILE_SOURCE -D_LARGEFILE64_SOURCE -D_FILE_OFFSET_BITS=64  -pipe -mno-unaligned-access -Os  -Wall -fexceptions -D_LARGEFILE_SOURCE -D_LARGEFILE64_SOURCE -D_FILE_OFFSET_BITS=64 conftest.c >&5
conftest.c: In function 'main':
conftest.c:67:21: error: expected expression before ')' token
configure:13902: $? = 1
configure: failed program was:
| /* confdefs.h */
| #define PACKAGE_NAME "libffi"
| #define PACKAGE_TARNAME "libffi"
| #define PACKAGE_VERSION "3.0.13"
| #define PACKAGE_STRING "libffi 3.0.13"
| #define PACKAGE_BUGREPORT "http://github.com/atgreen/libffi/issues"
| #define PACKAGE_URL ""
| #define PACKAGE "libffi"
| #define VERSION "3.0.13"
| #define STDC_HEADERS 1
| #define HAVE_SYS_TYPES_H 1
| #define HAVE_SYS_STAT_H 1
| #define HAVE_STDLIB_H 1
| #define HAVE_STRING_H 1
| #define HAVE_MEMORY_H 1
| #define HAVE_STRINGS_H 1
| #define HAVE_INTTYPES_H 1
| #define HAVE_STDINT_H 1
| #define HAVE_UNISTD_H 1
| #define HAVE_DLFCN_H 1
| #define LT_OBJDIR ".libs/"
| #define SIZEOF_SIZE_T 4
| #define HAVE_SYS_MMAN_H 1
| #define HAVE_MMAP 1
| #define HAVE_MMAP_FILE 1
| #define HAVE_MMAP_DEV_ZERO 1
| #define HAVE_MMAP_ANON 1
| #define STDC_HEADERS 1
| #define HAVE_MEMCPY 1
| /* end confdefs.h.  */
| #include <stdio.h>
| #ifdef HAVE_SYS_TYPES_H
| # include <sys/types.h>
| #endif
| #ifdef HAVE_SYS_STAT_H
| # include <sys/stat.h>
| #endif
| #ifdef STDC_HEADERS
| # include <stdlib.h>
| # include <stddef.h>
| #else
| # ifdef HAVE_STDLIB_H
| #  include <stdlib.h>
| # endif
| #endif
| #ifdef HAVE_STRING_H
| # if !defined STDC_HEADERS && defined HAVE_MEMORY_H
| #  include <memory.h>
| # endif
| # include <string.h>
| #endif
| #ifdef HAVE_STRINGS_H
| # include <strings.h>
| #endif
| #ifdef HAVE_INTTYPES_H
| # include <inttypes.h>
| #endif
| #ifdef HAVE_STDINT_H
| # include <stdint.h>
| #endif
| #ifdef HAVE_UNISTD_H
| # include <unistd.h>
| #endif
| int
| main ()
| {
| if (sizeof ((size_t)))
| 	    return 0;
|   ;
|   return 0;
| }
configure:13902: result: yes
configure:13915: checking for working alloca.h
configure:13932: /home/chris/work/bsp/lollipop-avn_ref_4330_dev/linux/platform/common/fs/buildroot/buildroot-2013.11/output/host/usr/bin/arm-cortex_a9-linux-gnueabi-gcc -o conftest -D_LARGEFILE_SOURCE -D_LARGEFILE64_SOURCE -D_FILE_OFFSET_BITS=64  -pipe -mno-unaligned-access -Os  -Wall -fexceptions -D_LARGEFILE_SOURCE -D_LARGEFILE64_SOURCE -D_FILE_OFFSET_BITS=64  conftest.c  >&5
configure:13932: $? = 0
configure:13940: result: yes
configure:13948: checking for alloca
configure:13985: /home/chris/work/bsp/lollipop-avn_ref_4330_dev/linux/platform/common/fs/buildroot/buildroot-2013.11/output/host/usr/bin/arm-cortex_a9-linux-gnueabi-gcc -o conftest -D_LARGEFILE_SOURCE -D_LARGEFILE64_SOURCE -D_FILE_OFFSET_BITS=64  -pipe -mno-unaligned-access -Os  -Wall -fexceptions -D_LARGEFILE_SOURCE -D_LARGEFILE64_SOURCE -D_FILE_OFFSET_BITS=64  conftest.c  >&5
configure:13985: $? = 0
configure:13993: result: yes
configure:14104: checking size of double
configure:14109: /home/chris/work/bsp/lollipop-avn_ref_4330_dev/linux/platform/common/fs/buildroot/buildroot-2013.11/output/host/usr/bin/arm-cortex_a9-linux-gnueabi-gcc -c -D_LARGEFILE_SOURCE -D_LARGEFILE64_SOURCE -D_FILE_OFFSET_BITS=64  -pipe -mno-unaligned-access -Os  -Wall -fexceptions -D_LARGEFILE_SOURCE -D_LARGEFILE64_SOURCE -D_FILE_OFFSET_BITS=64 conftest.c >&5
configure:14109: $? = 0
configure:14109: /home/chris/work/bsp/lollipop-avn_ref_4330_dev/linux/platform/common/fs/buildroot/buildroot-2013.11/output/host/usr/bin/arm-cortex_a9-linux-gnueabi-gcc -c -D_LARGEFILE_SOURCE -D_LARGEFILE64_SOURCE -D_FILE_OFFSET_BITS=64  -pipe -mno-unaligned-access -Os  -Wall -fexceptions -D_LARGEFILE_SOURCE -D_LARGEFILE64_SOURCE -D_FILE_OFFSET_BITS=64 conftest.c >&5
conftest.c: In function 'main':
conftest.c:69:12: error: size of array 'test_array' is negative
configure:14109: $? = 1
configure: failed program was:
| /* confdefs.h */
| #define PACKAGE_NAME "libffi"
| #define PACKAGE_TARNAME "libffi"
| #define PACKAGE_VERSION "3.0.13"
| #define PACKAGE_STRING "libffi 3.0.13"
| #define PACKAGE_BUGREPORT "http://github.com/atgreen/libffi/issues"
| #define PACKAGE_URL ""
| #define PACKAGE "libffi"
| #define VERSION "3.0.13"
| #define STDC_HEADERS 1
| #define HAVE_SYS_TYPES_H 1
| #define HAVE_SYS_STAT_H 1
| #define HAVE_STDLIB_H 1
| #define HAVE_STRING_H 1
| #define HAVE_MEMORY_H 1
| #define HAVE_STRINGS_H 1
| #define HAVE_INTTYPES_H 1
| #define HAVE_STDINT_H 1
| #define HAVE_UNISTD_H 1
| #define HAVE_DLFCN_H 1
| #define LT_OBJDIR ".libs/"
| #define SIZEOF_SIZE_T 4
| #define HAVE_SYS_MMAN_H 1
| #define HAVE_MMAP 1
| #define HAVE_MMAP_FILE 1
| #define HAVE_MMAP_DEV_ZERO 1
| #define HAVE_MMAP_ANON 1
| #define STDC_HEADERS 1
| #define HAVE_MEMCPY 1
| #define HAVE_ALLOCA_H 1
| #define HAVE_ALLOCA 1
| /* end confdefs.h.  */
| #include <stdio.h>
| #ifdef HAVE_SYS_TYPES_H
| # include <sys/types.h>
| #endif
| #ifdef HAVE_SYS_STAT_H
| # include <sys/stat.h>
| #endif
| #ifdef STDC_HEADERS
| # include <stdlib.h>
| # include <stddef.h>
| #else
| # ifdef HAVE_STDLIB_H
| #  include <stdlib.h>
| # endif
| #endif
| #ifdef HAVE_STRING_H
| # if !defined STDC_HEADERS && defined HAVE_MEMORY_H
| #  include <memory.h>
| # endif
| # include <string.h>
| #endif
| #ifdef HAVE_STRINGS_H
| # include <strings.h>
| #endif
| #ifdef HAVE_INTTYPES_H
| # include <inttypes.h>
| #endif
| #ifdef HAVE_STDINT_H
| # include <stdint.h>
| #endif
| #ifdef HAVE_UNISTD_H
| # include <unistd.h>
| #endif
| int
| main ()
| {
| static int test_array [1 - 2 * !(((long int) (sizeof (double))) <= 0)];
| test_array [0] = 0;
| return test_array [0];
| 
|   ;
|   return 0;
| }
configure:14109: /home/chris/work/bsp/lollipop-avn_ref_4330_dev/linux/platform/common/fs/buildroot/buildroot-2013.11/output/host/usr/bin/arm-cortex_a9-linux-gnueabi-gcc -c -D_LARGEFILE_SOURCE -D_LARGEFILE64_SOURCE -D_FILE_OFFSET_BITS=64  -pipe -mno-unaligned-access -Os  -Wall -fexceptions -D_LARGEFILE_SOURCE -D_LARGEFILE64_SOURCE -D_FILE_OFFSET_BITS=64 conftest.c >&5
conftest.c: In function 'main':
conftest.c:69:12: error: size of array 'test_array' is negative
configure:14109: $? = 1
configure: failed program was:
| /* confdefs.h */
| #define PACKAGE_NAME "libffi"
| #define PACKAGE_TARNAME "libffi"
| #define PACKAGE_VERSION "3.0.13"
| #define PACKAGE_STRING "libffi 3.0.13"
| #define PACKAGE_BUGREPORT "http://github.com/atgreen/libffi/issues"
| #define PACKAGE_URL ""
| #define PACKAGE "libffi"
| #define VERSION "3.0.13"
| #define STDC_HEADERS 1
| #define HAVE_SYS_TYPES_H 1
| #define HAVE_SYS_STAT_H 1
| #define HAVE_STDLIB_H 1
| #define HAVE_STRING_H 1
| #define HAVE_MEMORY_H 1
| #define HAVE_STRINGS_H 1
| #define HAVE_INTTYPES_H 1
| #define HAVE_STDINT_H 1
| #define HAVE_UNISTD_H 1
| #define HAVE_DLFCN_H 1
| #define LT_OBJDIR ".libs/"
| #define SIZEOF_SIZE_T 4
| #define HAVE_SYS_MMAN_H 1
| #define HAVE_MMAP 1
| #define HAVE_MMAP_FILE 1
| #define HAVE_MMAP_DEV_ZERO 1
| #define HAVE_MMAP_ANON 1
| #define STDC_HEADERS 1
| #define HAVE_MEMCPY 1
| #define HAVE_ALLOCA_H 1
| #define HAVE_ALLOCA 1
| /* end confdefs.h.  */
| #include <stdio.h>
| #ifdef HAVE_SYS_TYPES_H
| # include <sys/types.h>
| #endif
| #ifdef HAVE_SYS_STAT_H
| # include <sys/stat.h>
| #endif
| #ifdef STDC_HEADERS
| # include <stdlib.h>
| # include <stddef.h>
| #else
| # ifdef HAVE_STDLIB_H
| #  include <stdlib.h>
| # endif
| #endif
| #ifdef HAVE_STRING_H
| # if !defined STDC_HEADERS && defined HAVE_MEMORY_H
| #  include <memory.h>
| # endif
| # include <string.h>
| #endif
| #ifdef HAVE_STRINGS_H
| # include <strings.h>
| #endif
| #ifdef HAVE_INTTYPES_H
| # include <inttypes.h>
| #endif
| #ifdef HAVE_STDINT_H
| # include <stdint.h>
| #endif
| #ifdef HAVE_UNISTD_H
| # include <unistd.h>
| #endif
| int
| main ()
| {
| static int test_array [1 - 2 * !(((long int) (sizeof (double))) <= 1)];
| test_array [0] = 0;
| return test_array [0];
| 
|   ;
|   return 0;
| }
configure:14109: /home/chris/work/bsp/lollipop-avn_ref_4330_dev/linux/platform/common/fs/buildroot/buildroot-2013.11/output/host/usr/bin/arm-cortex_a9-linux-gnueabi-gcc -c -D_LARGEFILE_SOURCE -D_LARGEFILE64_SOURCE -D_FILE_OFFSET_BITS=64  -pipe -mno-unaligned-access -Os  -Wall -fexceptions -D_LARGEFILE_SOURCE -D_LARGEFILE64_SOURCE -D_FILE_OFFSET_BITS=64 conftest.c >&5
conftest.c: In function 'main':
conftest.c:69:12: error: size of array 'test_array' is negative
configure:14109: $? = 1
configure: failed program was:
| /* confdefs.h */
| #define PACKAGE_NAME "libffi"
| #define PACKAGE_TARNAME "libffi"
| #define PACKAGE_VERSION "3.0.13"
| #define PACKAGE_STRING "libffi 3.0.13"
| #define PACKAGE_BUGREPORT "http://github.com/atgreen/libffi/issues"
| #define PACKAGE_URL ""
| #define PACKAGE "libffi"
| #define VERSION "3.0.13"
| #define STDC_HEADERS 1
| #define HAVE_SYS_TYPES_H 1
| #define HAVE_SYS_STAT_H 1
| #define HAVE_STDLIB_H 1
| #define HAVE_STRING_H 1
| #define HAVE_MEMORY_H 1
| #define HAVE_STRINGS_H 1
| #define HAVE_INTTYPES_H 1
| #define HAVE_STDINT_H 1
| #define HAVE_UNISTD_H 1
| #define HAVE_DLFCN_H 1
| #define LT_OBJDIR ".libs/"
| #define SIZEOF_SIZE_T 4
| #define HAVE_SYS_MMAN_H 1
| #define HAVE_MMAP 1
| #define HAVE_MMAP_FILE 1
| #define HAVE_MMAP_DEV_ZERO 1
| #define HAVE_MMAP_ANON 1
| #define STDC_HEADERS 1
| #define HAVE_MEMCPY 1
| #define HAVE_ALLOCA_H 1
| #define HAVE_ALLOCA 1
| /* end confdefs.h.  */
| #include <stdio.h>
| #ifdef HAVE_SYS_TYPES_H
| # include <sys/types.h>
| #endif
| #ifdef HAVE_SYS_STAT_H
| # include <sys/stat.h>
| #endif
| #ifdef STDC_HEADERS
| # include <stdlib.h>
| # include <stddef.h>
| #else
| # ifdef HAVE_STDLIB_H
| #  include <stdlib.h>
| # endif
| #endif
| #ifdef HAVE_STRING_H
| # if !defined STDC_HEADERS && defined HAVE_MEMORY_H
| #  include <memory.h>
| # endif
| # include <string.h>
| #endif
| #ifdef HAVE_STRINGS_H
| # include <strings.h>
| #endif
| #ifdef HAVE_INTTYPES_H
| # include <inttypes.h>
| #endif
| #ifdef HAVE_STDINT_H
| # include <stdint.h>
| #endif
| #ifdef HAVE_UNISTD_H
| # include <unistd.h>
| #endif
| int
| main ()
| {
| static int test_array [1 - 2 * !(((long int) (sizeof (double))) <= 3)];
| test_array [0] = 0;
| return test_array [0];
| 
|   ;
|   return 0;
| }
configure:14109: /home/chris/work/bsp/lollipop-avn_ref_4330_dev/linux/platform/common/fs/buildroot/buildroot-2013.11/output/host/usr/bin/arm-cortex_a9-linux-gnueabi-gcc -c -D_LARGEFILE_SOURCE -D_LARGEFILE64_SOURCE -D_FILE_OFFSET_BITS=64  -pipe -mno-unaligned-access -Os  -Wall -fexceptions -D_LARGEFILE_SOURCE -D_LARGEFILE64_SOURCE -D_FILE_OFFSET_BITS=64 conftest.c >&5
conftest.c: In function 'main':
conftest.c:69:12: error: size of array 'test_array' is negative
configure:14109: $? = 1
configure: failed program was:
| /* confdefs.h */
| #define PACKAGE_NAME "libffi"
| #define PACKAGE_TARNAME "libffi"
| #define PACKAGE_VERSION "3.0.13"
| #define PACKAGE_STRING "libffi 3.0.13"
| #define PACKAGE_BUGREPORT "http://github.com/atgreen/libffi/issues"
| #define PACKAGE_URL ""
| #define PACKAGE "libffi"
| #define VERSION "3.0.13"
| #define STDC_HEADERS 1
| #define HAVE_SYS_TYPES_H 1
| #define HAVE_SYS_STAT_H 1
| #define HAVE_STDLIB_H 1
| #define HAVE_STRING_H 1
| #define HAVE_MEMORY_H 1
| #define HAVE_STRINGS_H 1
| #define HAVE_INTTYPES_H 1
| #define HAVE_STDINT_H 1
| #define HAVE_UNISTD_H 1
| #define HAVE_DLFCN_H 1
| #define LT_OBJDIR ".libs/"
| #define SIZEOF_SIZE_T 4
| #define HAVE_SYS_MMAN_H 1
| #define HAVE_MMAP 1
| #define HAVE_MMAP_FILE 1
| #define HAVE_MMAP_DEV_ZERO 1
| #define HAVE_MMAP_ANON 1
| #define STDC_HEADERS 1
| #define HAVE_MEMCPY 1
| #define HAVE_ALLOCA_H 1
| #define HAVE_ALLOCA 1
| /* end confdefs.h.  */
| #include <stdio.h>
| #ifdef HAVE_SYS_TYPES_H
| # include <sys/types.h>
| #endif
| #ifdef HAVE_SYS_STAT_H
| # include <sys/stat.h>
| #endif
| #ifdef STDC_HEADERS
| # include <stdlib.h>
| # include <stddef.h>
| #else
| # ifdef HAVE_STDLIB_H
| #  include <stdlib.h>
| # endif
| #endif
| #ifdef HAVE_STRING_H
| # if !defined STDC_HEADERS && defined HAVE_MEMORY_H
| #  include <memory.h>
| # endif
| # include <string.h>
| #endif
| #ifdef HAVE_STRINGS_H
| # include <strings.h>
| #endif
| #ifdef HAVE_INTTYPES_H
| # include <inttypes.h>
| #endif
| #ifdef HAVE_STDINT_H
| # include <stdint.h>
| #endif
| #ifdef HAVE_UNISTD_H
| # include <unistd.h>
| #endif
| int
| main ()
| {
| static int test_array [1 - 2 * !(((long int) (sizeof (double))) <= 7)];
| test_array [0] = 0;
| return test_array [0];
| 
|   ;
|   return 0;
| }
configure:14109: /home/chris/work/bsp/lollipop-avn_ref_4330_dev/linux/platform/common/fs/buildroot/buildroot-2013.11/output/host/usr/bin/arm-cortex_a9-linux-gnueabi-gcc -c -D_LARGEFILE_SOURCE -D_LARGEFILE64_SOURCE -D_FILE_OFFSET_BITS=64  -pipe -mno-unaligned-access -Os  -Wall -fexceptions -D_LARGEFILE_SOURCE -D_LARGEFILE64_SOURCE -D_FILE_OFFSET_BITS=64 conftest.c >&5
configure:14109: $? = 0
configure:14109: /home/chris/work/bsp/lollipop-avn_ref_4330_dev/linux/platform/common/fs/buildroot/buildroot-2013.11/output/host/usr/bin/arm-cortex_a9-linux-gnueabi-gcc -c -D_LARGEFILE_SOURCE -D_LARGEFILE64_SOURCE -D_FILE_OFFSET_BITS=64  -pipe -mno-unaligned-access -Os  -Wall -fexceptions -D_LARGEFILE_SOURCE -D_LARGEFILE64_SOURCE -D_FILE_OFFSET_BITS=64 conftest.c >&5
configure:14109: $? = 0
configure:14109: /home/chris/work/bsp/lollipop-avn_ref_4330_dev/linux/platform/common/fs/buildroot/buildroot-2013.11/output/host/usr/bin/arm-cortex_a9-linux-gnueabi-gcc -c -D_LARGEFILE_SOURCE -D_LARGEFILE64_SOURCE -D_FILE_OFFSET_BITS=64  -pipe -mno-unaligned-access -Os  -Wall -fexceptions -D_LARGEFILE_SOURCE -D_LARGEFILE64_SOURCE -D_FILE_OFFSET_BITS=64 conftest.c >&5
configure:14109: $? = 0
configure:14109: /home/chris/work/bsp/lollipop-avn_ref_4330_dev/linux/platform/common/fs/buildroot/buildroot-2013.11/output/host/usr/bin/arm-cortex_a9-linux-gnueabi-gcc -c -D_LARGEFILE_SOURCE -D_LARGEFILE64_SOURCE -D_FILE_OFFSET_BITS=64  -pipe -mno-unaligned-access -Os  -Wall -fexceptions -D_LARGEFILE_SOURCE -D_LARGEFILE64_SOURCE -D_FILE_OFFSET_BITS=64 conftest.c >&5
configure:14109: $? = 0
configure:14123: result: 8
configure:14137: checking size of long double
configure:14142: /home/chris/work/bsp/lollipop-avn_ref_4330_dev/linux/platform/common/fs/buildroot/buildroot-2013.11/output/host/usr/bin/arm-cortex_a9-linux-gnueabi-gcc -c -D_LARGEFILE_SOURCE -D_LARGEFILE64_SOURCE -D_FILE_OFFSET_BITS=64  -pipe -mno-unaligned-access -Os  -Wall -fexceptions -D_LARGEFILE_SOURCE -D_LARGEFILE64_SOURCE -D_FILE_OFFSET_BITS=64 conftest.c >&5
configure:14142: $? = 0
configure:14142: /home/chris/work/bsp/lollipop-avn_ref_4330_dev/linux/platform/common/fs/buildroot/buildroot-2013.11/output/host/usr/bin/arm-cortex_a9-linux-gnueabi-gcc -c -D_LARGEFILE_SOURCE -D_LARGEFILE64_SOURCE -D_FILE_OFFSET_BITS=64  -pipe -mno-unaligned-access -Os  -Wall -fexceptions -D_LARGEFILE_SOURCE -D_LARGEFILE64_SOURCE -D_FILE_OFFSET_BITS=64 conftest.c >&5
conftest.c: In function 'main':
conftest.c:70:12: error: size of array 'test_array' is negative
configure:14142: $? = 1
configure: failed program was:
| /* confdefs.h */
| #define PACKAGE_NAME "libffi"
| #define PACKAGE_TARNAME "libffi"
| #define PACKAGE_VERSION "3.0.13"
| #define PACKAGE_STRING "libffi 3.0.13"
| #define PACKAGE_BUGREPORT "http://github.com/atgreen/libffi/issues"
| #define PACKAGE_URL ""
| #define PACKAGE "libffi"
| #define VERSION "3.0.13"
| #define STDC_HEADERS 1
| #define HAVE_SYS_TYPES_H 1
| #define HAVE_SYS_STAT_H 1
| #define HAVE_STDLIB_H 1
| #define HAVE_STRING_H 1
| #define HAVE_MEMORY_H 1
| #define HAVE_STRINGS_H 1
| #define HAVE_INTTYPES_H 1
| #define HAVE_STDINT_H 1
| #define HAVE_UNISTD_H 1
| #define HAVE_DLFCN_H 1
| #define LT_OBJDIR ".libs/"
| #define SIZEOF_SIZE_T 4
| #define HAVE_SYS_MMAN_H 1
| #define HAVE_MMAP 1
| #define HAVE_MMAP_FILE 1
| #define HAVE_MMAP_DEV_ZERO 1
| #define HAVE_MMAP_ANON 1
| #define STDC_HEADERS 1
| #define HAVE_MEMCPY 1
| #define HAVE_ALLOCA_H 1
| #define HAVE_ALLOCA 1
| #define SIZEOF_DOUBLE 8
| /* end confdefs.h.  */
| #include <stdio.h>
| #ifdef HAVE_SYS_TYPES_H
| # include <sys/types.h>
| #endif
| #ifdef HAVE_SYS_STAT_H
| # include <sys/stat.h>
| #endif
| #ifdef STDC_HEADERS
| # include <stdlib.h>
| # include <stddef.h>
| #else
| # ifdef HAVE_STDLIB_H
| #  include <stdlib.h>
| # endif
| #endif
| #ifdef HAVE_STRING_H
| # if !defined STDC_HEADERS && defined HAVE_MEMORY_H
| #  include <memory.h>
| # endif
| # include <string.h>
| #endif
| #ifdef HAVE_STRINGS_H
| # include <strings.h>
| #endif
| #ifdef HAVE_INTTYPES_H
| # include <inttypes.h>
| #endif
| #ifdef HAVE_STDINT_H
| # include <stdint.h>
| #endif
| #ifdef HAVE_UNISTD_H
| # include <unistd.h>
| #endif
| int
| main ()
| {
| static int test_array [1 - 2 * !(((long int) (sizeof (long double))) <= 0)];
| test_array [0] = 0;
| return test_array [0];
| 
|   ;
|   return 0;
| }
configure:14142: /home/chris/work/bsp/lollipop-avn_ref_4330_dev/linux/platform/common/fs/buildroot/buildroot-2013.11/output/host/usr/bin/arm-cortex_a9-linux-gnueabi-gcc -c -D_LARGEFILE_SOURCE -D_LARGEFILE64_SOURCE -D_FILE_OFFSET_BITS=64  -pipe -mno-unaligned-access -Os  -Wall -fexceptions -D_LARGEFILE_SOURCE -D_LARGEFILE64_SOURCE -D_FILE_OFFSET_BITS=64 conftest.c >&5
conftest.c: In function 'main':
conftest.c:70:12: error: size of array 'test_array' is negative
configure:14142: $? = 1
configure: failed program was:
| /* confdefs.h */
| #define PACKAGE_NAME "libffi"
| #define PACKAGE_TARNAME "libffi"
| #define PACKAGE_VERSION "3.0.13"
| #define PACKAGE_STRING "libffi 3.0.13"
| #define PACKAGE_BUGREPORT "http://github.com/atgreen/libffi/issues"
| #define PACKAGE_URL ""
| #define PACKAGE "libffi"
| #define VERSION "3.0.13"
| #define STDC_HEADERS 1
| #define HAVE_SYS_TYPES_H 1
| #define HAVE_SYS_STAT_H 1
| #define HAVE_STDLIB_H 1
| #define HAVE_STRING_H 1
| #define HAVE_MEMORY_H 1
| #define HAVE_STRINGS_H 1
| #define HAVE_INTTYPES_H 1
| #define HAVE_STDINT_H 1
| #define HAVE_UNISTD_H 1
| #define HAVE_DLFCN_H 1
| #define LT_OBJDIR ".libs/"
| #define SIZEOF_SIZE_T 4
| #define HAVE_SYS_MMAN_H 1
| #define HAVE_MMAP 1
| #define HAVE_MMAP_FILE 1
| #define HAVE_MMAP_DEV_ZERO 1
| #define HAVE_MMAP_ANON 1
| #define STDC_HEADERS 1
| #define HAVE_MEMCPY 1
| #define HAVE_ALLOCA_H 1
| #define HAVE_ALLOCA 1
| #define SIZEOF_DOUBLE 8
| /* end confdefs.h.  */
| #include <stdio.h>
| #ifdef HAVE_SYS_TYPES_H
| # include <sys/types.h>
| #endif
| #ifdef HAVE_SYS_STAT_H
| # include <sys/stat.h>
| #endif
| #ifdef STDC_HEADERS
| # include <stdlib.h>
| # include <stddef.h>
| #else
| # ifdef HAVE_STDLIB_H
| #  include <stdlib.h>
| # endif
| #endif
| #ifdef HAVE_STRING_H
| # if !defined STDC_HEADERS && defined HAVE_MEMORY_H
| #  include <memory.h>
| # endif
| # include <string.h>
| #endif
| #ifdef HAVE_STRINGS_H
| # include <strings.h>
| #endif
| #ifdef HAVE_INTTYPES_H
| # include <inttypes.h>
| #endif
| #ifdef HAVE_STDINT_H
| # include <stdint.h>
| #endif
| #ifdef HAVE_UNISTD_H
| # include <unistd.h>
| #endif
| int
| main ()
| {
| static int test_array [1 - 2 * !(((long int) (sizeof (long double))) <= 1)];
| test_array [0] = 0;
| return test_array [0];
| 
|   ;
|   return 0;
| }
configure:14142: /home/chris/work/bsp/lollipop-avn_ref_4330_dev/linux/platform/common/fs/buildroot/buildroot-2013.11/output/host/usr/bin/arm-cortex_a9-linux-gnueabi-gcc -c -D_LARGEFILE_SOURCE -D_LARGEFILE64_SOURCE -D_FILE_OFFSET_BITS=64  -pipe -mno-unaligned-access -Os  -Wall -fexceptions -D_LARGEFILE_SOURCE -D_LARGEFILE64_SOURCE -D_FILE_OFFSET_BITS=64 conftest.c >&5
conftest.c: In function 'main':
conftest.c:70:12: error: size of array 'test_array' is negative
configure:14142: $? = 1
configure: failed program was:
| /* confdefs.h */
| #define PACKAGE_NAME "libffi"
| #define PACKAGE_TARNAME "libffi"
| #define PACKAGE_VERSION "3.0.13"
| #define PACKAGE_STRING "libffi 3.0.13"
| #define PACKAGE_BUGREPORT "http://github.com/atgreen/libffi/issues"
| #define PACKAGE_URL ""
| #define PACKAGE "libffi"
| #define VERSION "3.0.13"
| #define STDC_HEADERS 1
| #define HAVE_SYS_TYPES_H 1
| #define HAVE_SYS_STAT_H 1
| #define HAVE_STDLIB_H 1
| #define HAVE_STRING_H 1
| #define HAVE_MEMORY_H 1
| #define HAVE_STRINGS_H 1
| #define HAVE_INTTYPES_H 1
| #define HAVE_STDINT_H 1
| #define HAVE_UNISTD_H 1
| #define HAVE_DLFCN_H 1
| #define LT_OBJDIR ".libs/"
| #define SIZEOF_SIZE_T 4
| #define HAVE_SYS_MMAN_H 1
| #define HAVE_MMAP 1
| #define HAVE_MMAP_FILE 1
| #define HAVE_MMAP_DEV_ZERO 1
| #define HAVE_MMAP_ANON 1
| #define STDC_HEADERS 1
| #define HAVE_MEMCPY 1
| #define HAVE_ALLOCA_H 1
| #define HAVE_ALLOCA 1
| #define SIZEOF_DOUBLE 8
| /* end confdefs.h.  */
| #include <stdio.h>
| #ifdef HAVE_SYS_TYPES_H
| # include <sys/types.h>
| #endif
| #ifdef HAVE_SYS_STAT_H
| # include <sys/stat.h>
| #endif
| #ifdef STDC_HEADERS
| # include <stdlib.h>
| # include <stddef.h>
| #else
| # ifdef HAVE_STDLIB_H
| #  include <stdlib.h>
| # endif
| #endif
| #ifdef HAVE_STRING_H
| # if !defined STDC_HEADERS && defined HAVE_MEMORY_H
| #  include <memory.h>
| # endif
| # include <string.h>
| #endif
| #ifdef HAVE_STRINGS_H
| # include <strings.h>
| #endif
| #ifdef HAVE_INTTYPES_H
| # include <inttypes.h>
| #endif
| #ifdef HAVE_STDINT_H
| # include <stdint.h>
| #endif
| #ifdef HAVE_UNISTD_H
| # include <unistd.h>
| #endif
| int
| main ()
| {
| static int test_array [1 - 2 * !(((long int) (sizeof (long double))) <= 3)];
| test_array [0] = 0;
| return test_array [0];
| 
|   ;
|   return 0;
| }
configure:14142: /home/chris/work/bsp/lollipop-avn_ref_4330_dev/linux/platform/common/fs/buildroot/buildroot-2013.11/output/host/usr/bin/arm-cortex_a9-linux-gnueabi-gcc -c -D_LARGEFILE_SOURCE -D_LARGEFILE64_SOURCE -D_FILE_OFFSET_BITS=64  -pipe -mno-unaligned-access -Os  -Wall -fexceptions -D_LARGEFILE_SOURCE -D_LARGEFILE64_SOURCE -D_FILE_OFFSET_BITS=64 conftest.c >&5
conftest.c: In function 'main':
conftest.c:70:12: error: size of array 'test_array' is negative
configure:14142: $? = 1
configure: failed program was:
| /* confdefs.h */
| #define PACKAGE_NAME "libffi"
| #define PACKAGE_TARNAME "libffi"
| #define PACKAGE_VERSION "3.0.13"
| #define PACKAGE_STRING "libffi 3.0.13"
| #define PACKAGE_BUGREPORT "http://github.com/atgreen/libffi/issues"
| #define PACKAGE_URL ""
| #define PACKAGE "libffi"
| #define VERSION "3.0.13"
| #define STDC_HEADERS 1
| #define HAVE_SYS_TYPES_H 1
| #define HAVE_SYS_STAT_H 1
| #define HAVE_STDLIB_H 1
| #define HAVE_STRING_H 1
| #define HAVE_MEMORY_H 1
| #define HAVE_STRINGS_H 1
| #define HAVE_INTTYPES_H 1
| #define HAVE_STDINT_H 1
| #define HAVE_UNISTD_H 1
| #define HAVE_DLFCN_H 1
| #define LT_OBJDIR ".libs/"
| #define SIZEOF_SIZE_T 4
| #define HAVE_SYS_MMAN_H 1
| #define HAVE_MMAP 1
| #define HAVE_MMAP_FILE 1
| #define HAVE_MMAP_DEV_ZERO 1
| #define HAVE_MMAP_ANON 1
| #define STDC_HEADERS 1
| #define HAVE_MEMCPY 1
| #define HAVE_ALLOCA_H 1
| #define HAVE_ALLOCA 1
| #define SIZEOF_DOUBLE 8
| /* end confdefs.h.  */
| #include <stdio.h>
| #ifdef HAVE_SYS_TYPES_H
| # include <sys/types.h>
| #endif
| #ifdef HAVE_SYS_STAT_H
| # include <sys/stat.h>
| #endif
| #ifdef STDC_HEADERS
| # include <stdlib.h>
| # include <stddef.h>
| #else
| # ifdef HAVE_STDLIB_H
| #  include <stdlib.h>
| # endif
| #endif
| #ifdef HAVE_STRING_H
| # if !defined STDC_HEADERS && defined HAVE_MEMORY_H
| #  include <memory.h>
| # endif
| # include <string.h>
| #endif
| #ifdef HAVE_STRINGS_H
| # include <strings.h>
| #endif
| #ifdef HAVE_INTTYPES_H
| # include <inttypes.h>
| #endif
| #ifdef HAVE_STDINT_H
| # include <stdint.h>
| #endif
| #ifdef HAVE_UNISTD_H
| # include <unistd.h>
| #endif
| int
| main ()
| {
| static int test_array [1 - 2 * !(((long int) (sizeof (long double))) <= 7)];
| test_array [0] = 0;
| return test_array [0];
| 
|   ;
|   return 0;
| }
configure:14142: /home/chris/work/bsp/lollipop-avn_ref_4330_dev/linux/platform/common/fs/buildroot/buildroot-2013.11/output/host/usr/bin/arm-cortex_a9-linux-gnueabi-gcc -c -D_LARGEFILE_SOURCE -D_LARGEFILE64_SOURCE -D_FILE_OFFSET_BITS=64  -pipe -mno-unaligned-access -Os  -Wall -fexceptions -D_LARGEFILE_SOURCE -D_LARGEFILE64_SOURCE -D_FILE_OFFSET_BITS=64 conftest.c >&5
configure:14142: $? = 0
configure:14142: /home/chris/work/bsp/lollipop-avn_ref_4330_dev/linux/platform/common/fs/buildroot/buildroot-2013.11/output/host/usr/bin/arm-cortex_a9-linux-gnueabi-gcc -c -D_LARGEFILE_SOURCE -D_LARGEFILE64_SOURCE -D_FILE_OFFSET_BITS=64  -pipe -mno-unaligned-access -Os  -Wall -fexceptions -D_LARGEFILE_SOURCE -D_LARGEFILE64_SOURCE -D_FILE_OFFSET_BITS=64 conftest.c >&5
configure:14142: $? = 0
configure:14142: /home/chris/work/bsp/lollipop-avn_ref_4330_dev/linux/platform/common/fs/buildroot/buildroot-2013.11/output/host/usr/bin/arm-cortex_a9-linux-gnueabi-gcc -c -D_LARGEFILE_SOURCE -D_LARGEFILE64_SOURCE -D_FILE_OFFSET_BITS=64  -pipe -mno-unaligned-access -Os  -Wall -fexceptions -D_LARGEFILE_SOURCE -D_LARGEFILE64_SOURCE -D_FILE_OFFSET_BITS=64 conftest.c >&5
configure:14142: $? = 0
configure:14142: /home/chris/work/bsp/lollipop-avn_ref_4330_dev/linux/platform/common/fs/buildroot/buildroot-2013.11/output/host/usr/bin/arm-cortex_a9-linux-gnueabi-gcc -c -D_LARGEFILE_SOURCE -D_LARGEFILE64_SOURCE -D_FILE_OFFSET_BITS=64  -pipe -mno-unaligned-access -Os  -Wall -fexceptions -D_LARGEFILE_SOURCE -D_LARGEFILE64_SOURCE -D_FILE_OFFSET_BITS=64 conftest.c >&5
configure:14142: $? = 0
configure:14156: result: 8
configure:14181: checking whether byte ordering is bigendian
configure:14387: result: no
configure:14406: checking assembler .cfi pseudo-op support
configure:14424: /home/chris/work/bsp/lollipop-avn_ref_4330_dev/linux/platform/common/fs/buildroot/buildroot-2013.11/output/host/usr/bin/arm-cortex_a9-linux-gnueabi-gcc -c -D_LARGEFILE_SOURCE -D_LARGEFILE64_SOURCE -D_FILE_OFFSET_BITS=64  -pipe -mno-unaligned-access -Os  -Wall -fexceptions -D_LARGEFILE_SOURCE -D_LARGEFILE64_SOURCE -D_FILE_OFFSET_BITS=64 conftest.c >&5
configure:14424: $? = 0
configure:14432: result: yes
configure:14751: checking whether .eh_frame section should be read-only
configure:14771: result: no
configure:14786: checking for __attribute__((visibility("hidden")))
configure:14795: /home/chris/work/bsp/lollipop-avn_ref_4330_dev/linux/platform/common/fs/buildroot/buildroot-2013.11/output/host/usr/bin/arm-cortex_a9-linux-gnueabi-gcc -Werror -S conftest.c -o conftest.s 1>&5
configure:14798: $? = 0
configure:14807: result: yes
configure:15021: checking that generated files are newer than configure
configure:15027: result: done
configure:15207: creating ./config.status

## ---------------------- ##
## Running config.status. ##
## ---------------------- ##

This file was extended by libffi config.status 3.0.13, which was
generated by GNU Autoconf 2.69.  Invocation command line was

  CONFIG_FILES    = 
  CONFIG_HEADERS  = 
  CONFIG_LINKS    = 
  CONFIG_COMMANDS = 
  $ ./config.status 

on kjlee

config.status:1224: creating include/Makefile
config.status:1224: creating include/ffi.h
config.status:1224: creating Makefile
config.status:1224: creating testsuite/Makefile
config.status:1224: creating man/Makefile
config.status:1224: creating libffi.pc
config.status:1224: creating fficonfig.h
config.status:1450: linking ../src/arm/ffitarget.h to include/ffitarget.h
config.status:1469: executing buildir commands
config.status:1499: create top_srcdir/Makefile guessed from local Makefile
config.status:1614: build in arm-buildroot-linux-gnueabi (HOST=)
config.status:1469: executing depfiles commands
config.status:1469: executing libtool commands
config.status:1469: executing include commands
config.status:1469: executing src commands
configure:17630: WARNING: unrecognized options: --disable-gtk-doc, --disable-doc, --disable-docs, --disable-documentation, --with-xmlto, --with-fop, --enable-ipv6

## ---------------- ##
## Cache variables. ##
## ---------------- ##

ac_cv_build=x86_64-unknown-linux-gnu
ac_cv_c_bigendian=no
ac_cv_c_compiler_gnu=yes
ac_cv_cflags_warn_all=-Wall
ac_cv_decl_map_anon=yes
ac_cv_env_CCASFLAGS_set=
ac_cv_env_CCASFLAGS_value=
ac_cv_env_CCAS_set=
ac_cv_env_CCAS_value=
ac_cv_env_CPPFLAGS_set=set
ac_cv_env_CPPFLAGS_value='-D_LARGEFILE_SOURCE -D_LARGEFILE64_SOURCE -D_FILE_OFFSET_BITS=64'
ac_cv_env_CPP_set=set
ac_cv_env_CPP_value=/home/chris/work/bsp/lollipop-avn_ref_4330_dev/linux/platform/common/fs/buildroot/buildroot-2013.11/output/host/usr/bin/arm-cortex_a9-linux-gnueabi-cpp
ac_cv_env_build_alias_set=set
ac_cv_env_build_alias_value=x86_64-unknown-linux-gnu
ac_cv_env_host_alias_set=set
ac_cv_env_host_alias_value=arm-buildroot-linux-gnueabi
ac_cv_env_target_alias_set=set
ac_cv_env_target_alias_value=arm-buildroot-linux-gnueabi
ac_cv_func_alloca_works=yes
ac_cv_func_calloc_0_nonnull=yes
ac_cv_func_malloc_0_nonnull=yes
ac_cv_func_memcmp_working=yes
ac_cv_func_memcpy=yes
ac_cv_func_mmap=yes
ac_cv_func_mmap_anon=yes
ac_cv_func_mmap_dev_zero=yes
ac_cv_func_mmap_file=yes
ac_cv_func_mmap_fixed_mapped=yes
ac_cv_func_realloc_0_nonnull=yes
ac_cv_have_decl_malloc=yes
ac_cv_header_dlfcn_h=yes
ac_cv_header_inttypes_h=yes
ac_cv_header_memory_h=yes
ac_cv_header_stdc=yes
ac_cv_header_stdint_h=yes
ac_cv_header_stdlib_h=yes
ac_cv_header_string_h=yes
ac_cv_header_strings_h=yes
ac_cv_header_sys_mman_h=yes
ac_cv_header_sys_stat_h=yes
ac_cv_header_sys_types_h=yes
ac_cv_header_unistd_h=yes
ac_cv_host=arm-buildroot-linux-gnueabi
ac_cv_lbl_unaligned_fail=yes
ac_cv_objext=o
ac_cv_path_EGREP='/bin/grep -E'
ac_cv_path_FGREP='/bin/grep -F'
ac_cv_path_GREP=/bin/grep
ac_cv_path_SED=/bin/sed
ac_cv_path_ax_enable_builddir_sed=sed
ac_cv_path_install='/usr/bin/install -c'
ac_cv_path_mkdir=/bin/mkdir
ac_cv_prog_AR=/home/chris/work/bsp/lollipop-avn_ref_4330_dev/linux/platform/common/fs/buildroot/buildroot-2013.11/output/host/usr/bin/arm-cortex_a9-linux-gnueabi-ar
ac_cv_prog_AWK=gawk
ac_cv_prog_CC=/home/chris/work/bsp/lollipop-avn_ref_4330_dev/linux/platform/common/fs/buildroot/buildroot-2013.11/output/host/usr/bin/arm-cortex_a9-linux-gnueabi-gcc
ac_cv_prog_CPP=/home/chris/work/bsp/lollipop-avn_ref_4330_dev/linux/platform/common/fs/buildroot/buildroot-2013.11/output/host/usr/bin/arm-cortex_a9-linux-gnueabi-cpp
ac_cv_prog_OBJDUMP=/home/chris/work/bsp/lollipop-avn_ref_4330_dev/linux/platform/common/fs/buildroot/buildroot-2013.11/output/host/usr/bin/arm-cortex_a9-linux-gnueabi-objdump
ac_cv_prog_RANLIB=/home/chris/work/bsp/lollipop-avn_ref_4330_dev/linux/platform/common/fs/buildroot/buildroot-2013.11/output/host/usr/bin/arm-cortex_a9-linux-gnueabi-ranlib
ac_cv_prog_STRIP=/home/chris/work/bsp/lollipop-avn_ref_4330_dev/linux/platform/common/fs/buildroot/buildroot-2013.11/output/host/usr/bin/arm-cortex_a9-linux-gnueabi-strip
ac_cv_prog_ac_ct_MANIFEST_TOOL=mt
ac_cv_prog_cc__home_chris_work_bsp_lollipop_avn_ref_4330_dev_linux_platform_common_fs_buildroot_buildroot_2013_11_output_host_usr_bin_arm_cortex_a9_linux_gnueabi_gcc_c_o=yes
ac_cv_prog_cc_c89=
ac_cv_prog_cc_g=yes
ac_cv_prog_make_make_set=yes
ac_cv_sizeof_double=8
ac_cv_sizeof_long_double=8
ac_cv_sizeof_size_t=4
ac_cv_target=arm-buildroot-linux-gnueabi
ac_cv_type_size_t=yes
ac_cv_working_alloca_h=yes
am_cv_CCAS_dependencies_compiler_type=gcc3
am_cv_CC_dependencies_compiler_type=gcc3
ax_cv_c_compiler_vendor=gnu
gcc_cv_as_cfi_pseudo_op=yes
gl_cv_func_malloc_0_nonnull=yes
libffi_cv_hidden_visibility_attribute=yes
libffi_cv_ro_eh_frame=no
lt_cv_ar_at_file=@
lt_cv_archive_cmds_need_lc=no
lt_cv_deplibs_check_method=pass_all
lt_cv_file_magic_cmd='$MAGIC_CMD'
lt_cv_file_magic_test_file=
lt_cv_ld_reload_flag=-r
lt_cv_nm_interface='BSD nm'
lt_cv_objdir=.libs
lt_cv_path_LD=/home/chris/work/bsp/lollipop-avn_ref_4330_dev/linux/platform/common/fs/buildroot/buildroot-2013.11/output/host/usr/bin/arm-cortex_a9-linux-gnueabi-ld
lt_cv_path_NM=/home/chris/work/bsp/lollipop-avn_ref_4330_dev/linux/platform/common/fs/buildroot/buildroot-2013.11/output/host/usr/bin/arm-cortex_a9-linux-gnueabi-nm
lt_cv_path_mainfest_tool=no
lt_cv_prog_compiler_c_o=yes
lt_cv_prog_compiler_pic='-fPIC -DPIC'
lt_cv_prog_compiler_pic_works=yes
lt_cv_prog_compiler_rtti_exceptions=no
lt_cv_prog_compiler_static_works=yes
lt_cv_prog_gnu_ld=yes
lt_cv_sharedlib_from_linklib_cmd='printf %s\n'
lt_cv_shlibpath_overrides_runpath=no
lt_cv_sys_global_symbol_pipe='sed -n -e '\''s/^.*[	 ]\([ABCDGIRSTW][ABCDGIRSTW]*\)[	 ][	 ]*\([_A-Za-z][_A-Za-z0-9]*\)$/\1 \2 \2/p'\'' | sed '\''/ __gnu_lto/d'\'''
lt_cv_sys_global_symbol_to_c_name_address='sed -n -e '\''s/^: \([^ ]*\)[ ]*$/  {\"\1\", (void *) 0},/p'\'' -e '\''s/^[ABCDGIRSTW]* \([^ ]*\) \([^ ]*\)$/  {"\2", (void *) \&\2},/p'\'''
lt_cv_sys_global_symbol_to_c_name_address_lib_prefix='sed -n -e '\''s/^: \([^ ]*\)[ ]*$/  {\"\1\", (void *) 0},/p'\'' -e '\''s/^[ABCDGIRSTW]* \([^ ]*\) \(lib[^ ]*\)$/  {"\2", (void *) \&\2},/p'\'' -e '\''s/^[ABCDGIRSTW]* \([^ ]*\) \([^ ]*\)$/  {"lib\2", (void *) \&\2},/p'\'''
lt_cv_sys_global_symbol_to_cdecl='sed -n -e '\''s/^T .* \(.*\)$/extern int \1();/p'\'' -e '\''s/^[ABCDGIRSTW]* .* \(.*\)$/extern char \1;/p'\'''
lt_cv_sys_lib_search_path_spec=
lt_cv_sys_max_cmd_len=3458764513820540925
lt_cv_to_host_file_cmd=func_convert_file_noop
lt_cv_to_tool_file_cmd=func_convert_file_noop

## ----------------- ##
## Output variables. ##
## ----------------- ##

AARCH64_FALSE=''
AARCH64_TRUE='#'
ACLOCAL='${SHELL} /home/chris/work/bsp/lollipop-avn_ref_4330_dev/linux/platform/common/fs/buildroot/buildroot-2013.11/output/build/libffi-3.0.13/missing --run aclocal-1.12'
ALLOCA=''
ALPHA_FALSE=''
ALPHA_TRUE='#'
AMDEPBACKSLASH='\'
AMDEP_FALSE='#'
AMDEP_TRUE=''
AMTAR='$${TAR-tar}'
AM_LTLDFLAGS=''
AM_RUNTESTFLAGS=''
AR='/home/chris/work/bsp/lollipop-avn_ref_4330_dev/linux/platform/common/fs/buildroot/buildroot-2013.11/output/host/usr/bin/arm-cortex_a9-linux-gnueabi-ar'
ARM_FALSE='#'
ARM_TRUE=''
AUTOCONF='${SHELL} /home/chris/work/bsp/lollipop-avn_ref_4330_dev/linux/platform/common/fs/buildroot/buildroot-2013.11/output/build/libffi-3.0.13/missing --run autoconf'
AUTOHEADER='${SHELL} /home/chris/work/bsp/lollipop-avn_ref_4330_dev/linux/platform/common/fs/buildroot/buildroot-2013.11/output/build/libffi-3.0.13/missing --run autoheader'
AUTOMAKE='${SHELL} /home/chris/work/bsp/lollipop-avn_ref_4330_dev/linux/platform/common/fs/buildroot/buildroot-2013.11/output/build/libffi-3.0.13/missing --run automake-1.12'
AVR32_FALSE=''
AVR32_TRUE='#'
AWK='gawk'
BFIN_FALSE=''
BFIN_TRUE='#'
CC='/home/chris/work/bsp/lollipop-avn_ref_4330_dev/linux/platform/common/fs/buildroot/buildroot-2013.11/output/host/usr/bin/arm-cortex_a9-linux-gnueabi-gcc'
CCAS='/home/chris/work/bsp/lollipop-avn_ref_4330_dev/linux/platform/common/fs/buildroot/buildroot-2013.11/output/host/usr/bin/arm-cortex_a9-linux-gnueabi-gcc'
CCASDEPMODE='depmode=gcc3'
CCASFLAGS='-D_LARGEFILE_SOURCE -D_LARGEFILE64_SOURCE -D_FILE_OFFSET_BITS=64  -pipe -mno-unaligned-access -Os '
CCDEPMODE='depmode=gcc3'
CFLAGS='-D_LARGEFILE_SOURCE -D_LARGEFILE64_SOURCE -D_FILE_OFFSET_BITS=64  -pipe -mno-unaligned-access -Os  -Wall -fexceptions'
CPP='/home/chris/work/bsp/lollipop-avn_ref_4330_dev/linux/platform/common/fs/buildroot/buildroot-2013.11/output/host/usr/bin/arm-cortex_a9-linux-gnueabi-cpp'
CPPFLAGS='-D_LARGEFILE_SOURCE -D_LARGEFILE64_SOURCE -D_FILE_OFFSET_BITS=64'
CYGPATH_W='echo'
DEFS='-DHAVE_CONFIG_H'
DEPDIR='.deps'
DLLTOOL='false'
DSYMUTIL=''
DUMPBIN=''
ECHO_C=''
ECHO_N='-n'
ECHO_T=''
EGREP='/bin/grep -E'
EXEEXT=''
FFI_DEBUG_FALSE=''
FFI_DEBUG_TRUE='#'
FFI_EXEC_TRAMPOLINE_TABLE='0'
FFI_EXEC_TRAMPOLINE_TABLE_FALSE=''
FFI_EXEC_TRAMPOLINE_TABLE_TRUE='#'
FGREP='/bin/grep -F'
FRV_FALSE=''
FRV_TRUE='#'
GREP='/bin/grep'
HAVE_LONG_DOUBLE='0'
IA64_FALSE=''
IA64_TRUE='#'
INSTALL_DATA='${INSTALL} -m 644'
INSTALL_PROGRAM='${INSTALL}'
INSTALL_SCRIPT='${INSTALL}'
INSTALL_STRIP_PROGRAM='$(install_sh) -c -s'
LD='/home/chris/work/bsp/lollipop-avn_ref_4330_dev/linux/platform/common/fs/buildroot/buildroot-2013.11/output/host/usr/bin/arm-cortex_a9-linux-gnueabi-ld'
LDFLAGS=''
LIBFFI_CRIS_FALSE=''
LIBFFI_CRIS_TRUE='#'
LIBOBJS=''
LIBS=''
LIBTOOL='$(SHELL) $(top_builddir)/libtool'
LIPO=''
LN_S='ln -s'
LTLIBOBJS=''
M32R_FALSE=''
M32R_TRUE='#'
M68K_FALSE=''
M68K_TRUE='#'
MAINT='#'
MAINTAINER_MODE_FALSE=''
MAINTAINER_MODE_TRUE='#'
MAKEINFO='${SHELL} /home/chris/work/bsp/lollipop-avn_ref_4330_dev/linux/platform/common/fs/buildroot/buildroot-2013.11/output/build/libffi-3.0.13/missing --run makeinfo'
MANIFEST_TOOL=':'
METAG_FALSE=''
METAG_TRUE='#'
MICROBLAZE_FALSE=''
MICROBLAZE_TRUE='#'
MIPS_FALSE=''
MIPS_TRUE='#'
MKDIR_P='/bin/mkdir -p'
MOXIE_FALSE=''
MOXIE_TRUE='#'
NM='/home/chris/work/bsp/lollipop-avn_ref_4330_dev/linux/platform/common/fs/buildroot/buildroot-2013.11/output/host/usr/bin/arm-cortex_a9-linux-gnueabi-nm'
NMEDIT=''
OBJDUMP='/home/chris/work/bsp/lollipop-avn_ref_4330_dev/linux/platform/common/fs/buildroot/buildroot-2013.11/output/host/usr/bin/arm-cortex_a9-linux-gnueabi-objdump'
OBJEXT='o'
OTOOL64=''
OTOOL=''
PA64_HPUX_FALSE=''
PA64_HPUX_TRUE='#'
PACKAGE='libffi'
PACKAGE_BUGREPORT='http://github.com/atgreen/libffi/issues'
PACKAGE_NAME='libffi'
PACKAGE_STRING='libffi 3.0.13'
PACKAGE_TARNAME='libffi'
PACKAGE_URL=''
PACKAGE_VERSION='3.0.13'
PATH_SEPARATOR=':'
PA_HPUX_FALSE=''
PA_HPUX_TRUE='#'
PA_LINUX_FALSE=''
PA_LINUX_TRUE='#'
POWERPC_AIX_FALSE=''
POWERPC_AIX_TRUE='#'
POWERPC_DARWIN_FALSE=''
POWERPC_DARWIN_TRUE='#'
POWERPC_FALSE=''
POWERPC_FREEBSD_FALSE=''
POWERPC_FREEBSD_TRUE='#'
POWERPC_TRUE='#'
PRTDIAG=''
RANLIB='/home/chris/work/bsp/lollipop-avn_ref_4330_dev/linux/platform/common/fs/buildroot/buildroot-2013.11/output/host/usr/bin/arm-cortex_a9-linux-gnueabi-ranlib'
S390_FALSE=''
S390_TRUE='#'
SED='/bin/sed'
SET_MAKE=''
SH64_FALSE=''
SH64_TRUE='#'
SHELL='/bin/bash'
SH_FALSE=''
SH_TRUE='#'
SPARC_FALSE=''
SPARC_TRUE='#'
STRIP='/home/chris/work/bsp/lollipop-avn_ref_4330_dev/linux/platform/common/fs/buildroot/buildroot-2013.11/output/host/usr/bin/arm-cortex_a9-linux-gnueabi-strip'
TARGET='ARM'
TARGETDIR='arm'
TESTSUBDIR_FALSE='#'
TESTSUBDIR_TRUE=''
TILE_FALSE=''
TILE_TRUE='#'
VERSION='3.0.13'
X86_64_FALSE=''
X86_64_TRUE='#'
X86_DARWIN_FALSE=''
X86_DARWIN_TRUE='#'
X86_FALSE=''
X86_FREEBSD_FALSE=''
X86_FREEBSD_TRUE='#'
X86_TRUE='#'
X86_WIN32_FALSE=''
X86_WIN32_TRUE='#'
X86_WIN64_FALSE=''
X86_WIN64_TRUE='#'
XTENSA_FALSE=''
XTENSA_TRUE='#'
ac_ct_AR=''
ac_ct_CC=''
ac_ct_DUMPBIN=''
am__EXEEXT_FALSE=''
am__EXEEXT_TRUE='#'
am__fastdepCCAS_FALSE='#'
am__fastdepCCAS_TRUE=''
am__fastdepCC_FALSE='#'
am__fastdepCC_TRUE=''
am__include='include'
am__isrc=' -I$(srcdir)'
am__leading_dot='.'
am__nodep='_no'
am__quote=''
am__tar='$${TAR-tar} chof - "$$tardir"'
am__untar='$${TAR-tar} xf -'
ax_enable_builddir_sed='sed'
bindir='${exec_prefix}/bin'
build='x86_64-unknown-linux-gnu'
build_alias='x86_64-unknown-linux-gnu'
build_cpu='x86_64'
build_os='linux-gnu'
build_vendor='unknown'
datadir='${datarootdir}'
datarootdir='${prefix}/share'
docdir='${datarootdir}/doc/${PACKAGE_TARNAME}'
dvidir='${docdir}'
exec_prefix='/usr'
host='arm-buildroot-linux-gnueabi'
host_alias='arm-buildroot-linux-gnueabi'
host_cpu='arm'
host_os='linux-gnueabi'
host_vendor='buildroot'
htmldir='${docdir}'
includedir='${prefix}/include'
infodir='${datarootdir}/info'
install_sh='${SHELL} /home/chris/work/bsp/lollipop-avn_ref_4330_dev/linux/platform/common/fs/buildroot/buildroot-2013.11/output/build/libffi-3.0.13/install-sh'
libdir='${exec_prefix}/lib'
libexecdir='${exec_prefix}/libexec'
localedir='${datarootdir}/locale'
localstatedir='${prefix}/var'
mandir='${datarootdir}/man'
mkdir_p='$(MKDIR_P)'
oldincludedir='/usr/include'
pdfdir='${docdir}'
prefix='/usr'
program_transform_name='s&^&&'
psdir='${docdir}'
sbindir='${exec_prefix}/sbin'
sharedstatedir='${prefix}/com'
sys_symbol_underscore=''
sysconfdir='/etc'
target='arm-buildroot-linux-gnueabi'
target_alias='arm-buildroot-linux-gnueabi'
target_cpu='arm'
target_os='linux-gnueabi'
target_vendor='buildroot'
toolexecdir='$(libdir)/gcc-lib/$(target_alias)'
toolexeclibdir='$(libdir)'

## ----------- ##
## confdefs.h. ##
## ----------- ##

/* confdefs.h */
#define PACKAGE_NAME "libffi"
#define PACKAGE_TARNAME "libffi"
#define PACKAGE_VERSION "3.0.13"
#define PACKAGE_STRING "libffi 3.0.13"
#define PACKAGE_BUGREPORT "http://github.com/atgreen/libffi/issues"
#define PACKAGE_URL ""
#define PACKAGE "libffi"
#define VERSION "3.0.13"
#define STDC_HEADERS 1
#define HAVE_SYS_TYPES_H 1
#define HAVE_SYS_STAT_H 1
#define HAVE_STDLIB_H 1
#define HAVE_STRING_H 1
#define HAVE_MEMORY_H 1
#define HAVE_STRINGS_H 1
#define HAVE_INTTYPES_H 1
#define HAVE_STDINT_H 1
#define HAVE_UNISTD_H 1
#define HAVE_DLFCN_H 1
#define LT_OBJDIR ".libs/"
#define SIZEOF_SIZE_T 4
#define HAVE_SYS_MMAN_H 1
#define HAVE_MMAP 1
#define HAVE_MMAP_FILE 1
#define HAVE_MMAP_DEV_ZERO 1
#define HAVE_MMAP_ANON 1
#define STDC_HEADERS 1
#define HAVE_MEMCPY 1
#define HAVE_ALLOCA_H 1
#define HAVE_ALLOCA 1
#define SIZEOF_DOUBLE 8
#define SIZEOF_LONG_DOUBLE 8
#define HAVE_AS_CFI_PSEUDO_OP 1
#define EH_FRAME_FLAGS "aw"
#define HAVE_HIDDEN_VISIBILITY_ATTRIBUTE 1

configure: exit 0

## ---------------- ##
## Cache variables. ##
## ---------------- ##

ac_cv_build=x86_64-unknown-linux-gnu
ac_cv_c_bigendian=no
ac_cv_env_CCASFLAGS_set=
ac_cv_env_CCASFLAGS_value=
ac_cv_env_CCAS_set=
ac_cv_env_CCAS_value=
ac_cv_env_CPPFLAGS_set=set
ac_cv_env_CPPFLAGS_value='-D_LARGEFILE_SOURCE -D_LARGEFILE64_SOURCE -D_FILE_OFFSET_BITS=64'
ac_cv_env_CPP_set=set
ac_cv_env_CPP_value=/home/chris/work/bsp/lollipop-avn_ref_4330_dev/linux/platform/common/fs/buildroot/buildroot-2013.11/output/host/usr/bin/arm-cortex_a9-linux-gnueabi-cpp
ac_cv_env_build_alias_set=set
ac_cv_env_build_alias_value=x86_64-unknown-linux-gnu
ac_cv_env_host_alias_set=set
ac_cv_env_host_alias_value=arm-buildroot-linux-gnueabi
ac_cv_env_target_alias_set=set
ac_cv_env_target_alias_value=arm-buildroot-linux-gnueabi
ac_cv_func_calloc_0_nonnull=yes
ac_cv_func_malloc_0_nonnull=yes
ac_cv_func_memcmp_working=yes
ac_cv_func_mmap_fixed_mapped=yes
ac_cv_func_realloc_0_nonnull=yes
ac_cv_have_decl_malloc=yes
ac_cv_host=arm-buildroot-linux-gnueabi
ac_cv_lbl_unaligned_fail=yes
ac_cv_target=arm-buildroot-linux-gnueabi
gl_cv_func_malloc_0_nonnull=yes
lt_cv_sys_lib_search_path_spec=

## ----------------- ##
## Output variables. ##
## ----------------- ##

AARCH64_FALSE=''
AARCH64_TRUE=''
ACLOCAL=''
ALLOCA=''
ALPHA_FALSE=''
ALPHA_TRUE=''
AMDEPBACKSLASH=''
AMDEP_FALSE=''
AMDEP_TRUE=''
AMTAR=''
AM_LTLDFLAGS=''
AM_RUNTESTFLAGS=''
AR='/home/chris/work/bsp/lollipop-avn_ref_4330_dev/linux/platform/common/fs/buildroot/buildroot-2013.11/output/host/usr/bin/arm-cortex_a9-linux-gnueabi-ar'
ARM_FALSE=''
ARM_TRUE=''
AUTOCONF=''
AUTOHEADER=''
AUTOMAKE=''
AVR32_FALSE=''
AVR32_TRUE=''
AWK=''
BFIN_FALSE=''
BFIN_TRUE=''
CC='/home/chris/work/bsp/lollipop-avn_ref_4330_dev/linux/platform/common/fs/buildroot/buildroot-2013.11/output/host/usr/bin/arm-cortex_a9-linux-gnueabi-gcc'
CCAS=''
CCASDEPMODE=''
CCASFLAGS=''
CCDEPMODE=''
CFLAGS='-D_LARGEFILE_SOURCE -D_LARGEFILE64_SOURCE -D_FILE_OFFSET_BITS=64  -pipe -mno-unaligned-access -Os '
CPP='/home/chris/work/bsp/lollipop-avn_ref_4330_dev/linux/platform/common/fs/buildroot/buildroot-2013.11/output/host/usr/bin/arm-cortex_a9-linux-gnueabi-cpp'
CPPFLAGS='-D_LARGEFILE_SOURCE -D_LARGEFILE64_SOURCE -D_FILE_OFFSET_BITS=64'
CYGPATH_W=''
DEFS=''
DEPDIR=''
DLLTOOL=''
DSYMUTIL=''
DUMPBIN=''
ECHO_C=''
ECHO_N='-n'
ECHO_T=''
EGREP=''
EXEEXT=''
FFI_DEBUG_FALSE=''
FFI_DEBUG_TRUE=''
FFI_EXEC_TRAMPOLINE_TABLE=''
FFI_EXEC_TRAMPOLINE_TABLE_FALSE=''
FFI_EXEC_TRAMPOLINE_TABLE_TRUE=''
FGREP=''
FRV_FALSE=''
FRV_TRUE=''
GREP=''
HAVE_LONG_DOUBLE=''
IA64_FALSE=''
IA64_TRUE=''
INSTALL_DATA=''
INSTALL_PROGRAM=''
INSTALL_SCRIPT=''
INSTALL_STRIP_PROGRAM=''
LD='/home/chris/work/bsp/lollipop-avn_ref_4330_dev/linux/platform/common/fs/buildroot/buildroot-2013.11/output/host/usr/bin/arm-cortex_a9-linux-gnueabi-ld'
LDFLAGS=''
LIBFFI_CRIS_FALSE=''
LIBFFI_CRIS_TRUE=''
LIBOBJS=''
LIBS=''
LIBTOOL=''
LIPO=''
LN_S=''
LTLIBOBJS=''
M32R_FALSE=''
M32R_TRUE=''
M68K_FALSE=''
M68K_TRUE=''
MAINT=''
MAINTAINER_MODE_FALSE=''
MAINTAINER_MODE_TRUE=''
MAKEINFO=''
MANIFEST_TOOL=''
METAG_FALSE=''
METAG_TRUE=''
MICROBLAZE_FALSE=''
MICROBLAZE_TRUE=''
MIPS_FALSE=''
MIPS_TRUE=''
MKDIR_P=''
MOXIE_FALSE=''
MOXIE_TRUE=''
NM='/home/chris/work/bsp/lollipop-avn_ref_4330_dev/linux/platform/common/fs/buildroot/buildroot-2013.11/output/host/usr/bin/arm-cortex_a9-linux-gnueabi-nm'
NMEDIT=''
OBJDUMP='/home/chris/work/bsp/lollipop-avn_ref_4330_dev/linux/platform/common/fs/buildroot/buildroot-2013.11/output/host/usr/bin/arm-cortex_a9-linux-gnueabi-objdump'
OBJEXT=''
OTOOL64=''
OTOOL=''
PA64_HPUX_FALSE=''
PA64_HPUX_TRUE=''
PACKAGE=''
PACKAGE_BUGREPORT='http://github.com/atgreen/libffi/issues'
PACKAGE_NAME='libffi'
PACKAGE_STRING='libffi 3.0.13'
PACKAGE_TARNAME='libffi'
PACKAGE_URL=''
PACKAGE_VERSION='3.0.13'
PATH_SEPARATOR=':'
PA_HPUX_FALSE=''
PA_HPUX_TRUE=''
PA_LINUX_FALSE=''
PA_LINUX_TRUE=''
POWERPC_AIX_FALSE=''
POWERPC_AIX_TRUE=''
POWERPC_DARWIN_FALSE=''
POWERPC_DARWIN_TRUE=''
POWERPC_FALSE=''
POWERPC_FREEBSD_FALSE=''
POWERPC_FREEBSD_TRUE=''
POWERPC_TRUE=''
PRTDIAG=''
RANLIB='/home/chris/work/bsp/lollipop-avn_ref_4330_dev/linux/platform/common/fs/buildroot/buildroot-2013.11/output/host/usr/bin/arm-cortex_a9-linux-gnueabi-ranlib'
S390_FALSE=''
S390_TRUE=''
SED=''
SET_MAKE=''
SH64_FALSE=''
SH64_TRUE=''
SHELL='/bin/bash'
SH_FALSE=''
SH_TRUE=''
SPARC_FALSE=''
SPARC_TRUE=''
STRIP='/home/chris/work/bsp/lollipop-avn_ref_4330_dev/linux/platform/common/fs/buildroot/buildroot-2013.11/output/host/usr/bin/arm-cortex_a9-linux-gnueabi-strip'
TARGET='arm-buildroot-linux-gnueabi'
TARGETDIR=''
TESTSUBDIR_FALSE=''
TESTSUBDIR_TRUE=''
TILE_FALSE=''
TILE_TRUE=''
VERSION=''
X86_64_FALSE=''
X86_64_TRUE=''
X86_DARWIN_FALSE=''
X86_DARWIN_TRUE=''
X86_FALSE=''
X86_FREEBSD_FALSE=''
X86_FREEBSD_TRUE=''
X86_TRUE=''
X86_WIN32_FALSE=''
X86_WIN32_TRUE=''
X86_WIN64_FALSE=''
X86_WIN64_TRUE=''
XTENSA_FALSE=''
XTENSA_TRUE=''
ac_ct_AR=''
ac_ct_CC=''
ac_ct_DUMPBIN=''
am__EXEEXT_FALSE=''
am__EXEEXT_TRUE=''
am__fastdepCCAS_FALSE=''
am__fastdepCCAS_TRUE=''
am__fastdepCC_FALSE=''
am__fastdepCC_TRUE=''
am__include=''
am__isrc=''
am__leading_dot=''
am__nodep=''
am__quote=''
am__tar=''
am__untar=''
ax_enable_builddir_sed=''
bindir='${exec_prefix}/bin'
build='x86_64-unknown-linux-gnu'
build_alias='x86_64-unknown-linux-gnu'
build_cpu='x86_64'
build_os='linux-gnu'
build_vendor='unknown'
datadir='${datarootdir}'
datarootdir='${prefix}/share'
docdir='${datarootdir}/doc/${PACKAGE_TARNAME}'
dvidir='${docdir}'
exec_prefix='/usr'
host='arm-buildroot-linux-gnueabi'
host_alias='arm-buildroot-linux-gnueabi'
host_cpu='arm'
host_os='linux-gnueabi'
host_vendor='buildroot'
htmldir='${docdir}'
includedir='${prefix}/include'
infodir='${datarootdir}/info'
install_sh=''
libdir='${exec_prefix}/lib'
libexecdir='${exec_prefix}/libexec'
localedir='${datarootdir}/locale'
localstatedir='${prefix}/var'
mandir='${datarootdir}/man'
mkdir_p=''
oldincludedir='/usr/include'
pdfdir='${docdir}'
prefix='/usr'
program_transform_name='s,x,x,'
psdir='${docdir}'
sbindir='${exec_prefix}/sbin'
sharedstatedir='${prefix}/com'
sys_symbol_underscore=''
sysconfdir='/etc'
target='arm-buildroot-linux-gnueabi'
target_alias='arm-buildroot-linux-gnueabi'
target_cpu='arm'
target_os='linux-gnueabi'
target_vendor='buildroot'
toolexecdir=''
toolexeclibdir=''

configure: exit 0
