--------------------
./configure --shared --prefix=/usr
2016. 06. 06. (월) 21:26:18 KST
=== ztest29552.c ===
extern int getchar();
int hello() {return getchar();}
===
/home/chris/work/bsp/lollipop-avn_ref_4330_dev/linux/platform/common/fs/buildroot/buildroot-2013.11/output/host/usr/bin/arm-cortex_a9-linux-gnueabi-gcc -c ztest29552.c
... using gcc

Checking for obsessive-compulsive compiler options...
=== ztest29552.c ===
int foo() { return 0; }
===
/home/chris/work/bsp/lollipop-avn_ref_4330_dev/linux/platform/common/fs/buildroot/buildroot-2013.11/output/host/usr/bin/arm-cortex_a9-linux-gnueabi-gcc -c -D_LARGEFILE_SOURCE -D_LARGEFILE64_SOURCE -D_FILE_OFFSET_BITS=64 -pipe -mno-unaligned-access -Os -fPIC ztest29552.c

Checking for shared library support...
=== ztest29552.c ===
extern int getchar();
int hello() {return getchar();}
===
/home/chris/work/bsp/lollipop-avn_ref_4330_dev/linux/platform/common/fs/buildroot/buildroot-2013.11/output/host/usr/bin/arm-cortex_a9-linux-gnueabi-gcc -w -c -D_LARGEFILE_SOURCE -D_LARGEFILE64_SOURCE -D_FILE_OFFSET_BITS=64 -pipe -mno-unaligned-access -Os -fPIC -fPIC ztest29552.c
/home/chris/work/bsp/lollipop-avn_ref_4330_dev/linux/platform/common/fs/buildroot/buildroot-2013.11/output/host/usr/bin/arm-cortex_a9-linux-gnueabi-gcc -shared -Wl,-soname,libz.so.1,--version-script,zlib.map -D_LARGEFILE_SOURCE -D_LARGEFILE64_SOURCE -D_FILE_OFFSET_BITS=64 -pipe -mno-unaligned-access -Os -fPIC -fPIC -o ztest29552.so ztest29552.o
Building shared library libz.so.1.2.8 with /home/chris/work/bsp/lollipop-avn_ref_4330_dev/linux/platform/common/fs/buildroot/buildroot-2013.11/output/host/usr/bin/arm-cortex_a9-linux-gnueabi-gcc.

=== ztest29552.c ===
#include <sys/types.h>
off64_t dummy = 0;
===
/home/chris/work/bsp/lollipop-avn_ref_4330_dev/linux/platform/common/fs/buildroot/buildroot-2013.11/output/host/usr/bin/arm-cortex_a9-linux-gnueabi-gcc -c -D_LARGEFILE_SOURCE -D_LARGEFILE64_SOURCE -D_FILE_OFFSET_BITS=64 -pipe -mno-unaligned-access -Os -fPIC -D_LARGEFILE64_SOURCE=1 ztest29552.c
Checking for off64_t... Yes.
Checking for fseeko... Yes.

=== ztest29552.c ===
#include <string.h>
#include <errno.h>
int main() { return strlen(strerror(errno)); }
===
/home/chris/work/bsp/lollipop-avn_ref_4330_dev/linux/platform/common/fs/buildroot/buildroot-2013.11/output/host/usr/bin/arm-cortex_a9-linux-gnueabi-gcc -D_LARGEFILE_SOURCE -D_LARGEFILE64_SOURCE -D_FILE_OFFSET_BITS=64 -pipe -mno-unaligned-access -Os -fPIC -D_LARGEFILE64_SOURCE=1 -o ztest29552 ztest29552.c
Checking for strerror... Yes.

=== ztest29552.c ===
#include <unistd.h>
int main() { return 0; }
===
/home/chris/work/bsp/lollipop-avn_ref_4330_dev/linux/platform/common/fs/buildroot/buildroot-2013.11/output/host/usr/bin/arm-cortex_a9-linux-gnueabi-gcc -c -D_LARGEFILE_SOURCE -D_LARGEFILE64_SOURCE -D_FILE_OFFSET_BITS=64 -pipe -mno-unaligned-access -Os -fPIC -D_LARGEFILE64_SOURCE=1 ztest29552.c
Checking for unistd.h... Yes.

=== ztest29552.c ===
#include <stdarg.h>
int main() { return 0; }
===
/home/chris/work/bsp/lollipop-avn_ref_4330_dev/linux/platform/common/fs/buildroot/buildroot-2013.11/output/host/usr/bin/arm-cortex_a9-linux-gnueabi-gcc -c -D_LARGEFILE_SOURCE -D_LARGEFILE64_SOURCE -D_FILE_OFFSET_BITS=64 -pipe -mno-unaligned-access -Os -fPIC -D_LARGEFILE64_SOURCE=1 ztest29552.c
Checking for stdarg.h... Yes.

=== ztest29552.c ===
#include <stdio.h>
#include <stdarg.h>
#include "zconf.h"
int main()
{
#ifndef STDC
  choke me
#endif
  return 0;
}
===
/home/chris/work/bsp/lollipop-avn_ref_4330_dev/linux/platform/common/fs/buildroot/buildroot-2013.11/output/host/usr/bin/arm-cortex_a9-linux-gnueabi-gcc -c -D_LARGEFILE_SOURCE -D_LARGEFILE64_SOURCE -D_FILE_OFFSET_BITS=64 -pipe -mno-unaligned-access -Os -fPIC -D_LARGEFILE64_SOURCE=1 ztest29552.c
Checking whether to use vs[n]printf() or s[n]printf()... using vs[n]printf().

=== ztest29552.c ===
#include <stdio.h>
#include <stdarg.h>
int mytest(const char *fmt, ...)
{
  char buf[20];
  va_list ap;
  va_start(ap, fmt);
  vsnprintf(buf, sizeof(buf), fmt, ap);
  va_end(ap);
  return 0;
}
int main()
{
  return (mytest("Hello%d\n", 1));
}
===
/home/chris/work/bsp/lollipop-avn_ref_4330_dev/linux/platform/common/fs/buildroot/buildroot-2013.11/output/host/usr/bin/arm-cortex_a9-linux-gnueabi-gcc -D_LARGEFILE_SOURCE -D_LARGEFILE64_SOURCE -D_FILE_OFFSET_BITS=64 -pipe -mno-unaligned-access -Os -fPIC -D_LARGEFILE64_SOURCE=1 -o ztest29552 ztest29552.c
Checking for vsnprintf() in stdio.h... Yes.

=== ztest29552.c ===
#include <stdio.h>
#include <stdarg.h>
int mytest(const char *fmt, ...)
{
  int n;
  char buf[20];
  va_list ap;
  va_start(ap, fmt);
  n = vsnprintf(buf, sizeof(buf), fmt, ap);
  va_end(ap);
  return n;
}
int main()
{
  return (mytest("Hello%d\n", 1));
}
===
/home/chris/work/bsp/lollipop-avn_ref_4330_dev/linux/platform/common/fs/buildroot/buildroot-2013.11/output/host/usr/bin/arm-cortex_a9-linux-gnueabi-gcc -c -D_LARGEFILE_SOURCE -D_LARGEFILE64_SOURCE -D_FILE_OFFSET_BITS=64 -pipe -mno-unaligned-access -Os -fPIC -D_LARGEFILE64_SOURCE=1 ztest29552.c
Checking for return value of vsnprintf()... Yes.

=== ztest29552.c ===
#define ZLIB_INTERNAL __attribute__((visibility ("hidden")))
int ZLIB_INTERNAL foo;
int main()
{
  return 0;
}
===
/home/chris/work/bsp/lollipop-avn_ref_4330_dev/linux/platform/common/fs/buildroot/buildroot-2013.11/output/host/usr/bin/arm-cortex_a9-linux-gnueabi-gcc -c -D_LARGEFILE_SOURCE -D_LARGEFILE64_SOURCE -D_FILE_OFFSET_BITS=64 -pipe -mno-unaligned-access -Os -fPIC -D_LARGEFILE64_SOURCE=1 ztest29552.c
Checking for attribute(visibility) support... Yes.

ALL = static shared all64
AR = /home/chris/work/bsp/lollipop-avn_ref_4330_dev/linux/platform/common/fs/buildroot/buildroot-2013.11/output/host/usr/bin/arm-cortex_a9-linux-gnueabi-ar
ARFLAGS = rc
CC = /home/chris/work/bsp/lollipop-avn_ref_4330_dev/linux/platform/common/fs/buildroot/buildroot-2013.11/output/host/usr/bin/arm-cortex_a9-linux-gnueabi-gcc
CFLAGS = -D_LARGEFILE_SOURCE -D_LARGEFILE64_SOURCE -D_FILE_OFFSET_BITS=64 -pipe -mno-unaligned-access -Os -fPIC -D_LARGEFILE64_SOURCE=1 -DHAVE_HIDDEN
CPP = /home/chris/work/bsp/lollipop-avn_ref_4330_dev/linux/platform/common/fs/buildroot/buildroot-2013.11/output/host/usr/bin/arm-cortex_a9-linux-gnueabi-cpp
EXE =
LDCONFIG = ldconfig
LDFLAGS =
LDSHARED = /home/chris/work/bsp/lollipop-avn_ref_4330_dev/linux/platform/common/fs/buildroot/buildroot-2013.11/output/host/usr/bin/arm-cortex_a9-linux-gnueabi-gcc -shared -Wl,-soname,libz.so.1,--version-script,zlib.map
LDSHAREDLIBC = -lc
OBJC = $(OBJZ) $(OBJG)
PIC_OBJC = $(PIC_OBJZ) $(PIC_OBJG)
RANLIB = /home/chris/work/bsp/lollipop-avn_ref_4330_dev/linux/platform/common/fs/buildroot/buildroot-2013.11/output/host/usr/bin/arm-cortex_a9-linux-gnueabi-ranlib
SFLAGS = -D_LARGEFILE_SOURCE -D_LARGEFILE64_SOURCE -D_FILE_OFFSET_BITS=64 -pipe -mno-unaligned-access -Os -fPIC -fPIC -D_LARGEFILE64_SOURCE=1 -DHAVE_HIDDEN
SHAREDLIB = libz.so
SHAREDLIBM = libz.so.1
SHAREDLIBV = libz.so.1.2.8
STATICLIB = libz.a
TEST = all teststatic testshared test64
VER = 1.2.8
Z_U4 =
exec_prefix = ${prefix}
includedir = ${prefix}/include
libdir = ${exec_prefix}/lib
mandir = ${prefix}/share/man
prefix = /usr
sharedlibdir = ${libdir}
uname = Linux
--------------------


